[2025-12-03T13:06:24.686-0500] {processor.py:186} INFO - Started process (PID=20932) to work on /Users/minijohn/Dev/nyc_taxi_portfolio/.venv/lib/python3.11/site-packages/airflow/example_dags/example_short_circuit_operator.py
[2025-12-03T13:06:24.709-0500] {processor.py:914} INFO - Processing file /Users/minijohn/Dev/nyc_taxi_portfolio/.venv/lib/python3.11/site-packages/airflow/example_dags/example_short_circuit_operator.py for tasks to queue
[2025-12-03T13:06:24.710-0500] {logging_mixin.py:190} INFO - [2025-12-03T13:06:24.710-0500] {dagbag.py:588} INFO - Filling up the DagBag from /Users/minijohn/Dev/nyc_taxi_portfolio/.venv/lib/python3.11/site-packages/airflow/example_dags/example_short_circuit_operator.py
[2025-12-03T13:06:24.732-0500] {processor.py:925} INFO - DAG(s) 'example_short_circuit_operator' retrieved from /Users/minijohn/Dev/nyc_taxi_portfolio/.venv/lib/python3.11/site-packages/airflow/example_dags/example_short_circuit_operator.py
[2025-12-03T13:06:24.835-0500] {logging_mixin.py:190} INFO - [2025-12-03T13:06:24.835-0500] {override.py:1930} INFO - Created Permission View: can edit on DAG:example_short_circuit_operator
[2025-12-03T13:06:24.840-0500] {logging_mixin.py:190} INFO - [2025-12-03T13:06:24.840-0500] {override.py:1930} INFO - Created Permission View: can delete on DAG:example_short_circuit_operator
[2025-12-03T13:06:24.843-0500] {logging_mixin.py:190} INFO - [2025-12-03T13:06:24.843-0500] {override.py:1930} INFO - Created Permission View: can read on DAG:example_short_circuit_operator
[2025-12-03T13:06:24.849-0500] {logging_mixin.py:190} INFO - [2025-12-03T13:06:24.848-0500] {override.py:1930} INFO - Created Permission View: can create on DAG Run:example_short_circuit_operator
[2025-12-03T13:06:24.853-0500] {logging_mixin.py:190} INFO - [2025-12-03T13:06:24.852-0500] {override.py:1930} INFO - Created Permission View: menu access on DAG Run:example_short_circuit_operator
[2025-12-03T13:06:24.858-0500] {logging_mixin.py:190} INFO - [2025-12-03T13:06:24.858-0500] {override.py:1930} INFO - Created Permission View: can delete on DAG Run:example_short_circuit_operator
[2025-12-03T13:06:24.863-0500] {logging_mixin.py:190} INFO - [2025-12-03T13:06:24.863-0500] {override.py:1930} INFO - Created Permission View: can read on DAG Run:example_short_circuit_operator
[2025-12-03T13:06:24.863-0500] {logging_mixin.py:190} INFO - [2025-12-03T13:06:24.863-0500] {dag.py:3239} INFO - Sync 1 DAGs
[2025-12-03T13:06:24.869-0500] {logging_mixin.py:190} INFO - [2025-12-03T13:06:24.869-0500] {dag.py:3262} INFO - Creating ORM DAG for example_short_circuit_operator
[2025-12-03T13:06:24.869-0500] {logging_mixin.py:190} INFO - [2025-12-03T13:06:24.869-0500] {dag.py:4180} INFO - Setting next_dagrun for example_short_circuit_operator to None, run_after=None
[2025-12-03T13:06:24.880-0500] {processor.py:208} INFO - Processing /Users/minijohn/Dev/nyc_taxi_portfolio/.venv/lib/python3.11/site-packages/airflow/example_dags/example_short_circuit_operator.py took 0.245 seconds
[2025-12-03T13:31:44.388-0500] {processor.py:186} INFO - Started process (PID=4716) to work on /Users/minijohn/Dev/nyc_taxi_portfolio/.venv/lib/python3.11/site-packages/airflow/example_dags/example_short_circuit_operator.py
[2025-12-03T13:31:44.389-0500] {processor.py:914} INFO - Processing file /Users/minijohn/Dev/nyc_taxi_portfolio/.venv/lib/python3.11/site-packages/airflow/example_dags/example_short_circuit_operator.py for tasks to queue
[2025-12-03T13:31:44.389-0500] {logging_mixin.py:190} INFO - [2025-12-03T13:31:44.389-0500] {dagbag.py:588} INFO - Filling up the DagBag from /Users/minijohn/Dev/nyc_taxi_portfolio/.venv/lib/python3.11/site-packages/airflow/example_dags/example_short_circuit_operator.py
[2025-12-03T13:31:44.399-0500] {processor.py:925} INFO - DAG(s) 'example_short_circuit_operator' retrieved from /Users/minijohn/Dev/nyc_taxi_portfolio/.venv/lib/python3.11/site-packages/airflow/example_dags/example_short_circuit_operator.py
[2025-12-03T13:31:44.436-0500] {logging_mixin.py:190} INFO - [2025-12-03T13:31:44.436-0500] {dag.py:3239} INFO - Sync 1 DAGs
[2025-12-03T13:31:44.440-0500] {logging_mixin.py:190} INFO - [2025-12-03T13:31:44.440-0500] {dag.py:4180} INFO - Setting next_dagrun for example_short_circuit_operator to None, run_after=None
[2025-12-03T13:31:44.449-0500] {processor.py:208} INFO - Processing /Users/minijohn/Dev/nyc_taxi_portfolio/.venv/lib/python3.11/site-packages/airflow/example_dags/example_short_circuit_operator.py took 0.092 seconds
[2025-12-03T13:34:33.688-0500] {processor.py:186} INFO - Started process (PID=4918) to work on /Users/minijohn/Dev/nyc_taxi_portfolio/.venv/lib/python3.11/site-packages/airflow/example_dags/example_short_circuit_operator.py
[2025-12-03T13:34:33.689-0500] {processor.py:914} INFO - Processing file /Users/minijohn/Dev/nyc_taxi_portfolio/.venv/lib/python3.11/site-packages/airflow/example_dags/example_short_circuit_operator.py for tasks to queue
[2025-12-03T13:34:33.689-0500] {logging_mixin.py:190} INFO - [2025-12-03T13:34:33.689-0500] {dagbag.py:588} INFO - Filling up the DagBag from /Users/minijohn/Dev/nyc_taxi_portfolio/.venv/lib/python3.11/site-packages/airflow/example_dags/example_short_circuit_operator.py
[2025-12-03T13:34:33.701-0500] {processor.py:925} INFO - DAG(s) 'example_short_circuit_operator' retrieved from /Users/minijohn/Dev/nyc_taxi_portfolio/.venv/lib/python3.11/site-packages/airflow/example_dags/example_short_circuit_operator.py
[2025-12-03T13:34:33.742-0500] {logging_mixin.py:190} INFO - [2025-12-03T13:34:33.742-0500] {dag.py:3239} INFO - Sync 1 DAGs
[2025-12-03T13:34:33.747-0500] {logging_mixin.py:190} INFO - [2025-12-03T13:34:33.747-0500] {dag.py:4180} INFO - Setting next_dagrun for example_short_circuit_operator to None, run_after=None
[2025-12-03T13:34:33.756-0500] {processor.py:208} INFO - Processing /Users/minijohn/Dev/nyc_taxi_portfolio/.venv/lib/python3.11/site-packages/airflow/example_dags/example_short_circuit_operator.py took 0.106 seconds
[2025-12-03T13:36:43.517-0500] {processor.py:186} INFO - Started process (PID=5122) to work on /Users/minijohn/Dev/nyc_taxi_portfolio/.venv/lib/python3.11/site-packages/airflow/example_dags/example_short_circuit_operator.py
[2025-12-03T13:36:43.518-0500] {processor.py:914} INFO - Processing file /Users/minijohn/Dev/nyc_taxi_portfolio/.venv/lib/python3.11/site-packages/airflow/example_dags/example_short_circuit_operator.py for tasks to queue
[2025-12-03T13:36:43.518-0500] {logging_mixin.py:190} INFO - [2025-12-03T13:36:43.518-0500] {dagbag.py:588} INFO - Filling up the DagBag from /Users/minijohn/Dev/nyc_taxi_portfolio/.venv/lib/python3.11/site-packages/airflow/example_dags/example_short_circuit_operator.py
[2025-12-03T13:36:43.532-0500] {processor.py:925} INFO - DAG(s) 'example_short_circuit_operator' retrieved from /Users/minijohn/Dev/nyc_taxi_portfolio/.venv/lib/python3.11/site-packages/airflow/example_dags/example_short_circuit_operator.py
[2025-12-03T13:36:43.577-0500] {logging_mixin.py:190} INFO - [2025-12-03T13:36:43.576-0500] {dag.py:3239} INFO - Sync 1 DAGs
[2025-12-03T13:36:43.582-0500] {logging_mixin.py:190} INFO - [2025-12-03T13:36:43.581-0500] {dag.py:4180} INFO - Setting next_dagrun for example_short_circuit_operator to None, run_after=None
[2025-12-03T13:36:43.591-0500] {processor.py:208} INFO - Processing /Users/minijohn/Dev/nyc_taxi_portfolio/.venv/lib/python3.11/site-packages/airflow/example_dags/example_short_circuit_operator.py took 0.118 seconds
[2025-12-03T13:38:21.232-0500] {processor.py:186} INFO - Started process (PID=5233) to work on /Users/minijohn/Dev/nyc_taxi_portfolio/.venv/lib/python3.11/site-packages/airflow/example_dags/example_short_circuit_operator.py
[2025-12-03T13:38:21.233-0500] {processor.py:914} INFO - Processing file /Users/minijohn/Dev/nyc_taxi_portfolio/.venv/lib/python3.11/site-packages/airflow/example_dags/example_short_circuit_operator.py for tasks to queue
[2025-12-03T13:38:21.233-0500] {logging_mixin.py:190} INFO - [2025-12-03T13:38:21.233-0500] {dagbag.py:588} INFO - Filling up the DagBag from /Users/minijohn/Dev/nyc_taxi_portfolio/.venv/lib/python3.11/site-packages/airflow/example_dags/example_short_circuit_operator.py
[2025-12-03T13:38:21.245-0500] {processor.py:925} INFO - DAG(s) 'example_short_circuit_operator' retrieved from /Users/minijohn/Dev/nyc_taxi_portfolio/.venv/lib/python3.11/site-packages/airflow/example_dags/example_short_circuit_operator.py
[2025-12-03T13:38:21.284-0500] {logging_mixin.py:190} INFO - [2025-12-03T13:38:21.283-0500] {dag.py:3239} INFO - Sync 1 DAGs
[2025-12-03T13:38:21.288-0500] {logging_mixin.py:190} INFO - [2025-12-03T13:38:21.288-0500] {dag.py:4180} INFO - Setting next_dagrun for example_short_circuit_operator to None, run_after=None
[2025-12-03T13:38:21.296-0500] {processor.py:208} INFO - Processing /Users/minijohn/Dev/nyc_taxi_portfolio/.venv/lib/python3.11/site-packages/airflow/example_dags/example_short_circuit_operator.py took 0.099 seconds
[2025-12-03T13:39:53.190-0500] {processor.py:186} INFO - Started process (PID=5464) to work on /Users/minijohn/Dev/nyc_taxi_portfolio/.venv/lib/python3.11/site-packages/airflow/example_dags/example_short_circuit_operator.py
[2025-12-03T13:39:53.191-0500] {processor.py:914} INFO - Processing file /Users/minijohn/Dev/nyc_taxi_portfolio/.venv/lib/python3.11/site-packages/airflow/example_dags/example_short_circuit_operator.py for tasks to queue
[2025-12-03T13:39:53.191-0500] {logging_mixin.py:190} INFO - [2025-12-03T13:39:53.191-0500] {dagbag.py:588} INFO - Filling up the DagBag from /Users/minijohn/Dev/nyc_taxi_portfolio/.venv/lib/python3.11/site-packages/airflow/example_dags/example_short_circuit_operator.py
[2025-12-03T13:39:53.203-0500] {processor.py:925} INFO - DAG(s) 'example_short_circuit_operator' retrieved from /Users/minijohn/Dev/nyc_taxi_portfolio/.venv/lib/python3.11/site-packages/airflow/example_dags/example_short_circuit_operator.py
[2025-12-03T13:39:53.246-0500] {logging_mixin.py:190} INFO - [2025-12-03T13:39:53.246-0500] {dag.py:3239} INFO - Sync 1 DAGs
[2025-12-03T13:39:53.251-0500] {logging_mixin.py:190} INFO - [2025-12-03T13:39:53.251-0500] {dag.py:4180} INFO - Setting next_dagrun for example_short_circuit_operator to None, run_after=None
[2025-12-03T13:39:53.260-0500] {processor.py:208} INFO - Processing /Users/minijohn/Dev/nyc_taxi_portfolio/.venv/lib/python3.11/site-packages/airflow/example_dags/example_short_circuit_operator.py took 0.111 seconds
[2025-12-03T13:41:30.449-0500] {processor.py:186} INFO - Started process (PID=5698) to work on /Users/minijohn/Dev/nyc_taxi_portfolio/.venv/lib/python3.11/site-packages/airflow/example_dags/example_short_circuit_operator.py
[2025-12-03T13:41:30.450-0500] {processor.py:914} INFO - Processing file /Users/minijohn/Dev/nyc_taxi_portfolio/.venv/lib/python3.11/site-packages/airflow/example_dags/example_short_circuit_operator.py for tasks to queue
[2025-12-03T13:41:30.451-0500] {logging_mixin.py:190} INFO - [2025-12-03T13:41:30.451-0500] {dagbag.py:588} INFO - Filling up the DagBag from /Users/minijohn/Dev/nyc_taxi_portfolio/.venv/lib/python3.11/site-packages/airflow/example_dags/example_short_circuit_operator.py
[2025-12-03T13:41:30.463-0500] {processor.py:925} INFO - DAG(s) 'example_short_circuit_operator' retrieved from /Users/minijohn/Dev/nyc_taxi_portfolio/.venv/lib/python3.11/site-packages/airflow/example_dags/example_short_circuit_operator.py
[2025-12-03T13:41:30.502-0500] {logging_mixin.py:190} INFO - [2025-12-03T13:41:30.502-0500] {dag.py:3239} INFO - Sync 1 DAGs
[2025-12-03T13:41:30.507-0500] {logging_mixin.py:190} INFO - [2025-12-03T13:41:30.507-0500] {dag.py:4180} INFO - Setting next_dagrun for example_short_circuit_operator to None, run_after=None
[2025-12-03T13:41:30.516-0500] {processor.py:208} INFO - Processing /Users/minijohn/Dev/nyc_taxi_portfolio/.venv/lib/python3.11/site-packages/airflow/example_dags/example_short_circuit_operator.py took 0.105 seconds
