[2025-12-03T13:05:52.612-0500] {processor.py:186} INFO - Started process (PID=20870) to work on /Users/minijohn/Dev/nyc_taxi_portfolio/.venv/lib/python3.11/site-packages/airflow/example_dags/example_trigger_target_dag.py
[2025-12-03T13:05:52.613-0500] {processor.py:914} INFO - Processing file /Users/minijohn/Dev/nyc_taxi_portfolio/.venv/lib/python3.11/site-packages/airflow/example_dags/example_trigger_target_dag.py for tasks to queue
[2025-12-03T13:05:52.613-0500] {logging_mixin.py:190} INFO - [2025-12-03T13:05:52.613-0500] {dagbag.py:588} INFO - Filling up the DagBag from /Users/minijohn/Dev/nyc_taxi_portfolio/.venv/lib/python3.11/site-packages/airflow/example_dags/example_trigger_target_dag.py
[2025-12-03T13:05:52.630-0500] {processor.py:925} INFO - DAG(s) 'example_trigger_target_dag' retrieved from /Users/minijohn/Dev/nyc_taxi_portfolio/.venv/lib/python3.11/site-packages/airflow/example_dags/example_trigger_target_dag.py
[2025-12-03T13:05:52.712-0500] {logging_mixin.py:190} INFO - [2025-12-03T13:05:52.712-0500] {override.py:1930} INFO - Created Permission View: can delete on DAG:example_trigger_target_dag
[2025-12-03T13:05:52.716-0500] {logging_mixin.py:190} INFO - [2025-12-03T13:05:52.716-0500] {override.py:1930} INFO - Created Permission View: can edit on DAG:example_trigger_target_dag
[2025-12-03T13:05:52.720-0500] {logging_mixin.py:190} INFO - [2025-12-03T13:05:52.719-0500] {override.py:1930} INFO - Created Permission View: can read on DAG:example_trigger_target_dag
[2025-12-03T13:05:52.724-0500] {logging_mixin.py:190} INFO - [2025-12-03T13:05:52.724-0500] {override.py:1930} INFO - Created Permission View: can delete on DAG Run:example_trigger_target_dag
[2025-12-03T13:05:52.728-0500] {logging_mixin.py:190} INFO - [2025-12-03T13:05:52.728-0500] {override.py:1930} INFO - Created Permission View: can create on DAG Run:example_trigger_target_dag
[2025-12-03T13:05:52.731-0500] {logging_mixin.py:190} INFO - [2025-12-03T13:05:52.731-0500] {override.py:1930} INFO - Created Permission View: menu access on DAG Run:example_trigger_target_dag
[2025-12-03T13:05:52.734-0500] {logging_mixin.py:190} INFO - [2025-12-03T13:05:52.734-0500] {override.py:1930} INFO - Created Permission View: can read on DAG Run:example_trigger_target_dag
[2025-12-03T13:05:52.734-0500] {logging_mixin.py:190} INFO - [2025-12-03T13:05:52.734-0500] {dag.py:3239} INFO - Sync 1 DAGs
[2025-12-03T13:05:52.740-0500] {logging_mixin.py:190} INFO - [2025-12-03T13:05:52.740-0500] {dag.py:3262} INFO - Creating ORM DAG for example_trigger_target_dag
[2025-12-03T13:05:52.740-0500] {logging_mixin.py:190} INFO - [2025-12-03T13:05:52.740-0500] {dag.py:4180} INFO - Setting next_dagrun for example_trigger_target_dag to None, run_after=None
[2025-12-03T13:05:52.750-0500] {processor.py:208} INFO - Processing /Users/minijohn/Dev/nyc_taxi_portfolio/.venv/lib/python3.11/site-packages/airflow/example_dags/example_trigger_target_dag.py took 0.184 seconds
[2025-12-03T13:09:59.043-0500] {processor.py:186} INFO - Started process (PID=21279) to work on /Users/minijohn/Dev/nyc_taxi_portfolio/.venv/lib/python3.11/site-packages/airflow/example_dags/example_trigger_target_dag.py
[2025-12-03T13:09:59.044-0500] {processor.py:914} INFO - Processing file /Users/minijohn/Dev/nyc_taxi_portfolio/.venv/lib/python3.11/site-packages/airflow/example_dags/example_trigger_target_dag.py for tasks to queue
[2025-12-03T13:09:59.045-0500] {logging_mixin.py:190} INFO - [2025-12-03T13:09:59.045-0500] {dagbag.py:588} INFO - Filling up the DagBag from /Users/minijohn/Dev/nyc_taxi_portfolio/.venv/lib/python3.11/site-packages/airflow/example_dags/example_trigger_target_dag.py
[2025-12-03T13:09:59.064-0500] {processor.py:925} INFO - DAG(s) 'example_trigger_target_dag' retrieved from /Users/minijohn/Dev/nyc_taxi_portfolio/.venv/lib/python3.11/site-packages/airflow/example_dags/example_trigger_target_dag.py
[2025-12-03T13:09:59.111-0500] {logging_mixin.py:190} INFO - [2025-12-03T13:09:59.111-0500] {dag.py:3239} INFO - Sync 1 DAGs
[2025-12-03T13:09:59.117-0500] {logging_mixin.py:190} INFO - [2025-12-03T13:09:59.116-0500] {dag.py:4180} INFO - Setting next_dagrun for example_trigger_target_dag to None, run_after=None
[2025-12-03T13:09:59.128-0500] {processor.py:208} INFO - Processing /Users/minijohn/Dev/nyc_taxi_portfolio/.venv/lib/python3.11/site-packages/airflow/example_dags/example_trigger_target_dag.py took 0.133 seconds
[2025-12-03T13:31:24.446-0500] {processor.py:186} INFO - Started process (PID=4682) to work on /Users/minijohn/Dev/nyc_taxi_portfolio/.venv/lib/python3.11/site-packages/airflow/example_dags/example_trigger_target_dag.py
[2025-12-03T13:31:24.446-0500] {processor.py:914} INFO - Processing file /Users/minijohn/Dev/nyc_taxi_portfolio/.venv/lib/python3.11/site-packages/airflow/example_dags/example_trigger_target_dag.py for tasks to queue
[2025-12-03T13:31:24.447-0500] {logging_mixin.py:190} INFO - [2025-12-03T13:31:24.447-0500] {dagbag.py:588} INFO - Filling up the DagBag from /Users/minijohn/Dev/nyc_taxi_portfolio/.venv/lib/python3.11/site-packages/airflow/example_dags/example_trigger_target_dag.py
[2025-12-03T13:31:24.461-0500] {processor.py:925} INFO - DAG(s) 'example_trigger_target_dag' retrieved from /Users/minijohn/Dev/nyc_taxi_portfolio/.venv/lib/python3.11/site-packages/airflow/example_dags/example_trigger_target_dag.py
[2025-12-03T13:31:24.498-0500] {logging_mixin.py:190} INFO - [2025-12-03T13:31:24.498-0500] {dag.py:3239} INFO - Sync 1 DAGs
[2025-12-03T13:31:24.503-0500] {logging_mixin.py:190} INFO - [2025-12-03T13:31:24.503-0500] {dag.py:4180} INFO - Setting next_dagrun for example_trigger_target_dag to None, run_after=None
[2025-12-03T13:31:24.510-0500] {processor.py:208} INFO - Processing /Users/minijohn/Dev/nyc_taxi_portfolio/.venv/lib/python3.11/site-packages/airflow/example_dags/example_trigger_target_dag.py took 0.100 seconds
[2025-12-03T13:34:14.997-0500] {processor.py:186} INFO - Started process (PID=4897) to work on /Users/minijohn/Dev/nyc_taxi_portfolio/.venv/lib/python3.11/site-packages/airflow/example_dags/example_trigger_target_dag.py
[2025-12-03T13:34:14.999-0500] {processor.py:914} INFO - Processing file /Users/minijohn/Dev/nyc_taxi_portfolio/.venv/lib/python3.11/site-packages/airflow/example_dags/example_trigger_target_dag.py for tasks to queue
[2025-12-03T13:34:14.999-0500] {logging_mixin.py:190} INFO - [2025-12-03T13:34:14.999-0500] {dagbag.py:588} INFO - Filling up the DagBag from /Users/minijohn/Dev/nyc_taxi_portfolio/.venv/lib/python3.11/site-packages/airflow/example_dags/example_trigger_target_dag.py
[2025-12-03T13:34:15.013-0500] {processor.py:925} INFO - DAG(s) 'example_trigger_target_dag' retrieved from /Users/minijohn/Dev/nyc_taxi_portfolio/.venv/lib/python3.11/site-packages/airflow/example_dags/example_trigger_target_dag.py
[2025-12-03T13:34:15.050-0500] {logging_mixin.py:190} INFO - [2025-12-03T13:34:15.050-0500] {dag.py:3239} INFO - Sync 1 DAGs
[2025-12-03T13:34:15.055-0500] {logging_mixin.py:190} INFO - [2025-12-03T13:34:15.055-0500] {dag.py:4180} INFO - Setting next_dagrun for example_trigger_target_dag to None, run_after=None
[2025-12-03T13:34:15.063-0500] {processor.py:208} INFO - Processing /Users/minijohn/Dev/nyc_taxi_portfolio/.venv/lib/python3.11/site-packages/airflow/example_dags/example_trigger_target_dag.py took 0.099 seconds
[2025-12-03T13:36:24.001-0500] {processor.py:186} INFO - Started process (PID=5101) to work on /Users/minijohn/Dev/nyc_taxi_portfolio/.venv/lib/python3.11/site-packages/airflow/example_dags/example_trigger_target_dag.py
[2025-12-03T13:36:24.004-0500] {processor.py:914} INFO - Processing file /Users/minijohn/Dev/nyc_taxi_portfolio/.venv/lib/python3.11/site-packages/airflow/example_dags/example_trigger_target_dag.py for tasks to queue
[2025-12-03T13:36:24.005-0500] {logging_mixin.py:190} INFO - [2025-12-03T13:36:24.005-0500] {dagbag.py:588} INFO - Filling up the DagBag from /Users/minijohn/Dev/nyc_taxi_portfolio/.venv/lib/python3.11/site-packages/airflow/example_dags/example_trigger_target_dag.py
[2025-12-03T13:36:24.019-0500] {processor.py:925} INFO - DAG(s) 'example_trigger_target_dag' retrieved from /Users/minijohn/Dev/nyc_taxi_portfolio/.venv/lib/python3.11/site-packages/airflow/example_dags/example_trigger_target_dag.py
[2025-12-03T13:36:24.056-0500] {logging_mixin.py:190} INFO - [2025-12-03T13:36:24.056-0500] {dag.py:3239} INFO - Sync 1 DAGs
[2025-12-03T13:36:24.061-0500] {logging_mixin.py:190} INFO - [2025-12-03T13:36:24.061-0500] {dag.py:4180} INFO - Setting next_dagrun for example_trigger_target_dag to None, run_after=None
[2025-12-03T13:36:24.068-0500] {processor.py:208} INFO - Processing /Users/minijohn/Dev/nyc_taxi_portfolio/.venv/lib/python3.11/site-packages/airflow/example_dags/example_trigger_target_dag.py took 0.102 seconds
[2025-12-03T13:38:03.382-0500] {processor.py:186} INFO - Started process (PID=5214) to work on /Users/minijohn/Dev/nyc_taxi_portfolio/.venv/lib/python3.11/site-packages/airflow/example_dags/example_trigger_target_dag.py
[2025-12-03T13:38:03.384-0500] {processor.py:914} INFO - Processing file /Users/minijohn/Dev/nyc_taxi_portfolio/.venv/lib/python3.11/site-packages/airflow/example_dags/example_trigger_target_dag.py for tasks to queue
[2025-12-03T13:38:03.384-0500] {logging_mixin.py:190} INFO - [2025-12-03T13:38:03.384-0500] {dagbag.py:588} INFO - Filling up the DagBag from /Users/minijohn/Dev/nyc_taxi_portfolio/.venv/lib/python3.11/site-packages/airflow/example_dags/example_trigger_target_dag.py
[2025-12-03T13:38:03.399-0500] {processor.py:925} INFO - DAG(s) 'example_trigger_target_dag' retrieved from /Users/minijohn/Dev/nyc_taxi_portfolio/.venv/lib/python3.11/site-packages/airflow/example_dags/example_trigger_target_dag.py
[2025-12-03T13:38:03.436-0500] {logging_mixin.py:190} INFO - [2025-12-03T13:38:03.436-0500] {dag.py:3239} INFO - Sync 1 DAGs
[2025-12-03T13:38:03.441-0500] {logging_mixin.py:190} INFO - [2025-12-03T13:38:03.441-0500] {dag.py:4180} INFO - Setting next_dagrun for example_trigger_target_dag to None, run_after=None
[2025-12-03T13:38:03.449-0500] {processor.py:208} INFO - Processing /Users/minijohn/Dev/nyc_taxi_portfolio/.venv/lib/python3.11/site-packages/airflow/example_dags/example_trigger_target_dag.py took 0.104 seconds
[2025-12-03T13:39:36.049-0500] {processor.py:186} INFO - Started process (PID=5433) to work on /Users/minijohn/Dev/nyc_taxi_portfolio/.venv/lib/python3.11/site-packages/airflow/example_dags/example_trigger_target_dag.py
[2025-12-03T13:39:36.050-0500] {processor.py:914} INFO - Processing file /Users/minijohn/Dev/nyc_taxi_portfolio/.venv/lib/python3.11/site-packages/airflow/example_dags/example_trigger_target_dag.py for tasks to queue
[2025-12-03T13:39:36.051-0500] {logging_mixin.py:190} INFO - [2025-12-03T13:39:36.051-0500] {dagbag.py:588} INFO - Filling up the DagBag from /Users/minijohn/Dev/nyc_taxi_portfolio/.venv/lib/python3.11/site-packages/airflow/example_dags/example_trigger_target_dag.py
[2025-12-03T13:39:36.065-0500] {processor.py:925} INFO - DAG(s) 'example_trigger_target_dag' retrieved from /Users/minijohn/Dev/nyc_taxi_portfolio/.venv/lib/python3.11/site-packages/airflow/example_dags/example_trigger_target_dag.py
[2025-12-03T13:39:36.102-0500] {logging_mixin.py:190} INFO - [2025-12-03T13:39:36.102-0500] {dag.py:3239} INFO - Sync 1 DAGs
[2025-12-03T13:39:36.107-0500] {logging_mixin.py:190} INFO - [2025-12-03T13:39:36.107-0500] {dag.py:4180} INFO - Setting next_dagrun for example_trigger_target_dag to None, run_after=None
[2025-12-03T13:39:36.114-0500] {processor.py:208} INFO - Processing /Users/minijohn/Dev/nyc_taxi_portfolio/.venv/lib/python3.11/site-packages/airflow/example_dags/example_trigger_target_dag.py took 0.102 seconds
[2025-12-03T13:41:11.177-0500] {processor.py:186} INFO - Started process (PID=5638) to work on /Users/minijohn/Dev/nyc_taxi_portfolio/.venv/lib/python3.11/site-packages/airflow/example_dags/example_trigger_target_dag.py
[2025-12-03T13:41:11.178-0500] {processor.py:914} INFO - Processing file /Users/minijohn/Dev/nyc_taxi_portfolio/.venv/lib/python3.11/site-packages/airflow/example_dags/example_trigger_target_dag.py for tasks to queue
[2025-12-03T13:41:11.178-0500] {logging_mixin.py:190} INFO - [2025-12-03T13:41:11.178-0500] {dagbag.py:588} INFO - Filling up the DagBag from /Users/minijohn/Dev/nyc_taxi_portfolio/.venv/lib/python3.11/site-packages/airflow/example_dags/example_trigger_target_dag.py
[2025-12-03T13:41:11.193-0500] {processor.py:925} INFO - DAG(s) 'example_trigger_target_dag' retrieved from /Users/minijohn/Dev/nyc_taxi_portfolio/.venv/lib/python3.11/site-packages/airflow/example_dags/example_trigger_target_dag.py
[2025-12-03T13:41:11.231-0500] {logging_mixin.py:190} INFO - [2025-12-03T13:41:11.231-0500] {dag.py:3239} INFO - Sync 1 DAGs
[2025-12-03T13:41:11.236-0500] {logging_mixin.py:190} INFO - [2025-12-03T13:41:11.236-0500] {dag.py:4180} INFO - Setting next_dagrun for example_trigger_target_dag to None, run_after=None
[2025-12-03T13:41:11.245-0500] {processor.py:208} INFO - Processing /Users/minijohn/Dev/nyc_taxi_portfolio/.venv/lib/python3.11/site-packages/airflow/example_dags/example_trigger_target_dag.py took 0.108 seconds
