[2025-12-03T13:05:48.803-0500] {processor.py:186} INFO - Started process (PID=20865) to work on /Users/minijohn/Dev/nyc_taxi_portfolio/.venv/lib/python3.11/site-packages/airflow/example_dags/example_workday_timetable.py
[2025-12-03T13:05:48.803-0500] {processor.py:914} INFO - Processing file /Users/minijohn/Dev/nyc_taxi_portfolio/.venv/lib/python3.11/site-packages/airflow/example_dags/example_workday_timetable.py for tasks to queue
[2025-12-03T13:05:48.804-0500] {logging_mixin.py:190} INFO - [2025-12-03T13:05:48.803-0500] {dagbag.py:588} INFO - Filling up the DagBag from /Users/minijohn/Dev/nyc_taxi_portfolio/.venv/lib/python3.11/site-packages/airflow/example_dags/example_workday_timetable.py
[2025-12-03T13:05:49.108-0500] {processor.py:925} INFO - DAG(s) 'example_workday_timetable' retrieved from /Users/minijohn/Dev/nyc_taxi_portfolio/.venv/lib/python3.11/site-packages/airflow/example_dags/example_workday_timetable.py
[2025-12-03T13:05:49.249-0500] {logging_mixin.py:190} INFO - [2025-12-03T13:05:49.248-0500] {override.py:1930} INFO - Created Permission View: can edit on DAG:example_workday_timetable
[2025-12-03T13:05:49.253-0500] {logging_mixin.py:190} INFO - [2025-12-03T13:05:49.253-0500] {override.py:1930} INFO - Created Permission View: can delete on DAG:example_workday_timetable
[2025-12-03T13:05:49.257-0500] {logging_mixin.py:190} INFO - [2025-12-03T13:05:49.256-0500] {override.py:1930} INFO - Created Permission View: can read on DAG:example_workday_timetable
[2025-12-03T13:05:49.261-0500] {logging_mixin.py:190} INFO - [2025-12-03T13:05:49.261-0500] {override.py:1930} INFO - Created Permission View: can delete on DAG Run:example_workday_timetable
[2025-12-03T13:05:49.265-0500] {logging_mixin.py:190} INFO - [2025-12-03T13:05:49.265-0500] {override.py:1930} INFO - Created Permission View: menu access on DAG Run:example_workday_timetable
[2025-12-03T13:05:49.268-0500] {logging_mixin.py:190} INFO - [2025-12-03T13:05:49.268-0500] {override.py:1930} INFO - Created Permission View: can read on DAG Run:example_workday_timetable
[2025-12-03T13:05:49.271-0500] {logging_mixin.py:190} INFO - [2025-12-03T13:05:49.271-0500] {override.py:1930} INFO - Created Permission View: can create on DAG Run:example_workday_timetable
[2025-12-03T13:05:49.272-0500] {logging_mixin.py:190} INFO - [2025-12-03T13:05:49.271-0500] {dag.py:3239} INFO - Sync 1 DAGs
[2025-12-03T13:05:49.277-0500] {logging_mixin.py:190} INFO - [2025-12-03T13:05:49.277-0500] {dag.py:3262} INFO - Creating ORM DAG for example_workday_timetable
[2025-12-03T13:05:49.302-0500] {logging_mixin.py:190} INFO - [2025-12-03T13:05:49.302-0500] {dag.py:4180} INFO - Setting next_dagrun for example_workday_timetable to 2021-01-04 00:00:00+00:00, run_after=2021-01-05 00:00:00+00:00
[2025-12-03T13:05:49.312-0500] {processor.py:208} INFO - Processing /Users/minijohn/Dev/nyc_taxi_portfolio/.venv/lib/python3.11/site-packages/airflow/example_dags/example_workday_timetable.py took 0.558 seconds
[2025-12-03T13:09:55.068-0500] {processor.py:186} INFO - Started process (PID=21271) to work on /Users/minijohn/Dev/nyc_taxi_portfolio/.venv/lib/python3.11/site-packages/airflow/example_dags/example_workday_timetable.py
[2025-12-03T13:09:55.070-0500] {processor.py:914} INFO - Processing file /Users/minijohn/Dev/nyc_taxi_portfolio/.venv/lib/python3.11/site-packages/airflow/example_dags/example_workday_timetable.py for tasks to queue
[2025-12-03T13:09:55.070-0500] {logging_mixin.py:190} INFO - [2025-12-03T13:09:55.070-0500] {dagbag.py:588} INFO - Filling up the DagBag from /Users/minijohn/Dev/nyc_taxi_portfolio/.venv/lib/python3.11/site-packages/airflow/example_dags/example_workday_timetable.py
[2025-12-03T13:09:55.520-0500] {processor.py:925} INFO - DAG(s) 'example_workday_timetable' retrieved from /Users/minijohn/Dev/nyc_taxi_portfolio/.venv/lib/python3.11/site-packages/airflow/example_dags/example_workday_timetable.py
[2025-12-03T13:09:55.644-0500] {logging_mixin.py:190} INFO - [2025-12-03T13:09:55.644-0500] {dag.py:3239} INFO - Sync 1 DAGs
[2025-12-03T13:09:55.671-0500] {logging_mixin.py:190} INFO - [2025-12-03T13:09:55.670-0500] {dag.py:4180} INFO - Setting next_dagrun for example_workday_timetable to 2021-01-04 00:00:00+00:00, run_after=2021-01-05 00:00:00+00:00
[2025-12-03T13:09:55.683-0500] {processor.py:208} INFO - Processing /Users/minijohn/Dev/nyc_taxi_portfolio/.venv/lib/python3.11/site-packages/airflow/example_dags/example_workday_timetable.py took 0.667 seconds
[2025-12-03T13:31:22.023-0500] {processor.py:186} INFO - Started process (PID=4673) to work on /Users/minijohn/Dev/nyc_taxi_portfolio/.venv/lib/python3.11/site-packages/airflow/example_dags/example_workday_timetable.py
[2025-12-03T13:31:22.024-0500] {processor.py:914} INFO - Processing file /Users/minijohn/Dev/nyc_taxi_portfolio/.venv/lib/python3.11/site-packages/airflow/example_dags/example_workday_timetable.py for tasks to queue
[2025-12-03T13:31:22.025-0500] {logging_mixin.py:190} INFO - [2025-12-03T13:31:22.025-0500] {dagbag.py:588} INFO - Filling up the DagBag from /Users/minijohn/Dev/nyc_taxi_portfolio/.venv/lib/python3.11/site-packages/airflow/example_dags/example_workday_timetable.py
[2025-12-03T13:31:22.322-0500] {processor.py:925} INFO - DAG(s) 'example_workday_timetable' retrieved from /Users/minijohn/Dev/nyc_taxi_portfolio/.venv/lib/python3.11/site-packages/airflow/example_dags/example_workday_timetable.py
[2025-12-03T13:31:22.426-0500] {logging_mixin.py:190} INFO - [2025-12-03T13:31:22.426-0500] {dag.py:3239} INFO - Sync 1 DAGs
[2025-12-03T13:31:22.451-0500] {logging_mixin.py:190} INFO - [2025-12-03T13:31:22.451-0500] {dag.py:4180} INFO - Setting next_dagrun for example_workday_timetable to 2021-01-04 00:00:00+00:00, run_after=2021-01-05 00:00:00+00:00
[2025-12-03T13:31:22.459-0500] {processor.py:208} INFO - Processing /Users/minijohn/Dev/nyc_taxi_portfolio/.venv/lib/python3.11/site-packages/airflow/example_dags/example_workday_timetable.py took 0.474 seconds
[2025-12-03T13:34:13.490-0500] {processor.py:186} INFO - Started process (PID=4894) to work on /Users/minijohn/Dev/nyc_taxi_portfolio/.venv/lib/python3.11/site-packages/airflow/example_dags/example_workday_timetable.py
[2025-12-03T13:34:13.491-0500] {processor.py:914} INFO - Processing file /Users/minijohn/Dev/nyc_taxi_portfolio/.venv/lib/python3.11/site-packages/airflow/example_dags/example_workday_timetable.py for tasks to queue
[2025-12-03T13:34:13.492-0500] {logging_mixin.py:190} INFO - [2025-12-03T13:34:13.491-0500] {dagbag.py:588} INFO - Filling up the DagBag from /Users/minijohn/Dev/nyc_taxi_portfolio/.venv/lib/python3.11/site-packages/airflow/example_dags/example_workday_timetable.py
[2025-12-03T13:34:13.754-0500] {processor.py:925} INFO - DAG(s) 'example_workday_timetable' retrieved from /Users/minijohn/Dev/nyc_taxi_portfolio/.venv/lib/python3.11/site-packages/airflow/example_dags/example_workday_timetable.py
[2025-12-03T13:34:13.835-0500] {logging_mixin.py:190} INFO - [2025-12-03T13:34:13.834-0500] {dag.py:3239} INFO - Sync 1 DAGs
[2025-12-03T13:34:13.852-0500] {logging_mixin.py:190} INFO - [2025-12-03T13:34:13.852-0500] {dag.py:4180} INFO - Setting next_dagrun for example_workday_timetable to 2021-01-04 00:00:00+00:00, run_after=2021-01-05 00:00:00+00:00
[2025-12-03T13:34:13.859-0500] {processor.py:208} INFO - Processing /Users/minijohn/Dev/nyc_taxi_portfolio/.venv/lib/python3.11/site-packages/airflow/example_dags/example_workday_timetable.py took 0.405 seconds
[2025-12-03T13:36:21.305-0500] {processor.py:186} INFO - Started process (PID=5099) to work on /Users/minijohn/Dev/nyc_taxi_portfolio/.venv/lib/python3.11/site-packages/airflow/example_dags/example_workday_timetable.py
[2025-12-03T13:36:21.307-0500] {processor.py:914} INFO - Processing file /Users/minijohn/Dev/nyc_taxi_portfolio/.venv/lib/python3.11/site-packages/airflow/example_dags/example_workday_timetable.py for tasks to queue
[2025-12-03T13:36:21.307-0500] {logging_mixin.py:190} INFO - [2025-12-03T13:36:21.307-0500] {dagbag.py:588} INFO - Filling up the DagBag from /Users/minijohn/Dev/nyc_taxi_portfolio/.venv/lib/python3.11/site-packages/airflow/example_dags/example_workday_timetable.py
[2025-12-03T13:36:21.685-0500] {processor.py:925} INFO - DAG(s) 'example_workday_timetable' retrieved from /Users/minijohn/Dev/nyc_taxi_portfolio/.venv/lib/python3.11/site-packages/airflow/example_dags/example_workday_timetable.py
[2025-12-03T13:36:21.787-0500] {logging_mixin.py:190} INFO - [2025-12-03T13:36:21.787-0500] {dag.py:3239} INFO - Sync 1 DAGs
[2025-12-03T13:36:21.806-0500] {logging_mixin.py:190} INFO - [2025-12-03T13:36:21.805-0500] {dag.py:4180} INFO - Setting next_dagrun for example_workday_timetable to 2021-01-04 00:00:00+00:00, run_after=2021-01-05 00:00:00+00:00
[2025-12-03T13:36:21.813-0500] {processor.py:208} INFO - Processing /Users/minijohn/Dev/nyc_taxi_portfolio/.venv/lib/python3.11/site-packages/airflow/example_dags/example_workday_timetable.py took 0.544 seconds
[2025-12-03T13:38:00.809-0500] {processor.py:186} INFO - Started process (PID=5212) to work on /Users/minijohn/Dev/nyc_taxi_portfolio/.venv/lib/python3.11/site-packages/airflow/example_dags/example_workday_timetable.py
[2025-12-03T13:38:00.811-0500] {processor.py:914} INFO - Processing file /Users/minijohn/Dev/nyc_taxi_portfolio/.venv/lib/python3.11/site-packages/airflow/example_dags/example_workday_timetable.py for tasks to queue
[2025-12-03T13:38:00.811-0500] {logging_mixin.py:190} INFO - [2025-12-03T13:38:00.811-0500] {dagbag.py:588} INFO - Filling up the DagBag from /Users/minijohn/Dev/nyc_taxi_portfolio/.venv/lib/python3.11/site-packages/airflow/example_dags/example_workday_timetable.py
[2025-12-03T13:38:01.093-0500] {processor.py:925} INFO - DAG(s) 'example_workday_timetable' retrieved from /Users/minijohn/Dev/nyc_taxi_portfolio/.venv/lib/python3.11/site-packages/airflow/example_dags/example_workday_timetable.py
[2025-12-03T13:38:01.181-0500] {logging_mixin.py:190} INFO - [2025-12-03T13:38:01.181-0500] {dag.py:3239} INFO - Sync 1 DAGs
[2025-12-03T13:38:01.202-0500] {logging_mixin.py:190} INFO - [2025-12-03T13:38:01.201-0500] {dag.py:4180} INFO - Setting next_dagrun for example_workday_timetable to 2021-01-04 00:00:00+00:00, run_after=2021-01-05 00:00:00+00:00
[2025-12-03T13:38:01.209-0500] {processor.py:208} INFO - Processing /Users/minijohn/Dev/nyc_taxi_portfolio/.venv/lib/python3.11/site-packages/airflow/example_dags/example_workday_timetable.py took 0.435 seconds
[2025-12-03T13:39:33.514-0500] {processor.py:186} INFO - Started process (PID=5431) to work on /Users/minijohn/Dev/nyc_taxi_portfolio/.venv/lib/python3.11/site-packages/airflow/example_dags/example_workday_timetable.py
[2025-12-03T13:39:33.516-0500] {processor.py:914} INFO - Processing file /Users/minijohn/Dev/nyc_taxi_portfolio/.venv/lib/python3.11/site-packages/airflow/example_dags/example_workday_timetable.py for tasks to queue
[2025-12-03T13:39:33.516-0500] {logging_mixin.py:190} INFO - [2025-12-03T13:39:33.516-0500] {dagbag.py:588} INFO - Filling up the DagBag from /Users/minijohn/Dev/nyc_taxi_portfolio/.venv/lib/python3.11/site-packages/airflow/example_dags/example_workday_timetable.py
[2025-12-03T13:39:33.787-0500] {processor.py:925} INFO - DAG(s) 'example_workday_timetable' retrieved from /Users/minijohn/Dev/nyc_taxi_portfolio/.venv/lib/python3.11/site-packages/airflow/example_dags/example_workday_timetable.py
[2025-12-03T13:39:33.875-0500] {logging_mixin.py:190} INFO - [2025-12-03T13:39:33.875-0500] {dag.py:3239} INFO - Sync 1 DAGs
[2025-12-03T13:39:33.894-0500] {logging_mixin.py:190} INFO - [2025-12-03T13:39:33.894-0500] {dag.py:4180} INFO - Setting next_dagrun for example_workday_timetable to 2021-01-04 00:00:00+00:00, run_after=2021-01-05 00:00:00+00:00
[2025-12-03T13:39:33.902-0500] {processor.py:208} INFO - Processing /Users/minijohn/Dev/nyc_taxi_portfolio/.venv/lib/python3.11/site-packages/airflow/example_dags/example_workday_timetable.py took 0.425 seconds
[2025-12-03T13:41:08.594-0500] {processor.py:186} INFO - Started process (PID=5634) to work on /Users/minijohn/Dev/nyc_taxi_portfolio/.venv/lib/python3.11/site-packages/airflow/example_dags/example_workday_timetable.py
[2025-12-03T13:41:08.595-0500] {processor.py:914} INFO - Processing file /Users/minijohn/Dev/nyc_taxi_portfolio/.venv/lib/python3.11/site-packages/airflow/example_dags/example_workday_timetable.py for tasks to queue
[2025-12-03T13:41:08.596-0500] {logging_mixin.py:190} INFO - [2025-12-03T13:41:08.596-0500] {dagbag.py:588} INFO - Filling up the DagBag from /Users/minijohn/Dev/nyc_taxi_portfolio/.venv/lib/python3.11/site-packages/airflow/example_dags/example_workday_timetable.py
[2025-12-03T13:41:08.877-0500] {processor.py:925} INFO - DAG(s) 'example_workday_timetable' retrieved from /Users/minijohn/Dev/nyc_taxi_portfolio/.venv/lib/python3.11/site-packages/airflow/example_dags/example_workday_timetable.py
[2025-12-03T13:41:08.963-0500] {logging_mixin.py:190} INFO - [2025-12-03T13:41:08.963-0500] {dag.py:3239} INFO - Sync 1 DAGs
[2025-12-03T13:41:08.982-0500] {logging_mixin.py:190} INFO - [2025-12-03T13:41:08.981-0500] {dag.py:4180} INFO - Setting next_dagrun for example_workday_timetable to 2021-01-04 00:00:00+00:00, run_after=2021-01-05 00:00:00+00:00
[2025-12-03T13:41:08.990-0500] {processor.py:208} INFO - Processing /Users/minijohn/Dev/nyc_taxi_portfolio/.venv/lib/python3.11/site-packages/airflow/example_dags/example_workday_timetable.py took 0.435 seconds
