[2025-12-03T13:05:56.137-0500] {processor.py:186} INFO - Started process (PID=20875) to work on /Users/minijohn/Dev/nyc_taxi_portfolio/.venv/lib/python3.11/site-packages/airflow/example_dags/example_trigger_controller_dag.py
[2025-12-03T13:05:56.137-0500] {processor.py:914} INFO - Processing file /Users/minijohn/Dev/nyc_taxi_portfolio/.venv/lib/python3.11/site-packages/airflow/example_dags/example_trigger_controller_dag.py for tasks to queue
[2025-12-03T13:05:56.138-0500] {logging_mixin.py:190} INFO - [2025-12-03T13:05:56.138-0500] {dagbag.py:588} INFO - Filling up the DagBag from /Users/minijohn/Dev/nyc_taxi_portfolio/.venv/lib/python3.11/site-packages/airflow/example_dags/example_trigger_controller_dag.py
[2025-12-03T13:05:56.145-0500] {processor.py:925} INFO - DAG(s) 'example_trigger_controller_dag' retrieved from /Users/minijohn/Dev/nyc_taxi_portfolio/.venv/lib/python3.11/site-packages/airflow/example_dags/example_trigger_controller_dag.py
[2025-12-03T13:05:56.231-0500] {logging_mixin.py:190} INFO - [2025-12-03T13:05:56.231-0500] {override.py:1930} INFO - Created Permission View: can read on DAG:example_trigger_controller_dag
[2025-12-03T13:05:56.236-0500] {logging_mixin.py:190} INFO - [2025-12-03T13:05:56.236-0500] {override.py:1930} INFO - Created Permission View: can delete on DAG:example_trigger_controller_dag
[2025-12-03T13:05:56.239-0500] {logging_mixin.py:190} INFO - [2025-12-03T13:05:56.239-0500] {override.py:1930} INFO - Created Permission View: can edit on DAG:example_trigger_controller_dag
[2025-12-03T13:05:56.245-0500] {logging_mixin.py:190} INFO - [2025-12-03T13:05:56.245-0500] {override.py:1930} INFO - Created Permission View: menu access on DAG Run:example_trigger_controller_dag
[2025-12-03T13:05:56.248-0500] {logging_mixin.py:190} INFO - [2025-12-03T13:05:56.248-0500] {override.py:1930} INFO - Created Permission View: can read on DAG Run:example_trigger_controller_dag
[2025-12-03T13:05:56.251-0500] {logging_mixin.py:190} INFO - [2025-12-03T13:05:56.251-0500] {override.py:1930} INFO - Created Permission View: can create on DAG Run:example_trigger_controller_dag
[2025-12-03T13:05:56.254-0500] {logging_mixin.py:190} INFO - [2025-12-03T13:05:56.254-0500] {override.py:1930} INFO - Created Permission View: can delete on DAG Run:example_trigger_controller_dag
[2025-12-03T13:05:56.254-0500] {logging_mixin.py:190} INFO - [2025-12-03T13:05:56.254-0500] {dag.py:3239} INFO - Sync 1 DAGs
[2025-12-03T13:05:56.261-0500] {logging_mixin.py:190} INFO - [2025-12-03T13:05:56.261-0500] {dag.py:3262} INFO - Creating ORM DAG for example_trigger_controller_dag
[2025-12-03T13:05:56.265-0500] {logging_mixin.py:190} INFO - [2025-12-03T13:05:56.264-0500] {dag.py:4180} INFO - Setting next_dagrun for example_trigger_controller_dag to 2021-01-01 00:00:00+00:00, run_after=2021-01-01 00:00:00+00:00
[2025-12-03T13:05:56.274-0500] {processor.py:208} INFO - Processing /Users/minijohn/Dev/nyc_taxi_portfolio/.venv/lib/python3.11/site-packages/airflow/example_dags/example_trigger_controller_dag.py took 0.187 seconds
[2025-12-03T13:10:04.210-0500] {processor.py:186} INFO - Started process (PID=21283) to work on /Users/minijohn/Dev/nyc_taxi_portfolio/.venv/lib/python3.11/site-packages/airflow/example_dags/example_trigger_controller_dag.py
[2025-12-03T13:10:04.212-0500] {processor.py:914} INFO - Processing file /Users/minijohn/Dev/nyc_taxi_portfolio/.venv/lib/python3.11/site-packages/airflow/example_dags/example_trigger_controller_dag.py for tasks to queue
[2025-12-03T13:10:04.212-0500] {logging_mixin.py:190} INFO - [2025-12-03T13:10:04.212-0500] {dagbag.py:588} INFO - Filling up the DagBag from /Users/minijohn/Dev/nyc_taxi_portfolio/.venv/lib/python3.11/site-packages/airflow/example_dags/example_trigger_controller_dag.py
[2025-12-03T13:10:04.218-0500] {processor.py:925} INFO - DAG(s) 'example_trigger_controller_dag' retrieved from /Users/minijohn/Dev/nyc_taxi_portfolio/.venv/lib/python3.11/site-packages/airflow/example_dags/example_trigger_controller_dag.py
[2025-12-03T13:10:04.266-0500] {logging_mixin.py:190} INFO - [2025-12-03T13:10:04.266-0500] {dag.py:3239} INFO - Sync 1 DAGs
[2025-12-03T13:10:04.277-0500] {logging_mixin.py:190} INFO - [2025-12-03T13:10:04.277-0500] {dag.py:4180} INFO - Setting next_dagrun for example_trigger_controller_dag to 2021-01-01 00:00:00+00:00, run_after=2021-01-01 00:00:00+00:00
[2025-12-03T13:10:04.289-0500] {processor.py:208} INFO - Processing /Users/minijohn/Dev/nyc_taxi_portfolio/.venv/lib/python3.11/site-packages/airflow/example_dags/example_trigger_controller_dag.py took 0.140 seconds
[2025-12-03T13:31:26.665-0500] {processor.py:186} INFO - Started process (PID=4687) to work on /Users/minijohn/Dev/nyc_taxi_portfolio/.venv/lib/python3.11/site-packages/airflow/example_dags/example_trigger_controller_dag.py
[2025-12-03T13:31:26.666-0500] {processor.py:914} INFO - Processing file /Users/minijohn/Dev/nyc_taxi_portfolio/.venv/lib/python3.11/site-packages/airflow/example_dags/example_trigger_controller_dag.py for tasks to queue
[2025-12-03T13:31:26.666-0500] {logging_mixin.py:190} INFO - [2025-12-03T13:31:26.666-0500] {dagbag.py:588} INFO - Filling up the DagBag from /Users/minijohn/Dev/nyc_taxi_portfolio/.venv/lib/python3.11/site-packages/airflow/example_dags/example_trigger_controller_dag.py
[2025-12-03T13:31:26.671-0500] {processor.py:925} INFO - DAG(s) 'example_trigger_controller_dag' retrieved from /Users/minijohn/Dev/nyc_taxi_portfolio/.venv/lib/python3.11/site-packages/airflow/example_dags/example_trigger_controller_dag.py
[2025-12-03T13:31:26.707-0500] {logging_mixin.py:190} INFO - [2025-12-03T13:31:26.707-0500] {dag.py:3239} INFO - Sync 1 DAGs
[2025-12-03T13:31:26.714-0500] {logging_mixin.py:190} INFO - [2025-12-03T13:31:26.714-0500] {dag.py:4180} INFO - Setting next_dagrun for example_trigger_controller_dag to 2021-01-01 00:00:00+00:00, run_after=2021-01-01 00:00:00+00:00
[2025-12-03T13:31:26.721-0500] {processor.py:208} INFO - Processing /Users/minijohn/Dev/nyc_taxi_portfolio/.venv/lib/python3.11/site-packages/airflow/example_dags/example_trigger_controller_dag.py took 0.092 seconds
[2025-12-03T13:34:17.207-0500] {processor.py:186} INFO - Started process (PID=4899) to work on /Users/minijohn/Dev/nyc_taxi_portfolio/.venv/lib/python3.11/site-packages/airflow/example_dags/example_trigger_controller_dag.py
[2025-12-03T13:34:17.208-0500] {processor.py:914} INFO - Processing file /Users/minijohn/Dev/nyc_taxi_portfolio/.venv/lib/python3.11/site-packages/airflow/example_dags/example_trigger_controller_dag.py for tasks to queue
[2025-12-03T13:34:17.208-0500] {logging_mixin.py:190} INFO - [2025-12-03T13:34:17.208-0500] {dagbag.py:588} INFO - Filling up the DagBag from /Users/minijohn/Dev/nyc_taxi_portfolio/.venv/lib/python3.11/site-packages/airflow/example_dags/example_trigger_controller_dag.py
[2025-12-03T13:34:17.213-0500] {processor.py:925} INFO - DAG(s) 'example_trigger_controller_dag' retrieved from /Users/minijohn/Dev/nyc_taxi_portfolio/.venv/lib/python3.11/site-packages/airflow/example_dags/example_trigger_controller_dag.py
[2025-12-03T13:34:17.249-0500] {logging_mixin.py:190} INFO - [2025-12-03T13:34:17.248-0500] {dag.py:3239} INFO - Sync 1 DAGs
[2025-12-03T13:34:17.255-0500] {logging_mixin.py:190} INFO - [2025-12-03T13:34:17.255-0500] {dag.py:4180} INFO - Setting next_dagrun for example_trigger_controller_dag to 2021-01-01 00:00:00+00:00, run_after=2021-01-01 00:00:00+00:00
[2025-12-03T13:34:17.263-0500] {processor.py:208} INFO - Processing /Users/minijohn/Dev/nyc_taxi_portfolio/.venv/lib/python3.11/site-packages/airflow/example_dags/example_trigger_controller_dag.py took 0.092 seconds
[2025-12-03T13:36:26.428-0500] {processor.py:186} INFO - Started process (PID=5104) to work on /Users/minijohn/Dev/nyc_taxi_portfolio/.venv/lib/python3.11/site-packages/airflow/example_dags/example_trigger_controller_dag.py
[2025-12-03T13:36:26.429-0500] {processor.py:914} INFO - Processing file /Users/minijohn/Dev/nyc_taxi_portfolio/.venv/lib/python3.11/site-packages/airflow/example_dags/example_trigger_controller_dag.py for tasks to queue
[2025-12-03T13:36:26.430-0500] {logging_mixin.py:190} INFO - [2025-12-03T13:36:26.430-0500] {dagbag.py:588} INFO - Filling up the DagBag from /Users/minijohn/Dev/nyc_taxi_portfolio/.venv/lib/python3.11/site-packages/airflow/example_dags/example_trigger_controller_dag.py
[2025-12-03T13:36:26.435-0500] {processor.py:925} INFO - DAG(s) 'example_trigger_controller_dag' retrieved from /Users/minijohn/Dev/nyc_taxi_portfolio/.venv/lib/python3.11/site-packages/airflow/example_dags/example_trigger_controller_dag.py
[2025-12-03T13:36:26.473-0500] {logging_mixin.py:190} INFO - [2025-12-03T13:36:26.473-0500] {dag.py:3239} INFO - Sync 1 DAGs
[2025-12-03T13:36:26.481-0500] {logging_mixin.py:190} INFO - [2025-12-03T13:36:26.481-0500] {dag.py:4180} INFO - Setting next_dagrun for example_trigger_controller_dag to 2021-01-01 00:00:00+00:00, run_after=2021-01-01 00:00:00+00:00
[2025-12-03T13:36:26.490-0500] {processor.py:208} INFO - Processing /Users/minijohn/Dev/nyc_taxi_portfolio/.venv/lib/python3.11/site-packages/airflow/example_dags/example_trigger_controller_dag.py took 0.103 seconds
[2025-12-03T13:38:04.717-0500] {processor.py:186} INFO - Started process (PID=5216) to work on /Users/minijohn/Dev/nyc_taxi_portfolio/.venv/lib/python3.11/site-packages/airflow/example_dags/example_trigger_controller_dag.py
[2025-12-03T13:38:04.718-0500] {processor.py:914} INFO - Processing file /Users/minijohn/Dev/nyc_taxi_portfolio/.venv/lib/python3.11/site-packages/airflow/example_dags/example_trigger_controller_dag.py for tasks to queue
[2025-12-03T13:38:04.719-0500] {logging_mixin.py:190} INFO - [2025-12-03T13:38:04.719-0500] {dagbag.py:588} INFO - Filling up the DagBag from /Users/minijohn/Dev/nyc_taxi_portfolio/.venv/lib/python3.11/site-packages/airflow/example_dags/example_trigger_controller_dag.py
[2025-12-03T13:38:04.724-0500] {processor.py:925} INFO - DAG(s) 'example_trigger_controller_dag' retrieved from /Users/minijohn/Dev/nyc_taxi_portfolio/.venv/lib/python3.11/site-packages/airflow/example_dags/example_trigger_controller_dag.py
[2025-12-03T13:38:04.761-0500] {logging_mixin.py:190} INFO - [2025-12-03T13:38:04.761-0500] {dag.py:3239} INFO - Sync 1 DAGs
[2025-12-03T13:38:04.767-0500] {logging_mixin.py:190} INFO - [2025-12-03T13:38:04.767-0500] {dag.py:4180} INFO - Setting next_dagrun for example_trigger_controller_dag to 2021-01-01 00:00:00+00:00, run_after=2021-01-01 00:00:00+00:00
[2025-12-03T13:38:04.775-0500] {processor.py:208} INFO - Processing /Users/minijohn/Dev/nyc_taxi_portfolio/.venv/lib/python3.11/site-packages/airflow/example_dags/example_trigger_controller_dag.py took 0.095 seconds
[2025-12-03T13:39:38.284-0500] {processor.py:186} INFO - Started process (PID=5436) to work on /Users/minijohn/Dev/nyc_taxi_portfolio/.venv/lib/python3.11/site-packages/airflow/example_dags/example_trigger_controller_dag.py
[2025-12-03T13:39:38.285-0500] {processor.py:914} INFO - Processing file /Users/minijohn/Dev/nyc_taxi_portfolio/.venv/lib/python3.11/site-packages/airflow/example_dags/example_trigger_controller_dag.py for tasks to queue
[2025-12-03T13:39:38.285-0500] {logging_mixin.py:190} INFO - [2025-12-03T13:39:38.285-0500] {dagbag.py:588} INFO - Filling up the DagBag from /Users/minijohn/Dev/nyc_taxi_portfolio/.venv/lib/python3.11/site-packages/airflow/example_dags/example_trigger_controller_dag.py
[2025-12-03T13:39:38.290-0500] {processor.py:925} INFO - DAG(s) 'example_trigger_controller_dag' retrieved from /Users/minijohn/Dev/nyc_taxi_portfolio/.venv/lib/python3.11/site-packages/airflow/example_dags/example_trigger_controller_dag.py
[2025-12-03T13:39:38.327-0500] {logging_mixin.py:190} INFO - [2025-12-03T13:39:38.327-0500] {dag.py:3239} INFO - Sync 1 DAGs
[2025-12-03T13:39:38.334-0500] {logging_mixin.py:190} INFO - [2025-12-03T13:39:38.333-0500] {dag.py:4180} INFO - Setting next_dagrun for example_trigger_controller_dag to 2021-01-01 00:00:00+00:00, run_after=2021-01-01 00:00:00+00:00
[2025-12-03T13:39:38.341-0500] {processor.py:208} INFO - Processing /Users/minijohn/Dev/nyc_taxi_portfolio/.venv/lib/python3.11/site-packages/airflow/example_dags/example_trigger_controller_dag.py took 0.095 seconds
[2025-12-03T13:41:13.812-0500] {processor.py:186} INFO - Started process (PID=5641) to work on /Users/minijohn/Dev/nyc_taxi_portfolio/.venv/lib/python3.11/site-packages/airflow/example_dags/example_trigger_controller_dag.py
[2025-12-03T13:41:13.812-0500] {processor.py:914} INFO - Processing file /Users/minijohn/Dev/nyc_taxi_portfolio/.venv/lib/python3.11/site-packages/airflow/example_dags/example_trigger_controller_dag.py for tasks to queue
[2025-12-03T13:41:13.813-0500] {logging_mixin.py:190} INFO - [2025-12-03T13:41:13.813-0500] {dagbag.py:588} INFO - Filling up the DagBag from /Users/minijohn/Dev/nyc_taxi_portfolio/.venv/lib/python3.11/site-packages/airflow/example_dags/example_trigger_controller_dag.py
[2025-12-03T13:41:13.818-0500] {processor.py:925} INFO - DAG(s) 'example_trigger_controller_dag' retrieved from /Users/minijohn/Dev/nyc_taxi_portfolio/.venv/lib/python3.11/site-packages/airflow/example_dags/example_trigger_controller_dag.py
[2025-12-03T13:41:13.860-0500] {logging_mixin.py:190} INFO - [2025-12-03T13:41:13.860-0500] {dag.py:3239} INFO - Sync 1 DAGs
[2025-12-03T13:41:13.868-0500] {logging_mixin.py:190} INFO - [2025-12-03T13:41:13.867-0500] {dag.py:4180} INFO - Setting next_dagrun for example_trigger_controller_dag to 2021-01-01 00:00:00+00:00, run_after=2021-01-01 00:00:00+00:00
[2025-12-03T13:41:13.876-0500] {processor.py:208} INFO - Processing /Users/minijohn/Dev/nyc_taxi_portfolio/.venv/lib/python3.11/site-packages/airflow/example_dags/example_trigger_controller_dag.py took 0.108 seconds
