[2025-12-03T13:06:04.368-0500] {processor.py:186} INFO - Started process (PID=20887) to work on /Users/minijohn/Dev/nyc_taxi_portfolio/.venv/lib/python3.11/site-packages/airflow/example_dags/example_task_group_decorator.py
[2025-12-03T13:06:04.369-0500] {processor.py:914} INFO - Processing file /Users/minijohn/Dev/nyc_taxi_portfolio/.venv/lib/python3.11/site-packages/airflow/example_dags/example_task_group_decorator.py for tasks to queue
[2025-12-03T13:06:04.370-0500] {logging_mixin.py:190} INFO - [2025-12-03T13:06:04.369-0500] {dagbag.py:588} INFO - Filling up the DagBag from /Users/minijohn/Dev/nyc_taxi_portfolio/.venv/lib/python3.11/site-packages/airflow/example_dags/example_task_group_decorator.py
[2025-12-03T13:06:04.401-0500] {processor.py:925} INFO - DAG(s) 'example_task_group_decorator' retrieved from /Users/minijohn/Dev/nyc_taxi_portfolio/.venv/lib/python3.11/site-packages/airflow/example_dags/example_task_group_decorator.py
[2025-12-03T13:06:04.491-0500] {logging_mixin.py:190} INFO - [2025-12-03T13:06:04.490-0500] {override.py:1930} INFO - Created Permission View: can read on DAG:example_task_group_decorator
[2025-12-03T13:06:04.496-0500] {logging_mixin.py:190} INFO - [2025-12-03T13:06:04.495-0500] {override.py:1930} INFO - Created Permission View: can edit on DAG:example_task_group_decorator
[2025-12-03T13:06:04.499-0500] {logging_mixin.py:190} INFO - [2025-12-03T13:06:04.499-0500] {override.py:1930} INFO - Created Permission View: can delete on DAG:example_task_group_decorator
[2025-12-03T13:06:04.506-0500] {logging_mixin.py:190} INFO - [2025-12-03T13:06:04.506-0500] {override.py:1930} INFO - Created Permission View: can read on DAG Run:example_task_group_decorator
[2025-12-03T13:06:04.510-0500] {logging_mixin.py:190} INFO - [2025-12-03T13:06:04.510-0500] {override.py:1930} INFO - Created Permission View: menu access on DAG Run:example_task_group_decorator
[2025-12-03T13:06:04.514-0500] {logging_mixin.py:190} INFO - [2025-12-03T13:06:04.514-0500] {override.py:1930} INFO - Created Permission View: can create on DAG Run:example_task_group_decorator
[2025-12-03T13:06:04.517-0500] {logging_mixin.py:190} INFO - [2025-12-03T13:06:04.517-0500] {override.py:1930} INFO - Created Permission View: can delete on DAG Run:example_task_group_decorator
[2025-12-03T13:06:04.517-0500] {logging_mixin.py:190} INFO - [2025-12-03T13:06:04.517-0500] {dag.py:3239} INFO - Sync 1 DAGs
[2025-12-03T13:06:04.523-0500] {logging_mixin.py:190} INFO - [2025-12-03T13:06:04.522-0500] {dag.py:3262} INFO - Creating ORM DAG for example_task_group_decorator
[2025-12-03T13:06:04.523-0500] {logging_mixin.py:190} INFO - [2025-12-03T13:06:04.523-0500] {dag.py:4180} INFO - Setting next_dagrun for example_task_group_decorator to None, run_after=None
[2025-12-03T13:06:04.533-0500] {processor.py:208} INFO - Processing /Users/minijohn/Dev/nyc_taxi_portfolio/.venv/lib/python3.11/site-packages/airflow/example_dags/example_task_group_decorator.py took 0.214 seconds
[2025-12-03T13:10:12.319-0500] {processor.py:186} INFO - Started process (PID=21295) to work on /Users/minijohn/Dev/nyc_taxi_portfolio/.venv/lib/python3.11/site-packages/airflow/example_dags/example_task_group_decorator.py
[2025-12-03T13:10:12.321-0500] {processor.py:914} INFO - Processing file /Users/minijohn/Dev/nyc_taxi_portfolio/.venv/lib/python3.11/site-packages/airflow/example_dags/example_task_group_decorator.py for tasks to queue
[2025-12-03T13:10:12.321-0500] {logging_mixin.py:190} INFO - [2025-12-03T13:10:12.321-0500] {dagbag.py:588} INFO - Filling up the DagBag from /Users/minijohn/Dev/nyc_taxi_portfolio/.venv/lib/python3.11/site-packages/airflow/example_dags/example_task_group_decorator.py
[2025-12-03T13:10:12.353-0500] {processor.py:925} INFO - DAG(s) 'example_task_group_decorator' retrieved from /Users/minijohn/Dev/nyc_taxi_portfolio/.venv/lib/python3.11/site-packages/airflow/example_dags/example_task_group_decorator.py
[2025-12-03T13:10:12.411-0500] {logging_mixin.py:190} INFO - [2025-12-03T13:10:12.410-0500] {dag.py:3239} INFO - Sync 1 DAGs
[2025-12-03T13:10:12.417-0500] {logging_mixin.py:190} INFO - [2025-12-03T13:10:12.417-0500] {dag.py:4180} INFO - Setting next_dagrun for example_task_group_decorator to None, run_after=None
[2025-12-03T13:10:12.430-0500] {processor.py:208} INFO - Processing /Users/minijohn/Dev/nyc_taxi_portfolio/.venv/lib/python3.11/site-packages/airflow/example_dags/example_task_group_decorator.py took 0.168 seconds
[2025-12-03T13:31:32.287-0500] {processor.py:186} INFO - Started process (PID=4696) to work on /Users/minijohn/Dev/nyc_taxi_portfolio/.venv/lib/python3.11/site-packages/airflow/example_dags/example_task_group_decorator.py
[2025-12-03T13:31:32.289-0500] {processor.py:914} INFO - Processing file /Users/minijohn/Dev/nyc_taxi_portfolio/.venv/lib/python3.11/site-packages/airflow/example_dags/example_task_group_decorator.py for tasks to queue
[2025-12-03T13:31:32.289-0500] {logging_mixin.py:190} INFO - [2025-12-03T13:31:32.289-0500] {dagbag.py:588} INFO - Filling up the DagBag from /Users/minijohn/Dev/nyc_taxi_portfolio/.venv/lib/python3.11/site-packages/airflow/example_dags/example_task_group_decorator.py
[2025-12-03T13:31:32.309-0500] {processor.py:925} INFO - DAG(s) 'example_task_group_decorator' retrieved from /Users/minijohn/Dev/nyc_taxi_portfolio/.venv/lib/python3.11/site-packages/airflow/example_dags/example_task_group_decorator.py
[2025-12-03T13:31:32.353-0500] {logging_mixin.py:190} INFO - [2025-12-03T13:31:32.352-0500] {dag.py:3239} INFO - Sync 1 DAGs
[2025-12-03T13:31:32.358-0500] {logging_mixin.py:190} INFO - [2025-12-03T13:31:32.358-0500] {dag.py:4180} INFO - Setting next_dagrun for example_task_group_decorator to None, run_after=None
[2025-12-03T13:31:32.367-0500] {processor.py:208} INFO - Processing /Users/minijohn/Dev/nyc_taxi_portfolio/.venv/lib/python3.11/site-packages/airflow/example_dags/example_task_group_decorator.py took 0.120 seconds
[2025-12-03T13:34:21.060-0500] {processor.py:186} INFO - Started process (PID=4903) to work on /Users/minijohn/Dev/nyc_taxi_portfolio/.venv/lib/python3.11/site-packages/airflow/example_dags/example_task_group_decorator.py
[2025-12-03T13:34:21.061-0500] {processor.py:914} INFO - Processing file /Users/minijohn/Dev/nyc_taxi_portfolio/.venv/lib/python3.11/site-packages/airflow/example_dags/example_task_group_decorator.py for tasks to queue
[2025-12-03T13:34:21.061-0500] {logging_mixin.py:190} INFO - [2025-12-03T13:34:21.061-0500] {dagbag.py:588} INFO - Filling up the DagBag from /Users/minijohn/Dev/nyc_taxi_portfolio/.venv/lib/python3.11/site-packages/airflow/example_dags/example_task_group_decorator.py
[2025-12-03T13:34:21.078-0500] {processor.py:925} INFO - DAG(s) 'example_task_group_decorator' retrieved from /Users/minijohn/Dev/nyc_taxi_portfolio/.venv/lib/python3.11/site-packages/airflow/example_dags/example_task_group_decorator.py
[2025-12-03T13:34:21.116-0500] {logging_mixin.py:190} INFO - [2025-12-03T13:34:21.115-0500] {dag.py:3239} INFO - Sync 1 DAGs
[2025-12-03T13:34:21.120-0500] {logging_mixin.py:190} INFO - [2025-12-03T13:34:21.120-0500] {dag.py:4180} INFO - Setting next_dagrun for example_task_group_decorator to None, run_after=None
[2025-12-03T13:34:21.127-0500] {processor.py:208} INFO - Processing /Users/minijohn/Dev/nyc_taxi_portfolio/.venv/lib/python3.11/site-packages/airflow/example_dags/example_task_group_decorator.py took 0.101 seconds
[2025-12-03T13:36:31.128-0500] {processor.py:186} INFO - Started process (PID=5108) to work on /Users/minijohn/Dev/nyc_taxi_portfolio/.venv/lib/python3.11/site-packages/airflow/example_dags/example_task_group_decorator.py
[2025-12-03T13:36:31.129-0500] {processor.py:914} INFO - Processing file /Users/minijohn/Dev/nyc_taxi_portfolio/.venv/lib/python3.11/site-packages/airflow/example_dags/example_task_group_decorator.py for tasks to queue
[2025-12-03T13:36:31.130-0500] {logging_mixin.py:190} INFO - [2025-12-03T13:36:31.129-0500] {dagbag.py:588} INFO - Filling up the DagBag from /Users/minijohn/Dev/nyc_taxi_portfolio/.venv/lib/python3.11/site-packages/airflow/example_dags/example_task_group_decorator.py
[2025-12-03T13:36:31.149-0500] {processor.py:925} INFO - DAG(s) 'example_task_group_decorator' retrieved from /Users/minijohn/Dev/nyc_taxi_portfolio/.venv/lib/python3.11/site-packages/airflow/example_dags/example_task_group_decorator.py
[2025-12-03T13:36:31.191-0500] {logging_mixin.py:190} INFO - [2025-12-03T13:36:31.191-0500] {dag.py:3239} INFO - Sync 1 DAGs
[2025-12-03T13:36:31.196-0500] {logging_mixin.py:190} INFO - [2025-12-03T13:36:31.196-0500] {dag.py:4180} INFO - Setting next_dagrun for example_task_group_decorator to None, run_after=None
[2025-12-03T13:36:31.205-0500] {processor.py:208} INFO - Processing /Users/minijohn/Dev/nyc_taxi_portfolio/.venv/lib/python3.11/site-packages/airflow/example_dags/example_task_group_decorator.py took 0.117 seconds
[2025-12-03T13:38:09.723-0500] {processor.py:186} INFO - Started process (PID=5222) to work on /Users/minijohn/Dev/nyc_taxi_portfolio/.venv/lib/python3.11/site-packages/airflow/example_dags/example_task_group_decorator.py
[2025-12-03T13:38:09.724-0500] {processor.py:914} INFO - Processing file /Users/minijohn/Dev/nyc_taxi_portfolio/.venv/lib/python3.11/site-packages/airflow/example_dags/example_task_group_decorator.py for tasks to queue
[2025-12-03T13:38:09.725-0500] {logging_mixin.py:190} INFO - [2025-12-03T13:38:09.725-0500] {dagbag.py:588} INFO - Filling up the DagBag from /Users/minijohn/Dev/nyc_taxi_portfolio/.venv/lib/python3.11/site-packages/airflow/example_dags/example_task_group_decorator.py
[2025-12-03T13:38:09.742-0500] {processor.py:925} INFO - DAG(s) 'example_task_group_decorator' retrieved from /Users/minijohn/Dev/nyc_taxi_portfolio/.venv/lib/python3.11/site-packages/airflow/example_dags/example_task_group_decorator.py
[2025-12-03T13:38:09.782-0500] {logging_mixin.py:190} INFO - [2025-12-03T13:38:09.782-0500] {dag.py:3239} INFO - Sync 1 DAGs
[2025-12-03T13:38:09.787-0500] {logging_mixin.py:190} INFO - [2025-12-03T13:38:09.787-0500] {dag.py:4180} INFO - Setting next_dagrun for example_task_group_decorator to None, run_after=None
[2025-12-03T13:38:09.796-0500] {processor.py:208} INFO - Processing /Users/minijohn/Dev/nyc_taxi_portfolio/.venv/lib/python3.11/site-packages/airflow/example_dags/example_task_group_decorator.py took 0.109 seconds
[2025-12-03T13:39:42.530-0500] {processor.py:186} INFO - Started process (PID=5443) to work on /Users/minijohn/Dev/nyc_taxi_portfolio/.venv/lib/python3.11/site-packages/airflow/example_dags/example_task_group_decorator.py
[2025-12-03T13:39:42.531-0500] {processor.py:914} INFO - Processing file /Users/minijohn/Dev/nyc_taxi_portfolio/.venv/lib/python3.11/site-packages/airflow/example_dags/example_task_group_decorator.py for tasks to queue
[2025-12-03T13:39:42.531-0500] {logging_mixin.py:190} INFO - [2025-12-03T13:39:42.531-0500] {dagbag.py:588} INFO - Filling up the DagBag from /Users/minijohn/Dev/nyc_taxi_portfolio/.venv/lib/python3.11/site-packages/airflow/example_dags/example_task_group_decorator.py
[2025-12-03T13:39:42.549-0500] {processor.py:925} INFO - DAG(s) 'example_task_group_decorator' retrieved from /Users/minijohn/Dev/nyc_taxi_portfolio/.venv/lib/python3.11/site-packages/airflow/example_dags/example_task_group_decorator.py
[2025-12-03T13:39:42.591-0500] {logging_mixin.py:190} INFO - [2025-12-03T13:39:42.591-0500] {dag.py:3239} INFO - Sync 1 DAGs
[2025-12-03T13:39:42.596-0500] {logging_mixin.py:190} INFO - [2025-12-03T13:39:42.595-0500] {dag.py:4180} INFO - Setting next_dagrun for example_task_group_decorator to None, run_after=None
[2025-12-03T13:39:42.603-0500] {processor.py:208} INFO - Processing /Users/minijohn/Dev/nyc_taxi_portfolio/.venv/lib/python3.11/site-packages/airflow/example_dags/example_task_group_decorator.py took 0.110 seconds
[2025-12-03T13:41:19.230-0500] {processor.py:186} INFO - Started process (PID=5665) to work on /Users/minijohn/Dev/nyc_taxi_portfolio/.venv/lib/python3.11/site-packages/airflow/example_dags/example_task_group_decorator.py
[2025-12-03T13:41:19.231-0500] {processor.py:914} INFO - Processing file /Users/minijohn/Dev/nyc_taxi_portfolio/.venv/lib/python3.11/site-packages/airflow/example_dags/example_task_group_decorator.py for tasks to queue
[2025-12-03T13:41:19.231-0500] {logging_mixin.py:190} INFO - [2025-12-03T13:41:19.231-0500] {dagbag.py:588} INFO - Filling up the DagBag from /Users/minijohn/Dev/nyc_taxi_portfolio/.venv/lib/python3.11/site-packages/airflow/example_dags/example_task_group_decorator.py
[2025-12-03T13:41:19.251-0500] {processor.py:925} INFO - DAG(s) 'example_task_group_decorator' retrieved from /Users/minijohn/Dev/nyc_taxi_portfolio/.venv/lib/python3.11/site-packages/airflow/example_dags/example_task_group_decorator.py
[2025-12-03T13:41:19.293-0500] {logging_mixin.py:190} INFO - [2025-12-03T13:41:19.293-0500] {dag.py:3239} INFO - Sync 1 DAGs
[2025-12-03T13:41:19.298-0500] {logging_mixin.py:190} INFO - [2025-12-03T13:41:19.298-0500] {dag.py:4180} INFO - Setting next_dagrun for example_task_group_decorator to None, run_after=None
[2025-12-03T13:41:19.306-0500] {processor.py:208} INFO - Processing /Users/minijohn/Dev/nyc_taxi_portfolio/.venv/lib/python3.11/site-packages/airflow/example_dags/example_task_group_decorator.py took 0.122 seconds
