[2025-12-03T13:08:34.424-0500] {processor.py:186} INFO - Started process (PID=21146) to work on /Users/minijohn/Dev/nyc_taxi_portfolio/.venv/lib/python3.11/site-packages/airflow/example_dags/example_branch_python_dop_operator_3.py
[2025-12-03T13:08:34.425-0500] {processor.py:914} INFO - Processing file /Users/minijohn/Dev/nyc_taxi_portfolio/.venv/lib/python3.11/site-packages/airflow/example_dags/example_branch_python_dop_operator_3.py for tasks to queue
[2025-12-03T13:08:34.425-0500] {logging_mixin.py:190} INFO - [2025-12-03T13:08:34.425-0500] {dagbag.py:588} INFO - Filling up the DagBag from /Users/minijohn/Dev/nyc_taxi_portfolio/.venv/lib/python3.11/site-packages/airflow/example_dags/example_branch_python_dop_operator_3.py
[2025-12-03T13:08:34.460-0500] {processor.py:925} INFO - DAG(s) 'example_branch_dop_operator_v3' retrieved from /Users/minijohn/Dev/nyc_taxi_portfolio/.venv/lib/python3.11/site-packages/airflow/example_dags/example_branch_python_dop_operator_3.py
[2025-12-03T13:08:34.558-0500] {logging_mixin.py:190} INFO - [2025-12-03T13:08:34.558-0500] {override.py:1930} INFO - Created Permission View: can edit on DAG:example_branch_dop_operator_v3
[2025-12-03T13:08:34.565-0500] {logging_mixin.py:190} INFO - [2025-12-03T13:08:34.564-0500] {override.py:1930} INFO - Created Permission View: can read on DAG:example_branch_dop_operator_v3
[2025-12-03T13:08:34.569-0500] {logging_mixin.py:190} INFO - [2025-12-03T13:08:34.569-0500] {override.py:1930} INFO - Created Permission View: can delete on DAG:example_branch_dop_operator_v3
[2025-12-03T13:08:34.575-0500] {logging_mixin.py:190} INFO - [2025-12-03T13:08:34.575-0500] {override.py:1930} INFO - Created Permission View: menu access on DAG Run:example_branch_dop_operator_v3
[2025-12-03T13:08:34.579-0500] {logging_mixin.py:190} INFO - [2025-12-03T13:08:34.578-0500] {override.py:1930} INFO - Created Permission View: can delete on DAG Run:example_branch_dop_operator_v3
[2025-12-03T13:08:34.582-0500] {logging_mixin.py:190} INFO - [2025-12-03T13:08:34.582-0500] {override.py:1930} INFO - Created Permission View: can read on DAG Run:example_branch_dop_operator_v3
[2025-12-03T13:08:34.586-0500] {logging_mixin.py:190} INFO - [2025-12-03T13:08:34.585-0500] {override.py:1930} INFO - Created Permission View: can create on DAG Run:example_branch_dop_operator_v3
[2025-12-03T13:08:34.586-0500] {logging_mixin.py:190} INFO - [2025-12-03T13:08:34.586-0500] {dag.py:3239} INFO - Sync 1 DAGs
[2025-12-03T13:08:34.591-0500] {logging_mixin.py:190} INFO - [2025-12-03T13:08:34.591-0500] {dag.py:3262} INFO - Creating ORM DAG for example_branch_dop_operator_v3
[2025-12-03T13:08:34.597-0500] {logging_mixin.py:190} INFO - [2025-12-03T13:08:34.597-0500] {dag.py:4180} INFO - Setting next_dagrun for example_branch_dop_operator_v3 to 2025-12-03 18:07:00+00:00, run_after=2025-12-03 18:08:00+00:00
[2025-12-03T13:08:34.611-0500] {processor.py:208} INFO - Processing /Users/minijohn/Dev/nyc_taxi_portfolio/.venv/lib/python3.11/site-packages/airflow/example_dags/example_branch_python_dop_operator_3.py took 0.250 seconds
[2025-12-03T13:32:42.469-0500] {processor.py:186} INFO - Started process (PID=4792) to work on /Users/minijohn/Dev/nyc_taxi_portfolio/.venv/lib/python3.11/site-packages/airflow/example_dags/example_branch_python_dop_operator_3.py
[2025-12-03T13:32:42.470-0500] {processor.py:914} INFO - Processing file /Users/minijohn/Dev/nyc_taxi_portfolio/.venv/lib/python3.11/site-packages/airflow/example_dags/example_branch_python_dop_operator_3.py for tasks to queue
[2025-12-03T13:32:42.471-0500] {logging_mixin.py:190} INFO - [2025-12-03T13:32:42.471-0500] {dagbag.py:588} INFO - Filling up the DagBag from /Users/minijohn/Dev/nyc_taxi_portfolio/.venv/lib/python3.11/site-packages/airflow/example_dags/example_branch_python_dop_operator_3.py
[2025-12-03T13:32:42.487-0500] {processor.py:925} INFO - DAG(s) 'example_branch_dop_operator_v3' retrieved from /Users/minijohn/Dev/nyc_taxi_portfolio/.venv/lib/python3.11/site-packages/airflow/example_dags/example_branch_python_dop_operator_3.py
[2025-12-03T13:32:42.525-0500] {logging_mixin.py:190} INFO - [2025-12-03T13:32:42.525-0500] {dag.py:3239} INFO - Sync 1 DAGs
[2025-12-03T13:32:42.535-0500] {logging_mixin.py:190} INFO - [2025-12-03T13:32:42.535-0500] {dag.py:4180} INFO - Setting next_dagrun for example_branch_dop_operator_v3 to 2025-12-03 18:31:00+00:00, run_after=2025-12-03 18:32:00+00:00
[2025-12-03T13:32:42.543-0500] {processor.py:208} INFO - Processing /Users/minijohn/Dev/nyc_taxi_portfolio/.venv/lib/python3.11/site-packages/airflow/example_dags/example_branch_python_dop_operator_3.py took 0.110 seconds
[2025-12-03T13:35:32.532-0500] {processor.py:186} INFO - Started process (PID=5005) to work on /Users/minijohn/Dev/nyc_taxi_portfolio/.venv/lib/python3.11/site-packages/airflow/example_dags/example_branch_python_dop_operator_3.py
[2025-12-03T13:35:32.534-0500] {processor.py:914} INFO - Processing file /Users/minijohn/Dev/nyc_taxi_portfolio/.venv/lib/python3.11/site-packages/airflow/example_dags/example_branch_python_dop_operator_3.py for tasks to queue
[2025-12-03T13:35:32.534-0500] {logging_mixin.py:190} INFO - [2025-12-03T13:35:32.534-0500] {dagbag.py:588} INFO - Filling up the DagBag from /Users/minijohn/Dev/nyc_taxi_portfolio/.venv/lib/python3.11/site-packages/airflow/example_dags/example_branch_python_dop_operator_3.py
[2025-12-03T13:35:32.549-0500] {processor.py:925} INFO - DAG(s) 'example_branch_dop_operator_v3' retrieved from /Users/minijohn/Dev/nyc_taxi_portfolio/.venv/lib/python3.11/site-packages/airflow/example_dags/example_branch_python_dop_operator_3.py
[2025-12-03T13:35:32.585-0500] {logging_mixin.py:190} INFO - [2025-12-03T13:35:32.585-0500] {dag.py:3239} INFO - Sync 1 DAGs
[2025-12-03T13:35:32.594-0500] {logging_mixin.py:190} INFO - [2025-12-03T13:35:32.594-0500] {dag.py:4180} INFO - Setting next_dagrun for example_branch_dop_operator_v3 to 2025-12-03 18:34:00+00:00, run_after=2025-12-03 18:35:00+00:00
[2025-12-03T13:35:32.602-0500] {processor.py:208} INFO - Processing /Users/minijohn/Dev/nyc_taxi_portfolio/.venv/lib/python3.11/site-packages/airflow/example_dags/example_branch_python_dop_operator_3.py took 0.105 seconds
[2025-12-03T13:38:48.344-0500] {processor.py:186} INFO - Started process (PID=5302) to work on /Users/minijohn/Dev/nyc_taxi_portfolio/.venv/lib/python3.11/site-packages/airflow/example_dags/example_branch_python_dop_operator_3.py
[2025-12-03T13:38:48.346-0500] {processor.py:914} INFO - Processing file /Users/minijohn/Dev/nyc_taxi_portfolio/.venv/lib/python3.11/site-packages/airflow/example_dags/example_branch_python_dop_operator_3.py for tasks to queue
[2025-12-03T13:38:48.346-0500] {logging_mixin.py:190} INFO - [2025-12-03T13:38:48.346-0500] {dagbag.py:588} INFO - Filling up the DagBag from /Users/minijohn/Dev/nyc_taxi_portfolio/.venv/lib/python3.11/site-packages/airflow/example_dags/example_branch_python_dop_operator_3.py
[2025-12-03T13:38:48.362-0500] {processor.py:925} INFO - DAG(s) 'example_branch_dop_operator_v3' retrieved from /Users/minijohn/Dev/nyc_taxi_portfolio/.venv/lib/python3.11/site-packages/airflow/example_dags/example_branch_python_dop_operator_3.py
[2025-12-03T13:38:48.399-0500] {logging_mixin.py:190} INFO - [2025-12-03T13:38:48.399-0500] {dag.py:3239} INFO - Sync 1 DAGs
[2025-12-03T13:38:48.409-0500] {logging_mixin.py:190} INFO - [2025-12-03T13:38:48.409-0500] {dag.py:4180} INFO - Setting next_dagrun for example_branch_dop_operator_v3 to 2025-12-03 18:37:00+00:00, run_after=2025-12-03 18:38:00+00:00
[2025-12-03T13:38:48.417-0500] {processor.py:208} INFO - Processing /Users/minijohn/Dev/nyc_taxi_portfolio/.venv/lib/python3.11/site-packages/airflow/example_dags/example_branch_python_dop_operator_3.py took 0.109 seconds
[2025-12-03T13:42:00.032-0500] {processor.py:186} INFO - Started process (PID=5877) to work on /Users/minijohn/Dev/nyc_taxi_portfolio/.venv/lib/python3.11/site-packages/airflow/example_dags/example_branch_python_dop_operator_3.py
[2025-12-03T13:42:00.033-0500] {processor.py:914} INFO - Processing file /Users/minijohn/Dev/nyc_taxi_portfolio/.venv/lib/python3.11/site-packages/airflow/example_dags/example_branch_python_dop_operator_3.py for tasks to queue
[2025-12-03T13:42:00.034-0500] {logging_mixin.py:190} INFO - [2025-12-03T13:42:00.034-0500] {dagbag.py:588} INFO - Filling up the DagBag from /Users/minijohn/Dev/nyc_taxi_portfolio/.venv/lib/python3.11/site-packages/airflow/example_dags/example_branch_python_dop_operator_3.py
[2025-12-03T13:42:00.051-0500] {processor.py:925} INFO - DAG(s) 'example_branch_dop_operator_v3' retrieved from /Users/minijohn/Dev/nyc_taxi_portfolio/.venv/lib/python3.11/site-packages/airflow/example_dags/example_branch_python_dop_operator_3.py
[2025-12-03T13:42:00.091-0500] {logging_mixin.py:190} INFO - [2025-12-03T13:42:00.091-0500] {dag.py:3239} INFO - Sync 1 DAGs
[2025-12-03T13:42:00.101-0500] {logging_mixin.py:190} INFO - [2025-12-03T13:42:00.101-0500] {dag.py:4180} INFO - Setting next_dagrun for example_branch_dop_operator_v3 to 2025-12-03 18:41:00+00:00, run_after=2025-12-03 18:42:00+00:00
[2025-12-03T13:42:00.110-0500] {processor.py:208} INFO - Processing /Users/minijohn/Dev/nyc_taxi_portfolio/.venv/lib/python3.11/site-packages/airflow/example_dags/example_branch_python_dop_operator_3.py took 0.122 seconds
