[2025-12-03T13:08:48.949-0500] {processor.py:186} INFO - Started process (PID=21169) to work on /Users/minijohn/Dev/nyc_taxi_portfolio/.venv/lib/python3.11/site-packages/airflow/example_dags/example_branch_labels.py
[2025-12-03T13:08:48.951-0500] {processor.py:914} INFO - Processing file /Users/minijohn/Dev/nyc_taxi_portfolio/.venv/lib/python3.11/site-packages/airflow/example_dags/example_branch_labels.py for tasks to queue
[2025-12-03T13:08:48.952-0500] {logging_mixin.py:190} INFO - [2025-12-03T13:08:48.952-0500] {dagbag.py:588} INFO - Filling up the DagBag from /Users/minijohn/Dev/nyc_taxi_portfolio/.venv/lib/python3.11/site-packages/airflow/example_dags/example_branch_labels.py
[2025-12-03T13:08:48.961-0500] {processor.py:925} INFO - DAG(s) 'example_branch_labels' retrieved from /Users/minijohn/Dev/nyc_taxi_portfolio/.venv/lib/python3.11/site-packages/airflow/example_dags/example_branch_labels.py
[2025-12-03T13:08:49.095-0500] {logging_mixin.py:190} INFO - [2025-12-03T13:08:49.095-0500] {override.py:1930} INFO - Created Permission View: can read on DAG:example_branch_labels
[2025-12-03T13:08:49.102-0500] {logging_mixin.py:190} INFO - [2025-12-03T13:08:49.102-0500] {override.py:1930} INFO - Created Permission View: can delete on DAG:example_branch_labels
[2025-12-03T13:08:49.105-0500] {logging_mixin.py:190} INFO - [2025-12-03T13:08:49.105-0500] {override.py:1930} INFO - Created Permission View: can edit on DAG:example_branch_labels
[2025-12-03T13:08:49.111-0500] {logging_mixin.py:190} INFO - [2025-12-03T13:08:49.110-0500] {override.py:1930} INFO - Created Permission View: can read on DAG Run:example_branch_labels
[2025-12-03T13:08:49.114-0500] {logging_mixin.py:190} INFO - [2025-12-03T13:08:49.114-0500] {override.py:1930} INFO - Created Permission View: menu access on DAG Run:example_branch_labels
[2025-12-03T13:08:49.118-0500] {logging_mixin.py:190} INFO - [2025-12-03T13:08:49.118-0500] {override.py:1930} INFO - Created Permission View: can create on DAG Run:example_branch_labels
[2025-12-03T13:08:49.123-0500] {logging_mixin.py:190} INFO - [2025-12-03T13:08:49.123-0500] {override.py:1930} INFO - Created Permission View: can delete on DAG Run:example_branch_labels
[2025-12-03T13:08:49.124-0500] {logging_mixin.py:190} INFO - [2025-12-03T13:08:49.123-0500] {dag.py:3239} INFO - Sync 1 DAGs
[2025-12-03T13:08:49.131-0500] {logging_mixin.py:190} INFO - [2025-12-03T13:08:49.130-0500] {dag.py:3262} INFO - Creating ORM DAG for example_branch_labels
[2025-12-03T13:08:49.136-0500] {logging_mixin.py:190} INFO - [2025-12-03T13:08:49.136-0500] {dag.py:4180} INFO - Setting next_dagrun for example_branch_labels to 2025-12-02 00:00:00+00:00, run_after=2025-12-03 00:00:00+00:00
[2025-12-03T13:08:49.145-0500] {processor.py:208} INFO - Processing /Users/minijohn/Dev/nyc_taxi_portfolio/.venv/lib/python3.11/site-packages/airflow/example_dags/example_branch_labels.py took 0.250 seconds
[2025-12-03T13:32:48.735-0500] {processor.py:186} INFO - Started process (PID=4799) to work on /Users/minijohn/Dev/nyc_taxi_portfolio/.venv/lib/python3.11/site-packages/airflow/example_dags/example_branch_labels.py
[2025-12-03T13:32:48.736-0500] {processor.py:914} INFO - Processing file /Users/minijohn/Dev/nyc_taxi_portfolio/.venv/lib/python3.11/site-packages/airflow/example_dags/example_branch_labels.py for tasks to queue
[2025-12-03T13:32:48.737-0500] {logging_mixin.py:190} INFO - [2025-12-03T13:32:48.737-0500] {dagbag.py:588} INFO - Filling up the DagBag from /Users/minijohn/Dev/nyc_taxi_portfolio/.venv/lib/python3.11/site-packages/airflow/example_dags/example_branch_labels.py
[2025-12-03T13:32:48.741-0500] {processor.py:925} INFO - DAG(s) 'example_branch_labels' retrieved from /Users/minijohn/Dev/nyc_taxi_portfolio/.venv/lib/python3.11/site-packages/airflow/example_dags/example_branch_labels.py
[2025-12-03T13:32:48.782-0500] {logging_mixin.py:190} INFO - [2025-12-03T13:32:48.782-0500] {dag.py:3239} INFO - Sync 1 DAGs
[2025-12-03T13:32:48.789-0500] {logging_mixin.py:190} INFO - [2025-12-03T13:32:48.789-0500] {dag.py:4180} INFO - Setting next_dagrun for example_branch_labels to 2025-12-02 00:00:00+00:00, run_after=2025-12-03 00:00:00+00:00
[2025-12-03T13:32:48.796-0500] {processor.py:208} INFO - Processing /Users/minijohn/Dev/nyc_taxi_portfolio/.venv/lib/python3.11/site-packages/airflow/example_dags/example_branch_labels.py took 0.098 seconds
[2025-12-03T13:35:40.702-0500] {processor.py:186} INFO - Started process (PID=5015) to work on /Users/minijohn/Dev/nyc_taxi_portfolio/.venv/lib/python3.11/site-packages/airflow/example_dags/example_branch_labels.py
[2025-12-03T13:35:40.704-0500] {processor.py:914} INFO - Processing file /Users/minijohn/Dev/nyc_taxi_portfolio/.venv/lib/python3.11/site-packages/airflow/example_dags/example_branch_labels.py for tasks to queue
[2025-12-03T13:35:40.704-0500] {logging_mixin.py:190} INFO - [2025-12-03T13:35:40.704-0500] {dagbag.py:588} INFO - Filling up the DagBag from /Users/minijohn/Dev/nyc_taxi_portfolio/.venv/lib/python3.11/site-packages/airflow/example_dags/example_branch_labels.py
[2025-12-03T13:35:40.708-0500] {processor.py:925} INFO - DAG(s) 'example_branch_labels' retrieved from /Users/minijohn/Dev/nyc_taxi_portfolio/.venv/lib/python3.11/site-packages/airflow/example_dags/example_branch_labels.py
[2025-12-03T13:35:40.749-0500] {logging_mixin.py:190} INFO - [2025-12-03T13:35:40.748-0500] {dag.py:3239} INFO - Sync 1 DAGs
[2025-12-03T13:35:40.756-0500] {logging_mixin.py:190} INFO - [2025-12-03T13:35:40.756-0500] {dag.py:4180} INFO - Setting next_dagrun for example_branch_labels to 2025-12-02 00:00:00+00:00, run_after=2025-12-03 00:00:00+00:00
[2025-12-03T13:35:40.763-0500] {processor.py:208} INFO - Processing /Users/minijohn/Dev/nyc_taxi_portfolio/.venv/lib/python3.11/site-packages/airflow/example_dags/example_branch_labels.py took 0.097 seconds
[2025-12-03T13:38:55.219-0500] {processor.py:186} INFO - Started process (PID=5308) to work on /Users/minijohn/Dev/nyc_taxi_portfolio/.venv/lib/python3.11/site-packages/airflow/example_dags/example_branch_labels.py
[2025-12-03T13:38:55.221-0500] {processor.py:914} INFO - Processing file /Users/minijohn/Dev/nyc_taxi_portfolio/.venv/lib/python3.11/site-packages/airflow/example_dags/example_branch_labels.py for tasks to queue
[2025-12-03T13:38:55.221-0500] {logging_mixin.py:190} INFO - [2025-12-03T13:38:55.221-0500] {dagbag.py:588} INFO - Filling up the DagBag from /Users/minijohn/Dev/nyc_taxi_portfolio/.venv/lib/python3.11/site-packages/airflow/example_dags/example_branch_labels.py
[2025-12-03T13:38:55.226-0500] {processor.py:925} INFO - DAG(s) 'example_branch_labels' retrieved from /Users/minijohn/Dev/nyc_taxi_portfolio/.venv/lib/python3.11/site-packages/airflow/example_dags/example_branch_labels.py
[2025-12-03T13:38:55.264-0500] {logging_mixin.py:190} INFO - [2025-12-03T13:38:55.263-0500] {dag.py:3239} INFO - Sync 1 DAGs
[2025-12-03T13:38:55.272-0500] {logging_mixin.py:190} INFO - [2025-12-03T13:38:55.272-0500] {dag.py:4180} INFO - Setting next_dagrun for example_branch_labels to 2025-12-02 00:00:00+00:00, run_after=2025-12-03 00:00:00+00:00
[2025-12-03T13:38:55.279-0500] {processor.py:208} INFO - Processing /Users/minijohn/Dev/nyc_taxi_portfolio/.venv/lib/python3.11/site-packages/airflow/example_dags/example_branch_labels.py took 0.095 seconds
[2025-12-03T13:42:06.474-0500] {processor.py:186} INFO - Started process (PID=6206) to work on /Users/minijohn/Dev/nyc_taxi_portfolio/.venv/lib/python3.11/site-packages/airflow/example_dags/example_branch_labels.py
[2025-12-03T13:42:06.474-0500] {processor.py:914} INFO - Processing file /Users/minijohn/Dev/nyc_taxi_portfolio/.venv/lib/python3.11/site-packages/airflow/example_dags/example_branch_labels.py for tasks to queue
[2025-12-03T13:42:06.475-0500] {logging_mixin.py:190} INFO - [2025-12-03T13:42:06.475-0500] {dagbag.py:588} INFO - Filling up the DagBag from /Users/minijohn/Dev/nyc_taxi_portfolio/.venv/lib/python3.11/site-packages/airflow/example_dags/example_branch_labels.py
[2025-12-03T13:42:06.479-0500] {processor.py:925} INFO - DAG(s) 'example_branch_labels' retrieved from /Users/minijohn/Dev/nyc_taxi_portfolio/.venv/lib/python3.11/site-packages/airflow/example_dags/example_branch_labels.py
[2025-12-03T13:42:06.518-0500] {logging_mixin.py:190} INFO - [2025-12-03T13:42:06.518-0500] {dag.py:3239} INFO - Sync 1 DAGs
[2025-12-03T13:42:06.526-0500] {logging_mixin.py:190} INFO - [2025-12-03T13:42:06.526-0500] {dag.py:4180} INFO - Setting next_dagrun for example_branch_labels to 2025-12-02 00:00:00+00:00, run_after=2025-12-03 00:00:00+00:00
[2025-12-03T13:42:06.533-0500] {processor.py:208} INFO - Processing /Users/minijohn/Dev/nyc_taxi_portfolio/.venv/lib/python3.11/site-packages/airflow/example_dags/example_branch_labels.py took 0.099 seconds
