[2025-12-03T13:07:11.286-0500] {processor.py:186} INFO - Started process (PID=21014) to work on /Users/minijohn/Dev/nyc_taxi_portfolio/.venv/lib/python3.11/site-packages/airflow/example_dags/example_params_trigger_ui.py
[2025-12-03T13:07:11.287-0500] {processor.py:914} INFO - Processing file /Users/minijohn/Dev/nyc_taxi_portfolio/.venv/lib/python3.11/site-packages/airflow/example_dags/example_params_trigger_ui.py for tasks to queue
[2025-12-03T13:07:11.288-0500] {logging_mixin.py:190} INFO - [2025-12-03T13:07:11.287-0500] {dagbag.py:588} INFO - Filling up the DagBag from /Users/minijohn/Dev/nyc_taxi_portfolio/.venv/lib/python3.11/site-packages/airflow/example_dags/example_params_trigger_ui.py
[2025-12-03T13:07:11.308-0500] {processor.py:925} INFO - DAG(s) 'example_params_trigger_ui' retrieved from /Users/minijohn/Dev/nyc_taxi_portfolio/.venv/lib/python3.11/site-packages/airflow/example_dags/example_params_trigger_ui.py
[2025-12-03T13:07:11.422-0500] {logging_mixin.py:190} INFO - [2025-12-03T13:07:11.422-0500] {override.py:1930} INFO - Created Permission View: can read on DAG:example_params_trigger_ui
[2025-12-03T13:07:11.428-0500] {logging_mixin.py:190} INFO - [2025-12-03T13:07:11.427-0500] {override.py:1930} INFO - Created Permission View: can edit on DAG:example_params_trigger_ui
[2025-12-03T13:07:11.431-0500] {logging_mixin.py:190} INFO - [2025-12-03T13:07:11.431-0500] {override.py:1930} INFO - Created Permission View: can delete on DAG:example_params_trigger_ui
[2025-12-03T13:07:11.435-0500] {logging_mixin.py:190} INFO - [2025-12-03T13:07:11.435-0500] {override.py:1930} INFO - Created Permission View: menu access on DAG Run:example_params_trigger_ui
[2025-12-03T13:07:11.439-0500] {logging_mixin.py:190} INFO - [2025-12-03T13:07:11.439-0500] {override.py:1930} INFO - Created Permission View: can read on DAG Run:example_params_trigger_ui
[2025-12-03T13:07:11.442-0500] {logging_mixin.py:190} INFO - [2025-12-03T13:07:11.442-0500] {override.py:1930} INFO - Created Permission View: can create on DAG Run:example_params_trigger_ui
[2025-12-03T13:07:11.445-0500] {logging_mixin.py:190} INFO - [2025-12-03T13:07:11.445-0500] {override.py:1930} INFO - Created Permission View: can delete on DAG Run:example_params_trigger_ui
[2025-12-03T13:07:11.446-0500] {logging_mixin.py:190} INFO - [2025-12-03T13:07:11.446-0500] {dag.py:3239} INFO - Sync 1 DAGs
[2025-12-03T13:07:11.451-0500] {logging_mixin.py:190} INFO - [2025-12-03T13:07:11.451-0500] {dag.py:3262} INFO - Creating ORM DAG for example_params_trigger_ui
[2025-12-03T13:07:11.451-0500] {logging_mixin.py:190} INFO - [2025-12-03T13:07:11.451-0500] {dag.py:4180} INFO - Setting next_dagrun for example_params_trigger_ui to None, run_after=None
[2025-12-03T13:07:11.462-0500] {processor.py:208} INFO - Processing /Users/minijohn/Dev/nyc_taxi_portfolio/.venv/lib/python3.11/site-packages/airflow/example_dags/example_params_trigger_ui.py took 0.237 seconds
[2025-12-03T13:32:05.347-0500] {processor.py:186} INFO - Started process (PID=4744) to work on /Users/minijohn/Dev/nyc_taxi_portfolio/.venv/lib/python3.11/site-packages/airflow/example_dags/example_params_trigger_ui.py
[2025-12-03T13:32:05.348-0500] {processor.py:914} INFO - Processing file /Users/minijohn/Dev/nyc_taxi_portfolio/.venv/lib/python3.11/site-packages/airflow/example_dags/example_params_trigger_ui.py for tasks to queue
[2025-12-03T13:32:05.349-0500] {logging_mixin.py:190} INFO - [2025-12-03T13:32:05.349-0500] {dagbag.py:588} INFO - Filling up the DagBag from /Users/minijohn/Dev/nyc_taxi_portfolio/.venv/lib/python3.11/site-packages/airflow/example_dags/example_params_trigger_ui.py
[2025-12-03T13:32:05.364-0500] {processor.py:925} INFO - DAG(s) 'example_params_trigger_ui' retrieved from /Users/minijohn/Dev/nyc_taxi_portfolio/.venv/lib/python3.11/site-packages/airflow/example_dags/example_params_trigger_ui.py
[2025-12-03T13:32:05.411-0500] {logging_mixin.py:190} INFO - [2025-12-03T13:32:05.411-0500] {dag.py:3239} INFO - Sync 1 DAGs
[2025-12-03T13:32:05.417-0500] {logging_mixin.py:190} INFO - [2025-12-03T13:32:05.417-0500] {dag.py:4180} INFO - Setting next_dagrun for example_params_trigger_ui to None, run_after=None
[2025-12-03T13:32:05.424-0500] {processor.py:208} INFO - Processing /Users/minijohn/Dev/nyc_taxi_portfolio/.venv/lib/python3.11/site-packages/airflow/example_dags/example_params_trigger_ui.py took 0.114 seconds
[2025-12-03T13:34:57.792-0500] {processor.py:186} INFO - Started process (PID=4956) to work on /Users/minijohn/Dev/nyc_taxi_portfolio/.venv/lib/python3.11/site-packages/airflow/example_dags/example_params_trigger_ui.py
[2025-12-03T13:34:57.793-0500] {processor.py:914} INFO - Processing file /Users/minijohn/Dev/nyc_taxi_portfolio/.venv/lib/python3.11/site-packages/airflow/example_dags/example_params_trigger_ui.py for tasks to queue
[2025-12-03T13:34:57.794-0500] {logging_mixin.py:190} INFO - [2025-12-03T13:34:57.794-0500] {dagbag.py:588} INFO - Filling up the DagBag from /Users/minijohn/Dev/nyc_taxi_portfolio/.venv/lib/python3.11/site-packages/airflow/example_dags/example_params_trigger_ui.py
[2025-12-03T13:34:57.809-0500] {processor.py:925} INFO - DAG(s) 'example_params_trigger_ui' retrieved from /Users/minijohn/Dev/nyc_taxi_portfolio/.venv/lib/python3.11/site-packages/airflow/example_dags/example_params_trigger_ui.py
[2025-12-03T13:34:57.852-0500] {logging_mixin.py:190} INFO - [2025-12-03T13:34:57.852-0500] {dag.py:3239} INFO - Sync 1 DAGs
[2025-12-03T13:34:57.857-0500] {logging_mixin.py:190} INFO - [2025-12-03T13:34:57.857-0500] {dag.py:4180} INFO - Setting next_dagrun for example_params_trigger_ui to None, run_after=None
[2025-12-03T13:34:57.864-0500] {processor.py:208} INFO - Processing /Users/minijohn/Dev/nyc_taxi_portfolio/.venv/lib/python3.11/site-packages/airflow/example_dags/example_params_trigger_ui.py took 0.105 seconds
[2025-12-03T13:37:06.762-0500] {processor.py:186} INFO - Started process (PID=5147) to work on /Users/minijohn/Dev/nyc_taxi_portfolio/.venv/lib/python3.11/site-packages/airflow/example_dags/example_params_trigger_ui.py
[2025-12-03T13:37:06.763-0500] {processor.py:914} INFO - Processing file /Users/minijohn/Dev/nyc_taxi_portfolio/.venv/lib/python3.11/site-packages/airflow/example_dags/example_params_trigger_ui.py for tasks to queue
[2025-12-03T13:37:06.764-0500] {logging_mixin.py:190} INFO - [2025-12-03T13:37:06.763-0500] {dagbag.py:588} INFO - Filling up the DagBag from /Users/minijohn/Dev/nyc_taxi_portfolio/.venv/lib/python3.11/site-packages/airflow/example_dags/example_params_trigger_ui.py
[2025-12-03T13:37:06.779-0500] {processor.py:925} INFO - DAG(s) 'example_params_trigger_ui' retrieved from /Users/minijohn/Dev/nyc_taxi_portfolio/.venv/lib/python3.11/site-packages/airflow/example_dags/example_params_trigger_ui.py
[2025-12-03T13:37:06.824-0500] {logging_mixin.py:190} INFO - [2025-12-03T13:37:06.824-0500] {dag.py:3239} INFO - Sync 1 DAGs
[2025-12-03T13:37:06.829-0500] {logging_mixin.py:190} INFO - [2025-12-03T13:37:06.828-0500] {dag.py:4180} INFO - Setting next_dagrun for example_params_trigger_ui to None, run_after=None
[2025-12-03T13:37:06.836-0500] {processor.py:208} INFO - Processing /Users/minijohn/Dev/nyc_taxi_portfolio/.venv/lib/python3.11/site-packages/airflow/example_dags/example_params_trigger_ui.py took 0.109 seconds
[2025-12-03T13:40:13.253-0500] {processor.py:186} INFO - Started process (PID=5507) to work on /Users/minijohn/Dev/nyc_taxi_portfolio/.venv/lib/python3.11/site-packages/airflow/example_dags/example_params_trigger_ui.py
[2025-12-03T13:40:13.255-0500] {processor.py:914} INFO - Processing file /Users/minijohn/Dev/nyc_taxi_portfolio/.venv/lib/python3.11/site-packages/airflow/example_dags/example_params_trigger_ui.py for tasks to queue
[2025-12-03T13:40:13.255-0500] {logging_mixin.py:190} INFO - [2025-12-03T13:40:13.255-0500] {dagbag.py:588} INFO - Filling up the DagBag from /Users/minijohn/Dev/nyc_taxi_portfolio/.venv/lib/python3.11/site-packages/airflow/example_dags/example_params_trigger_ui.py
[2025-12-03T13:40:13.272-0500] {processor.py:925} INFO - DAG(s) 'example_params_trigger_ui' retrieved from /Users/minijohn/Dev/nyc_taxi_portfolio/.venv/lib/python3.11/site-packages/airflow/example_dags/example_params_trigger_ui.py
[2025-12-03T13:40:13.319-0500] {logging_mixin.py:190} INFO - [2025-12-03T13:40:13.319-0500] {dag.py:3239} INFO - Sync 1 DAGs
[2025-12-03T13:40:13.324-0500] {logging_mixin.py:190} INFO - [2025-12-03T13:40:13.324-0500] {dag.py:4180} INFO - Setting next_dagrun for example_params_trigger_ui to None, run_after=None
[2025-12-03T13:40:13.332-0500] {processor.py:208} INFO - Processing /Users/minijohn/Dev/nyc_taxi_portfolio/.venv/lib/python3.11/site-packages/airflow/example_dags/example_params_trigger_ui.py took 0.117 seconds
