[2025-12-03T13:05:59.372-0500] {processor.py:186} INFO - Started process (PID=20884) to work on /Users/minijohn/Dev/nyc_taxi_portfolio/.venv/lib/python3.11/site-packages/airflow/example_dags/example_time_delta_sensor_async.py
[2025-12-03T13:05:59.372-0500] {processor.py:914} INFO - Processing file /Users/minijohn/Dev/nyc_taxi_portfolio/.venv/lib/python3.11/site-packages/airflow/example_dags/example_time_delta_sensor_async.py for tasks to queue
[2025-12-03T13:05:59.373-0500] {logging_mixin.py:190} INFO - [2025-12-03T13:05:59.372-0500] {dagbag.py:588} INFO - Filling up the DagBag from /Users/minijohn/Dev/nyc_taxi_portfolio/.venv/lib/python3.11/site-packages/airflow/example_dags/example_time_delta_sensor_async.py
[2025-12-03T13:05:59.378-0500] {processor.py:925} INFO - DAG(s) 'example_time_delta_sensor_async' retrieved from /Users/minijohn/Dev/nyc_taxi_portfolio/.venv/lib/python3.11/site-packages/airflow/example_dags/example_time_delta_sensor_async.py
[2025-12-03T13:05:59.931-0500] {logging_mixin.py:190} INFO - [2025-12-03T13:05:59.930-0500] {override.py:1930} INFO - Created Permission View: can delete on DAG:example_time_delta_sensor_async
[2025-12-03T13:05:59.936-0500] {logging_mixin.py:190} INFO - [2025-12-03T13:05:59.936-0500] {override.py:1930} INFO - Created Permission View: can read on DAG:example_time_delta_sensor_async
[2025-12-03T13:05:59.939-0500] {logging_mixin.py:190} INFO - [2025-12-03T13:05:59.939-0500] {override.py:1930} INFO - Created Permission View: can edit on DAG:example_time_delta_sensor_async
[2025-12-03T13:05:59.945-0500] {logging_mixin.py:190} INFO - [2025-12-03T13:05:59.944-0500] {override.py:1930} INFO - Created Permission View: can create on DAG Run:example_time_delta_sensor_async
[2025-12-03T13:05:59.948-0500] {logging_mixin.py:190} INFO - [2025-12-03T13:05:59.948-0500] {override.py:1930} INFO - Created Permission View: can read on DAG Run:example_time_delta_sensor_async
[2025-12-03T13:05:59.951-0500] {logging_mixin.py:190} INFO - [2025-12-03T13:05:59.951-0500] {override.py:1930} INFO - Created Permission View: menu access on DAG Run:example_time_delta_sensor_async
[2025-12-03T13:05:59.954-0500] {logging_mixin.py:190} INFO - [2025-12-03T13:05:59.954-0500] {override.py:1930} INFO - Created Permission View: can delete on DAG Run:example_time_delta_sensor_async
[2025-12-03T13:05:59.954-0500] {logging_mixin.py:190} INFO - [2025-12-03T13:05:59.954-0500] {dag.py:3239} INFO - Sync 1 DAGs
[2025-12-03T13:05:59.961-0500] {logging_mixin.py:190} INFO - [2025-12-03T13:05:59.961-0500] {dag.py:3262} INFO - Creating ORM DAG for example_time_delta_sensor_async
[2025-12-03T13:05:59.961-0500] {logging_mixin.py:190} INFO - [2025-12-03T13:05:59.961-0500] {dag.py:4180} INFO - Setting next_dagrun for example_time_delta_sensor_async to None, run_after=None
[2025-12-03T13:05:59.970-0500] {processor.py:208} INFO - Processing /Users/minijohn/Dev/nyc_taxi_portfolio/.venv/lib/python3.11/site-packages/airflow/example_dags/example_time_delta_sensor_async.py took 0.649 seconds
[2025-12-03T13:10:07.602-0500] {processor.py:186} INFO - Started process (PID=21288) to work on /Users/minijohn/Dev/nyc_taxi_portfolio/.venv/lib/python3.11/site-packages/airflow/example_dags/example_time_delta_sensor_async.py
[2025-12-03T13:10:07.604-0500] {processor.py:914} INFO - Processing file /Users/minijohn/Dev/nyc_taxi_portfolio/.venv/lib/python3.11/site-packages/airflow/example_dags/example_time_delta_sensor_async.py for tasks to queue
[2025-12-03T13:10:07.604-0500] {logging_mixin.py:190} INFO - [2025-12-03T13:10:07.604-0500] {dagbag.py:588} INFO - Filling up the DagBag from /Users/minijohn/Dev/nyc_taxi_portfolio/.venv/lib/python3.11/site-packages/airflow/example_dags/example_time_delta_sensor_async.py
[2025-12-03T13:10:07.610-0500] {processor.py:925} INFO - DAG(s) 'example_time_delta_sensor_async' retrieved from /Users/minijohn/Dev/nyc_taxi_portfolio/.venv/lib/python3.11/site-packages/airflow/example_dags/example_time_delta_sensor_async.py
[2025-12-03T13:10:08.148-0500] {logging_mixin.py:190} INFO - [2025-12-03T13:10:08.148-0500] {dag.py:3239} INFO - Sync 1 DAGs
[2025-12-03T13:10:08.154-0500] {logging_mixin.py:190} INFO - [2025-12-03T13:10:08.154-0500] {dag.py:4180} INFO - Setting next_dagrun for example_time_delta_sensor_async to None, run_after=None
[2025-12-03T13:10:08.165-0500] {processor.py:208} INFO - Processing /Users/minijohn/Dev/nyc_taxi_portfolio/.venv/lib/python3.11/site-packages/airflow/example_dags/example_time_delta_sensor_async.py took 0.613 seconds
[2025-12-03T13:31:28.894-0500] {processor.py:186} INFO - Started process (PID=4689) to work on /Users/minijohn/Dev/nyc_taxi_portfolio/.venv/lib/python3.11/site-packages/airflow/example_dags/example_time_delta_sensor_async.py
[2025-12-03T13:31:28.895-0500] {processor.py:914} INFO - Processing file /Users/minijohn/Dev/nyc_taxi_portfolio/.venv/lib/python3.11/site-packages/airflow/example_dags/example_time_delta_sensor_async.py for tasks to queue
[2025-12-03T13:31:28.895-0500] {logging_mixin.py:190} INFO - [2025-12-03T13:31:28.895-0500] {dagbag.py:588} INFO - Filling up the DagBag from /Users/minijohn/Dev/nyc_taxi_portfolio/.venv/lib/python3.11/site-packages/airflow/example_dags/example_time_delta_sensor_async.py
[2025-12-03T13:31:28.899-0500] {processor.py:925} INFO - DAG(s) 'example_time_delta_sensor_async' retrieved from /Users/minijohn/Dev/nyc_taxi_portfolio/.venv/lib/python3.11/site-packages/airflow/example_dags/example_time_delta_sensor_async.py
[2025-12-03T13:31:29.298-0500] {logging_mixin.py:190} INFO - [2025-12-03T13:31:29.297-0500] {dag.py:3239} INFO - Sync 1 DAGs
[2025-12-03T13:31:29.303-0500] {logging_mixin.py:190} INFO - [2025-12-03T13:31:29.303-0500] {dag.py:4180} INFO - Setting next_dagrun for example_time_delta_sensor_async to None, run_after=None
[2025-12-03T13:31:29.315-0500] {processor.py:208} INFO - Processing /Users/minijohn/Dev/nyc_taxi_portfolio/.venv/lib/python3.11/site-packages/airflow/example_dags/example_time_delta_sensor_async.py took 0.456 seconds
[2025-12-03T13:34:19.436-0500] {processor.py:186} INFO - Started process (PID=4901) to work on /Users/minijohn/Dev/nyc_taxi_portfolio/.venv/lib/python3.11/site-packages/airflow/example_dags/example_time_delta_sensor_async.py
[2025-12-03T13:34:19.437-0500] {processor.py:914} INFO - Processing file /Users/minijohn/Dev/nyc_taxi_portfolio/.venv/lib/python3.11/site-packages/airflow/example_dags/example_time_delta_sensor_async.py for tasks to queue
[2025-12-03T13:34:19.437-0500] {logging_mixin.py:190} INFO - [2025-12-03T13:34:19.437-0500] {dagbag.py:588} INFO - Filling up the DagBag from /Users/minijohn/Dev/nyc_taxi_portfolio/.venv/lib/python3.11/site-packages/airflow/example_dags/example_time_delta_sensor_async.py
[2025-12-03T13:34:19.440-0500] {processor.py:925} INFO - DAG(s) 'example_time_delta_sensor_async' retrieved from /Users/minijohn/Dev/nyc_taxi_portfolio/.venv/lib/python3.11/site-packages/airflow/example_dags/example_time_delta_sensor_async.py
[2025-12-03T13:34:19.776-0500] {logging_mixin.py:190} INFO - [2025-12-03T13:34:19.776-0500] {dag.py:3239} INFO - Sync 1 DAGs
[2025-12-03T13:34:19.781-0500] {logging_mixin.py:190} INFO - [2025-12-03T13:34:19.781-0500] {dag.py:4180} INFO - Setting next_dagrun for example_time_delta_sensor_async to None, run_after=None
[2025-12-03T13:34:19.789-0500] {processor.py:208} INFO - Processing /Users/minijohn/Dev/nyc_taxi_portfolio/.venv/lib/python3.11/site-packages/airflow/example_dags/example_time_delta_sensor_async.py took 0.386 seconds
[2025-12-03T13:36:28.343-0500] {processor.py:186} INFO - Started process (PID=5106) to work on /Users/minijohn/Dev/nyc_taxi_portfolio/.venv/lib/python3.11/site-packages/airflow/example_dags/example_time_delta_sensor_async.py
[2025-12-03T13:36:28.344-0500] {processor.py:914} INFO - Processing file /Users/minijohn/Dev/nyc_taxi_portfolio/.venv/lib/python3.11/site-packages/airflow/example_dags/example_time_delta_sensor_async.py for tasks to queue
[2025-12-03T13:36:28.344-0500] {logging_mixin.py:190} INFO - [2025-12-03T13:36:28.344-0500] {dagbag.py:588} INFO - Filling up the DagBag from /Users/minijohn/Dev/nyc_taxi_portfolio/.venv/lib/python3.11/site-packages/airflow/example_dags/example_time_delta_sensor_async.py
[2025-12-03T13:36:28.349-0500] {processor.py:925} INFO - DAG(s) 'example_time_delta_sensor_async' retrieved from /Users/minijohn/Dev/nyc_taxi_portfolio/.venv/lib/python3.11/site-packages/airflow/example_dags/example_time_delta_sensor_async.py
[2025-12-03T13:36:28.740-0500] {logging_mixin.py:190} INFO - [2025-12-03T13:36:28.740-0500] {dag.py:3239} INFO - Sync 1 DAGs
[2025-12-03T13:36:28.751-0500] {logging_mixin.py:190} INFO - [2025-12-03T13:36:28.751-0500] {dag.py:4180} INFO - Setting next_dagrun for example_time_delta_sensor_async to None, run_after=None
[2025-12-03T13:36:28.761-0500] {processor.py:208} INFO - Processing /Users/minijohn/Dev/nyc_taxi_portfolio/.venv/lib/python3.11/site-packages/airflow/example_dags/example_time_delta_sensor_async.py took 0.460 seconds
[2025-12-03T13:38:07.238-0500] {processor.py:186} INFO - Started process (PID=5219) to work on /Users/minijohn/Dev/nyc_taxi_portfolio/.venv/lib/python3.11/site-packages/airflow/example_dags/example_time_delta_sensor_async.py
[2025-12-03T13:38:07.240-0500] {processor.py:914} INFO - Processing file /Users/minijohn/Dev/nyc_taxi_portfolio/.venv/lib/python3.11/site-packages/airflow/example_dags/example_time_delta_sensor_async.py for tasks to queue
[2025-12-03T13:38:07.240-0500] {logging_mixin.py:190} INFO - [2025-12-03T13:38:07.240-0500] {dagbag.py:588} INFO - Filling up the DagBag from /Users/minijohn/Dev/nyc_taxi_portfolio/.venv/lib/python3.11/site-packages/airflow/example_dags/example_time_delta_sensor_async.py
[2025-12-03T13:38:07.244-0500] {processor.py:925} INFO - DAG(s) 'example_time_delta_sensor_async' retrieved from /Users/minijohn/Dev/nyc_taxi_portfolio/.venv/lib/python3.11/site-packages/airflow/example_dags/example_time_delta_sensor_async.py
[2025-12-03T13:38:07.588-0500] {logging_mixin.py:190} INFO - [2025-12-03T13:38:07.587-0500] {dag.py:3239} INFO - Sync 1 DAGs
[2025-12-03T13:38:07.592-0500] {logging_mixin.py:190} INFO - [2025-12-03T13:38:07.592-0500] {dag.py:4180} INFO - Setting next_dagrun for example_time_delta_sensor_async to None, run_after=None
[2025-12-03T13:38:07.601-0500] {processor.py:208} INFO - Processing /Users/minijohn/Dev/nyc_taxi_portfolio/.venv/lib/python3.11/site-packages/airflow/example_dags/example_time_delta_sensor_async.py took 0.400 seconds
[2025-12-03T13:39:40.284-0500] {processor.py:186} INFO - Started process (PID=5439) to work on /Users/minijohn/Dev/nyc_taxi_portfolio/.venv/lib/python3.11/site-packages/airflow/example_dags/example_time_delta_sensor_async.py
[2025-12-03T13:39:40.286-0500] {processor.py:914} INFO - Processing file /Users/minijohn/Dev/nyc_taxi_portfolio/.venv/lib/python3.11/site-packages/airflow/example_dags/example_time_delta_sensor_async.py for tasks to queue
[2025-12-03T13:39:40.286-0500] {logging_mixin.py:190} INFO - [2025-12-03T13:39:40.286-0500] {dagbag.py:588} INFO - Filling up the DagBag from /Users/minijohn/Dev/nyc_taxi_portfolio/.venv/lib/python3.11/site-packages/airflow/example_dags/example_time_delta_sensor_async.py
[2025-12-03T13:39:40.291-0500] {processor.py:925} INFO - DAG(s) 'example_time_delta_sensor_async' retrieved from /Users/minijohn/Dev/nyc_taxi_portfolio/.venv/lib/python3.11/site-packages/airflow/example_dags/example_time_delta_sensor_async.py
[2025-12-03T13:39:40.682-0500] {logging_mixin.py:190} INFO - [2025-12-03T13:39:40.682-0500] {dag.py:3239} INFO - Sync 1 DAGs
[2025-12-03T13:39:40.688-0500] {logging_mixin.py:190} INFO - [2025-12-03T13:39:40.688-0500] {dag.py:4180} INFO - Setting next_dagrun for example_time_delta_sensor_async to None, run_after=None
[2025-12-03T13:39:40.696-0500] {processor.py:208} INFO - Processing /Users/minijohn/Dev/nyc_taxi_portfolio/.venv/lib/python3.11/site-packages/airflow/example_dags/example_time_delta_sensor_async.py took 0.453 seconds
[2025-12-03T13:41:15.951-0500] {processor.py:186} INFO - Started process (PID=5649) to work on /Users/minijohn/Dev/nyc_taxi_portfolio/.venv/lib/python3.11/site-packages/airflow/example_dags/example_time_delta_sensor_async.py
[2025-12-03T13:41:15.954-0500] {processor.py:914} INFO - Processing file /Users/minijohn/Dev/nyc_taxi_portfolio/.venv/lib/python3.11/site-packages/airflow/example_dags/example_time_delta_sensor_async.py for tasks to queue
[2025-12-03T13:41:15.955-0500] {logging_mixin.py:190} INFO - [2025-12-03T13:41:15.955-0500] {dagbag.py:588} INFO - Filling up the DagBag from /Users/minijohn/Dev/nyc_taxi_portfolio/.venv/lib/python3.11/site-packages/airflow/example_dags/example_time_delta_sensor_async.py
[2025-12-03T13:41:15.960-0500] {processor.py:925} INFO - DAG(s) 'example_time_delta_sensor_async' retrieved from /Users/minijohn/Dev/nyc_taxi_portfolio/.venv/lib/python3.11/site-packages/airflow/example_dags/example_time_delta_sensor_async.py
[2025-12-03T13:41:16.369-0500] {logging_mixin.py:190} INFO - [2025-12-03T13:41:16.369-0500] {dag.py:3239} INFO - Sync 1 DAGs
[2025-12-03T13:41:16.376-0500] {logging_mixin.py:190} INFO - [2025-12-03T13:41:16.376-0500] {dag.py:4180} INFO - Setting next_dagrun for example_time_delta_sensor_async to None, run_after=None
[2025-12-03T13:41:16.385-0500] {processor.py:208} INFO - Processing /Users/minijohn/Dev/nyc_taxi_portfolio/.venv/lib/python3.11/site-packages/airflow/example_dags/example_time_delta_sensor_async.py took 0.477 seconds
