[2025-12-03T13:07:42.545-0500] {processor.py:186} INFO - Started process (PID=21069) to work on /Users/minijohn/Dev/nyc_taxi_portfolio/.venv/lib/python3.11/site-packages/airflow/example_dags/example_kubernetes_executor.py
[2025-12-03T13:07:42.546-0500] {processor.py:914} INFO - Processing file /Users/minijohn/Dev/nyc_taxi_portfolio/.venv/lib/python3.11/site-packages/airflow/example_dags/example_kubernetes_executor.py for tasks to queue
[2025-12-03T13:07:42.547-0500] {logging_mixin.py:190} INFO - [2025-12-03T13:07:42.547-0500] {dagbag.py:588} INFO - Filling up the DagBag from /Users/minijohn/Dev/nyc_taxi_portfolio/.venv/lib/python3.11/site-packages/airflow/example_dags/example_kubernetes_executor.py
[2025-12-03T13:07:42.576-0500] {logging_mixin.py:190} INFO - [2025-12-03T13:07:42.576-0500] {example_kubernetes_executor.py:39} WARNING - The example_kubernetes_executor example DAG requires the kubernetes provider. Please install it with: pip install apache-airflow[cncf.kubernetes]
[2025-12-03T13:07:42.576-0500] {processor.py:927} WARNING - No viable dags retrieved from /Users/minijohn/Dev/nyc_taxi_portfolio/.venv/lib/python3.11/site-packages/airflow/example_dags/example_kubernetes_executor.py
[2025-12-03T13:07:42.626-0500] {processor.py:208} INFO - Processing /Users/minijohn/Dev/nyc_taxi_portfolio/.venv/lib/python3.11/site-packages/airflow/example_dags/example_kubernetes_executor.py took 0.147 seconds
[2025-12-03T13:32:19.230-0500] {processor.py:186} INFO - Started process (PID=4763) to work on /Users/minijohn/Dev/nyc_taxi_portfolio/.venv/lib/python3.11/site-packages/airflow/example_dags/example_kubernetes_executor.py
[2025-12-03T13:32:19.231-0500] {processor.py:914} INFO - Processing file /Users/minijohn/Dev/nyc_taxi_portfolio/.venv/lib/python3.11/site-packages/airflow/example_dags/example_kubernetes_executor.py for tasks to queue
[2025-12-03T13:32:19.232-0500] {logging_mixin.py:190} INFO - [2025-12-03T13:32:19.231-0500] {dagbag.py:588} INFO - Filling up the DagBag from /Users/minijohn/Dev/nyc_taxi_portfolio/.venv/lib/python3.11/site-packages/airflow/example_dags/example_kubernetes_executor.py
[2025-12-03T13:32:19.246-0500] {logging_mixin.py:190} INFO - [2025-12-03T13:32:19.246-0500] {example_kubernetes_executor.py:39} WARNING - The example_kubernetes_executor example DAG requires the kubernetes provider. Please install it with: pip install apache-airflow[cncf.kubernetes]
[2025-12-03T13:32:19.246-0500] {processor.py:927} WARNING - No viable dags retrieved from /Users/minijohn/Dev/nyc_taxi_portfolio/.venv/lib/python3.11/site-packages/airflow/example_dags/example_kubernetes_executor.py
[2025-12-03T13:32:19.282-0500] {processor.py:208} INFO - Processing /Users/minijohn/Dev/nyc_taxi_portfolio/.venv/lib/python3.11/site-packages/airflow/example_dags/example_kubernetes_executor.py took 0.091 seconds
[2025-12-03T13:35:09.354-0500] {processor.py:186} INFO - Started process (PID=4970) to work on /Users/minijohn/Dev/nyc_taxi_portfolio/.venv/lib/python3.11/site-packages/airflow/example_dags/example_kubernetes_executor.py
[2025-12-03T13:35:09.355-0500] {processor.py:914} INFO - Processing file /Users/minijohn/Dev/nyc_taxi_portfolio/.venv/lib/python3.11/site-packages/airflow/example_dags/example_kubernetes_executor.py for tasks to queue
[2025-12-03T13:35:09.356-0500] {logging_mixin.py:190} INFO - [2025-12-03T13:35:09.356-0500] {dagbag.py:588} INFO - Filling up the DagBag from /Users/minijohn/Dev/nyc_taxi_portfolio/.venv/lib/python3.11/site-packages/airflow/example_dags/example_kubernetes_executor.py
[2025-12-03T13:35:09.369-0500] {logging_mixin.py:190} INFO - [2025-12-03T13:35:09.369-0500] {example_kubernetes_executor.py:39} WARNING - The example_kubernetes_executor example DAG requires the kubernetes provider. Please install it with: pip install apache-airflow[cncf.kubernetes]
[2025-12-03T13:35:09.369-0500] {processor.py:927} WARNING - No viable dags retrieved from /Users/minijohn/Dev/nyc_taxi_portfolio/.venv/lib/python3.11/site-packages/airflow/example_dags/example_kubernetes_executor.py
[2025-12-03T13:35:09.402-0500] {processor.py:208} INFO - Processing /Users/minijohn/Dev/nyc_taxi_portfolio/.venv/lib/python3.11/site-packages/airflow/example_dags/example_kubernetes_executor.py took 0.082 seconds
[2025-12-03T13:37:19.166-0500] {processor.py:186} INFO - Started process (PID=5161) to work on /Users/minijohn/Dev/nyc_taxi_portfolio/.venv/lib/python3.11/site-packages/airflow/example_dags/example_kubernetes_executor.py
[2025-12-03T13:37:19.168-0500] {processor.py:914} INFO - Processing file /Users/minijohn/Dev/nyc_taxi_portfolio/.venv/lib/python3.11/site-packages/airflow/example_dags/example_kubernetes_executor.py for tasks to queue
[2025-12-03T13:37:19.169-0500] {logging_mixin.py:190} INFO - [2025-12-03T13:37:19.168-0500] {dagbag.py:588} INFO - Filling up the DagBag from /Users/minijohn/Dev/nyc_taxi_portfolio/.venv/lib/python3.11/site-packages/airflow/example_dags/example_kubernetes_executor.py
[2025-12-03T13:37:19.183-0500] {logging_mixin.py:190} INFO - [2025-12-03T13:37:19.183-0500] {example_kubernetes_executor.py:39} WARNING - The example_kubernetes_executor example DAG requires the kubernetes provider. Please install it with: pip install apache-airflow[cncf.kubernetes]
[2025-12-03T13:37:19.183-0500] {processor.py:927} WARNING - No viable dags retrieved from /Users/minijohn/Dev/nyc_taxi_portfolio/.venv/lib/python3.11/site-packages/airflow/example_dags/example_kubernetes_executor.py
[2025-12-03T13:37:19.218-0500] {processor.py:208} INFO - Processing /Users/minijohn/Dev/nyc_taxi_portfolio/.venv/lib/python3.11/site-packages/airflow/example_dags/example_kubernetes_executor.py took 0.087 seconds
[2025-12-03T13:40:26.220-0500] {processor.py:186} INFO - Started process (PID=5544) to work on /Users/minijohn/Dev/nyc_taxi_portfolio/.venv/lib/python3.11/site-packages/airflow/example_dags/example_kubernetes_executor.py
[2025-12-03T13:40:26.221-0500] {processor.py:914} INFO - Processing file /Users/minijohn/Dev/nyc_taxi_portfolio/.venv/lib/python3.11/site-packages/airflow/example_dags/example_kubernetes_executor.py for tasks to queue
[2025-12-03T13:40:26.222-0500] {logging_mixin.py:190} INFO - [2025-12-03T13:40:26.222-0500] {dagbag.py:588} INFO - Filling up the DagBag from /Users/minijohn/Dev/nyc_taxi_portfolio/.venv/lib/python3.11/site-packages/airflow/example_dags/example_kubernetes_executor.py
[2025-12-03T13:40:26.235-0500] {logging_mixin.py:190} INFO - [2025-12-03T13:40:26.235-0500] {example_kubernetes_executor.py:39} WARNING - The example_kubernetes_executor example DAG requires the kubernetes provider. Please install it with: pip install apache-airflow[cncf.kubernetes]
[2025-12-03T13:40:26.236-0500] {processor.py:927} WARNING - No viable dags retrieved from /Users/minijohn/Dev/nyc_taxi_portfolio/.venv/lib/python3.11/site-packages/airflow/example_dags/example_kubernetes_executor.py
[2025-12-03T13:40:26.270-0500] {processor.py:208} INFO - Processing /Users/minijohn/Dev/nyc_taxi_portfolio/.venv/lib/python3.11/site-packages/airflow/example_dags/example_kubernetes_executor.py took 0.085 seconds
