[2025-12-03T13:07:33.671-0500] {processor.py:186} INFO - Started process (PID=21056) to work on /Users/minijohn/Dev/nyc_taxi_portfolio/.venv/lib/python3.11/site-packages/airflow/example_dags/example_latest_only_with_trigger.py
[2025-12-03T13:07:33.671-0500] {processor.py:914} INFO - Processing file /Users/minijohn/Dev/nyc_taxi_portfolio/.venv/lib/python3.11/site-packages/airflow/example_dags/example_latest_only_with_trigger.py for tasks to queue
[2025-12-03T13:07:33.672-0500] {logging_mixin.py:190} INFO - [2025-12-03T13:07:33.672-0500] {dagbag.py:588} INFO - Filling up the DagBag from /Users/minijohn/Dev/nyc_taxi_portfolio/.venv/lib/python3.11/site-packages/airflow/example_dags/example_latest_only_with_trigger.py
[2025-12-03T13:07:33.677-0500] {processor.py:925} INFO - DAG(s) 'latest_only_with_trigger' retrieved from /Users/minijohn/Dev/nyc_taxi_portfolio/.venv/lib/python3.11/site-packages/airflow/example_dags/example_latest_only_with_trigger.py
[2025-12-03T13:07:33.801-0500] {logging_mixin.py:190} INFO - [2025-12-03T13:07:33.801-0500] {override.py:1930} INFO - Created Permission View: can delete on DAG:latest_only_with_trigger
[2025-12-03T13:07:33.807-0500] {logging_mixin.py:190} INFO - [2025-12-03T13:07:33.807-0500] {override.py:1930} INFO - Created Permission View: can edit on DAG:latest_only_with_trigger
[2025-12-03T13:07:33.811-0500] {logging_mixin.py:190} INFO - [2025-12-03T13:07:33.810-0500] {override.py:1930} INFO - Created Permission View: can read on DAG:latest_only_with_trigger
[2025-12-03T13:07:33.815-0500] {logging_mixin.py:190} INFO - [2025-12-03T13:07:33.815-0500] {override.py:1930} INFO - Created Permission View: can create on DAG Run:latest_only_with_trigger
[2025-12-03T13:07:33.818-0500] {logging_mixin.py:190} INFO - [2025-12-03T13:07:33.818-0500] {override.py:1930} INFO - Created Permission View: can delete on DAG Run:latest_only_with_trigger
[2025-12-03T13:07:33.822-0500] {logging_mixin.py:190} INFO - [2025-12-03T13:07:33.822-0500] {override.py:1930} INFO - Created Permission View: menu access on DAG Run:latest_only_with_trigger
[2025-12-03T13:07:33.825-0500] {logging_mixin.py:190} INFO - [2025-12-03T13:07:33.825-0500] {override.py:1930} INFO - Created Permission View: can read on DAG Run:latest_only_with_trigger
[2025-12-03T13:07:33.825-0500] {logging_mixin.py:190} INFO - [2025-12-03T13:07:33.825-0500] {dag.py:3239} INFO - Sync 1 DAGs
[2025-12-03T13:07:33.833-0500] {logging_mixin.py:190} INFO - [2025-12-03T13:07:33.833-0500] {dag.py:3262} INFO - Creating ORM DAG for latest_only_with_trigger
[2025-12-03T13:07:33.840-0500] {logging_mixin.py:190} INFO - [2025-12-03T13:07:33.840-0500] {dag.py:4180} INFO - Setting next_dagrun for latest_only_with_trigger to 2025-12-03 12:00:00+00:00, run_after=2025-12-03 16:00:00+00:00
[2025-12-03T13:07:33.852-0500] {processor.py:208} INFO - Processing /Users/minijohn/Dev/nyc_taxi_portfolio/.venv/lib/python3.11/site-packages/airflow/example_dags/example_latest_only_with_trigger.py took 0.237 seconds
[2025-12-03T13:32:14.153-0500] {processor.py:186} INFO - Started process (PID=4753) to work on /Users/minijohn/Dev/nyc_taxi_portfolio/.venv/lib/python3.11/site-packages/airflow/example_dags/example_latest_only_with_trigger.py
[2025-12-03T13:32:14.155-0500] {processor.py:914} INFO - Processing file /Users/minijohn/Dev/nyc_taxi_portfolio/.venv/lib/python3.11/site-packages/airflow/example_dags/example_latest_only_with_trigger.py for tasks to queue
[2025-12-03T13:32:14.155-0500] {logging_mixin.py:190} INFO - [2025-12-03T13:32:14.155-0500] {dagbag.py:588} INFO - Filling up the DagBag from /Users/minijohn/Dev/nyc_taxi_portfolio/.venv/lib/python3.11/site-packages/airflow/example_dags/example_latest_only_with_trigger.py
[2025-12-03T13:32:14.158-0500] {processor.py:925} INFO - DAG(s) 'latest_only_with_trigger' retrieved from /Users/minijohn/Dev/nyc_taxi_portfolio/.venv/lib/python3.11/site-packages/airflow/example_dags/example_latest_only_with_trigger.py
[2025-12-03T13:32:14.200-0500] {logging_mixin.py:190} INFO - [2025-12-03T13:32:14.200-0500] {dag.py:3239} INFO - Sync 1 DAGs
[2025-12-03T13:32:14.209-0500] {logging_mixin.py:190} INFO - [2025-12-03T13:32:14.209-0500] {dag.py:4180} INFO - Setting next_dagrun for latest_only_with_trigger to 2025-12-03 12:00:00+00:00, run_after=2025-12-03 16:00:00+00:00
[2025-12-03T13:32:14.219-0500] {processor.py:208} INFO - Processing /Users/minijohn/Dev/nyc_taxi_portfolio/.venv/lib/python3.11/site-packages/airflow/example_dags/example_latest_only_with_trigger.py took 0.107 seconds
[2025-12-03T13:35:05.428-0500] {processor.py:186} INFO - Started process (PID=4966) to work on /Users/minijohn/Dev/nyc_taxi_portfolio/.venv/lib/python3.11/site-packages/airflow/example_dags/example_latest_only_with_trigger.py
[2025-12-03T13:35:05.429-0500] {processor.py:914} INFO - Processing file /Users/minijohn/Dev/nyc_taxi_portfolio/.venv/lib/python3.11/site-packages/airflow/example_dags/example_latest_only_with_trigger.py for tasks to queue
[2025-12-03T13:35:05.429-0500] {logging_mixin.py:190} INFO - [2025-12-03T13:35:05.429-0500] {dagbag.py:588} INFO - Filling up the DagBag from /Users/minijohn/Dev/nyc_taxi_portfolio/.venv/lib/python3.11/site-packages/airflow/example_dags/example_latest_only_with_trigger.py
[2025-12-03T13:35:05.433-0500] {processor.py:925} INFO - DAG(s) 'latest_only_with_trigger' retrieved from /Users/minijohn/Dev/nyc_taxi_portfolio/.venv/lib/python3.11/site-packages/airflow/example_dags/example_latest_only_with_trigger.py
[2025-12-03T13:35:05.471-0500] {logging_mixin.py:190} INFO - [2025-12-03T13:35:05.471-0500] {dag.py:3239} INFO - Sync 1 DAGs
[2025-12-03T13:35:05.478-0500] {logging_mixin.py:190} INFO - [2025-12-03T13:35:05.478-0500] {dag.py:4180} INFO - Setting next_dagrun for latest_only_with_trigger to 2025-12-03 12:00:00+00:00, run_after=2025-12-03 16:00:00+00:00
[2025-12-03T13:35:05.486-0500] {processor.py:208} INFO - Processing /Users/minijohn/Dev/nyc_taxi_portfolio/.venv/lib/python3.11/site-packages/airflow/example_dags/example_latest_only_with_trigger.py took 0.093 seconds
[2025-12-03T13:37:14.595-0500] {processor.py:186} INFO - Started process (PID=5156) to work on /Users/minijohn/Dev/nyc_taxi_portfolio/.venv/lib/python3.11/site-packages/airflow/example_dags/example_latest_only_with_trigger.py
[2025-12-03T13:37:14.597-0500] {processor.py:914} INFO - Processing file /Users/minijohn/Dev/nyc_taxi_portfolio/.venv/lib/python3.11/site-packages/airflow/example_dags/example_latest_only_with_trigger.py for tasks to queue
[2025-12-03T13:37:14.597-0500] {logging_mixin.py:190} INFO - [2025-12-03T13:37:14.597-0500] {dagbag.py:588} INFO - Filling up the DagBag from /Users/minijohn/Dev/nyc_taxi_portfolio/.venv/lib/python3.11/site-packages/airflow/example_dags/example_latest_only_with_trigger.py
[2025-12-03T13:37:14.601-0500] {processor.py:925} INFO - DAG(s) 'latest_only_with_trigger' retrieved from /Users/minijohn/Dev/nyc_taxi_portfolio/.venv/lib/python3.11/site-packages/airflow/example_dags/example_latest_only_with_trigger.py
[2025-12-03T13:37:14.638-0500] {logging_mixin.py:190} INFO - [2025-12-03T13:37:14.638-0500] {dag.py:3239} INFO - Sync 1 DAGs
[2025-12-03T13:37:14.646-0500] {logging_mixin.py:190} INFO - [2025-12-03T13:37:14.646-0500] {dag.py:4180} INFO - Setting next_dagrun for latest_only_with_trigger to 2025-12-03 12:00:00+00:00, run_after=2025-12-03 16:00:00+00:00
[2025-12-03T13:37:14.653-0500] {processor.py:208} INFO - Processing /Users/minijohn/Dev/nyc_taxi_portfolio/.venv/lib/python3.11/site-packages/airflow/example_dags/example_latest_only_with_trigger.py took 0.094 seconds
[2025-12-03T13:40:22.070-0500] {processor.py:186} INFO - Started process (PID=5537) to work on /Users/minijohn/Dev/nyc_taxi_portfolio/.venv/lib/python3.11/site-packages/airflow/example_dags/example_latest_only_with_trigger.py
[2025-12-03T13:40:22.071-0500] {processor.py:914} INFO - Processing file /Users/minijohn/Dev/nyc_taxi_portfolio/.venv/lib/python3.11/site-packages/airflow/example_dags/example_latest_only_with_trigger.py for tasks to queue
[2025-12-03T13:40:22.072-0500] {logging_mixin.py:190} INFO - [2025-12-03T13:40:22.072-0500] {dagbag.py:588} INFO - Filling up the DagBag from /Users/minijohn/Dev/nyc_taxi_portfolio/.venv/lib/python3.11/site-packages/airflow/example_dags/example_latest_only_with_trigger.py
[2025-12-03T13:40:22.076-0500] {processor.py:925} INFO - DAG(s) 'latest_only_with_trigger' retrieved from /Users/minijohn/Dev/nyc_taxi_portfolio/.venv/lib/python3.11/site-packages/airflow/example_dags/example_latest_only_with_trigger.py
[2025-12-03T13:40:22.116-0500] {logging_mixin.py:190} INFO - [2025-12-03T13:40:22.116-0500] {dag.py:3239} INFO - Sync 1 DAGs
[2025-12-03T13:40:22.124-0500] {logging_mixin.py:190} INFO - [2025-12-03T13:40:22.124-0500] {dag.py:4180} INFO - Setting next_dagrun for latest_only_with_trigger to 2025-12-03 12:00:00+00:00, run_after=2025-12-03 16:00:00+00:00
[2025-12-03T13:40:22.131-0500] {processor.py:208} INFO - Processing /Users/minijohn/Dev/nyc_taxi_portfolio/.venv/lib/python3.11/site-packages/airflow/example_dags/example_latest_only_with_trigger.py took 0.100 seconds
