[2025-12-03T13:06:40.942-0500] {processor.py:186} INFO - Started process (PID=20965) to work on /Users/minijohn/Dev/nyc_taxi_portfolio/.venv/lib/python3.11/site-packages/airflow/example_dags/example_sensors.py
[2025-12-03T13:06:40.943-0500] {processor.py:914} INFO - Processing file /Users/minijohn/Dev/nyc_taxi_portfolio/.venv/lib/python3.11/site-packages/airflow/example_dags/example_sensors.py for tasks to queue
[2025-12-03T13:06:40.943-0500] {logging_mixin.py:190} INFO - [2025-12-03T13:06:40.943-0500] {dagbag.py:588} INFO - Filling up the DagBag from /Users/minijohn/Dev/nyc_taxi_portfolio/.venv/lib/python3.11/site-packages/airflow/example_dags/example_sensors.py
[2025-12-03T13:06:40.951-0500] {processor.py:925} INFO - DAG(s) 'example_sensors' retrieved from /Users/minijohn/Dev/nyc_taxi_portfolio/.venv/lib/python3.11/site-packages/airflow/example_dags/example_sensors.py
[2025-12-03T13:06:41.595-0500] {logging_mixin.py:190} INFO - [2025-12-03T13:06:41.595-0500] {override.py:1930} INFO - Created Permission View: can delete on DAG:example_sensors
[2025-12-03T13:06:41.600-0500] {logging_mixin.py:190} INFO - [2025-12-03T13:06:41.600-0500] {override.py:1930} INFO - Created Permission View: can edit on DAG:example_sensors
[2025-12-03T13:06:41.604-0500] {logging_mixin.py:190} INFO - [2025-12-03T13:06:41.603-0500] {override.py:1930} INFO - Created Permission View: can read on DAG:example_sensors
[2025-12-03T13:06:41.608-0500] {logging_mixin.py:190} INFO - [2025-12-03T13:06:41.608-0500] {override.py:1930} INFO - Created Permission View: menu access on DAG Run:example_sensors
[2025-12-03T13:06:41.611-0500] {logging_mixin.py:190} INFO - [2025-12-03T13:06:41.611-0500] {override.py:1930} INFO - Created Permission View: can create on DAG Run:example_sensors
[2025-12-03T13:06:41.614-0500] {logging_mixin.py:190} INFO - [2025-12-03T13:06:41.614-0500] {override.py:1930} INFO - Created Permission View: can delete on DAG Run:example_sensors
[2025-12-03T13:06:41.617-0500] {logging_mixin.py:190} INFO - [2025-12-03T13:06:41.617-0500] {override.py:1930} INFO - Created Permission View: can read on DAG Run:example_sensors
[2025-12-03T13:06:41.617-0500] {logging_mixin.py:190} INFO - [2025-12-03T13:06:41.617-0500] {dag.py:3239} INFO - Sync 1 DAGs
[2025-12-03T13:06:41.623-0500] {logging_mixin.py:190} INFO - [2025-12-03T13:06:41.622-0500] {dag.py:3262} INFO - Creating ORM DAG for example_sensors
[2025-12-03T13:06:41.623-0500] {logging_mixin.py:190} INFO - [2025-12-03T13:06:41.623-0500] {dag.py:4180} INFO - Setting next_dagrun for example_sensors to None, run_after=None
[2025-12-03T13:06:41.632-0500] {processor.py:208} INFO - Processing /Users/minijohn/Dev/nyc_taxi_portfolio/.venv/lib/python3.11/site-packages/airflow/example_dags/example_sensors.py took 0.741 seconds
[2025-12-03T13:31:52.157-0500] {processor.py:186} INFO - Started process (PID=4724) to work on /Users/minijohn/Dev/nyc_taxi_portfolio/.venv/lib/python3.11/site-packages/airflow/example_dags/example_sensors.py
[2025-12-03T13:31:52.158-0500] {processor.py:914} INFO - Processing file /Users/minijohn/Dev/nyc_taxi_portfolio/.venv/lib/python3.11/site-packages/airflow/example_dags/example_sensors.py for tasks to queue
[2025-12-03T13:31:52.158-0500] {logging_mixin.py:190} INFO - [2025-12-03T13:31:52.158-0500] {dagbag.py:588} INFO - Filling up the DagBag from /Users/minijohn/Dev/nyc_taxi_portfolio/.venv/lib/python3.11/site-packages/airflow/example_dags/example_sensors.py
[2025-12-03T13:31:52.165-0500] {processor.py:925} INFO - DAG(s) 'example_sensors' retrieved from /Users/minijohn/Dev/nyc_taxi_portfolio/.venv/lib/python3.11/site-packages/airflow/example_dags/example_sensors.py
[2025-12-03T13:31:52.584-0500] {logging_mixin.py:190} INFO - [2025-12-03T13:31:52.583-0500] {dag.py:3239} INFO - Sync 1 DAGs
[2025-12-03T13:31:52.589-0500] {logging_mixin.py:190} INFO - [2025-12-03T13:31:52.589-0500] {dag.py:4180} INFO - Setting next_dagrun for example_sensors to None, run_after=None
[2025-12-03T13:31:52.596-0500] {processor.py:208} INFO - Processing /Users/minijohn/Dev/nyc_taxi_portfolio/.venv/lib/python3.11/site-packages/airflow/example_dags/example_sensors.py took 0.475 seconds
[2025-12-03T13:34:44.904-0500] {processor.py:186} INFO - Started process (PID=4942) to work on /Users/minijohn/Dev/nyc_taxi_portfolio/.venv/lib/python3.11/site-packages/airflow/example_dags/example_sensors.py
[2025-12-03T13:34:44.906-0500] {processor.py:914} INFO - Processing file /Users/minijohn/Dev/nyc_taxi_portfolio/.venv/lib/python3.11/site-packages/airflow/example_dags/example_sensors.py for tasks to queue
[2025-12-03T13:34:44.906-0500] {logging_mixin.py:190} INFO - [2025-12-03T13:34:44.906-0500] {dagbag.py:588} INFO - Filling up the DagBag from /Users/minijohn/Dev/nyc_taxi_portfolio/.venv/lib/python3.11/site-packages/airflow/example_dags/example_sensors.py
[2025-12-03T13:34:44.912-0500] {processor.py:925} INFO - DAG(s) 'example_sensors' retrieved from /Users/minijohn/Dev/nyc_taxi_portfolio/.venv/lib/python3.11/site-packages/airflow/example_dags/example_sensors.py
[2025-12-03T13:34:45.264-0500] {logging_mixin.py:190} INFO - [2025-12-03T13:34:45.264-0500] {dag.py:3239} INFO - Sync 1 DAGs
[2025-12-03T13:34:45.269-0500] {logging_mixin.py:190} INFO - [2025-12-03T13:34:45.269-0500] {dag.py:4180} INFO - Setting next_dagrun for example_sensors to None, run_after=None
[2025-12-03T13:34:45.276-0500] {processor.py:208} INFO - Processing /Users/minijohn/Dev/nyc_taxi_portfolio/.venv/lib/python3.11/site-packages/airflow/example_dags/example_sensors.py took 0.406 seconds
[2025-12-03T13:36:53.541-0500] {processor.py:186} INFO - Started process (PID=5131) to work on /Users/minijohn/Dev/nyc_taxi_portfolio/.venv/lib/python3.11/site-packages/airflow/example_dags/example_sensors.py
[2025-12-03T13:36:53.542-0500] {processor.py:914} INFO - Processing file /Users/minijohn/Dev/nyc_taxi_portfolio/.venv/lib/python3.11/site-packages/airflow/example_dags/example_sensors.py for tasks to queue
[2025-12-03T13:36:53.543-0500] {logging_mixin.py:190} INFO - [2025-12-03T13:36:53.542-0500] {dagbag.py:588} INFO - Filling up the DagBag from /Users/minijohn/Dev/nyc_taxi_portfolio/.venv/lib/python3.11/site-packages/airflow/example_dags/example_sensors.py
[2025-12-03T13:36:53.551-0500] {processor.py:925} INFO - DAG(s) 'example_sensors' retrieved from /Users/minijohn/Dev/nyc_taxi_portfolio/.venv/lib/python3.11/site-packages/airflow/example_dags/example_sensors.py
[2025-12-03T13:36:53.989-0500] {logging_mixin.py:190} INFO - [2025-12-03T13:36:53.988-0500] {dag.py:3239} INFO - Sync 1 DAGs
[2025-12-03T13:36:53.993-0500] {logging_mixin.py:190} INFO - [2025-12-03T13:36:53.993-0500] {dag.py:4180} INFO - Setting next_dagrun for example_sensors to None, run_after=None
[2025-12-03T13:36:54.002-0500] {processor.py:208} INFO - Processing /Users/minijohn/Dev/nyc_taxi_portfolio/.venv/lib/python3.11/site-packages/airflow/example_dags/example_sensors.py took 0.496 seconds
[2025-12-03T13:38:29.790-0500] {processor.py:186} INFO - Started process (PID=5243) to work on /Users/minijohn/Dev/nyc_taxi_portfolio/.venv/lib/python3.11/site-packages/airflow/example_dags/example_sensors.py
[2025-12-03T13:38:29.790-0500] {processor.py:914} INFO - Processing file /Users/minijohn/Dev/nyc_taxi_portfolio/.venv/lib/python3.11/site-packages/airflow/example_dags/example_sensors.py for tasks to queue
[2025-12-03T13:38:29.790-0500] {logging_mixin.py:190} INFO - [2025-12-03T13:38:29.790-0500] {dagbag.py:588} INFO - Filling up the DagBag from /Users/minijohn/Dev/nyc_taxi_portfolio/.venv/lib/python3.11/site-packages/airflow/example_dags/example_sensors.py
[2025-12-03T13:38:29.798-0500] {processor.py:925} INFO - DAG(s) 'example_sensors' retrieved from /Users/minijohn/Dev/nyc_taxi_portfolio/.venv/lib/python3.11/site-packages/airflow/example_dags/example_sensors.py
[2025-12-03T13:38:30.149-0500] {logging_mixin.py:190} INFO - [2025-12-03T13:38:30.149-0500] {dag.py:3239} INFO - Sync 1 DAGs
[2025-12-03T13:38:30.155-0500] {logging_mixin.py:190} INFO - [2025-12-03T13:38:30.155-0500] {dag.py:4180} INFO - Setting next_dagrun for example_sensors to None, run_after=None
[2025-12-03T13:38:30.163-0500] {processor.py:208} INFO - Processing /Users/minijohn/Dev/nyc_taxi_portfolio/.venv/lib/python3.11/site-packages/airflow/example_dags/example_sensors.py took 0.409 seconds
[2025-12-03T13:40:01.822-0500] {processor.py:186} INFO - Started process (PID=5478) to work on /Users/minijohn/Dev/nyc_taxi_portfolio/.venv/lib/python3.11/site-packages/airflow/example_dags/example_sensors.py
[2025-12-03T13:40:01.823-0500] {processor.py:914} INFO - Processing file /Users/minijohn/Dev/nyc_taxi_portfolio/.venv/lib/python3.11/site-packages/airflow/example_dags/example_sensors.py for tasks to queue
[2025-12-03T13:40:01.824-0500] {logging_mixin.py:190} INFO - [2025-12-03T13:40:01.824-0500] {dagbag.py:588} INFO - Filling up the DagBag from /Users/minijohn/Dev/nyc_taxi_portfolio/.venv/lib/python3.11/site-packages/airflow/example_dags/example_sensors.py
[2025-12-03T13:40:01.831-0500] {processor.py:925} INFO - DAG(s) 'example_sensors' retrieved from /Users/minijohn/Dev/nyc_taxi_portfolio/.venv/lib/python3.11/site-packages/airflow/example_dags/example_sensors.py
[2025-12-03T13:40:02.265-0500] {logging_mixin.py:190} INFO - [2025-12-03T13:40:02.265-0500] {dag.py:3239} INFO - Sync 1 DAGs
[2025-12-03T13:40:02.270-0500] {logging_mixin.py:190} INFO - [2025-12-03T13:40:02.270-0500] {dag.py:4180} INFO - Setting next_dagrun for example_sensors to None, run_after=None
[2025-12-03T13:40:02.278-0500] {processor.py:208} INFO - Processing /Users/minijohn/Dev/nyc_taxi_portfolio/.venv/lib/python3.11/site-packages/airflow/example_dags/example_sensors.py took 0.493 seconds
[2025-12-03T13:41:39.594-0500] {processor.py:186} INFO - Started process (PID=5721) to work on /Users/minijohn/Dev/nyc_taxi_portfolio/.venv/lib/python3.11/site-packages/airflow/example_dags/example_sensors.py
[2025-12-03T13:41:39.595-0500] {processor.py:914} INFO - Processing file /Users/minijohn/Dev/nyc_taxi_portfolio/.venv/lib/python3.11/site-packages/airflow/example_dags/example_sensors.py for tasks to queue
[2025-12-03T13:41:39.595-0500] {logging_mixin.py:190} INFO - [2025-12-03T13:41:39.595-0500] {dagbag.py:588} INFO - Filling up the DagBag from /Users/minijohn/Dev/nyc_taxi_portfolio/.venv/lib/python3.11/site-packages/airflow/example_dags/example_sensors.py
[2025-12-03T13:41:39.603-0500] {processor.py:925} INFO - DAG(s) 'example_sensors' retrieved from /Users/minijohn/Dev/nyc_taxi_portfolio/.venv/lib/python3.11/site-packages/airflow/example_dags/example_sensors.py
[2025-12-03T13:41:39.975-0500] {logging_mixin.py:190} INFO - [2025-12-03T13:41:39.975-0500] {dag.py:3239} INFO - Sync 1 DAGs
[2025-12-03T13:41:39.980-0500] {logging_mixin.py:190} INFO - [2025-12-03T13:41:39.980-0500] {dag.py:4180} INFO - Setting next_dagrun for example_sensors to None, run_after=None
[2025-12-03T13:41:39.989-0500] {processor.py:208} INFO - Processing /Users/minijohn/Dev/nyc_taxi_portfolio/.venv/lib/python3.11/site-packages/airflow/example_dags/example_sensors.py took 0.437 seconds
