[2025-12-03T13:08:52.603-0500] {processor.py:186} INFO - Started process (PID=21173) to work on /Users/minijohn/Dev/nyc_taxi_portfolio/.venv/lib/python3.11/site-packages/airflow/example_dags/example_branch_day_of_week_operator.py
[2025-12-03T13:08:52.603-0500] {processor.py:914} INFO - Processing file /Users/minijohn/Dev/nyc_taxi_portfolio/.venv/lib/python3.11/site-packages/airflow/example_dags/example_branch_day_of_week_operator.py for tasks to queue
[2025-12-03T13:08:52.604-0500] {logging_mixin.py:190} INFO - [2025-12-03T13:08:52.603-0500] {dagbag.py:588} INFO - Filling up the DagBag from /Users/minijohn/Dev/nyc_taxi_portfolio/.venv/lib/python3.11/site-packages/airflow/example_dags/example_branch_day_of_week_operator.py
[2025-12-03T13:08:52.610-0500] {processor.py:925} INFO - DAG(s) 'example_weekday_branch_operator' retrieved from /Users/minijohn/Dev/nyc_taxi_portfolio/.venv/lib/python3.11/site-packages/airflow/example_dags/example_branch_day_of_week_operator.py
[2025-12-03T13:08:52.703-0500] {logging_mixin.py:190} INFO - [2025-12-03T13:08:52.703-0500] {override.py:1930} INFO - Created Permission View: can edit on DAG:example_weekday_branch_operator
[2025-12-03T13:08:52.708-0500] {logging_mixin.py:190} INFO - [2025-12-03T13:08:52.708-0500] {override.py:1930} INFO - Created Permission View: can read on DAG:example_weekday_branch_operator
[2025-12-03T13:08:52.711-0500] {logging_mixin.py:190} INFO - [2025-12-03T13:08:52.711-0500] {override.py:1930} INFO - Created Permission View: can delete on DAG:example_weekday_branch_operator
[2025-12-03T13:08:52.717-0500] {logging_mixin.py:190} INFO - [2025-12-03T13:08:52.717-0500] {override.py:1930} INFO - Created Permission View: can delete on DAG Run:example_weekday_branch_operator
[2025-12-03T13:08:52.720-0500] {logging_mixin.py:190} INFO - [2025-12-03T13:08:52.720-0500] {override.py:1930} INFO - Created Permission View: can read on DAG Run:example_weekday_branch_operator
[2025-12-03T13:08:52.723-0500] {logging_mixin.py:190} INFO - [2025-12-03T13:08:52.723-0500] {override.py:1930} INFO - Created Permission View: menu access on DAG Run:example_weekday_branch_operator
[2025-12-03T13:08:52.727-0500] {logging_mixin.py:190} INFO - [2025-12-03T13:08:52.727-0500] {override.py:1930} INFO - Created Permission View: can create on DAG Run:example_weekday_branch_operator
[2025-12-03T13:08:52.727-0500] {logging_mixin.py:190} INFO - [2025-12-03T13:08:52.727-0500] {dag.py:3239} INFO - Sync 1 DAGs
[2025-12-03T13:08:52.733-0500] {logging_mixin.py:190} INFO - [2025-12-03T13:08:52.733-0500] {dag.py:3262} INFO - Creating ORM DAG for example_weekday_branch_operator
[2025-12-03T13:08:52.739-0500] {logging_mixin.py:190} INFO - [2025-12-03T13:08:52.739-0500] {dag.py:4180} INFO - Setting next_dagrun for example_weekday_branch_operator to 2025-12-02 00:00:00+00:00, run_after=2025-12-03 00:00:00+00:00
[2025-12-03T13:08:52.748-0500] {processor.py:208} INFO - Processing /Users/minijohn/Dev/nyc_taxi_portfolio/.venv/lib/python3.11/site-packages/airflow/example_dags/example_branch_day_of_week_operator.py took 0.199 seconds
[2025-12-03T13:32:50.857-0500] {processor.py:186} INFO - Started process (PID=4801) to work on /Users/minijohn/Dev/nyc_taxi_portfolio/.venv/lib/python3.11/site-packages/airflow/example_dags/example_branch_day_of_week_operator.py
[2025-12-03T13:32:50.859-0500] {processor.py:914} INFO - Processing file /Users/minijohn/Dev/nyc_taxi_portfolio/.venv/lib/python3.11/site-packages/airflow/example_dags/example_branch_day_of_week_operator.py for tasks to queue
[2025-12-03T13:32:50.859-0500] {logging_mixin.py:190} INFO - [2025-12-03T13:32:50.859-0500] {dagbag.py:588} INFO - Filling up the DagBag from /Users/minijohn/Dev/nyc_taxi_portfolio/.venv/lib/python3.11/site-packages/airflow/example_dags/example_branch_day_of_week_operator.py
[2025-12-03T13:32:50.864-0500] {processor.py:925} INFO - DAG(s) 'example_weekday_branch_operator' retrieved from /Users/minijohn/Dev/nyc_taxi_portfolio/.venv/lib/python3.11/site-packages/airflow/example_dags/example_branch_day_of_week_operator.py
[2025-12-03T13:32:50.902-0500] {logging_mixin.py:190} INFO - [2025-12-03T13:32:50.902-0500] {dag.py:3239} INFO - Sync 1 DAGs
[2025-12-03T13:32:50.909-0500] {logging_mixin.py:190} INFO - [2025-12-03T13:32:50.909-0500] {dag.py:4180} INFO - Setting next_dagrun for example_weekday_branch_operator to 2025-12-02 00:00:00+00:00, run_after=2025-12-03 00:00:00+00:00
[2025-12-03T13:32:50.916-0500] {processor.py:208} INFO - Processing /Users/minijohn/Dev/nyc_taxi_portfolio/.venv/lib/python3.11/site-packages/airflow/example_dags/example_branch_day_of_week_operator.py took 0.094 seconds
[2025-12-03T13:35:42.885-0500] {processor.py:186} INFO - Started process (PID=5025) to work on /Users/minijohn/Dev/nyc_taxi_portfolio/.venv/lib/python3.11/site-packages/airflow/example_dags/example_branch_day_of_week_operator.py
[2025-12-03T13:35:42.886-0500] {processor.py:914} INFO - Processing file /Users/minijohn/Dev/nyc_taxi_portfolio/.venv/lib/python3.11/site-packages/airflow/example_dags/example_branch_day_of_week_operator.py for tasks to queue
[2025-12-03T13:35:42.886-0500] {logging_mixin.py:190} INFO - [2025-12-03T13:35:42.886-0500] {dagbag.py:588} INFO - Filling up the DagBag from /Users/minijohn/Dev/nyc_taxi_portfolio/.venv/lib/python3.11/site-packages/airflow/example_dags/example_branch_day_of_week_operator.py
[2025-12-03T13:35:42.891-0500] {processor.py:925} INFO - DAG(s) 'example_weekday_branch_operator' retrieved from /Users/minijohn/Dev/nyc_taxi_portfolio/.venv/lib/python3.11/site-packages/airflow/example_dags/example_branch_day_of_week_operator.py
[2025-12-03T13:35:42.933-0500] {logging_mixin.py:190} INFO - [2025-12-03T13:35:42.932-0500] {dag.py:3239} INFO - Sync 1 DAGs
[2025-12-03T13:35:42.940-0500] {logging_mixin.py:190} INFO - [2025-12-03T13:35:42.940-0500] {dag.py:4180} INFO - Setting next_dagrun for example_weekday_branch_operator to 2025-12-02 00:00:00+00:00, run_after=2025-12-03 00:00:00+00:00
[2025-12-03T13:35:42.948-0500] {processor.py:208} INFO - Processing /Users/minijohn/Dev/nyc_taxi_portfolio/.venv/lib/python3.11/site-packages/airflow/example_dags/example_branch_day_of_week_operator.py took 0.101 seconds
[2025-12-03T13:38:56.647-0500] {processor.py:186} INFO - Started process (PID=5311) to work on /Users/minijohn/Dev/nyc_taxi_portfolio/.venv/lib/python3.11/site-packages/airflow/example_dags/example_branch_day_of_week_operator.py
[2025-12-03T13:38:56.648-0500] {processor.py:914} INFO - Processing file /Users/minijohn/Dev/nyc_taxi_portfolio/.venv/lib/python3.11/site-packages/airflow/example_dags/example_branch_day_of_week_operator.py for tasks to queue
[2025-12-03T13:38:56.648-0500] {logging_mixin.py:190} INFO - [2025-12-03T13:38:56.648-0500] {dagbag.py:588} INFO - Filling up the DagBag from /Users/minijohn/Dev/nyc_taxi_portfolio/.venv/lib/python3.11/site-packages/airflow/example_dags/example_branch_day_of_week_operator.py
[2025-12-03T13:38:56.653-0500] {processor.py:925} INFO - DAG(s) 'example_weekday_branch_operator' retrieved from /Users/minijohn/Dev/nyc_taxi_portfolio/.venv/lib/python3.11/site-packages/airflow/example_dags/example_branch_day_of_week_operator.py
[2025-12-03T13:38:56.693-0500] {logging_mixin.py:190} INFO - [2025-12-03T13:38:56.693-0500] {dag.py:3239} INFO - Sync 1 DAGs
[2025-12-03T13:38:56.701-0500] {logging_mixin.py:190} INFO - [2025-12-03T13:38:56.701-0500] {dag.py:4180} INFO - Setting next_dagrun for example_weekday_branch_operator to 2025-12-02 00:00:00+00:00, run_after=2025-12-03 00:00:00+00:00
[2025-12-03T13:38:56.709-0500] {processor.py:208} INFO - Processing /Users/minijohn/Dev/nyc_taxi_portfolio/.venv/lib/python3.11/site-packages/airflow/example_dags/example_branch_day_of_week_operator.py took 0.102 seconds
[2025-12-03T13:42:09.263-0500] {processor.py:186} INFO - Started process (PID=6230) to work on /Users/minijohn/Dev/nyc_taxi_portfolio/.venv/lib/python3.11/site-packages/airflow/example_dags/example_branch_day_of_week_operator.py
[2025-12-03T13:42:09.265-0500] {processor.py:914} INFO - Processing file /Users/minijohn/Dev/nyc_taxi_portfolio/.venv/lib/python3.11/site-packages/airflow/example_dags/example_branch_day_of_week_operator.py for tasks to queue
[2025-12-03T13:42:09.265-0500] {logging_mixin.py:190} INFO - [2025-12-03T13:42:09.265-0500] {dagbag.py:588} INFO - Filling up the DagBag from /Users/minijohn/Dev/nyc_taxi_portfolio/.venv/lib/python3.11/site-packages/airflow/example_dags/example_branch_day_of_week_operator.py
[2025-12-03T13:42:09.270-0500] {processor.py:925} INFO - DAG(s) 'example_weekday_branch_operator' retrieved from /Users/minijohn/Dev/nyc_taxi_portfolio/.venv/lib/python3.11/site-packages/airflow/example_dags/example_branch_day_of_week_operator.py
[2025-12-03T13:42:09.310-0500] {logging_mixin.py:190} INFO - [2025-12-03T13:42:09.310-0500] {dag.py:3239} INFO - Sync 1 DAGs
[2025-12-03T13:42:09.317-0500] {logging_mixin.py:190} INFO - [2025-12-03T13:42:09.317-0500] {dag.py:4180} INFO - Setting next_dagrun for example_weekday_branch_operator to 2025-12-02 00:00:00+00:00, run_after=2025-12-03 00:00:00+00:00
[2025-12-03T13:42:09.324-0500] {processor.py:208} INFO - Processing /Users/minijohn/Dev/nyc_taxi_portfolio/.venv/lib/python3.11/site-packages/airflow/example_dags/example_branch_day_of_week_operator.py took 0.098 seconds
