[2025-12-03T13:07:18.882-0500] {processor.py:186} INFO - Started process (PID=21028) to work on /Users/minijohn/Dev/nyc_taxi_portfolio/.venv/lib/python3.11/site-packages/airflow/example_dags/example_outlet_event_extra.py
[2025-12-03T13:07:18.882-0500] {processor.py:914} INFO - Processing file /Users/minijohn/Dev/nyc_taxi_portfolio/.venv/lib/python3.11/site-packages/airflow/example_dags/example_outlet_event_extra.py for tasks to queue
[2025-12-03T13:07:18.883-0500] {logging_mixin.py:190} INFO - [2025-12-03T13:07:18.883-0500] {dagbag.py:588} INFO - Filling up the DagBag from /Users/minijohn/Dev/nyc_taxi_portfolio/.venv/lib/python3.11/site-packages/airflow/example_dags/example_outlet_event_extra.py
[2025-12-03T13:07:18.959-0500] {processor.py:925} INFO - DAG(s) 'dataset_with_extra_by_yield', 'dataset_with_extra_by_context', 'dataset_with_extra_from_classic_operator' retrieved from /Users/minijohn/Dev/nyc_taxi_portfolio/.venv/lib/python3.11/site-packages/airflow/example_dags/example_outlet_event_extra.py
[2025-12-03T13:07:19.121-0500] {logging_mixin.py:190} INFO - [2025-12-03T13:07:19.120-0500] {override.py:1930} INFO - Created Permission View: can read on DAG:dataset_with_extra_by_yield
[2025-12-03T13:07:19.127-0500] {logging_mixin.py:190} INFO - [2025-12-03T13:07:19.126-0500] {override.py:1930} INFO - Created Permission View: can edit on DAG:dataset_with_extra_by_yield
[2025-12-03T13:07:19.130-0500] {logging_mixin.py:190} INFO - [2025-12-03T13:07:19.130-0500] {override.py:1930} INFO - Created Permission View: can delete on DAG:dataset_with_extra_by_yield
[2025-12-03T13:07:19.135-0500] {logging_mixin.py:190} INFO - [2025-12-03T13:07:19.135-0500] {override.py:1930} INFO - Created Permission View: can read on DAG Run:dataset_with_extra_by_yield
[2025-12-03T13:07:19.139-0500] {logging_mixin.py:190} INFO - [2025-12-03T13:07:19.139-0500] {override.py:1930} INFO - Created Permission View: can create on DAG Run:dataset_with_extra_by_yield
[2025-12-03T13:07:19.142-0500] {logging_mixin.py:190} INFO - [2025-12-03T13:07:19.142-0500] {override.py:1930} INFO - Created Permission View: menu access on DAG Run:dataset_with_extra_by_yield
[2025-12-03T13:07:19.145-0500] {logging_mixin.py:190} INFO - [2025-12-03T13:07:19.145-0500] {override.py:1930} INFO - Created Permission View: can delete on DAG Run:dataset_with_extra_by_yield
[2025-12-03T13:07:19.155-0500] {logging_mixin.py:190} INFO - [2025-12-03T13:07:19.154-0500] {override.py:1930} INFO - Created Permission View: can read on DAG:dataset_with_extra_by_context
[2025-12-03T13:07:19.158-0500] {logging_mixin.py:190} INFO - [2025-12-03T13:07:19.158-0500] {override.py:1930} INFO - Created Permission View: can edit on DAG:dataset_with_extra_by_context
[2025-12-03T13:07:19.162-0500] {logging_mixin.py:190} INFO - [2025-12-03T13:07:19.162-0500] {override.py:1930} INFO - Created Permission View: can delete on DAG:dataset_with_extra_by_context
[2025-12-03T13:07:19.168-0500] {logging_mixin.py:190} INFO - [2025-12-03T13:07:19.168-0500] {override.py:1930} INFO - Created Permission View: can read on DAG Run:dataset_with_extra_by_context
[2025-12-03T13:07:19.173-0500] {logging_mixin.py:190} INFO - [2025-12-03T13:07:19.173-0500] {override.py:1930} INFO - Created Permission View: can create on DAG Run:dataset_with_extra_by_context
[2025-12-03T13:07:19.180-0500] {logging_mixin.py:190} INFO - [2025-12-03T13:07:19.180-0500] {override.py:1930} INFO - Created Permission View: menu access on DAG Run:dataset_with_extra_by_context
[2025-12-03T13:07:19.188-0500] {logging_mixin.py:190} INFO - [2025-12-03T13:07:19.187-0500] {override.py:1930} INFO - Created Permission View: can delete on DAG Run:dataset_with_extra_by_context
[2025-12-03T13:07:19.201-0500] {logging_mixin.py:190} INFO - [2025-12-03T13:07:19.200-0500] {override.py:1930} INFO - Created Permission View: can read on DAG:dataset_with_extra_from_classic_operator
[2025-12-03T13:07:19.205-0500] {logging_mixin.py:190} INFO - [2025-12-03T13:07:19.205-0500] {override.py:1930} INFO - Created Permission View: can edit on DAG:dataset_with_extra_from_classic_operator
[2025-12-03T13:07:19.213-0500] {logging_mixin.py:190} INFO - [2025-12-03T13:07:19.212-0500] {override.py:1930} INFO - Created Permission View: can delete on DAG:dataset_with_extra_from_classic_operator
[2025-12-03T13:07:19.228-0500] {logging_mixin.py:190} INFO - [2025-12-03T13:07:19.228-0500] {override.py:1930} INFO - Created Permission View: can read on DAG Run:dataset_with_extra_from_classic_operator
[2025-12-03T13:07:19.236-0500] {logging_mixin.py:190} INFO - [2025-12-03T13:07:19.236-0500] {override.py:1930} INFO - Created Permission View: can create on DAG Run:dataset_with_extra_from_classic_operator
[2025-12-03T13:07:19.242-0500] {logging_mixin.py:190} INFO - [2025-12-03T13:07:19.242-0500] {override.py:1930} INFO - Created Permission View: menu access on DAG Run:dataset_with_extra_from_classic_operator
[2025-12-03T13:07:19.247-0500] {logging_mixin.py:190} INFO - [2025-12-03T13:07:19.247-0500] {override.py:1930} INFO - Created Permission View: can delete on DAG Run:dataset_with_extra_from_classic_operator
[2025-12-03T13:07:19.247-0500] {logging_mixin.py:190} INFO - [2025-12-03T13:07:19.247-0500] {dag.py:3239} INFO - Sync 3 DAGs
[2025-12-03T13:07:19.259-0500] {logging_mixin.py:190} INFO - [2025-12-03T13:07:19.258-0500] {dag.py:3262} INFO - Creating ORM DAG for dataset_with_extra_by_yield
[2025-12-03T13:07:19.260-0500] {logging_mixin.py:190} INFO - [2025-12-03T13:07:19.260-0500] {dag.py:3262} INFO - Creating ORM DAG for dataset_with_extra_by_context
[2025-12-03T13:07:19.260-0500] {logging_mixin.py:190} INFO - [2025-12-03T13:07:19.260-0500] {dag.py:3262} INFO - Creating ORM DAG for dataset_with_extra_from_classic_operator
[2025-12-03T13:07:19.269-0500] {logging_mixin.py:190} INFO - [2025-12-03T13:07:19.268-0500] {dag.py:4180} INFO - Setting next_dagrun for dataset_with_extra_by_context to 2025-12-02 00:00:00+00:00, run_after=2025-12-03 00:00:00+00:00
[2025-12-03T13:07:19.270-0500] {logging_mixin.py:190} INFO - [2025-12-03T13:07:19.270-0500] {dag.py:4180} INFO - Setting next_dagrun for dataset_with_extra_by_yield to 2025-12-02 00:00:00+00:00, run_after=2025-12-03 00:00:00+00:00
[2025-12-03T13:07:19.271-0500] {logging_mixin.py:190} INFO - [2025-12-03T13:07:19.271-0500] {dag.py:4180} INFO - Setting next_dagrun for dataset_with_extra_from_classic_operator to 2025-12-02 00:00:00+00:00, run_after=2025-12-03 00:00:00+00:00
[2025-12-03T13:07:20.046-0500] {processor.py:208} INFO - Processing /Users/minijohn/Dev/nyc_taxi_portfolio/.venv/lib/python3.11/site-packages/airflow/example_dags/example_outlet_event_extra.py took 1.228 seconds
[2025-12-03T13:32:07.607-0500] {processor.py:186} INFO - Started process (PID=4746) to work on /Users/minijohn/Dev/nyc_taxi_portfolio/.venv/lib/python3.11/site-packages/airflow/example_dags/example_outlet_event_extra.py
[2025-12-03T13:32:07.608-0500] {processor.py:914} INFO - Processing file /Users/minijohn/Dev/nyc_taxi_portfolio/.venv/lib/python3.11/site-packages/airflow/example_dags/example_outlet_event_extra.py for tasks to queue
[2025-12-03T13:32:07.609-0500] {logging_mixin.py:190} INFO - [2025-12-03T13:32:07.608-0500] {dagbag.py:588} INFO - Filling up the DagBag from /Users/minijohn/Dev/nyc_taxi_portfolio/.venv/lib/python3.11/site-packages/airflow/example_dags/example_outlet_event_extra.py
[2025-12-03T13:32:07.649-0500] {processor.py:925} INFO - DAG(s) 'dataset_with_extra_by_yield', 'dataset_with_extra_from_classic_operator', 'dataset_with_extra_by_context' retrieved from /Users/minijohn/Dev/nyc_taxi_portfolio/.venv/lib/python3.11/site-packages/airflow/example_dags/example_outlet_event_extra.py
[2025-12-03T13:32:07.689-0500] {logging_mixin.py:190} INFO - [2025-12-03T13:32:07.688-0500] {dag.py:3239} INFO - Sync 3 DAGs
[2025-12-03T13:32:07.696-0500] {logging_mixin.py:190} INFO - [2025-12-03T13:32:07.696-0500] {dag.py:4180} INFO - Setting next_dagrun for dataset_with_extra_by_context to 2025-12-02 00:00:00+00:00, run_after=2025-12-03 00:00:00+00:00
[2025-12-03T13:32:07.699-0500] {logging_mixin.py:190} INFO - [2025-12-03T13:32:07.698-0500] {dag.py:4180} INFO - Setting next_dagrun for dataset_with_extra_by_yield to 2025-12-02 00:00:00+00:00, run_after=2025-12-03 00:00:00+00:00
[2025-12-03T13:32:07.700-0500] {logging_mixin.py:190} INFO - [2025-12-03T13:32:07.700-0500] {dag.py:4180} INFO - Setting next_dagrun for dataset_with_extra_from_classic_operator to 2025-12-02 00:00:00+00:00, run_after=2025-12-03 00:00:00+00:00
[2025-12-03T13:32:07.708-0500] {processor.py:208} INFO - Processing /Users/minijohn/Dev/nyc_taxi_portfolio/.venv/lib/python3.11/site-packages/airflow/example_dags/example_outlet_event_extra.py took 0.141 seconds
[2025-12-03T13:34:59.431-0500] {processor.py:186} INFO - Started process (PID=4958) to work on /Users/minijohn/Dev/nyc_taxi_portfolio/.venv/lib/python3.11/site-packages/airflow/example_dags/example_outlet_event_extra.py
[2025-12-03T13:34:59.432-0500] {processor.py:914} INFO - Processing file /Users/minijohn/Dev/nyc_taxi_portfolio/.venv/lib/python3.11/site-packages/airflow/example_dags/example_outlet_event_extra.py for tasks to queue
[2025-12-03T13:34:59.433-0500] {logging_mixin.py:190} INFO - [2025-12-03T13:34:59.433-0500] {dagbag.py:588} INFO - Filling up the DagBag from /Users/minijohn/Dev/nyc_taxi_portfolio/.venv/lib/python3.11/site-packages/airflow/example_dags/example_outlet_event_extra.py
[2025-12-03T13:34:59.462-0500] {processor.py:925} INFO - DAG(s) 'dataset_with_extra_by_yield', 'dataset_with_extra_from_classic_operator', 'dataset_with_extra_by_context' retrieved from /Users/minijohn/Dev/nyc_taxi_portfolio/.venv/lib/python3.11/site-packages/airflow/example_dags/example_outlet_event_extra.py
[2025-12-03T13:34:59.501-0500] {logging_mixin.py:190} INFO - [2025-12-03T13:34:59.501-0500] {dag.py:3239} INFO - Sync 3 DAGs
[2025-12-03T13:34:59.509-0500] {logging_mixin.py:190} INFO - [2025-12-03T13:34:59.509-0500] {dag.py:4180} INFO - Setting next_dagrun for dataset_with_extra_by_context to 2025-12-02 00:00:00+00:00, run_after=2025-12-03 00:00:00+00:00
[2025-12-03T13:34:59.511-0500] {logging_mixin.py:190} INFO - [2025-12-03T13:34:59.510-0500] {dag.py:4180} INFO - Setting next_dagrun for dataset_with_extra_by_yield to 2025-12-02 00:00:00+00:00, run_after=2025-12-03 00:00:00+00:00
[2025-12-03T13:34:59.511-0500] {logging_mixin.py:190} INFO - [2025-12-03T13:34:59.511-0500] {dag.py:4180} INFO - Setting next_dagrun for dataset_with_extra_from_classic_operator to 2025-12-02 00:00:00+00:00, run_after=2025-12-03 00:00:00+00:00
[2025-12-03T13:34:59.519-0500] {processor.py:208} INFO - Processing /Users/minijohn/Dev/nyc_taxi_portfolio/.venv/lib/python3.11/site-packages/airflow/example_dags/example_outlet_event_extra.py took 0.122 seconds
[2025-12-03T13:37:08.421-0500] {processor.py:186} INFO - Started process (PID=5149) to work on /Users/minijohn/Dev/nyc_taxi_portfolio/.venv/lib/python3.11/site-packages/airflow/example_dags/example_outlet_event_extra.py
[2025-12-03T13:37:08.422-0500] {processor.py:914} INFO - Processing file /Users/minijohn/Dev/nyc_taxi_portfolio/.venv/lib/python3.11/site-packages/airflow/example_dags/example_outlet_event_extra.py for tasks to queue
[2025-12-03T13:37:08.423-0500] {logging_mixin.py:190} INFO - [2025-12-03T13:37:08.423-0500] {dagbag.py:588} INFO - Filling up the DagBag from /Users/minijohn/Dev/nyc_taxi_portfolio/.venv/lib/python3.11/site-packages/airflow/example_dags/example_outlet_event_extra.py
[2025-12-03T13:37:08.465-0500] {processor.py:925} INFO - DAG(s) 'dataset_with_extra_by_context', 'dataset_with_extra_from_classic_operator', 'dataset_with_extra_by_yield' retrieved from /Users/minijohn/Dev/nyc_taxi_portfolio/.venv/lib/python3.11/site-packages/airflow/example_dags/example_outlet_event_extra.py
[2025-12-03T13:37:08.504-0500] {logging_mixin.py:190} INFO - [2025-12-03T13:37:08.504-0500] {dag.py:3239} INFO - Sync 3 DAGs
[2025-12-03T13:37:08.513-0500] {logging_mixin.py:190} INFO - [2025-12-03T13:37:08.513-0500] {dag.py:4180} INFO - Setting next_dagrun for dataset_with_extra_by_context to 2025-12-02 00:00:00+00:00, run_after=2025-12-03 00:00:00+00:00
[2025-12-03T13:37:08.514-0500] {logging_mixin.py:190} INFO - [2025-12-03T13:37:08.514-0500] {dag.py:4180} INFO - Setting next_dagrun for dataset_with_extra_by_yield to 2025-12-02 00:00:00+00:00, run_after=2025-12-03 00:00:00+00:00
[2025-12-03T13:37:08.515-0500] {logging_mixin.py:190} INFO - [2025-12-03T13:37:08.515-0500] {dag.py:4180} INFO - Setting next_dagrun for dataset_with_extra_from_classic_operator to 2025-12-02 00:00:00+00:00, run_after=2025-12-03 00:00:00+00:00
[2025-12-03T13:37:08.525-0500] {processor.py:208} INFO - Processing /Users/minijohn/Dev/nyc_taxi_portfolio/.venv/lib/python3.11/site-packages/airflow/example_dags/example_outlet_event_extra.py took 0.139 seconds
[2025-12-03T13:40:15.519-0500] {processor.py:186} INFO - Started process (PID=5516) to work on /Users/minijohn/Dev/nyc_taxi_portfolio/.venv/lib/python3.11/site-packages/airflow/example_dags/example_outlet_event_extra.py
[2025-12-03T13:40:15.521-0500] {processor.py:914} INFO - Processing file /Users/minijohn/Dev/nyc_taxi_portfolio/.venv/lib/python3.11/site-packages/airflow/example_dags/example_outlet_event_extra.py for tasks to queue
[2025-12-03T13:40:15.521-0500] {logging_mixin.py:190} INFO - [2025-12-03T13:40:15.521-0500] {dagbag.py:588} INFO - Filling up the DagBag from /Users/minijohn/Dev/nyc_taxi_portfolio/.venv/lib/python3.11/site-packages/airflow/example_dags/example_outlet_event_extra.py
[2025-12-03T13:40:15.559-0500] {processor.py:925} INFO - DAG(s) 'dataset_with_extra_from_classic_operator', 'dataset_with_extra_by_yield', 'dataset_with_extra_by_context' retrieved from /Users/minijohn/Dev/nyc_taxi_portfolio/.venv/lib/python3.11/site-packages/airflow/example_dags/example_outlet_event_extra.py
[2025-12-03T13:40:15.598-0500] {logging_mixin.py:190} INFO - [2025-12-03T13:40:15.598-0500] {dag.py:3239} INFO - Sync 3 DAGs
[2025-12-03T13:40:15.607-0500] {logging_mixin.py:190} INFO - [2025-12-03T13:40:15.606-0500] {dag.py:4180} INFO - Setting next_dagrun for dataset_with_extra_by_context to 2025-12-02 00:00:00+00:00, run_after=2025-12-03 00:00:00+00:00
[2025-12-03T13:40:15.608-0500] {logging_mixin.py:190} INFO - [2025-12-03T13:40:15.608-0500] {dag.py:4180} INFO - Setting next_dagrun for dataset_with_extra_by_yield to 2025-12-02 00:00:00+00:00, run_after=2025-12-03 00:00:00+00:00
[2025-12-03T13:40:15.609-0500] {logging_mixin.py:190} INFO - [2025-12-03T13:40:15.609-0500] {dag.py:4180} INFO - Setting next_dagrun for dataset_with_extra_from_classic_operator to 2025-12-02 00:00:00+00:00, run_after=2025-12-03 00:00:00+00:00
[2025-12-03T13:40:15.617-0500] {processor.py:208} INFO - Processing /Users/minijohn/Dev/nyc_taxi_portfolio/.venv/lib/python3.11/site-packages/airflow/example_dags/example_outlet_event_extra.py took 0.135 seconds
