[2025-12-03T13:06:46.444-0500] {processor.py:186} INFO - Started process (PID=20974) to work on /Users/minijohn/Dev/nyc_taxi_portfolio/.venv/lib/python3.11/site-packages/airflow/example_dags/example_sensor_decorator.py
[2025-12-03T13:06:46.444-0500] {processor.py:914} INFO - Processing file /Users/minijohn/Dev/nyc_taxi_portfolio/.venv/lib/python3.11/site-packages/airflow/example_dags/example_sensor_decorator.py for tasks to queue
[2025-12-03T13:06:46.445-0500] {logging_mixin.py:190} INFO - [2025-12-03T13:06:46.445-0500] {dagbag.py:588} INFO - Filling up the DagBag from /Users/minijohn/Dev/nyc_taxi_portfolio/.venv/lib/python3.11/site-packages/airflow/example_dags/example_sensor_decorator.py
[2025-12-03T13:06:46.480-0500] {processor.py:925} INFO - DAG(s) 'example_sensor_decorator' retrieved from /Users/minijohn/Dev/nyc_taxi_portfolio/.venv/lib/python3.11/site-packages/airflow/example_dags/example_sensor_decorator.py
[2025-12-03T13:06:47.245-0500] {logging_mixin.py:190} INFO - [2025-12-03T13:06:47.244-0500] {override.py:1930} INFO - Created Permission View: can edit on DAG:example_sensor_decorator
[2025-12-03T13:06:47.253-0500] {logging_mixin.py:190} INFO - [2025-12-03T13:06:47.253-0500] {override.py:1930} INFO - Created Permission View: can read on DAG:example_sensor_decorator
[2025-12-03T13:06:47.257-0500] {logging_mixin.py:190} INFO - [2025-12-03T13:06:47.257-0500] {override.py:1930} INFO - Created Permission View: can delete on DAG:example_sensor_decorator
[2025-12-03T13:06:47.265-0500] {logging_mixin.py:190} INFO - [2025-12-03T13:06:47.264-0500] {override.py:1930} INFO - Created Permission View: can create on DAG Run:example_sensor_decorator
[2025-12-03T13:06:47.269-0500] {logging_mixin.py:190} INFO - [2025-12-03T13:06:47.269-0500] {override.py:1930} INFO - Created Permission View: menu access on DAG Run:example_sensor_decorator
[2025-12-03T13:06:47.273-0500] {logging_mixin.py:190} INFO - [2025-12-03T13:06:47.273-0500] {override.py:1930} INFO - Created Permission View: can read on DAG Run:example_sensor_decorator
[2025-12-03T13:06:47.279-0500] {logging_mixin.py:190} INFO - [2025-12-03T13:06:47.278-0500] {override.py:1930} INFO - Created Permission View: can delete on DAG Run:example_sensor_decorator
[2025-12-03T13:06:47.279-0500] {logging_mixin.py:190} INFO - [2025-12-03T13:06:47.279-0500] {dag.py:3239} INFO - Sync 1 DAGs
[2025-12-03T13:06:47.290-0500] {logging_mixin.py:190} INFO - [2025-12-03T13:06:47.289-0500] {dag.py:3262} INFO - Creating ORM DAG for example_sensor_decorator
[2025-12-03T13:06:47.290-0500] {logging_mixin.py:190} INFO - [2025-12-03T13:06:47.290-0500] {dag.py:4180} INFO - Setting next_dagrun for example_sensor_decorator to None, run_after=None
[2025-12-03T13:06:47.302-0500] {processor.py:208} INFO - Processing /Users/minijohn/Dev/nyc_taxi_portfolio/.venv/lib/python3.11/site-packages/airflow/example_dags/example_sensor_decorator.py took 0.928 seconds
[2025-12-03T13:31:55.447-0500] {processor.py:186} INFO - Started process (PID=4730) to work on /Users/minijohn/Dev/nyc_taxi_portfolio/.venv/lib/python3.11/site-packages/airflow/example_dags/example_sensor_decorator.py
[2025-12-03T13:31:55.448-0500] {processor.py:914} INFO - Processing file /Users/minijohn/Dev/nyc_taxi_portfolio/.venv/lib/python3.11/site-packages/airflow/example_dags/example_sensor_decorator.py for tasks to queue
[2025-12-03T13:31:55.448-0500] {logging_mixin.py:190} INFO - [2025-12-03T13:31:55.448-0500] {dagbag.py:588} INFO - Filling up the DagBag from /Users/minijohn/Dev/nyc_taxi_portfolio/.venv/lib/python3.11/site-packages/airflow/example_dags/example_sensor_decorator.py
[2025-12-03T13:31:55.468-0500] {processor.py:925} INFO - DAG(s) 'example_sensor_decorator' retrieved from /Users/minijohn/Dev/nyc_taxi_portfolio/.venv/lib/python3.11/site-packages/airflow/example_dags/example_sensor_decorator.py
[2025-12-03T13:31:55.827-0500] {logging_mixin.py:190} INFO - [2025-12-03T13:31:55.827-0500] {dag.py:3239} INFO - Sync 1 DAGs
[2025-12-03T13:31:55.831-0500] {logging_mixin.py:190} INFO - [2025-12-03T13:31:55.831-0500] {dag.py:4180} INFO - Setting next_dagrun for example_sensor_decorator to None, run_after=None
[2025-12-03T13:31:55.839-0500] {processor.py:208} INFO - Processing /Users/minijohn/Dev/nyc_taxi_portfolio/.venv/lib/python3.11/site-packages/airflow/example_dags/example_sensor_decorator.py took 0.429 seconds
[2025-12-03T13:34:47.432-0500] {processor.py:186} INFO - Started process (PID=4945) to work on /Users/minijohn/Dev/nyc_taxi_portfolio/.venv/lib/python3.11/site-packages/airflow/example_dags/example_sensor_decorator.py
[2025-12-03T13:34:47.433-0500] {processor.py:914} INFO - Processing file /Users/minijohn/Dev/nyc_taxi_portfolio/.venv/lib/python3.11/site-packages/airflow/example_dags/example_sensor_decorator.py for tasks to queue
[2025-12-03T13:34:47.434-0500] {logging_mixin.py:190} INFO - [2025-12-03T13:34:47.434-0500] {dagbag.py:588} INFO - Filling up the DagBag from /Users/minijohn/Dev/nyc_taxi_portfolio/.venv/lib/python3.11/site-packages/airflow/example_dags/example_sensor_decorator.py
[2025-12-03T13:34:47.448-0500] {processor.py:925} INFO - DAG(s) 'example_sensor_decorator' retrieved from /Users/minijohn/Dev/nyc_taxi_portfolio/.venv/lib/python3.11/site-packages/airflow/example_dags/example_sensor_decorator.py
[2025-12-03T13:34:47.783-0500] {logging_mixin.py:190} INFO - [2025-12-03T13:34:47.783-0500] {dag.py:3239} INFO - Sync 1 DAGs
[2025-12-03T13:34:47.787-0500] {logging_mixin.py:190} INFO - [2025-12-03T13:34:47.787-0500] {dag.py:4180} INFO - Setting next_dagrun for example_sensor_decorator to None, run_after=None
[2025-12-03T13:34:47.795-0500] {processor.py:208} INFO - Processing /Users/minijohn/Dev/nyc_taxi_portfolio/.venv/lib/python3.11/site-packages/airflow/example_dags/example_sensor_decorator.py took 0.397 seconds
[2025-12-03T13:36:56.229-0500] {processor.py:186} INFO - Started process (PID=5134) to work on /Users/minijohn/Dev/nyc_taxi_portfolio/.venv/lib/python3.11/site-packages/airflow/example_dags/example_sensor_decorator.py
[2025-12-03T13:36:56.230-0500] {processor.py:914} INFO - Processing file /Users/minijohn/Dev/nyc_taxi_portfolio/.venv/lib/python3.11/site-packages/airflow/example_dags/example_sensor_decorator.py for tasks to queue
[2025-12-03T13:36:56.230-0500] {logging_mixin.py:190} INFO - [2025-12-03T13:36:56.230-0500] {dagbag.py:588} INFO - Filling up the DagBag from /Users/minijohn/Dev/nyc_taxi_portfolio/.venv/lib/python3.11/site-packages/airflow/example_dags/example_sensor_decorator.py
[2025-12-03T13:36:56.246-0500] {processor.py:925} INFO - DAG(s) 'example_sensor_decorator' retrieved from /Users/minijohn/Dev/nyc_taxi_portfolio/.venv/lib/python3.11/site-packages/airflow/example_dags/example_sensor_decorator.py
[2025-12-03T13:36:56.610-0500] {logging_mixin.py:190} INFO - [2025-12-03T13:36:56.610-0500] {dag.py:3239} INFO - Sync 1 DAGs
[2025-12-03T13:36:56.614-0500] {logging_mixin.py:190} INFO - [2025-12-03T13:36:56.614-0500] {dag.py:4180} INFO - Setting next_dagrun for example_sensor_decorator to None, run_after=None
[2025-12-03T13:36:56.622-0500] {processor.py:208} INFO - Processing /Users/minijohn/Dev/nyc_taxi_portfolio/.venv/lib/python3.11/site-packages/airflow/example_dags/example_sensor_decorator.py took 0.429 seconds
[2025-12-03T13:38:32.510-0500] {processor.py:186} INFO - Started process (PID=5245) to work on /Users/minijohn/Dev/nyc_taxi_portfolio/.venv/lib/python3.11/site-packages/airflow/example_dags/example_sensor_decorator.py
[2025-12-03T13:38:32.511-0500] {processor.py:914} INFO - Processing file /Users/minijohn/Dev/nyc_taxi_portfolio/.venv/lib/python3.11/site-packages/airflow/example_dags/example_sensor_decorator.py for tasks to queue
[2025-12-03T13:38:32.511-0500] {logging_mixin.py:190} INFO - [2025-12-03T13:38:32.511-0500] {dagbag.py:588} INFO - Filling up the DagBag from /Users/minijohn/Dev/nyc_taxi_portfolio/.venv/lib/python3.11/site-packages/airflow/example_dags/example_sensor_decorator.py
[2025-12-03T13:38:32.527-0500] {processor.py:925} INFO - DAG(s) 'example_sensor_decorator' retrieved from /Users/minijohn/Dev/nyc_taxi_portfolio/.venv/lib/python3.11/site-packages/airflow/example_dags/example_sensor_decorator.py
[2025-12-03T13:38:32.880-0500] {logging_mixin.py:190} INFO - [2025-12-03T13:38:32.879-0500] {dag.py:3239} INFO - Sync 1 DAGs
[2025-12-03T13:38:32.885-0500] {logging_mixin.py:190} INFO - [2025-12-03T13:38:32.885-0500] {dag.py:4180} INFO - Setting next_dagrun for example_sensor_decorator to None, run_after=None
[2025-12-03T13:38:32.894-0500] {processor.py:208} INFO - Processing /Users/minijohn/Dev/nyc_taxi_portfolio/.venv/lib/python3.11/site-packages/airflow/example_dags/example_sensor_decorator.py took 0.420 seconds
[2025-12-03T13:40:04.418-0500] {processor.py:186} INFO - Started process (PID=5480) to work on /Users/minijohn/Dev/nyc_taxi_portfolio/.venv/lib/python3.11/site-packages/airflow/example_dags/example_sensor_decorator.py
[2025-12-03T13:40:04.419-0500] {processor.py:914} INFO - Processing file /Users/minijohn/Dev/nyc_taxi_portfolio/.venv/lib/python3.11/site-packages/airflow/example_dags/example_sensor_decorator.py for tasks to queue
[2025-12-03T13:40:04.419-0500] {logging_mixin.py:190} INFO - [2025-12-03T13:40:04.419-0500] {dagbag.py:588} INFO - Filling up the DagBag from /Users/minijohn/Dev/nyc_taxi_portfolio/.venv/lib/python3.11/site-packages/airflow/example_dags/example_sensor_decorator.py
[2025-12-03T13:40:04.434-0500] {processor.py:925} INFO - DAG(s) 'example_sensor_decorator' retrieved from /Users/minijohn/Dev/nyc_taxi_portfolio/.venv/lib/python3.11/site-packages/airflow/example_dags/example_sensor_decorator.py
[2025-12-03T13:40:04.784-0500] {logging_mixin.py:190} INFO - [2025-12-03T13:40:04.783-0500] {dag.py:3239} INFO - Sync 1 DAGs
[2025-12-03T13:40:04.788-0500] {logging_mixin.py:190} INFO - [2025-12-03T13:40:04.788-0500] {dag.py:4180} INFO - Setting next_dagrun for example_sensor_decorator to None, run_after=None
[2025-12-03T13:40:04.796-0500] {processor.py:208} INFO - Processing /Users/minijohn/Dev/nyc_taxi_portfolio/.venv/lib/python3.11/site-packages/airflow/example_dags/example_sensor_decorator.py took 0.413 seconds
[2025-12-03T13:41:41.548-0500] {processor.py:186} INFO - Started process (PID=5726) to work on /Users/minijohn/Dev/nyc_taxi_portfolio/.venv/lib/python3.11/site-packages/airflow/example_dags/example_sensor_decorator.py
[2025-12-03T13:41:41.549-0500] {processor.py:914} INFO - Processing file /Users/minijohn/Dev/nyc_taxi_portfolio/.venv/lib/python3.11/site-packages/airflow/example_dags/example_sensor_decorator.py for tasks to queue
[2025-12-03T13:41:41.549-0500] {logging_mixin.py:190} INFO - [2025-12-03T13:41:41.549-0500] {dagbag.py:588} INFO - Filling up the DagBag from /Users/minijohn/Dev/nyc_taxi_portfolio/.venv/lib/python3.11/site-packages/airflow/example_dags/example_sensor_decorator.py
[2025-12-03T13:41:41.564-0500] {processor.py:925} INFO - DAG(s) 'example_sensor_decorator' retrieved from /Users/minijohn/Dev/nyc_taxi_portfolio/.venv/lib/python3.11/site-packages/airflow/example_dags/example_sensor_decorator.py
[2025-12-03T13:41:41.925-0500] {logging_mixin.py:190} INFO - [2025-12-03T13:41:41.924-0500] {dag.py:3239} INFO - Sync 1 DAGs
[2025-12-03T13:41:41.929-0500] {logging_mixin.py:190} INFO - [2025-12-03T13:41:41.929-0500] {dag.py:4180} INFO - Setting next_dagrun for example_sensor_decorator to None, run_after=None
[2025-12-03T13:41:41.937-0500] {processor.py:208} INFO - Processing /Users/minijohn/Dev/nyc_taxi_portfolio/.venv/lib/python3.11/site-packages/airflow/example_dags/example_sensor_decorator.py took 0.427 seconds
