[2025-12-03T13:07:37.676-0500] {processor.py:186} INFO - Started process (PID=21061) to work on /Users/minijohn/Dev/nyc_taxi_portfolio/.venv/lib/python3.11/site-packages/airflow/example_dags/example_latest_only.py
[2025-12-03T13:07:37.676-0500] {processor.py:914} INFO - Processing file /Users/minijohn/Dev/nyc_taxi_portfolio/.venv/lib/python3.11/site-packages/airflow/example_dags/example_latest_only.py for tasks to queue
[2025-12-03T13:07:37.677-0500] {logging_mixin.py:190} INFO - [2025-12-03T13:07:37.676-0500] {dagbag.py:588} INFO - Filling up the DagBag from /Users/minijohn/Dev/nyc_taxi_portfolio/.venv/lib/python3.11/site-packages/airflow/example_dags/example_latest_only.py
[2025-12-03T13:07:37.681-0500] {processor.py:925} INFO - DAG(s) 'latest_only' retrieved from /Users/minijohn/Dev/nyc_taxi_portfolio/.venv/lib/python3.11/site-packages/airflow/example_dags/example_latest_only.py
[2025-12-03T13:07:37.775-0500] {logging_mixin.py:190} INFO - [2025-12-03T13:07:37.774-0500] {override.py:1930} INFO - Created Permission View: can read on DAG:latest_only
[2025-12-03T13:07:37.780-0500] {logging_mixin.py:190} INFO - [2025-12-03T13:07:37.780-0500] {override.py:1930} INFO - Created Permission View: can edit on DAG:latest_only
[2025-12-03T13:07:37.783-0500] {logging_mixin.py:190} INFO - [2025-12-03T13:07:37.783-0500] {override.py:1930} INFO - Created Permission View: can delete on DAG:latest_only
[2025-12-03T13:07:37.788-0500] {logging_mixin.py:190} INFO - [2025-12-03T13:07:37.788-0500] {override.py:1930} INFO - Created Permission View: can create on DAG Run:latest_only
[2025-12-03T13:07:37.791-0500] {logging_mixin.py:190} INFO - [2025-12-03T13:07:37.791-0500] {override.py:1930} INFO - Created Permission View: can read on DAG Run:latest_only
[2025-12-03T13:07:37.795-0500] {logging_mixin.py:190} INFO - [2025-12-03T13:07:37.794-0500] {override.py:1930} INFO - Created Permission View: can delete on DAG Run:latest_only
[2025-12-03T13:07:37.798-0500] {logging_mixin.py:190} INFO - [2025-12-03T13:07:37.797-0500] {override.py:1930} INFO - Created Permission View: menu access on DAG Run:latest_only
[2025-12-03T13:07:37.798-0500] {logging_mixin.py:190} INFO - [2025-12-03T13:07:37.798-0500] {dag.py:3239} INFO - Sync 1 DAGs
[2025-12-03T13:07:37.804-0500] {logging_mixin.py:190} INFO - [2025-12-03T13:07:37.804-0500] {dag.py:3262} INFO - Creating ORM DAG for latest_only
[2025-12-03T13:07:37.808-0500] {logging_mixin.py:190} INFO - [2025-12-03T13:07:37.808-0500] {dag.py:4180} INFO - Setting next_dagrun for latest_only to 2025-12-03 12:00:00+00:00, run_after=2025-12-03 16:00:00+00:00
[2025-12-03T13:07:37.818-0500] {processor.py:208} INFO - Processing /Users/minijohn/Dev/nyc_taxi_portfolio/.venv/lib/python3.11/site-packages/airflow/example_dags/example_latest_only.py took 0.190 seconds
[2025-12-03T13:32:16.927-0500] {processor.py:186} INFO - Started process (PID=4756) to work on /Users/minijohn/Dev/nyc_taxi_portfolio/.venv/lib/python3.11/site-packages/airflow/example_dags/example_latest_only.py
[2025-12-03T13:32:16.928-0500] {processor.py:914} INFO - Processing file /Users/minijohn/Dev/nyc_taxi_portfolio/.venv/lib/python3.11/site-packages/airflow/example_dags/example_latest_only.py for tasks to queue
[2025-12-03T13:32:16.928-0500] {logging_mixin.py:190} INFO - [2025-12-03T13:32:16.928-0500] {dagbag.py:588} INFO - Filling up the DagBag from /Users/minijohn/Dev/nyc_taxi_portfolio/.venv/lib/python3.11/site-packages/airflow/example_dags/example_latest_only.py
[2025-12-03T13:32:16.933-0500] {processor.py:925} INFO - DAG(s) 'latest_only' retrieved from /Users/minijohn/Dev/nyc_taxi_portfolio/.venv/lib/python3.11/site-packages/airflow/example_dags/example_latest_only.py
[2025-12-03T13:32:16.976-0500] {logging_mixin.py:190} INFO - [2025-12-03T13:32:16.976-0500] {dag.py:3239} INFO - Sync 1 DAGs
[2025-12-03T13:32:16.985-0500] {logging_mixin.py:190} INFO - [2025-12-03T13:32:16.985-0500] {dag.py:4180} INFO - Setting next_dagrun for latest_only to 2025-12-03 12:00:00+00:00, run_after=2025-12-03 16:00:00+00:00
[2025-12-03T13:32:16.993-0500] {processor.py:208} INFO - Processing /Users/minijohn/Dev/nyc_taxi_portfolio/.venv/lib/python3.11/site-packages/airflow/example_dags/example_latest_only.py took 0.108 seconds
[2025-12-03T13:35:07.756-0500] {processor.py:186} INFO - Started process (PID=4968) to work on /Users/minijohn/Dev/nyc_taxi_portfolio/.venv/lib/python3.11/site-packages/airflow/example_dags/example_latest_only.py
[2025-12-03T13:35:07.757-0500] {processor.py:914} INFO - Processing file /Users/minijohn/Dev/nyc_taxi_portfolio/.venv/lib/python3.11/site-packages/airflow/example_dags/example_latest_only.py for tasks to queue
[2025-12-03T13:35:07.758-0500] {logging_mixin.py:190} INFO - [2025-12-03T13:35:07.757-0500] {dagbag.py:588} INFO - Filling up the DagBag from /Users/minijohn/Dev/nyc_taxi_portfolio/.venv/lib/python3.11/site-packages/airflow/example_dags/example_latest_only.py
[2025-12-03T13:35:07.760-0500] {processor.py:925} INFO - DAG(s) 'latest_only' retrieved from /Users/minijohn/Dev/nyc_taxi_portfolio/.venv/lib/python3.11/site-packages/airflow/example_dags/example_latest_only.py
[2025-12-03T13:35:07.798-0500] {logging_mixin.py:190} INFO - [2025-12-03T13:35:07.798-0500] {dag.py:3239} INFO - Sync 1 DAGs
[2025-12-03T13:35:07.805-0500] {logging_mixin.py:190} INFO - [2025-12-03T13:35:07.805-0500] {dag.py:4180} INFO - Setting next_dagrun for latest_only to 2025-12-03 12:00:00+00:00, run_after=2025-12-03 16:00:00+00:00
[2025-12-03T13:35:07.811-0500] {processor.py:208} INFO - Processing /Users/minijohn/Dev/nyc_taxi_portfolio/.venv/lib/python3.11/site-packages/airflow/example_dags/example_latest_only.py took 0.090 seconds
[2025-12-03T13:37:16.823-0500] {processor.py:186} INFO - Started process (PID=5159) to work on /Users/minijohn/Dev/nyc_taxi_portfolio/.venv/lib/python3.11/site-packages/airflow/example_dags/example_latest_only.py
[2025-12-03T13:37:16.825-0500] {processor.py:914} INFO - Processing file /Users/minijohn/Dev/nyc_taxi_portfolio/.venv/lib/python3.11/site-packages/airflow/example_dags/example_latest_only.py for tasks to queue
[2025-12-03T13:37:16.825-0500] {logging_mixin.py:190} INFO - [2025-12-03T13:37:16.825-0500] {dagbag.py:588} INFO - Filling up the DagBag from /Users/minijohn/Dev/nyc_taxi_portfolio/.venv/lib/python3.11/site-packages/airflow/example_dags/example_latest_only.py
[2025-12-03T13:37:16.829-0500] {processor.py:925} INFO - DAG(s) 'latest_only' retrieved from /Users/minijohn/Dev/nyc_taxi_portfolio/.venv/lib/python3.11/site-packages/airflow/example_dags/example_latest_only.py
[2025-12-03T13:37:16.868-0500] {logging_mixin.py:190} INFO - [2025-12-03T13:37:16.868-0500] {dag.py:3239} INFO - Sync 1 DAGs
[2025-12-03T13:37:16.875-0500] {logging_mixin.py:190} INFO - [2025-12-03T13:37:16.875-0500] {dag.py:4180} INFO - Setting next_dagrun for latest_only to 2025-12-03 12:00:00+00:00, run_after=2025-12-03 16:00:00+00:00
[2025-12-03T13:37:16.882-0500] {processor.py:208} INFO - Processing /Users/minijohn/Dev/nyc_taxi_portfolio/.venv/lib/python3.11/site-packages/airflow/example_dags/example_latest_only.py took 0.096 seconds
[2025-12-03T13:40:24.050-0500] {processor.py:186} INFO - Started process (PID=5539) to work on /Users/minijohn/Dev/nyc_taxi_portfolio/.venv/lib/python3.11/site-packages/airflow/example_dags/example_latest_only.py
[2025-12-03T13:40:24.051-0500] {processor.py:914} INFO - Processing file /Users/minijohn/Dev/nyc_taxi_portfolio/.venv/lib/python3.11/site-packages/airflow/example_dags/example_latest_only.py for tasks to queue
[2025-12-03T13:40:24.052-0500] {logging_mixin.py:190} INFO - [2025-12-03T13:40:24.052-0500] {dagbag.py:588} INFO - Filling up the DagBag from /Users/minijohn/Dev/nyc_taxi_portfolio/.venv/lib/python3.11/site-packages/airflow/example_dags/example_latest_only.py
[2025-12-03T13:40:24.055-0500] {processor.py:925} INFO - DAG(s) 'latest_only' retrieved from /Users/minijohn/Dev/nyc_taxi_portfolio/.venv/lib/python3.11/site-packages/airflow/example_dags/example_latest_only.py
[2025-12-03T13:40:24.096-0500] {logging_mixin.py:190} INFO - [2025-12-03T13:40:24.095-0500] {dag.py:3239} INFO - Sync 1 DAGs
[2025-12-03T13:40:24.102-0500] {logging_mixin.py:190} INFO - [2025-12-03T13:40:24.102-0500] {dag.py:4180} INFO - Setting next_dagrun for latest_only to 2025-12-03 12:00:00+00:00, run_after=2025-12-03 16:00:00+00:00
[2025-12-03T13:40:24.111-0500] {processor.py:208} INFO - Processing /Users/minijohn/Dev/nyc_taxi_portfolio/.venv/lib/python3.11/site-packages/airflow/example_dags/example_latest_only.py took 0.099 seconds
