[2025-12-03T13:07:52.683-0500] {processor.py:186} INFO - Started process (PID=21087) to work on /Users/minijohn/Dev/nyc_taxi_portfolio/.venv/lib/python3.11/site-packages/airflow/example_dags/example_external_task_marker_dag.py
[2025-12-03T13:07:52.684-0500] {processor.py:914} INFO - Processing file /Users/minijohn/Dev/nyc_taxi_portfolio/.venv/lib/python3.11/site-packages/airflow/example_dags/example_external_task_marker_dag.py for tasks to queue
[2025-12-03T13:07:52.684-0500] {logging_mixin.py:190} INFO - [2025-12-03T13:07:52.684-0500] {dagbag.py:588} INFO - Filling up the DagBag from /Users/minijohn/Dev/nyc_taxi_portfolio/.venv/lib/python3.11/site-packages/airflow/example_dags/example_external_task_marker_dag.py
[2025-12-03T13:07:52.691-0500] {processor.py:925} INFO - DAG(s) 'example_external_task_marker_child', 'example_external_task_marker_parent' retrieved from /Users/minijohn/Dev/nyc_taxi_portfolio/.venv/lib/python3.11/site-packages/airflow/example_dags/example_external_task_marker_dag.py
[2025-12-03T13:07:53.498-0500] {logging_mixin.py:190} INFO - [2025-12-03T13:07:53.498-0500] {override.py:1930} INFO - Created Permission View: can read on DAG:example_external_task_marker_child
[2025-12-03T13:07:53.504-0500] {logging_mixin.py:190} INFO - [2025-12-03T13:07:53.504-0500] {override.py:1930} INFO - Created Permission View: can edit on DAG:example_external_task_marker_child
[2025-12-03T13:07:53.509-0500] {logging_mixin.py:190} INFO - [2025-12-03T13:07:53.509-0500] {override.py:1930} INFO - Created Permission View: can delete on DAG:example_external_task_marker_child
[2025-12-03T13:07:53.514-0500] {logging_mixin.py:190} INFO - [2025-12-03T13:07:53.514-0500] {override.py:1930} INFO - Created Permission View: can read on DAG Run:example_external_task_marker_child
[2025-12-03T13:07:53.518-0500] {logging_mixin.py:190} INFO - [2025-12-03T13:07:53.518-0500] {override.py:1930} INFO - Created Permission View: menu access on DAG Run:example_external_task_marker_child
[2025-12-03T13:07:53.521-0500] {logging_mixin.py:190} INFO - [2025-12-03T13:07:53.521-0500] {override.py:1930} INFO - Created Permission View: can create on DAG Run:example_external_task_marker_child
[2025-12-03T13:07:53.526-0500] {logging_mixin.py:190} INFO - [2025-12-03T13:07:53.525-0500] {override.py:1930} INFO - Created Permission View: can delete on DAG Run:example_external_task_marker_child
[2025-12-03T13:07:53.533-0500] {logging_mixin.py:190} INFO - [2025-12-03T13:07:53.533-0500] {override.py:1930} INFO - Created Permission View: can read on DAG:example_external_task_marker_parent
[2025-12-03T13:07:53.536-0500] {logging_mixin.py:190} INFO - [2025-12-03T13:07:53.536-0500] {override.py:1930} INFO - Created Permission View: can edit on DAG:example_external_task_marker_parent
[2025-12-03T13:07:53.540-0500] {logging_mixin.py:190} INFO - [2025-12-03T13:07:53.540-0500] {override.py:1930} INFO - Created Permission View: can delete on DAG:example_external_task_marker_parent
[2025-12-03T13:07:53.546-0500] {logging_mixin.py:190} INFO - [2025-12-03T13:07:53.546-0500] {override.py:1930} INFO - Created Permission View: can read on DAG Run:example_external_task_marker_parent
[2025-12-03T13:07:53.550-0500] {logging_mixin.py:190} INFO - [2025-12-03T13:07:53.550-0500] {override.py:1930} INFO - Created Permission View: menu access on DAG Run:example_external_task_marker_parent
[2025-12-03T13:07:53.554-0500] {logging_mixin.py:190} INFO - [2025-12-03T13:07:53.553-0500] {override.py:1930} INFO - Created Permission View: can create on DAG Run:example_external_task_marker_parent
[2025-12-03T13:07:53.558-0500] {logging_mixin.py:190} INFO - [2025-12-03T13:07:53.557-0500] {override.py:1930} INFO - Created Permission View: can delete on DAG Run:example_external_task_marker_parent
[2025-12-03T13:07:53.558-0500] {logging_mixin.py:190} INFO - [2025-12-03T13:07:53.558-0500] {dag.py:3239} INFO - Sync 2 DAGs
[2025-12-03T13:07:53.565-0500] {logging_mixin.py:190} INFO - [2025-12-03T13:07:53.565-0500] {dag.py:3262} INFO - Creating ORM DAG for example_external_task_marker_child
[2025-12-03T13:07:53.565-0500] {logging_mixin.py:190} INFO - [2025-12-03T13:07:53.565-0500] {dag.py:3262} INFO - Creating ORM DAG for example_external_task_marker_parent
[2025-12-03T13:07:53.566-0500] {logging_mixin.py:190} INFO - [2025-12-03T13:07:53.565-0500] {dag.py:4180} INFO - Setting next_dagrun for example_external_task_marker_child to None, run_after=None
[2025-12-03T13:07:53.566-0500] {logging_mixin.py:190} INFO - [2025-12-03T13:07:53.566-0500] {dag.py:4180} INFO - Setting next_dagrun for example_external_task_marker_parent to None, run_after=None
[2025-12-03T13:07:53.577-0500] {processor.py:208} INFO - Processing /Users/minijohn/Dev/nyc_taxi_portfolio/.venv/lib/python3.11/site-packages/airflow/example_dags/example_external_task_marker_dag.py took 0.942 seconds
[2025-12-03T13:32:23.354-0500] {processor.py:186} INFO - Started process (PID=4771) to work on /Users/minijohn/Dev/nyc_taxi_portfolio/.venv/lib/python3.11/site-packages/airflow/example_dags/example_external_task_marker_dag.py
[2025-12-03T13:32:23.355-0500] {processor.py:914} INFO - Processing file /Users/minijohn/Dev/nyc_taxi_portfolio/.venv/lib/python3.11/site-packages/airflow/example_dags/example_external_task_marker_dag.py for tasks to queue
[2025-12-03T13:32:23.355-0500] {logging_mixin.py:190} INFO - [2025-12-03T13:32:23.355-0500] {dagbag.py:588} INFO - Filling up the DagBag from /Users/minijohn/Dev/nyc_taxi_portfolio/.venv/lib/python3.11/site-packages/airflow/example_dags/example_external_task_marker_dag.py
[2025-12-03T13:32:23.361-0500] {processor.py:925} INFO - DAG(s) 'example_external_task_marker_parent', 'example_external_task_marker_child' retrieved from /Users/minijohn/Dev/nyc_taxi_portfolio/.venv/lib/python3.11/site-packages/airflow/example_dags/example_external_task_marker_dag.py
[2025-12-03T13:32:23.800-0500] {logging_mixin.py:190} INFO - [2025-12-03T13:32:23.800-0500] {dag.py:3239} INFO - Sync 2 DAGs
[2025-12-03T13:32:23.805-0500] {logging_mixin.py:190} INFO - [2025-12-03T13:32:23.805-0500] {dag.py:4180} INFO - Setting next_dagrun for example_external_task_marker_child to None, run_after=None
[2025-12-03T13:32:23.807-0500] {logging_mixin.py:190} INFO - [2025-12-03T13:32:23.807-0500] {dag.py:4180} INFO - Setting next_dagrun for example_external_task_marker_parent to None, run_after=None
[2025-12-03T13:32:23.814-0500] {processor.py:208} INFO - Processing /Users/minijohn/Dev/nyc_taxi_portfolio/.venv/lib/python3.11/site-packages/airflow/example_dags/example_external_task_marker_dag.py took 0.499 seconds
[2025-12-03T13:35:14.124-0500] {processor.py:186} INFO - Started process (PID=4976) to work on /Users/minijohn/Dev/nyc_taxi_portfolio/.venv/lib/python3.11/site-packages/airflow/example_dags/example_external_task_marker_dag.py
[2025-12-03T13:35:14.125-0500] {processor.py:914} INFO - Processing file /Users/minijohn/Dev/nyc_taxi_portfolio/.venv/lib/python3.11/site-packages/airflow/example_dags/example_external_task_marker_dag.py for tasks to queue
[2025-12-03T13:35:14.125-0500] {logging_mixin.py:190} INFO - [2025-12-03T13:35:14.125-0500] {dagbag.py:588} INFO - Filling up the DagBag from /Users/minijohn/Dev/nyc_taxi_portfolio/.venv/lib/python3.11/site-packages/airflow/example_dags/example_external_task_marker_dag.py
[2025-12-03T13:35:14.130-0500] {processor.py:925} INFO - DAG(s) 'example_external_task_marker_child', 'example_external_task_marker_parent' retrieved from /Users/minijohn/Dev/nyc_taxi_portfolio/.venv/lib/python3.11/site-packages/airflow/example_dags/example_external_task_marker_dag.py
[2025-12-03T13:35:14.460-0500] {logging_mixin.py:190} INFO - [2025-12-03T13:35:14.460-0500] {dag.py:3239} INFO - Sync 2 DAGs
[2025-12-03T13:35:14.465-0500] {logging_mixin.py:190} INFO - [2025-12-03T13:35:14.465-0500] {dag.py:4180} INFO - Setting next_dagrun for example_external_task_marker_child to None, run_after=None
[2025-12-03T13:35:14.466-0500] {logging_mixin.py:190} INFO - [2025-12-03T13:35:14.466-0500] {dag.py:4180} INFO - Setting next_dagrun for example_external_task_marker_parent to None, run_after=None
[2025-12-03T13:35:14.473-0500] {processor.py:208} INFO - Processing /Users/minijohn/Dev/nyc_taxi_portfolio/.venv/lib/python3.11/site-packages/airflow/example_dags/example_external_task_marker_dag.py took 0.383 seconds
[2025-12-03T13:37:21.840-0500] {processor.py:186} INFO - Started process (PID=5165) to work on /Users/minijohn/Dev/nyc_taxi_portfolio/.venv/lib/python3.11/site-packages/airflow/example_dags/example_external_task_marker_dag.py
[2025-12-03T13:37:21.841-0500] {processor.py:914} INFO - Processing file /Users/minijohn/Dev/nyc_taxi_portfolio/.venv/lib/python3.11/site-packages/airflow/example_dags/example_external_task_marker_dag.py for tasks to queue
[2025-12-03T13:37:21.841-0500] {logging_mixin.py:190} INFO - [2025-12-03T13:37:21.841-0500] {dagbag.py:588} INFO - Filling up the DagBag from /Users/minijohn/Dev/nyc_taxi_portfolio/.venv/lib/python3.11/site-packages/airflow/example_dags/example_external_task_marker_dag.py
[2025-12-03T13:37:21.847-0500] {processor.py:925} INFO - DAG(s) 'example_external_task_marker_parent', 'example_external_task_marker_child' retrieved from /Users/minijohn/Dev/nyc_taxi_portfolio/.venv/lib/python3.11/site-packages/airflow/example_dags/example_external_task_marker_dag.py
[2025-12-03T13:37:22.198-0500] {logging_mixin.py:190} INFO - [2025-12-03T13:37:22.198-0500] {dag.py:3239} INFO - Sync 2 DAGs
[2025-12-03T13:37:22.204-0500] {logging_mixin.py:190} INFO - [2025-12-03T13:37:22.203-0500] {dag.py:4180} INFO - Setting next_dagrun for example_external_task_marker_child to None, run_after=None
[2025-12-03T13:37:22.205-0500] {logging_mixin.py:190} INFO - [2025-12-03T13:37:22.205-0500] {dag.py:4180} INFO - Setting next_dagrun for example_external_task_marker_parent to None, run_after=None
[2025-12-03T13:37:22.212-0500] {processor.py:208} INFO - Processing /Users/minijohn/Dev/nyc_taxi_portfolio/.venv/lib/python3.11/site-packages/airflow/example_dags/example_external_task_marker_dag.py took 0.408 seconds
[2025-12-03T13:40:30.277-0500] {processor.py:186} INFO - Started process (PID=5551) to work on /Users/minijohn/Dev/nyc_taxi_portfolio/.venv/lib/python3.11/site-packages/airflow/example_dags/example_external_task_marker_dag.py
[2025-12-03T13:40:30.278-0500] {processor.py:914} INFO - Processing file /Users/minijohn/Dev/nyc_taxi_portfolio/.venv/lib/python3.11/site-packages/airflow/example_dags/example_external_task_marker_dag.py for tasks to queue
[2025-12-03T13:40:30.278-0500] {logging_mixin.py:190} INFO - [2025-12-03T13:40:30.278-0500] {dagbag.py:588} INFO - Filling up the DagBag from /Users/minijohn/Dev/nyc_taxi_portfolio/.venv/lib/python3.11/site-packages/airflow/example_dags/example_external_task_marker_dag.py
[2025-12-03T13:40:30.283-0500] {processor.py:925} INFO - DAG(s) 'example_external_task_marker_child', 'example_external_task_marker_parent' retrieved from /Users/minijohn/Dev/nyc_taxi_portfolio/.venv/lib/python3.11/site-packages/airflow/example_dags/example_external_task_marker_dag.py
[2025-12-03T13:40:30.716-0500] {logging_mixin.py:190} INFO - [2025-12-03T13:40:30.716-0500] {dag.py:3239} INFO - Sync 2 DAGs
[2025-12-03T13:40:30.721-0500] {logging_mixin.py:190} INFO - [2025-12-03T13:40:30.721-0500] {dag.py:4180} INFO - Setting next_dagrun for example_external_task_marker_child to None, run_after=None
[2025-12-03T13:40:30.723-0500] {logging_mixin.py:190} INFO - [2025-12-03T13:40:30.723-0500] {dag.py:4180} INFO - Setting next_dagrun for example_external_task_marker_parent to None, run_after=None
[2025-12-03T13:40:30.729-0500] {processor.py:208} INFO - Processing /Users/minijohn/Dev/nyc_taxi_portfolio/.venv/lib/python3.11/site-packages/airflow/example_dags/example_external_task_marker_dag.py took 0.490 seconds
