[2025-12-03T13:06:32.108-0500] {processor.py:186} INFO - Started process (PID=20949) to work on /Users/minijohn/Dev/nyc_taxi_portfolio/.venv/lib/python3.11/site-packages/airflow/example_dags/example_setup_teardown_taskflow.py
[2025-12-03T13:06:32.108-0500] {processor.py:914} INFO - Processing file /Users/minijohn/Dev/nyc_taxi_portfolio/.venv/lib/python3.11/site-packages/airflow/example_dags/example_setup_teardown_taskflow.py for tasks to queue
[2025-12-03T13:06:32.109-0500] {logging_mixin.py:190} INFO - [2025-12-03T13:06:32.109-0500] {dagbag.py:588} INFO - Filling up the DagBag from /Users/minijohn/Dev/nyc_taxi_portfolio/.venv/lib/python3.11/site-packages/airflow/example_dags/example_setup_teardown_taskflow.py
[2025-12-03T13:06:32.135-0500] {processor.py:925} INFO - DAG(s) 'example_setup_teardown_taskflow' retrieved from /Users/minijohn/Dev/nyc_taxi_portfolio/.venv/lib/python3.11/site-packages/airflow/example_dags/example_setup_teardown_taskflow.py
[2025-12-03T13:06:32.238-0500] {logging_mixin.py:190} INFO - [2025-12-03T13:06:32.237-0500] {override.py:1930} INFO - Created Permission View: can delete on DAG:example_setup_teardown_taskflow
[2025-12-03T13:06:32.243-0500] {logging_mixin.py:190} INFO - [2025-12-03T13:06:32.242-0500] {override.py:1930} INFO - Created Permission View: can edit on DAG:example_setup_teardown_taskflow
[2025-12-03T13:06:32.248-0500] {logging_mixin.py:190} INFO - [2025-12-03T13:06:32.247-0500] {override.py:1930} INFO - Created Permission View: can read on DAG:example_setup_teardown_taskflow
[2025-12-03T13:06:32.252-0500] {logging_mixin.py:190} INFO - [2025-12-03T13:06:32.252-0500] {override.py:1930} INFO - Created Permission View: can delete on DAG Run:example_setup_teardown_taskflow
[2025-12-03T13:06:32.255-0500] {logging_mixin.py:190} INFO - [2025-12-03T13:06:32.255-0500] {override.py:1930} INFO - Created Permission View: menu access on DAG Run:example_setup_teardown_taskflow
[2025-12-03T13:06:32.258-0500] {logging_mixin.py:190} INFO - [2025-12-03T13:06:32.258-0500] {override.py:1930} INFO - Created Permission View: can create on DAG Run:example_setup_teardown_taskflow
[2025-12-03T13:06:32.263-0500] {logging_mixin.py:190} INFO - [2025-12-03T13:06:32.263-0500] {override.py:1930} INFO - Created Permission View: can read on DAG Run:example_setup_teardown_taskflow
[2025-12-03T13:06:32.263-0500] {logging_mixin.py:190} INFO - [2025-12-03T13:06:32.263-0500] {dag.py:3239} INFO - Sync 1 DAGs
[2025-12-03T13:06:32.269-0500] {logging_mixin.py:190} INFO - [2025-12-03T13:06:32.269-0500] {dag.py:3262} INFO - Creating ORM DAG for example_setup_teardown_taskflow
[2025-12-03T13:06:32.269-0500] {logging_mixin.py:190} INFO - [2025-12-03T13:06:32.269-0500] {dag.py:4180} INFO - Setting next_dagrun for example_setup_teardown_taskflow to None, run_after=None
[2025-12-03T13:06:32.280-0500] {processor.py:208} INFO - Processing /Users/minijohn/Dev/nyc_taxi_portfolio/.venv/lib/python3.11/site-packages/airflow/example_dags/example_setup_teardown_taskflow.py took 0.229 seconds
[2025-12-03T13:31:48.158-0500] {processor.py:186} INFO - Started process (PID=4720) to work on /Users/minijohn/Dev/nyc_taxi_portfolio/.venv/lib/python3.11/site-packages/airflow/example_dags/example_setup_teardown_taskflow.py
[2025-12-03T13:31:48.159-0500] {processor.py:914} INFO - Processing file /Users/minijohn/Dev/nyc_taxi_portfolio/.venv/lib/python3.11/site-packages/airflow/example_dags/example_setup_teardown_taskflow.py for tasks to queue
[2025-12-03T13:31:48.159-0500] {logging_mixin.py:190} INFO - [2025-12-03T13:31:48.159-0500] {dagbag.py:588} INFO - Filling up the DagBag from /Users/minijohn/Dev/nyc_taxi_portfolio/.venv/lib/python3.11/site-packages/airflow/example_dags/example_setup_teardown_taskflow.py
[2025-12-03T13:31:48.175-0500] {processor.py:925} INFO - DAG(s) 'example_setup_teardown_taskflow' retrieved from /Users/minijohn/Dev/nyc_taxi_portfolio/.venv/lib/python3.11/site-packages/airflow/example_dags/example_setup_teardown_taskflow.py
[2025-12-03T13:31:48.213-0500] {logging_mixin.py:190} INFO - [2025-12-03T13:31:48.213-0500] {dag.py:3239} INFO - Sync 1 DAGs
[2025-12-03T13:31:48.218-0500] {logging_mixin.py:190} INFO - [2025-12-03T13:31:48.218-0500] {dag.py:4180} INFO - Setting next_dagrun for example_setup_teardown_taskflow to None, run_after=None
[2025-12-03T13:31:48.226-0500] {processor.py:208} INFO - Processing /Users/minijohn/Dev/nyc_taxi_portfolio/.venv/lib/python3.11/site-packages/airflow/example_dags/example_setup_teardown_taskflow.py took 0.104 seconds
[2025-12-03T13:34:42.234-0500] {processor.py:186} INFO - Started process (PID=4938) to work on /Users/minijohn/Dev/nyc_taxi_portfolio/.venv/lib/python3.11/site-packages/airflow/example_dags/example_setup_teardown_taskflow.py
[2025-12-03T13:34:42.236-0500] {processor.py:914} INFO - Processing file /Users/minijohn/Dev/nyc_taxi_portfolio/.venv/lib/python3.11/site-packages/airflow/example_dags/example_setup_teardown_taskflow.py for tasks to queue
[2025-12-03T13:34:42.236-0500] {logging_mixin.py:190} INFO - [2025-12-03T13:34:42.236-0500] {dagbag.py:588} INFO - Filling up the DagBag from /Users/minijohn/Dev/nyc_taxi_portfolio/.venv/lib/python3.11/site-packages/airflow/example_dags/example_setup_teardown_taskflow.py
[2025-12-03T13:34:42.251-0500] {processor.py:925} INFO - DAG(s) 'example_setup_teardown_taskflow' retrieved from /Users/minijohn/Dev/nyc_taxi_portfolio/.venv/lib/python3.11/site-packages/airflow/example_dags/example_setup_teardown_taskflow.py
[2025-12-03T13:34:42.287-0500] {logging_mixin.py:190} INFO - [2025-12-03T13:34:42.287-0500] {dag.py:3239} INFO - Sync 1 DAGs
[2025-12-03T13:34:42.292-0500] {logging_mixin.py:190} INFO - [2025-12-03T13:34:42.292-0500] {dag.py:4180} INFO - Setting next_dagrun for example_setup_teardown_taskflow to None, run_after=None
[2025-12-03T13:34:42.299-0500] {processor.py:208} INFO - Processing /Users/minijohn/Dev/nyc_taxi_portfolio/.venv/lib/python3.11/site-packages/airflow/example_dags/example_setup_teardown_taskflow.py took 0.098 seconds
[2025-12-03T13:36:48.901-0500] {processor.py:186} INFO - Started process (PID=5127) to work on /Users/minijohn/Dev/nyc_taxi_portfolio/.venv/lib/python3.11/site-packages/airflow/example_dags/example_setup_teardown_taskflow.py
[2025-12-03T13:36:48.902-0500] {processor.py:914} INFO - Processing file /Users/minijohn/Dev/nyc_taxi_portfolio/.venv/lib/python3.11/site-packages/airflow/example_dags/example_setup_teardown_taskflow.py for tasks to queue
[2025-12-03T13:36:48.902-0500] {logging_mixin.py:190} INFO - [2025-12-03T13:36:48.902-0500] {dagbag.py:588} INFO - Filling up the DagBag from /Users/minijohn/Dev/nyc_taxi_portfolio/.venv/lib/python3.11/site-packages/airflow/example_dags/example_setup_teardown_taskflow.py
[2025-12-03T13:36:48.920-0500] {processor.py:925} INFO - DAG(s) 'example_setup_teardown_taskflow' retrieved from /Users/minijohn/Dev/nyc_taxi_portfolio/.venv/lib/python3.11/site-packages/airflow/example_dags/example_setup_teardown_taskflow.py
[2025-12-03T13:36:48.965-0500] {logging_mixin.py:190} INFO - [2025-12-03T13:36:48.964-0500] {dag.py:3239} INFO - Sync 1 DAGs
[2025-12-03T13:36:48.970-0500] {logging_mixin.py:190} INFO - [2025-12-03T13:36:48.970-0500] {dag.py:4180} INFO - Setting next_dagrun for example_setup_teardown_taskflow to None, run_after=None
[2025-12-03T13:36:48.979-0500] {processor.py:208} INFO - Processing /Users/minijohn/Dev/nyc_taxi_portfolio/.venv/lib/python3.11/site-packages/airflow/example_dags/example_setup_teardown_taskflow.py took 0.119 seconds
[2025-12-03T13:38:25.646-0500] {processor.py:186} INFO - Started process (PID=5237) to work on /Users/minijohn/Dev/nyc_taxi_portfolio/.venv/lib/python3.11/site-packages/airflow/example_dags/example_setup_teardown_taskflow.py
[2025-12-03T13:38:25.646-0500] {processor.py:914} INFO - Processing file /Users/minijohn/Dev/nyc_taxi_portfolio/.venv/lib/python3.11/site-packages/airflow/example_dags/example_setup_teardown_taskflow.py for tasks to queue
[2025-12-03T13:38:25.647-0500] {logging_mixin.py:190} INFO - [2025-12-03T13:38:25.646-0500] {dagbag.py:588} INFO - Filling up the DagBag from /Users/minijohn/Dev/nyc_taxi_portfolio/.venv/lib/python3.11/site-packages/airflow/example_dags/example_setup_teardown_taskflow.py
[2025-12-03T13:38:25.663-0500] {processor.py:925} INFO - DAG(s) 'example_setup_teardown_taskflow' retrieved from /Users/minijohn/Dev/nyc_taxi_portfolio/.venv/lib/python3.11/site-packages/airflow/example_dags/example_setup_teardown_taskflow.py
[2025-12-03T13:38:25.701-0500] {logging_mixin.py:190} INFO - [2025-12-03T13:38:25.701-0500] {dag.py:3239} INFO - Sync 1 DAGs
[2025-12-03T13:38:25.706-0500] {logging_mixin.py:190} INFO - [2025-12-03T13:38:25.706-0500] {dag.py:4180} INFO - Setting next_dagrun for example_setup_teardown_taskflow to None, run_after=None
[2025-12-03T13:38:25.714-0500] {processor.py:208} INFO - Processing /Users/minijohn/Dev/nyc_taxi_portfolio/.venv/lib/python3.11/site-packages/airflow/example_dags/example_setup_teardown_taskflow.py took 0.109 seconds
[2025-12-03T13:39:57.685-0500] {processor.py:186} INFO - Started process (PID=5474) to work on /Users/minijohn/Dev/nyc_taxi_portfolio/.venv/lib/python3.11/site-packages/airflow/example_dags/example_setup_teardown_taskflow.py
[2025-12-03T13:39:57.687-0500] {processor.py:914} INFO - Processing file /Users/minijohn/Dev/nyc_taxi_portfolio/.venv/lib/python3.11/site-packages/airflow/example_dags/example_setup_teardown_taskflow.py for tasks to queue
[2025-12-03T13:39:57.688-0500] {logging_mixin.py:190} INFO - [2025-12-03T13:39:57.687-0500] {dagbag.py:588} INFO - Filling up the DagBag from /Users/minijohn/Dev/nyc_taxi_portfolio/.venv/lib/python3.11/site-packages/airflow/example_dags/example_setup_teardown_taskflow.py
[2025-12-03T13:39:57.703-0500] {processor.py:925} INFO - DAG(s) 'example_setup_teardown_taskflow' retrieved from /Users/minijohn/Dev/nyc_taxi_portfolio/.venv/lib/python3.11/site-packages/airflow/example_dags/example_setup_teardown_taskflow.py
[2025-12-03T13:39:57.741-0500] {logging_mixin.py:190} INFO - [2025-12-03T13:39:57.741-0500] {dag.py:3239} INFO - Sync 1 DAGs
[2025-12-03T13:39:57.746-0500] {logging_mixin.py:190} INFO - [2025-12-03T13:39:57.746-0500] {dag.py:4180} INFO - Setting next_dagrun for example_setup_teardown_taskflow to None, run_after=None
[2025-12-03T13:39:57.753-0500] {processor.py:208} INFO - Processing /Users/minijohn/Dev/nyc_taxi_portfolio/.venv/lib/python3.11/site-packages/airflow/example_dags/example_setup_teardown_taskflow.py took 0.103 seconds
[2025-12-03T13:41:35.082-0500] {processor.py:186} INFO - Started process (PID=5710) to work on /Users/minijohn/Dev/nyc_taxi_portfolio/.venv/lib/python3.11/site-packages/airflow/example_dags/example_setup_teardown_taskflow.py
[2025-12-03T13:41:35.084-0500] {processor.py:914} INFO - Processing file /Users/minijohn/Dev/nyc_taxi_portfolio/.venv/lib/python3.11/site-packages/airflow/example_dags/example_setup_teardown_taskflow.py for tasks to queue
[2025-12-03T13:41:35.084-0500] {logging_mixin.py:190} INFO - [2025-12-03T13:41:35.084-0500] {dagbag.py:588} INFO - Filling up the DagBag from /Users/minijohn/Dev/nyc_taxi_portfolio/.venv/lib/python3.11/site-packages/airflow/example_dags/example_setup_teardown_taskflow.py
[2025-12-03T13:41:35.099-0500] {processor.py:925} INFO - DAG(s) 'example_setup_teardown_taskflow' retrieved from /Users/minijohn/Dev/nyc_taxi_portfolio/.venv/lib/python3.11/site-packages/airflow/example_dags/example_setup_teardown_taskflow.py
[2025-12-03T13:41:35.134-0500] {logging_mixin.py:190} INFO - [2025-12-03T13:41:35.134-0500] {dag.py:3239} INFO - Sync 1 DAGs
[2025-12-03T13:41:35.139-0500] {logging_mixin.py:190} INFO - [2025-12-03T13:41:35.139-0500] {dag.py:4180} INFO - Setting next_dagrun for example_setup_teardown_taskflow to None, run_after=None
[2025-12-03T13:41:35.146-0500] {processor.py:208} INFO - Processing /Users/minijohn/Dev/nyc_taxi_portfolio/.venv/lib/python3.11/site-packages/airflow/example_dags/example_setup_teardown_taskflow.py took 0.098 seconds
