[2025-12-03T13:09:00.017-0500] {processor.py:186} INFO - Started process (PID=21189) to work on /Users/minijohn/Dev/nyc_taxi_portfolio/.venv/lib/python3.11/site-packages/airflow/example_dags/example_bash_operator.py
[2025-12-03T13:09:00.018-0500] {processor.py:914} INFO - Processing file /Users/minijohn/Dev/nyc_taxi_portfolio/.venv/lib/python3.11/site-packages/airflow/example_dags/example_bash_operator.py for tasks to queue
[2025-12-03T13:09:00.019-0500] {logging_mixin.py:190} INFO - [2025-12-03T13:09:00.019-0500] {dagbag.py:588} INFO - Filling up the DagBag from /Users/minijohn/Dev/nyc_taxi_portfolio/.venv/lib/python3.11/site-packages/airflow/example_dags/example_bash_operator.py
[2025-12-03T13:09:00.028-0500] {processor.py:925} INFO - DAG(s) 'example_bash_operator' retrieved from /Users/minijohn/Dev/nyc_taxi_portfolio/.venv/lib/python3.11/site-packages/airflow/example_dags/example_bash_operator.py
[2025-12-03T13:09:00.128-0500] {logging_mixin.py:190} INFO - [2025-12-03T13:09:00.128-0500] {override.py:1930} INFO - Created Permission View: can edit on DAG:example_bash_operator
[2025-12-03T13:09:00.134-0500] {logging_mixin.py:190} INFO - [2025-12-03T13:09:00.134-0500] {override.py:1930} INFO - Created Permission View: can read on DAG:example_bash_operator
[2025-12-03T13:09:00.137-0500] {logging_mixin.py:190} INFO - [2025-12-03T13:09:00.137-0500] {override.py:1930} INFO - Created Permission View: can delete on DAG:example_bash_operator
[2025-12-03T13:09:00.143-0500] {logging_mixin.py:190} INFO - [2025-12-03T13:09:00.142-0500] {override.py:1930} INFO - Created Permission View: menu access on DAG Run:example_bash_operator
[2025-12-03T13:09:00.146-0500] {logging_mixin.py:190} INFO - [2025-12-03T13:09:00.146-0500] {override.py:1930} INFO - Created Permission View: can read on DAG Run:example_bash_operator
[2025-12-03T13:09:00.149-0500] {logging_mixin.py:190} INFO - [2025-12-03T13:09:00.149-0500] {override.py:1930} INFO - Created Permission View: can delete on DAG Run:example_bash_operator
[2025-12-03T13:09:00.153-0500] {logging_mixin.py:190} INFO - [2025-12-03T13:09:00.153-0500] {override.py:1930} INFO - Created Permission View: can create on DAG Run:example_bash_operator
[2025-12-03T13:09:00.153-0500] {logging_mixin.py:190} INFO - [2025-12-03T13:09:00.153-0500] {dag.py:3239} INFO - Sync 1 DAGs
[2025-12-03T13:09:00.160-0500] {logging_mixin.py:190} INFO - [2025-12-03T13:09:00.160-0500] {dag.py:3262} INFO - Creating ORM DAG for example_bash_operator
[2025-12-03T13:09:00.165-0500] {logging_mixin.py:190} INFO - [2025-12-03T13:09:00.164-0500] {dag.py:4180} INFO - Setting next_dagrun for example_bash_operator to 2025-12-02 00:00:00+00:00, run_after=2025-12-03 00:00:00+00:00
[2025-12-03T13:09:00.176-0500] {processor.py:208} INFO - Processing /Users/minijohn/Dev/nyc_taxi_portfolio/.venv/lib/python3.11/site-packages/airflow/example_dags/example_bash_operator.py took 0.211 seconds
[2025-12-03T13:32:53.897-0500] {processor.py:186} INFO - Started process (PID=4805) to work on /Users/minijohn/Dev/nyc_taxi_portfolio/.venv/lib/python3.11/site-packages/airflow/example_dags/example_bash_operator.py
[2025-12-03T13:32:53.898-0500] {processor.py:914} INFO - Processing file /Users/minijohn/Dev/nyc_taxi_portfolio/.venv/lib/python3.11/site-packages/airflow/example_dags/example_bash_operator.py for tasks to queue
[2025-12-03T13:32:53.899-0500] {logging_mixin.py:190} INFO - [2025-12-03T13:32:53.899-0500] {dagbag.py:588} INFO - Filling up the DagBag from /Users/minijohn/Dev/nyc_taxi_portfolio/.venv/lib/python3.11/site-packages/airflow/example_dags/example_bash_operator.py
[2025-12-03T13:32:53.905-0500] {processor.py:925} INFO - DAG(s) 'example_bash_operator' retrieved from /Users/minijohn/Dev/nyc_taxi_portfolio/.venv/lib/python3.11/site-packages/airflow/example_dags/example_bash_operator.py
[2025-12-03T13:32:53.947-0500] {logging_mixin.py:190} INFO - [2025-12-03T13:32:53.947-0500] {dag.py:3239} INFO - Sync 1 DAGs
[2025-12-03T13:32:53.956-0500] {logging_mixin.py:190} INFO - [2025-12-03T13:32:53.956-0500] {dag.py:4180} INFO - Setting next_dagrun for example_bash_operator to 2025-12-02 00:00:00+00:00, run_after=2025-12-03 00:00:00+00:00
[2025-12-03T13:32:53.964-0500] {processor.py:208} INFO - Processing /Users/minijohn/Dev/nyc_taxi_portfolio/.venv/lib/python3.11/site-packages/airflow/example_dags/example_bash_operator.py took 0.106 seconds
[2025-12-03T13:35:46.901-0500] {processor.py:186} INFO - Started process (PID=5031) to work on /Users/minijohn/Dev/nyc_taxi_portfolio/.venv/lib/python3.11/site-packages/airflow/example_dags/example_bash_operator.py
[2025-12-03T13:35:46.902-0500] {processor.py:914} INFO - Processing file /Users/minijohn/Dev/nyc_taxi_portfolio/.venv/lib/python3.11/site-packages/airflow/example_dags/example_bash_operator.py for tasks to queue
[2025-12-03T13:35:46.902-0500] {logging_mixin.py:190} INFO - [2025-12-03T13:35:46.902-0500] {dagbag.py:588} INFO - Filling up the DagBag from /Users/minijohn/Dev/nyc_taxi_portfolio/.venv/lib/python3.11/site-packages/airflow/example_dags/example_bash_operator.py
[2025-12-03T13:35:46.909-0500] {processor.py:925} INFO - DAG(s) 'example_bash_operator' retrieved from /Users/minijohn/Dev/nyc_taxi_portfolio/.venv/lib/python3.11/site-packages/airflow/example_dags/example_bash_operator.py
[2025-12-03T13:35:46.953-0500] {logging_mixin.py:190} INFO - [2025-12-03T13:35:46.953-0500] {dag.py:3239} INFO - Sync 1 DAGs
[2025-12-03T13:35:46.962-0500] {logging_mixin.py:190} INFO - [2025-12-03T13:35:46.961-0500] {dag.py:4180} INFO - Setting next_dagrun for example_bash_operator to 2025-12-02 00:00:00+00:00, run_after=2025-12-03 00:00:00+00:00
[2025-12-03T13:35:46.971-0500] {processor.py:208} INFO - Processing /Users/minijohn/Dev/nyc_taxi_portfolio/.venv/lib/python3.11/site-packages/airflow/example_dags/example_bash_operator.py took 0.112 seconds
[2025-12-03T13:39:00.636-0500] {processor.py:186} INFO - Started process (PID=5348) to work on /Users/minijohn/Dev/nyc_taxi_portfolio/.venv/lib/python3.11/site-packages/airflow/example_dags/example_bash_operator.py
[2025-12-03T13:39:00.637-0500] {processor.py:914} INFO - Processing file /Users/minijohn/Dev/nyc_taxi_portfolio/.venv/lib/python3.11/site-packages/airflow/example_dags/example_bash_operator.py for tasks to queue
[2025-12-03T13:39:00.637-0500] {logging_mixin.py:190} INFO - [2025-12-03T13:39:00.637-0500] {dagbag.py:588} INFO - Filling up the DagBag from /Users/minijohn/Dev/nyc_taxi_portfolio/.venv/lib/python3.11/site-packages/airflow/example_dags/example_bash_operator.py
[2025-12-03T13:39:00.643-0500] {processor.py:925} INFO - DAG(s) 'example_bash_operator' retrieved from /Users/minijohn/Dev/nyc_taxi_portfolio/.venv/lib/python3.11/site-packages/airflow/example_dags/example_bash_operator.py
[2025-12-03T13:39:00.680-0500] {logging_mixin.py:190} INFO - [2025-12-03T13:39:00.680-0500] {dag.py:3239} INFO - Sync 1 DAGs
[2025-12-03T13:39:00.686-0500] {logging_mixin.py:190} INFO - [2025-12-03T13:39:00.686-0500] {dag.py:4180} INFO - Setting next_dagrun for example_bash_operator to 2025-12-02 00:00:00+00:00, run_after=2025-12-03 00:00:00+00:00
[2025-12-03T13:39:00.692-0500] {processor.py:208} INFO - Processing /Users/minijohn/Dev/nyc_taxi_portfolio/.venv/lib/python3.11/site-packages/airflow/example_dags/example_bash_operator.py took 0.088 seconds
[2025-12-03T13:42:13.892-0500] {processor.py:186} INFO - Started process (PID=6357) to work on /Users/minijohn/Dev/nyc_taxi_portfolio/.venv/lib/python3.11/site-packages/airflow/example_dags/example_bash_operator.py
[2025-12-03T13:42:13.894-0500] {processor.py:914} INFO - Processing file /Users/minijohn/Dev/nyc_taxi_portfolio/.venv/lib/python3.11/site-packages/airflow/example_dags/example_bash_operator.py for tasks to queue
[2025-12-03T13:42:13.894-0500] {logging_mixin.py:190} INFO - [2025-12-03T13:42:13.894-0500] {dagbag.py:588} INFO - Filling up the DagBag from /Users/minijohn/Dev/nyc_taxi_portfolio/.venv/lib/python3.11/site-packages/airflow/example_dags/example_bash_operator.py
[2025-12-03T13:42:13.899-0500] {processor.py:925} INFO - DAG(s) 'example_bash_operator' retrieved from /Users/minijohn/Dev/nyc_taxi_portfolio/.venv/lib/python3.11/site-packages/airflow/example_dags/example_bash_operator.py
[2025-12-03T13:42:13.941-0500] {logging_mixin.py:190} INFO - [2025-12-03T13:42:13.941-0500] {dag.py:3239} INFO - Sync 1 DAGs
[2025-12-03T13:42:13.949-0500] {logging_mixin.py:190} INFO - [2025-12-03T13:42:13.949-0500] {dag.py:4180} INFO - Setting next_dagrun for example_bash_operator to 2025-12-02 00:00:00+00:00, run_after=2025-12-03 00:00:00+00:00
[2025-12-03T13:42:13.956-0500] {processor.py:208} INFO - Processing /Users/minijohn/Dev/nyc_taxi_portfolio/.venv/lib/python3.11/site-packages/airflow/example_dags/example_bash_operator.py took 0.100 seconds
