[2025-12-03T13:06:51.584-0500] {processor.py:186} INFO - Started process (PID=20982) to work on /Users/minijohn/Dev/nyc_taxi_portfolio/.venv/lib/python3.11/site-packages/airflow/example_dags/example_python_operator.py
[2025-12-03T13:06:51.585-0500] {processor.py:914} INFO - Processing file /Users/minijohn/Dev/nyc_taxi_portfolio/.venv/lib/python3.11/site-packages/airflow/example_dags/example_python_operator.py for tasks to queue
[2025-12-03T13:06:51.585-0500] {logging_mixin.py:190} INFO - [2025-12-03T13:06:51.585-0500] {dagbag.py:588} INFO - Filling up the DagBag from /Users/minijohn/Dev/nyc_taxi_portfolio/.venv/lib/python3.11/site-packages/airflow/example_dags/example_python_operator.py
[2025-12-03T13:06:51.601-0500] {logging_mixin.py:190} INFO - [2025-12-03T13:06:51.601-0500] {example_python_operator.py:93} WARNING - The virtalenv_python example task requires virtualenv, please install it.
[2025-12-03T13:06:51.603-0500] {processor.py:925} INFO - DAG(s) 'example_python_operator' retrieved from /Users/minijohn/Dev/nyc_taxi_portfolio/.venv/lib/python3.11/site-packages/airflow/example_dags/example_python_operator.py
[2025-12-03T13:06:51.708-0500] {logging_mixin.py:190} INFO - [2025-12-03T13:06:51.708-0500] {override.py:1930} INFO - Created Permission View: can edit on DAG:example_python_operator
[2025-12-03T13:06:51.714-0500] {logging_mixin.py:190} INFO - [2025-12-03T13:06:51.714-0500] {override.py:1930} INFO - Created Permission View: can read on DAG:example_python_operator
[2025-12-03T13:06:51.717-0500] {logging_mixin.py:190} INFO - [2025-12-03T13:06:51.717-0500] {override.py:1930} INFO - Created Permission View: can delete on DAG:example_python_operator
[2025-12-03T13:06:51.723-0500] {logging_mixin.py:190} INFO - [2025-12-03T13:06:51.723-0500] {override.py:1930} INFO - Created Permission View: can create on DAG Run:example_python_operator
[2025-12-03T13:06:51.728-0500] {logging_mixin.py:190} INFO - [2025-12-03T13:06:51.727-0500] {override.py:1930} INFO - Created Permission View: menu access on DAG Run:example_python_operator
[2025-12-03T13:06:51.732-0500] {logging_mixin.py:190} INFO - [2025-12-03T13:06:51.732-0500] {override.py:1930} INFO - Created Permission View: can read on DAG Run:example_python_operator
[2025-12-03T13:06:51.738-0500] {logging_mixin.py:190} INFO - [2025-12-03T13:06:51.737-0500] {override.py:1930} INFO - Created Permission View: can delete on DAG Run:example_python_operator
[2025-12-03T13:06:51.738-0500] {logging_mixin.py:190} INFO - [2025-12-03T13:06:51.738-0500] {dag.py:3239} INFO - Sync 1 DAGs
[2025-12-03T13:06:51.744-0500] {logging_mixin.py:190} INFO - [2025-12-03T13:06:51.744-0500] {dag.py:3262} INFO - Creating ORM DAG for example_python_operator
[2025-12-03T13:06:51.744-0500] {logging_mixin.py:190} INFO - [2025-12-03T13:06:51.744-0500] {dag.py:4180} INFO - Setting next_dagrun for example_python_operator to None, run_after=None
[2025-12-03T13:06:51.758-0500] {processor.py:208} INFO - Processing /Users/minijohn/Dev/nyc_taxi_portfolio/.venv/lib/python3.11/site-packages/airflow/example_dags/example_python_operator.py took 0.236 seconds
[2025-12-03T13:31:57.081-0500] {processor.py:186} INFO - Started process (PID=4733) to work on /Users/minijohn/Dev/nyc_taxi_portfolio/.venv/lib/python3.11/site-packages/airflow/example_dags/example_python_operator.py
[2025-12-03T13:31:57.082-0500] {processor.py:914} INFO - Processing file /Users/minijohn/Dev/nyc_taxi_portfolio/.venv/lib/python3.11/site-packages/airflow/example_dags/example_python_operator.py for tasks to queue
[2025-12-03T13:31:57.082-0500] {logging_mixin.py:190} INFO - [2025-12-03T13:31:57.082-0500] {dagbag.py:588} INFO - Filling up the DagBag from /Users/minijohn/Dev/nyc_taxi_portfolio/.venv/lib/python3.11/site-packages/airflow/example_dags/example_python_operator.py
[2025-12-03T13:31:57.092-0500] {logging_mixin.py:190} INFO - [2025-12-03T13:31:57.092-0500] {example_python_operator.py:93} WARNING - The virtalenv_python example task requires virtualenv, please install it.
[2025-12-03T13:31:57.094-0500] {processor.py:925} INFO - DAG(s) 'example_python_operator' retrieved from /Users/minijohn/Dev/nyc_taxi_portfolio/.venv/lib/python3.11/site-packages/airflow/example_dags/example_python_operator.py
[2025-12-03T13:31:57.129-0500] {logging_mixin.py:190} INFO - [2025-12-03T13:31:57.129-0500] {dag.py:3239} INFO - Sync 1 DAGs
[2025-12-03T13:31:57.133-0500] {logging_mixin.py:190} INFO - [2025-12-03T13:31:57.133-0500] {dag.py:4180} INFO - Setting next_dagrun for example_python_operator to None, run_after=None
[2025-12-03T13:31:57.140-0500] {processor.py:208} INFO - Processing /Users/minijohn/Dev/nyc_taxi_portfolio/.venv/lib/python3.11/site-packages/airflow/example_dags/example_python_operator.py took 0.091 seconds
[2025-12-03T13:34:49.844-0500] {processor.py:186} INFO - Started process (PID=4947) to work on /Users/minijohn/Dev/nyc_taxi_portfolio/.venv/lib/python3.11/site-packages/airflow/example_dags/example_python_operator.py
[2025-12-03T13:34:49.845-0500] {processor.py:914} INFO - Processing file /Users/minijohn/Dev/nyc_taxi_portfolio/.venv/lib/python3.11/site-packages/airflow/example_dags/example_python_operator.py for tasks to queue
[2025-12-03T13:34:49.845-0500] {logging_mixin.py:190} INFO - [2025-12-03T13:34:49.845-0500] {dagbag.py:588} INFO - Filling up the DagBag from /Users/minijohn/Dev/nyc_taxi_portfolio/.venv/lib/python3.11/site-packages/airflow/example_dags/example_python_operator.py
[2025-12-03T13:34:49.855-0500] {logging_mixin.py:190} INFO - [2025-12-03T13:34:49.855-0500] {example_python_operator.py:93} WARNING - The virtalenv_python example task requires virtualenv, please install it.
[2025-12-03T13:34:49.857-0500] {processor.py:925} INFO - DAG(s) 'example_python_operator' retrieved from /Users/minijohn/Dev/nyc_taxi_portfolio/.venv/lib/python3.11/site-packages/airflow/example_dags/example_python_operator.py
[2025-12-03T13:34:49.895-0500] {logging_mixin.py:190} INFO - [2025-12-03T13:34:49.894-0500] {dag.py:3239} INFO - Sync 1 DAGs
[2025-12-03T13:34:49.899-0500] {logging_mixin.py:190} INFO - [2025-12-03T13:34:49.899-0500] {dag.py:4180} INFO - Setting next_dagrun for example_python_operator to None, run_after=None
[2025-12-03T13:34:49.907-0500] {processor.py:208} INFO - Processing /Users/minijohn/Dev/nyc_taxi_portfolio/.venv/lib/python3.11/site-packages/airflow/example_dags/example_python_operator.py took 0.098 seconds
[2025-12-03T13:36:58.924-0500] {processor.py:186} INFO - Started process (PID=5136) to work on /Users/minijohn/Dev/nyc_taxi_portfolio/.venv/lib/python3.11/site-packages/airflow/example_dags/example_python_operator.py
[2025-12-03T13:36:58.925-0500] {processor.py:914} INFO - Processing file /Users/minijohn/Dev/nyc_taxi_portfolio/.venv/lib/python3.11/site-packages/airflow/example_dags/example_python_operator.py for tasks to queue
[2025-12-03T13:36:58.926-0500] {logging_mixin.py:190} INFO - [2025-12-03T13:36:58.926-0500] {dagbag.py:588} INFO - Filling up the DagBag from /Users/minijohn/Dev/nyc_taxi_portfolio/.venv/lib/python3.11/site-packages/airflow/example_dags/example_python_operator.py
[2025-12-03T13:36:58.936-0500] {logging_mixin.py:190} INFO - [2025-12-03T13:36:58.936-0500] {example_python_operator.py:93} WARNING - The virtalenv_python example task requires virtualenv, please install it.
[2025-12-03T13:36:58.937-0500] {processor.py:925} INFO - DAG(s) 'example_python_operator' retrieved from /Users/minijohn/Dev/nyc_taxi_portfolio/.venv/lib/python3.11/site-packages/airflow/example_dags/example_python_operator.py
[2025-12-03T13:36:58.975-0500] {logging_mixin.py:190} INFO - [2025-12-03T13:36:58.975-0500] {dag.py:3239} INFO - Sync 1 DAGs
[2025-12-03T13:36:58.979-0500] {logging_mixin.py:190} INFO - [2025-12-03T13:36:58.979-0500] {dag.py:4180} INFO - Setting next_dagrun for example_python_operator to None, run_after=None
[2025-12-03T13:36:58.987-0500] {processor.py:208} INFO - Processing /Users/minijohn/Dev/nyc_taxi_portfolio/.venv/lib/python3.11/site-packages/airflow/example_dags/example_python_operator.py took 0.099 seconds
[2025-12-03T13:38:35.131-0500] {processor.py:186} INFO - Started process (PID=5249) to work on /Users/minijohn/Dev/nyc_taxi_portfolio/.venv/lib/python3.11/site-packages/airflow/example_dags/example_python_operator.py
[2025-12-03T13:38:35.132-0500] {processor.py:914} INFO - Processing file /Users/minijohn/Dev/nyc_taxi_portfolio/.venv/lib/python3.11/site-packages/airflow/example_dags/example_python_operator.py for tasks to queue
[2025-12-03T13:38:35.132-0500] {logging_mixin.py:190} INFO - [2025-12-03T13:38:35.132-0500] {dagbag.py:588} INFO - Filling up the DagBag from /Users/minijohn/Dev/nyc_taxi_portfolio/.venv/lib/python3.11/site-packages/airflow/example_dags/example_python_operator.py
[2025-12-03T13:38:35.143-0500] {logging_mixin.py:190} INFO - [2025-12-03T13:38:35.143-0500] {example_python_operator.py:93} WARNING - The virtalenv_python example task requires virtualenv, please install it.
[2025-12-03T13:38:35.144-0500] {processor.py:925} INFO - DAG(s) 'example_python_operator' retrieved from /Users/minijohn/Dev/nyc_taxi_portfolio/.venv/lib/python3.11/site-packages/airflow/example_dags/example_python_operator.py
[2025-12-03T13:38:35.182-0500] {logging_mixin.py:190} INFO - [2025-12-03T13:38:35.182-0500] {dag.py:3239} INFO - Sync 1 DAGs
[2025-12-03T13:38:35.186-0500] {logging_mixin.py:190} INFO - [2025-12-03T13:38:35.186-0500] {dag.py:4180} INFO - Setting next_dagrun for example_python_operator to None, run_after=None
[2025-12-03T13:38:35.195-0500] {processor.py:208} INFO - Processing /Users/minijohn/Dev/nyc_taxi_portfolio/.venv/lib/python3.11/site-packages/airflow/example_dags/example_python_operator.py took 0.100 seconds
[2025-12-03T13:41:44.086-0500] {processor.py:186} INFO - Started process (PID=5733) to work on /Users/minijohn/Dev/nyc_taxi_portfolio/.venv/lib/python3.11/site-packages/airflow/example_dags/example_python_operator.py
[2025-12-03T13:41:44.088-0500] {processor.py:914} INFO - Processing file /Users/minijohn/Dev/nyc_taxi_portfolio/.venv/lib/python3.11/site-packages/airflow/example_dags/example_python_operator.py for tasks to queue
[2025-12-03T13:41:44.088-0500] {logging_mixin.py:190} INFO - [2025-12-03T13:41:44.088-0500] {dagbag.py:588} INFO - Filling up the DagBag from /Users/minijohn/Dev/nyc_taxi_portfolio/.venv/lib/python3.11/site-packages/airflow/example_dags/example_python_operator.py
[2025-12-03T13:41:44.098-0500] {logging_mixin.py:190} INFO - [2025-12-03T13:41:44.098-0500] {example_python_operator.py:93} WARNING - The virtalenv_python example task requires virtualenv, please install it.
[2025-12-03T13:41:44.100-0500] {processor.py:925} INFO - DAG(s) 'example_python_operator' retrieved from /Users/minijohn/Dev/nyc_taxi_portfolio/.venv/lib/python3.11/site-packages/airflow/example_dags/example_python_operator.py
[2025-12-03T13:41:44.140-0500] {logging_mixin.py:190} INFO - [2025-12-03T13:41:44.140-0500] {dag.py:3239} INFO - Sync 1 DAGs
[2025-12-03T13:41:44.144-0500] {logging_mixin.py:190} INFO - [2025-12-03T13:41:44.144-0500] {dag.py:4180} INFO - Setting next_dagrun for example_python_operator to None, run_after=None
[2025-12-03T13:41:44.154-0500] {processor.py:208} INFO - Processing /Users/minijohn/Dev/nyc_taxi_portfolio/.venv/lib/python3.11/site-packages/airflow/example_dags/example_python_operator.py took 0.104 seconds
