[2025-12-03T13:06:10.835-0500] {processor.py:186} INFO - Started process (PID=20900) to work on /Users/minijohn/Dev/nyc_taxi_portfolio/.venv/lib/python3.11/site-packages/airflow/example_dags/example_subdag_operator.py
[2025-12-03T13:06:10.836-0500] {processor.py:914} INFO - Processing file /Users/minijohn/Dev/nyc_taxi_portfolio/.venv/lib/python3.11/site-packages/airflow/example_dags/example_subdag_operator.py for tasks to queue
[2025-12-03T13:06:10.836-0500] {logging_mixin.py:190} INFO - [2025-12-03T13:06:10.836-0500] {dagbag.py:588} INFO - Filling up the DagBag from /Users/minijohn/Dev/nyc_taxi_portfolio/.venv/lib/python3.11/site-packages/airflow/example_dags/example_subdag_operator.py
[2025-12-03T13:06:10.887-0500] {processor.py:925} INFO - DAG(s) 'example_subdag_operator.section-1', 'example_subdag_operator.section-2', 'example_subdag_operator' retrieved from /Users/minijohn/Dev/nyc_taxi_portfolio/.venv/lib/python3.11/site-packages/airflow/example_dags/example_subdag_operator.py
[2025-12-03T13:06:11.412-0500] {logging_mixin.py:190} INFO - [2025-12-03T13:06:11.411-0500] {override.py:1930} INFO - Created Permission View: can edit on DAG:example_subdag_operator
[2025-12-03T13:06:11.418-0500] {logging_mixin.py:190} INFO - [2025-12-03T13:06:11.418-0500] {override.py:1930} INFO - Created Permission View: can delete on DAG:example_subdag_operator
[2025-12-03T13:06:11.422-0500] {logging_mixin.py:190} INFO - [2025-12-03T13:06:11.421-0500] {override.py:1930} INFO - Created Permission View: can read on DAG:example_subdag_operator
[2025-12-03T13:06:11.427-0500] {logging_mixin.py:190} INFO - [2025-12-03T13:06:11.427-0500] {override.py:1930} INFO - Created Permission View: can create on DAG Run:example_subdag_operator
[2025-12-03T13:06:11.430-0500] {logging_mixin.py:190} INFO - [2025-12-03T13:06:11.430-0500] {override.py:1930} INFO - Created Permission View: can delete on DAG Run:example_subdag_operator
[2025-12-03T13:06:11.433-0500] {logging_mixin.py:190} INFO - [2025-12-03T13:06:11.432-0500] {override.py:1930} INFO - Created Permission View: menu access on DAG Run:example_subdag_operator
[2025-12-03T13:06:11.436-0500] {logging_mixin.py:190} INFO - [2025-12-03T13:06:11.436-0500] {override.py:1930} INFO - Created Permission View: can read on DAG Run:example_subdag_operator
[2025-12-03T13:06:11.436-0500] {logging_mixin.py:190} INFO - [2025-12-03T13:06:11.436-0500] {dag.py:3239} INFO - Sync 3 DAGs
[2025-12-03T13:06:11.444-0500] {logging_mixin.py:190} INFO - [2025-12-03T13:06:11.444-0500] {dag.py:3262} INFO - Creating ORM DAG for example_subdag_operator.section-2
[2025-12-03T13:06:11.444-0500] {logging_mixin.py:190} INFO - [2025-12-03T13:06:11.444-0500] {dag.py:3262} INFO - Creating ORM DAG for example_subdag_operator
[2025-12-03T13:06:11.444-0500] {logging_mixin.py:190} INFO - [2025-12-03T13:06:11.444-0500] {dag.py:3262} INFO - Creating ORM DAG for example_subdag_operator.section-1
[2025-12-03T13:06:11.448-0500] {logging_mixin.py:190} INFO - [2025-12-03T13:06:11.448-0500] {dag.py:4180} INFO - Setting next_dagrun for example_subdag_operator to 2022-01-01 00:00:00+00:00, run_after=2022-01-01 00:00:00+00:00
[2025-12-03T13:06:11.448-0500] {logging_mixin.py:190} INFO - [2025-12-03T13:06:11.448-0500] {dag.py:4180} INFO - Setting next_dagrun for example_subdag_operator.section-1 to None, run_after=None
[2025-12-03T13:06:11.449-0500] {logging_mixin.py:190} INFO - [2025-12-03T13:06:11.449-0500] {dag.py:4180} INFO - Setting next_dagrun for example_subdag_operator.section-2 to None, run_after=None
[2025-12-03T13:06:11.452-0500] {logging_mixin.py:190} INFO - [2025-12-03T13:06:11.452-0500] {dag.py:3239} INFO - Sync 2 DAGs
[2025-12-03T13:06:11.456-0500] {logging_mixin.py:190} INFO - [2025-12-03T13:06:11.456-0500] {dag.py:4180} INFO - Setting next_dagrun for example_subdag_operator.section-1 to None, run_after=None
[2025-12-03T13:06:11.457-0500] {logging_mixin.py:190} INFO - [2025-12-03T13:06:11.457-0500] {dag.py:4180} INFO - Setting next_dagrun for example_subdag_operator.section-2 to None, run_after=None
[2025-12-03T13:06:11.465-0500] {processor.py:208} INFO - Processing /Users/minijohn/Dev/nyc_taxi_portfolio/.venv/lib/python3.11/site-packages/airflow/example_dags/example_subdag_operator.py took 0.673 seconds
[2025-12-03T13:10:20.472-0500] {processor.py:186} INFO - Started process (PID=21309) to work on /Users/minijohn/Dev/nyc_taxi_portfolio/.venv/lib/python3.11/site-packages/airflow/example_dags/example_subdag_operator.py
[2025-12-03T13:10:20.473-0500] {processor.py:914} INFO - Processing file /Users/minijohn/Dev/nyc_taxi_portfolio/.venv/lib/python3.11/site-packages/airflow/example_dags/example_subdag_operator.py for tasks to queue
[2025-12-03T13:10:20.474-0500] {logging_mixin.py:190} INFO - [2025-12-03T13:10:20.474-0500] {dagbag.py:588} INFO - Filling up the DagBag from /Users/minijohn/Dev/nyc_taxi_portfolio/.venv/lib/python3.11/site-packages/airflow/example_dags/example_subdag_operator.py
[2025-12-03T13:10:20.533-0500] {processor.py:925} INFO - DAG(s) 'example_subdag_operator.section-1', 'example_subdag_operator.section-2', 'example_subdag_operator' retrieved from /Users/minijohn/Dev/nyc_taxi_portfolio/.venv/lib/python3.11/site-packages/airflow/example_dags/example_subdag_operator.py
[2025-12-03T13:10:21.084-0500] {logging_mixin.py:190} INFO - [2025-12-03T13:10:21.083-0500] {dag.py:3239} INFO - Sync 3 DAGs
[2025-12-03T13:10:21.097-0500] {logging_mixin.py:190} INFO - [2025-12-03T13:10:21.097-0500] {dag.py:4180} INFO - Setting next_dagrun for example_subdag_operator to 2022-01-01 00:00:00+00:00, run_after=2022-01-01 00:00:00+00:00
[2025-12-03T13:10:21.099-0500] {logging_mixin.py:190} INFO - [2025-12-03T13:10:21.099-0500] {dag.py:4180} INFO - Setting next_dagrun for example_subdag_operator.section-1 to None, run_after=None
[2025-12-03T13:10:21.099-0500] {logging_mixin.py:190} INFO - [2025-12-03T13:10:21.099-0500] {dag.py:4180} INFO - Setting next_dagrun for example_subdag_operator.section-2 to None, run_after=None
[2025-12-03T13:10:21.104-0500] {logging_mixin.py:190} INFO - [2025-12-03T13:10:21.103-0500] {dag.py:3239} INFO - Sync 2 DAGs
[2025-12-03T13:10:21.106-0500] {logging_mixin.py:190} INFO - [2025-12-03T13:10:21.106-0500] {dag.py:4180} INFO - Setting next_dagrun for example_subdag_operator.section-1 to None, run_after=None
[2025-12-03T13:10:21.106-0500] {logging_mixin.py:190} INFO - [2025-12-03T13:10:21.106-0500] {dag.py:4180} INFO - Setting next_dagrun for example_subdag_operator.section-2 to None, run_after=None
[2025-12-03T13:10:21.114-0500] {processor.py:208} INFO - Processing /Users/minijohn/Dev/nyc_taxi_portfolio/.venv/lib/python3.11/site-packages/airflow/example_dags/example_subdag_operator.py took 0.689 seconds
[2025-12-03T13:31:37.063-0500] {processor.py:186} INFO - Started process (PID=4701) to work on /Users/minijohn/Dev/nyc_taxi_portfolio/.venv/lib/python3.11/site-packages/airflow/example_dags/example_subdag_operator.py
[2025-12-03T13:31:37.063-0500] {processor.py:914} INFO - Processing file /Users/minijohn/Dev/nyc_taxi_portfolio/.venv/lib/python3.11/site-packages/airflow/example_dags/example_subdag_operator.py for tasks to queue
[2025-12-03T13:31:37.064-0500] {logging_mixin.py:190} INFO - [2025-12-03T13:31:37.064-0500] {dagbag.py:588} INFO - Filling up the DagBag from /Users/minijohn/Dev/nyc_taxi_portfolio/.venv/lib/python3.11/site-packages/airflow/example_dags/example_subdag_operator.py
[2025-12-03T13:31:37.106-0500] {processor.py:925} INFO - DAG(s) 'example_subdag_operator.section-1', 'example_subdag_operator.section-2', 'example_subdag_operator' retrieved from /Users/minijohn/Dev/nyc_taxi_portfolio/.venv/lib/python3.11/site-packages/airflow/example_dags/example_subdag_operator.py
[2025-12-03T13:31:37.462-0500] {logging_mixin.py:190} INFO - [2025-12-03T13:31:37.461-0500] {dag.py:3239} INFO - Sync 3 DAGs
[2025-12-03T13:31:37.471-0500] {logging_mixin.py:190} INFO - [2025-12-03T13:31:37.471-0500] {dag.py:4180} INFO - Setting next_dagrun for example_subdag_operator to 2022-01-01 00:00:00+00:00, run_after=2022-01-01 00:00:00+00:00
[2025-12-03T13:31:37.472-0500] {logging_mixin.py:190} INFO - [2025-12-03T13:31:37.472-0500] {dag.py:4180} INFO - Setting next_dagrun for example_subdag_operator.section-1 to None, run_after=None
[2025-12-03T13:31:37.473-0500] {logging_mixin.py:190} INFO - [2025-12-03T13:31:37.473-0500] {dag.py:4180} INFO - Setting next_dagrun for example_subdag_operator.section-2 to None, run_after=None
[2025-12-03T13:31:37.475-0500] {logging_mixin.py:190} INFO - [2025-12-03T13:31:37.475-0500] {dag.py:3239} INFO - Sync 2 DAGs
[2025-12-03T13:31:37.477-0500] {logging_mixin.py:190} INFO - [2025-12-03T13:31:37.477-0500] {dag.py:4180} INFO - Setting next_dagrun for example_subdag_operator.section-1 to None, run_after=None
[2025-12-03T13:31:37.477-0500] {logging_mixin.py:190} INFO - [2025-12-03T13:31:37.477-0500] {dag.py:4180} INFO - Setting next_dagrun for example_subdag_operator.section-2 to None, run_after=None
[2025-12-03T13:31:37.482-0500] {processor.py:208} INFO - Processing /Users/minijohn/Dev/nyc_taxi_portfolio/.venv/lib/python3.11/site-packages/airflow/example_dags/example_subdag_operator.py took 0.460 seconds
[2025-12-03T13:34:25.217-0500] {processor.py:186} INFO - Started process (PID=4908) to work on /Users/minijohn/Dev/nyc_taxi_portfolio/.venv/lib/python3.11/site-packages/airflow/example_dags/example_subdag_operator.py
[2025-12-03T13:34:25.218-0500] {processor.py:914} INFO - Processing file /Users/minijohn/Dev/nyc_taxi_portfolio/.venv/lib/python3.11/site-packages/airflow/example_dags/example_subdag_operator.py for tasks to queue
[2025-12-03T13:34:25.219-0500] {logging_mixin.py:190} INFO - [2025-12-03T13:34:25.219-0500] {dagbag.py:588} INFO - Filling up the DagBag from /Users/minijohn/Dev/nyc_taxi_portfolio/.venv/lib/python3.11/site-packages/airflow/example_dags/example_subdag_operator.py
[2025-12-03T13:34:25.257-0500] {processor.py:925} INFO - DAG(s) 'example_subdag_operator.section-1', 'example_subdag_operator.section-2', 'example_subdag_operator' retrieved from /Users/minijohn/Dev/nyc_taxi_portfolio/.venv/lib/python3.11/site-packages/airflow/example_dags/example_subdag_operator.py
[2025-12-03T13:34:25.564-0500] {logging_mixin.py:190} INFO - [2025-12-03T13:34:25.564-0500] {dag.py:3239} INFO - Sync 3 DAGs
[2025-12-03T13:34:25.572-0500] {logging_mixin.py:190} INFO - [2025-12-03T13:34:25.571-0500] {dag.py:4180} INFO - Setting next_dagrun for example_subdag_operator to 2022-01-01 00:00:00+00:00, run_after=2022-01-01 00:00:00+00:00
[2025-12-03T13:34:25.573-0500] {logging_mixin.py:190} INFO - [2025-12-03T13:34:25.573-0500] {dag.py:4180} INFO - Setting next_dagrun for example_subdag_operator.section-1 to None, run_after=None
[2025-12-03T13:34:25.573-0500] {logging_mixin.py:190} INFO - [2025-12-03T13:34:25.573-0500] {dag.py:4180} INFO - Setting next_dagrun for example_subdag_operator.section-2 to None, run_after=None
[2025-12-03T13:34:25.575-0500] {logging_mixin.py:190} INFO - [2025-12-03T13:34:25.575-0500] {dag.py:3239} INFO - Sync 2 DAGs
[2025-12-03T13:34:25.577-0500] {logging_mixin.py:190} INFO - [2025-12-03T13:34:25.577-0500] {dag.py:4180} INFO - Setting next_dagrun for example_subdag_operator.section-1 to None, run_after=None
[2025-12-03T13:34:25.577-0500] {logging_mixin.py:190} INFO - [2025-12-03T13:34:25.577-0500] {dag.py:4180} INFO - Setting next_dagrun for example_subdag_operator.section-2 to None, run_after=None
[2025-12-03T13:34:25.582-0500] {processor.py:208} INFO - Processing /Users/minijohn/Dev/nyc_taxi_portfolio/.venv/lib/python3.11/site-packages/airflow/example_dags/example_subdag_operator.py took 0.399 seconds
[2025-12-03T13:36:35.569-0500] {processor.py:186} INFO - Started process (PID=5112) to work on /Users/minijohn/Dev/nyc_taxi_portfolio/.venv/lib/python3.11/site-packages/airflow/example_dags/example_subdag_operator.py
[2025-12-03T13:36:35.570-0500] {processor.py:914} INFO - Processing file /Users/minijohn/Dev/nyc_taxi_portfolio/.venv/lib/python3.11/site-packages/airflow/example_dags/example_subdag_operator.py for tasks to queue
[2025-12-03T13:36:35.570-0500] {logging_mixin.py:190} INFO - [2025-12-03T13:36:35.570-0500] {dagbag.py:588} INFO - Filling up the DagBag from /Users/minijohn/Dev/nyc_taxi_portfolio/.venv/lib/python3.11/site-packages/airflow/example_dags/example_subdag_operator.py
[2025-12-03T13:36:35.614-0500] {processor.py:925} INFO - DAG(s) 'example_subdag_operator.section-1', 'example_subdag_operator.section-2', 'example_subdag_operator' retrieved from /Users/minijohn/Dev/nyc_taxi_portfolio/.venv/lib/python3.11/site-packages/airflow/example_dags/example_subdag_operator.py
[2025-12-03T13:36:35.980-0500] {logging_mixin.py:190} INFO - [2025-12-03T13:36:35.980-0500] {dag.py:3239} INFO - Sync 3 DAGs
[2025-12-03T13:36:35.990-0500] {logging_mixin.py:190} INFO - [2025-12-03T13:36:35.990-0500] {dag.py:4180} INFO - Setting next_dagrun for example_subdag_operator to 2022-01-01 00:00:00+00:00, run_after=2022-01-01 00:00:00+00:00
[2025-12-03T13:36:35.992-0500] {logging_mixin.py:190} INFO - [2025-12-03T13:36:35.992-0500] {dag.py:4180} INFO - Setting next_dagrun for example_subdag_operator.section-1 to None, run_after=None
[2025-12-03T13:36:35.993-0500] {logging_mixin.py:190} INFO - [2025-12-03T13:36:35.993-0500] {dag.py:4180} INFO - Setting next_dagrun for example_subdag_operator.section-2 to None, run_after=None
[2025-12-03T13:36:35.996-0500] {logging_mixin.py:190} INFO - [2025-12-03T13:36:35.995-0500] {dag.py:3239} INFO - Sync 2 DAGs
[2025-12-03T13:36:35.999-0500] {logging_mixin.py:190} INFO - [2025-12-03T13:36:35.999-0500] {dag.py:4180} INFO - Setting next_dagrun for example_subdag_operator.section-1 to None, run_after=None
[2025-12-03T13:36:35.999-0500] {logging_mixin.py:190} INFO - [2025-12-03T13:36:35.999-0500] {dag.py:4180} INFO - Setting next_dagrun for example_subdag_operator.section-2 to None, run_after=None
[2025-12-03T13:36:36.006-0500] {processor.py:208} INFO - Processing /Users/minijohn/Dev/nyc_taxi_portfolio/.venv/lib/python3.11/site-packages/airflow/example_dags/example_subdag_operator.py took 0.480 seconds
[2025-12-03T13:38:14.449-0500] {processor.py:186} INFO - Started process (PID=5226) to work on /Users/minijohn/Dev/nyc_taxi_portfolio/.venv/lib/python3.11/site-packages/airflow/example_dags/example_subdag_operator.py
[2025-12-03T13:38:14.450-0500] {processor.py:914} INFO - Processing file /Users/minijohn/Dev/nyc_taxi_portfolio/.venv/lib/python3.11/site-packages/airflow/example_dags/example_subdag_operator.py for tasks to queue
[2025-12-03T13:38:14.450-0500] {logging_mixin.py:190} INFO - [2025-12-03T13:38:14.450-0500] {dagbag.py:588} INFO - Filling up the DagBag from /Users/minijohn/Dev/nyc_taxi_portfolio/.venv/lib/python3.11/site-packages/airflow/example_dags/example_subdag_operator.py
[2025-12-03T13:38:14.490-0500] {processor.py:925} INFO - DAG(s) 'example_subdag_operator.section-1', 'example_subdag_operator.section-2', 'example_subdag_operator' retrieved from /Users/minijohn/Dev/nyc_taxi_portfolio/.venv/lib/python3.11/site-packages/airflow/example_dags/example_subdag_operator.py
[2025-12-03T13:38:14.801-0500] {logging_mixin.py:190} INFO - [2025-12-03T13:38:14.801-0500] {dag.py:3239} INFO - Sync 3 DAGs
[2025-12-03T13:38:14.809-0500] {logging_mixin.py:190} INFO - [2025-12-03T13:38:14.809-0500] {dag.py:4180} INFO - Setting next_dagrun for example_subdag_operator to 2022-01-01 00:00:00+00:00, run_after=2022-01-01 00:00:00+00:00
[2025-12-03T13:38:14.811-0500] {logging_mixin.py:190} INFO - [2025-12-03T13:38:14.811-0500] {dag.py:4180} INFO - Setting next_dagrun for example_subdag_operator.section-1 to None, run_after=None
[2025-12-03T13:38:14.811-0500] {logging_mixin.py:190} INFO - [2025-12-03T13:38:14.811-0500] {dag.py:4180} INFO - Setting next_dagrun for example_subdag_operator.section-2 to None, run_after=None
[2025-12-03T13:38:14.813-0500] {logging_mixin.py:190} INFO - [2025-12-03T13:38:14.813-0500] {dag.py:3239} INFO - Sync 2 DAGs
[2025-12-03T13:38:14.815-0500] {logging_mixin.py:190} INFO - [2025-12-03T13:38:14.815-0500] {dag.py:4180} INFO - Setting next_dagrun for example_subdag_operator.section-1 to None, run_after=None
[2025-12-03T13:38:14.815-0500] {logging_mixin.py:190} INFO - [2025-12-03T13:38:14.815-0500] {dag.py:4180} INFO - Setting next_dagrun for example_subdag_operator.section-2 to None, run_after=None
[2025-12-03T13:38:14.820-0500] {processor.py:208} INFO - Processing /Users/minijohn/Dev/nyc_taxi_portfolio/.venv/lib/python3.11/site-packages/airflow/example_dags/example_subdag_operator.py took 0.406 seconds
[2025-12-03T13:39:46.460-0500] {processor.py:186} INFO - Started process (PID=5451) to work on /Users/minijohn/Dev/nyc_taxi_portfolio/.venv/lib/python3.11/site-packages/airflow/example_dags/example_subdag_operator.py
[2025-12-03T13:39:46.461-0500] {processor.py:914} INFO - Processing file /Users/minijohn/Dev/nyc_taxi_portfolio/.venv/lib/python3.11/site-packages/airflow/example_dags/example_subdag_operator.py for tasks to queue
[2025-12-03T13:39:46.461-0500] {logging_mixin.py:190} INFO - [2025-12-03T13:39:46.461-0500] {dagbag.py:588} INFO - Filling up the DagBag from /Users/minijohn/Dev/nyc_taxi_portfolio/.venv/lib/python3.11/site-packages/airflow/example_dags/example_subdag_operator.py
[2025-12-03T13:39:46.533-0500] {processor.py:925} INFO - DAG(s) 'example_subdag_operator.section-1', 'example_subdag_operator.section-2', 'example_subdag_operator' retrieved from /Users/minijohn/Dev/nyc_taxi_portfolio/.venv/lib/python3.11/site-packages/airflow/example_dags/example_subdag_operator.py
[2025-12-03T13:39:46.892-0500] {logging_mixin.py:190} INFO - [2025-12-03T13:39:46.891-0500] {dag.py:3239} INFO - Sync 3 DAGs
[2025-12-03T13:39:46.899-0500] {logging_mixin.py:190} INFO - [2025-12-03T13:39:46.899-0500] {dag.py:4180} INFO - Setting next_dagrun for example_subdag_operator to 2022-01-01 00:00:00+00:00, run_after=2022-01-01 00:00:00+00:00
[2025-12-03T13:39:46.901-0500] {logging_mixin.py:190} INFO - [2025-12-03T13:39:46.901-0500] {dag.py:4180} INFO - Setting next_dagrun for example_subdag_operator.section-1 to None, run_after=None
[2025-12-03T13:39:46.901-0500] {logging_mixin.py:190} INFO - [2025-12-03T13:39:46.901-0500] {dag.py:4180} INFO - Setting next_dagrun for example_subdag_operator.section-2 to None, run_after=None
[2025-12-03T13:39:46.905-0500] {logging_mixin.py:190} INFO - [2025-12-03T13:39:46.904-0500] {dag.py:3239} INFO - Sync 2 DAGs
[2025-12-03T13:39:46.907-0500] {logging_mixin.py:190} INFO - [2025-12-03T13:39:46.907-0500] {dag.py:4180} INFO - Setting next_dagrun for example_subdag_operator.section-1 to None, run_after=None
[2025-12-03T13:39:46.907-0500] {logging_mixin.py:190} INFO - [2025-12-03T13:39:46.907-0500] {dag.py:4180} INFO - Setting next_dagrun for example_subdag_operator.section-2 to None, run_after=None
[2025-12-03T13:39:46.912-0500] {processor.py:208} INFO - Processing /Users/minijohn/Dev/nyc_taxi_portfolio/.venv/lib/python3.11/site-packages/airflow/example_dags/example_subdag_operator.py took 0.488 seconds
[2025-12-03T13:41:22.948-0500] {processor.py:186} INFO - Started process (PID=5680) to work on /Users/minijohn/Dev/nyc_taxi_portfolio/.venv/lib/python3.11/site-packages/airflow/example_dags/example_subdag_operator.py
[2025-12-03T13:41:22.949-0500] {processor.py:914} INFO - Processing file /Users/minijohn/Dev/nyc_taxi_portfolio/.venv/lib/python3.11/site-packages/airflow/example_dags/example_subdag_operator.py for tasks to queue
[2025-12-03T13:41:22.950-0500] {logging_mixin.py:190} INFO - [2025-12-03T13:41:22.950-0500] {dagbag.py:588} INFO - Filling up the DagBag from /Users/minijohn/Dev/nyc_taxi_portfolio/.venv/lib/python3.11/site-packages/airflow/example_dags/example_subdag_operator.py
[2025-12-03T13:41:22.993-0500] {processor.py:925} INFO - DAG(s) 'example_subdag_operator.section-1', 'example_subdag_operator.section-2', 'example_subdag_operator' retrieved from /Users/minijohn/Dev/nyc_taxi_portfolio/.venv/lib/python3.11/site-packages/airflow/example_dags/example_subdag_operator.py
[2025-12-03T13:41:23.344-0500] {logging_mixin.py:190} INFO - [2025-12-03T13:41:23.344-0500] {dag.py:3239} INFO - Sync 3 DAGs
[2025-12-03T13:41:23.352-0500] {logging_mixin.py:190} INFO - [2025-12-03T13:41:23.352-0500] {dag.py:4180} INFO - Setting next_dagrun for example_subdag_operator to 2022-01-01 00:00:00+00:00, run_after=2022-01-01 00:00:00+00:00
[2025-12-03T13:41:23.354-0500] {logging_mixin.py:190} INFO - [2025-12-03T13:41:23.354-0500] {dag.py:4180} INFO - Setting next_dagrun for example_subdag_operator.section-1 to None, run_after=None
[2025-12-03T13:41:23.355-0500] {logging_mixin.py:190} INFO - [2025-12-03T13:41:23.355-0500] {dag.py:4180} INFO - Setting next_dagrun for example_subdag_operator.section-2 to None, run_after=None
[2025-12-03T13:41:23.358-0500] {logging_mixin.py:190} INFO - [2025-12-03T13:41:23.358-0500] {dag.py:3239} INFO - Sync 2 DAGs
[2025-12-03T13:41:23.360-0500] {logging_mixin.py:190} INFO - [2025-12-03T13:41:23.360-0500] {dag.py:4180} INFO - Setting next_dagrun for example_subdag_operator.section-1 to None, run_after=None
[2025-12-03T13:41:23.360-0500] {logging_mixin.py:190} INFO - [2025-12-03T13:41:23.360-0500] {dag.py:4180} INFO - Setting next_dagrun for example_subdag_operator.section-2 to None, run_after=None
[2025-12-03T13:41:23.365-0500] {processor.py:208} INFO - Processing /Users/minijohn/Dev/nyc_taxi_portfolio/.venv/lib/python3.11/site-packages/airflow/example_dags/example_subdag_operator.py took 0.459 seconds
