[2025-12-03T13:08:39.710-0500] {processor.py:186} INFO - Started process (PID=21151) to work on /Users/minijohn/Dev/nyc_taxi_portfolio/.venv/lib/python3.11/site-packages/airflow/example_dags/example_branch_operator_decorator.py
[2025-12-03T13:08:39.710-0500] {processor.py:914} INFO - Processing file /Users/minijohn/Dev/nyc_taxi_portfolio/.venv/lib/python3.11/site-packages/airflow/example_dags/example_branch_operator_decorator.py for tasks to queue
[2025-12-03T13:08:39.711-0500] {logging_mixin.py:190} INFO - [2025-12-03T13:08:39.711-0500] {dagbag.py:588} INFO - Filling up the DagBag from /Users/minijohn/Dev/nyc_taxi_portfolio/.venv/lib/python3.11/site-packages/airflow/example_dags/example_branch_operator_decorator.py
[2025-12-03T13:08:39.724-0500] {processor.py:927} WARNING - No viable dags retrieved from /Users/minijohn/Dev/nyc_taxi_portfolio/.venv/lib/python3.11/site-packages/airflow/example_dags/example_branch_operator_decorator.py
[2025-12-03T13:08:39.785-0500] {processor.py:208} INFO - Processing /Users/minijohn/Dev/nyc_taxi_portfolio/.venv/lib/python3.11/site-packages/airflow/example_dags/example_branch_operator_decorator.py took 0.135 seconds
[2025-12-03T13:32:44.925-0500] {processor.py:186} INFO - Started process (PID=4795) to work on /Users/minijohn/Dev/nyc_taxi_portfolio/.venv/lib/python3.11/site-packages/airflow/example_dags/example_branch_operator_decorator.py
[2025-12-03T13:32:44.927-0500] {processor.py:914} INFO - Processing file /Users/minijohn/Dev/nyc_taxi_portfolio/.venv/lib/python3.11/site-packages/airflow/example_dags/example_branch_operator_decorator.py for tasks to queue
[2025-12-03T13:32:44.927-0500] {logging_mixin.py:190} INFO - [2025-12-03T13:32:44.927-0500] {dagbag.py:588} INFO - Filling up the DagBag from /Users/minijohn/Dev/nyc_taxi_portfolio/.venv/lib/python3.11/site-packages/airflow/example_dags/example_branch_operator_decorator.py
[2025-12-03T13:32:44.936-0500] {processor.py:927} WARNING - No viable dags retrieved from /Users/minijohn/Dev/nyc_taxi_portfolio/.venv/lib/python3.11/site-packages/airflow/example_dags/example_branch_operator_decorator.py
[2025-12-03T13:32:44.970-0500] {processor.py:208} INFO - Processing /Users/minijohn/Dev/nyc_taxi_portfolio/.venv/lib/python3.11/site-packages/airflow/example_dags/example_branch_operator_decorator.py took 0.080 seconds
[2025-12-03T13:35:35.050-0500] {processor.py:186} INFO - Started process (PID=5007) to work on /Users/minijohn/Dev/nyc_taxi_portfolio/.venv/lib/python3.11/site-packages/airflow/example_dags/example_branch_operator_decorator.py
[2025-12-03T13:35:35.051-0500] {processor.py:914} INFO - Processing file /Users/minijohn/Dev/nyc_taxi_portfolio/.venv/lib/python3.11/site-packages/airflow/example_dags/example_branch_operator_decorator.py for tasks to queue
[2025-12-03T13:35:35.051-0500] {logging_mixin.py:190} INFO - [2025-12-03T13:35:35.051-0500] {dagbag.py:588} INFO - Filling up the DagBag from /Users/minijohn/Dev/nyc_taxi_portfolio/.venv/lib/python3.11/site-packages/airflow/example_dags/example_branch_operator_decorator.py
[2025-12-03T13:35:35.060-0500] {processor.py:927} WARNING - No viable dags retrieved from /Users/minijohn/Dev/nyc_taxi_portfolio/.venv/lib/python3.11/site-packages/airflow/example_dags/example_branch_operator_decorator.py
[2025-12-03T13:35:35.096-0500] {processor.py:208} INFO - Processing /Users/minijohn/Dev/nyc_taxi_portfolio/.venv/lib/python3.11/site-packages/airflow/example_dags/example_branch_operator_decorator.py took 0.088 seconds
[2025-12-03T13:38:50.475-0500] {processor.py:186} INFO - Started process (PID=5304) to work on /Users/minijohn/Dev/nyc_taxi_portfolio/.venv/lib/python3.11/site-packages/airflow/example_dags/example_branch_operator_decorator.py
[2025-12-03T13:38:50.477-0500] {processor.py:914} INFO - Processing file /Users/minijohn/Dev/nyc_taxi_portfolio/.venv/lib/python3.11/site-packages/airflow/example_dags/example_branch_operator_decorator.py for tasks to queue
[2025-12-03T13:38:50.478-0500] {logging_mixin.py:190} INFO - [2025-12-03T13:38:50.478-0500] {dagbag.py:588} INFO - Filling up the DagBag from /Users/minijohn/Dev/nyc_taxi_portfolio/.venv/lib/python3.11/site-packages/airflow/example_dags/example_branch_operator_decorator.py
[2025-12-03T13:38:50.493-0500] {processor.py:927} WARNING - No viable dags retrieved from /Users/minijohn/Dev/nyc_taxi_portfolio/.venv/lib/python3.11/site-packages/airflow/example_dags/example_branch_operator_decorator.py
[2025-12-03T13:38:50.537-0500] {processor.py:208} INFO - Processing /Users/minijohn/Dev/nyc_taxi_portfolio/.venv/lib/python3.11/site-packages/airflow/example_dags/example_branch_operator_decorator.py took 0.113 seconds
[2025-12-03T13:42:02.268-0500] {processor.py:186} INFO - Started process (PID=6186) to work on /Users/minijohn/Dev/nyc_taxi_portfolio/.venv/lib/python3.11/site-packages/airflow/example_dags/example_branch_operator_decorator.py
[2025-12-03T13:42:02.269-0500] {processor.py:914} INFO - Processing file /Users/minijohn/Dev/nyc_taxi_portfolio/.venv/lib/python3.11/site-packages/airflow/example_dags/example_branch_operator_decorator.py for tasks to queue
[2025-12-03T13:42:02.270-0500] {logging_mixin.py:190} INFO - [2025-12-03T13:42:02.269-0500] {dagbag.py:588} INFO - Filling up the DagBag from /Users/minijohn/Dev/nyc_taxi_portfolio/.venv/lib/python3.11/site-packages/airflow/example_dags/example_branch_operator_decorator.py
[2025-12-03T13:42:02.278-0500] {processor.py:927} WARNING - No viable dags retrieved from /Users/minijohn/Dev/nyc_taxi_portfolio/.venv/lib/python3.11/site-packages/airflow/example_dags/example_branch_operator_decorator.py
[2025-12-03T13:42:02.313-0500] {processor.py:208} INFO - Processing /Users/minijohn/Dev/nyc_taxi_portfolio/.venv/lib/python3.11/site-packages/airflow/example_dags/example_branch_operator_decorator.py took 0.081 seconds
