[2025-12-03T13:05:44.876-0500] {processor.py:186} INFO - Started process (PID=20859) to work on /Users/minijohn/Dev/nyc_taxi_portfolio/.venv/lib/python3.11/site-packages/airflow/example_dags/example_xcom.py
[2025-12-03T13:05:44.876-0500] {processor.py:914} INFO - Processing file /Users/minijohn/Dev/nyc_taxi_portfolio/.venv/lib/python3.11/site-packages/airflow/example_dags/example_xcom.py for tasks to queue
[2025-12-03T13:05:44.877-0500] {logging_mixin.py:190} INFO - [2025-12-03T13:05:44.876-0500] {dagbag.py:588} INFO - Filling up the DagBag from /Users/minijohn/Dev/nyc_taxi_portfolio/.venv/lib/python3.11/site-packages/airflow/example_dags/example_xcom.py
[2025-12-03T13:05:44.895-0500] {processor.py:925} INFO - DAG(s) 'example_xcom' retrieved from /Users/minijohn/Dev/nyc_taxi_portfolio/.venv/lib/python3.11/site-packages/airflow/example_dags/example_xcom.py
[2025-12-03T13:05:44.990-0500] {logging_mixin.py:190} INFO - [2025-12-03T13:05:44.989-0500] {override.py:1930} INFO - Created Permission View: can delete on DAG:example_xcom
[2025-12-03T13:05:44.995-0500] {logging_mixin.py:190} INFO - [2025-12-03T13:05:44.994-0500] {override.py:1930} INFO - Created Permission View: can edit on DAG:example_xcom
[2025-12-03T13:05:44.999-0500] {logging_mixin.py:190} INFO - [2025-12-03T13:05:44.999-0500] {override.py:1930} INFO - Created Permission View: can read on DAG:example_xcom
[2025-12-03T13:05:45.003-0500] {logging_mixin.py:190} INFO - [2025-12-03T13:05:45.003-0500] {override.py:1930} INFO - Created Permission View: can delete on DAG Run:example_xcom
[2025-12-03T13:05:45.006-0500] {logging_mixin.py:190} INFO - [2025-12-03T13:05:45.006-0500] {override.py:1930} INFO - Created Permission View: can create on DAG Run:example_xcom
[2025-12-03T13:05:45.010-0500] {logging_mixin.py:190} INFO - [2025-12-03T13:05:45.010-0500] {override.py:1930} INFO - Created Permission View: can read on DAG Run:example_xcom
[2025-12-03T13:05:45.014-0500] {logging_mixin.py:190} INFO - [2025-12-03T13:05:45.013-0500] {override.py:1930} INFO - Created Permission View: menu access on DAG Run:example_xcom
[2025-12-03T13:05:45.014-0500] {logging_mixin.py:190} INFO - [2025-12-03T13:05:45.014-0500] {dag.py:3239} INFO - Sync 1 DAGs
[2025-12-03T13:05:45.021-0500] {logging_mixin.py:190} INFO - [2025-12-03T13:05:45.020-0500] {dag.py:3262} INFO - Creating ORM DAG for example_xcom
[2025-12-03T13:05:45.025-0500] {logging_mixin.py:190} INFO - [2025-12-03T13:05:45.025-0500] {dag.py:4180} INFO - Setting next_dagrun for example_xcom to 2021-01-01 00:00:00+00:00, run_after=2021-01-01 00:00:00+00:00
[2025-12-03T13:05:45.036-0500] {processor.py:208} INFO - Processing /Users/minijohn/Dev/nyc_taxi_portfolio/.venv/lib/python3.11/site-packages/airflow/example_dags/example_xcom.py took 0.204 seconds
[2025-12-03T13:09:51.699-0500] {processor.py:186} INFO - Started process (PID=21267) to work on /Users/minijohn/Dev/nyc_taxi_portfolio/.venv/lib/python3.11/site-packages/airflow/example_dags/example_xcom.py
[2025-12-03T13:09:51.699-0500] {processor.py:914} INFO - Processing file /Users/minijohn/Dev/nyc_taxi_portfolio/.venv/lib/python3.11/site-packages/airflow/example_dags/example_xcom.py for tasks to queue
[2025-12-03T13:09:51.700-0500] {logging_mixin.py:190} INFO - [2025-12-03T13:09:51.700-0500] {dagbag.py:588} INFO - Filling up the DagBag from /Users/minijohn/Dev/nyc_taxi_portfolio/.venv/lib/python3.11/site-packages/airflow/example_dags/example_xcom.py
[2025-12-03T13:09:51.721-0500] {processor.py:925} INFO - DAG(s) 'example_xcom' retrieved from /Users/minijohn/Dev/nyc_taxi_portfolio/.venv/lib/python3.11/site-packages/airflow/example_dags/example_xcom.py
[2025-12-03T13:09:51.776-0500] {logging_mixin.py:190} INFO - [2025-12-03T13:09:51.775-0500] {dag.py:3239} INFO - Sync 1 DAGs
[2025-12-03T13:09:51.787-0500] {logging_mixin.py:190} INFO - [2025-12-03T13:09:51.787-0500] {dag.py:4180} INFO - Setting next_dagrun for example_xcom to 2021-01-01 00:00:00+00:00, run_after=2021-01-01 00:00:00+00:00
[2025-12-03T13:09:51.796-0500] {processor.py:208} INFO - Processing /Users/minijohn/Dev/nyc_taxi_portfolio/.venv/lib/python3.11/site-packages/airflow/example_dags/example_xcom.py took 0.149 seconds
[2025-12-03T13:31:19.216-0500] {processor.py:186} INFO - Started process (PID=4670) to work on /Users/minijohn/Dev/nyc_taxi_portfolio/.venv/lib/python3.11/site-packages/airflow/example_dags/example_xcom.py
[2025-12-03T13:31:19.217-0500] {processor.py:914} INFO - Processing file /Users/minijohn/Dev/nyc_taxi_portfolio/.venv/lib/python3.11/site-packages/airflow/example_dags/example_xcom.py for tasks to queue
[2025-12-03T13:31:19.217-0500] {logging_mixin.py:190} INFO - [2025-12-03T13:31:19.217-0500] {dagbag.py:588} INFO - Filling up the DagBag from /Users/minijohn/Dev/nyc_taxi_portfolio/.venv/lib/python3.11/site-packages/airflow/example_dags/example_xcom.py
[2025-12-03T13:31:19.233-0500] {processor.py:925} INFO - DAG(s) 'example_xcom' retrieved from /Users/minijohn/Dev/nyc_taxi_portfolio/.venv/lib/python3.11/site-packages/airflow/example_dags/example_xcom.py
[2025-12-03T13:31:19.273-0500] {logging_mixin.py:190} INFO - [2025-12-03T13:31:19.273-0500] {dag.py:3239} INFO - Sync 1 DAGs
[2025-12-03T13:31:19.283-0500] {logging_mixin.py:190} INFO - [2025-12-03T13:31:19.283-0500] {dag.py:4180} INFO - Setting next_dagrun for example_xcom to 2021-01-01 00:00:00+00:00, run_after=2021-01-01 00:00:00+00:00
[2025-12-03T13:31:19.292-0500] {processor.py:208} INFO - Processing /Users/minijohn/Dev/nyc_taxi_portfolio/.venv/lib/python3.11/site-packages/airflow/example_dags/example_xcom.py took 0.112 seconds
[2025-12-03T13:34:11.130-0500] {processor.py:186} INFO - Started process (PID=4892) to work on /Users/minijohn/Dev/nyc_taxi_portfolio/.venv/lib/python3.11/site-packages/airflow/example_dags/example_xcom.py
[2025-12-03T13:34:11.131-0500] {processor.py:914} INFO - Processing file /Users/minijohn/Dev/nyc_taxi_portfolio/.venv/lib/python3.11/site-packages/airflow/example_dags/example_xcom.py for tasks to queue
[2025-12-03T13:34:11.132-0500] {logging_mixin.py:190} INFO - [2025-12-03T13:34:11.131-0500] {dagbag.py:588} INFO - Filling up the DagBag from /Users/minijohn/Dev/nyc_taxi_portfolio/.venv/lib/python3.11/site-packages/airflow/example_dags/example_xcom.py
[2025-12-03T13:34:11.147-0500] {processor.py:925} INFO - DAG(s) 'example_xcom' retrieved from /Users/minijohn/Dev/nyc_taxi_portfolio/.venv/lib/python3.11/site-packages/airflow/example_dags/example_xcom.py
[2025-12-03T13:34:11.186-0500] {logging_mixin.py:190} INFO - [2025-12-03T13:34:11.186-0500] {dag.py:3239} INFO - Sync 1 DAGs
[2025-12-03T13:34:11.194-0500] {logging_mixin.py:190} INFO - [2025-12-03T13:34:11.194-0500] {dag.py:4180} INFO - Setting next_dagrun for example_xcom to 2021-01-01 00:00:00+00:00, run_after=2021-01-01 00:00:00+00:00
[2025-12-03T13:34:11.202-0500] {processor.py:208} INFO - Processing /Users/minijohn/Dev/nyc_taxi_portfolio/.venv/lib/python3.11/site-packages/airflow/example_dags/example_xcom.py took 0.108 seconds
[2025-12-03T13:36:19.071-0500] {processor.py:186} INFO - Started process (PID=5097) to work on /Users/minijohn/Dev/nyc_taxi_portfolio/.venv/lib/python3.11/site-packages/airflow/example_dags/example_xcom.py
[2025-12-03T13:36:19.072-0500] {processor.py:914} INFO - Processing file /Users/minijohn/Dev/nyc_taxi_portfolio/.venv/lib/python3.11/site-packages/airflow/example_dags/example_xcom.py for tasks to queue
[2025-12-03T13:36:19.072-0500] {logging_mixin.py:190} INFO - [2025-12-03T13:36:19.072-0500] {dagbag.py:588} INFO - Filling up the DagBag from /Users/minijohn/Dev/nyc_taxi_portfolio/.venv/lib/python3.11/site-packages/airflow/example_dags/example_xcom.py
[2025-12-03T13:36:19.088-0500] {processor.py:925} INFO - DAG(s) 'example_xcom' retrieved from /Users/minijohn/Dev/nyc_taxi_portfolio/.venv/lib/python3.11/site-packages/airflow/example_dags/example_xcom.py
[2025-12-03T13:36:19.130-0500] {logging_mixin.py:190} INFO - [2025-12-03T13:36:19.130-0500] {dag.py:3239} INFO - Sync 1 DAGs
[2025-12-03T13:36:19.138-0500] {logging_mixin.py:190} INFO - [2025-12-03T13:36:19.138-0500] {dag.py:4180} INFO - Setting next_dagrun for example_xcom to 2021-01-01 00:00:00+00:00, run_after=2021-01-01 00:00:00+00:00
[2025-12-03T13:36:19.146-0500] {processor.py:208} INFO - Processing /Users/minijohn/Dev/nyc_taxi_portfolio/.venv/lib/python3.11/site-packages/airflow/example_dags/example_xcom.py took 0.114 seconds
[2025-12-03T13:37:58.465-0500] {processor.py:186} INFO - Started process (PID=5210) to work on /Users/minijohn/Dev/nyc_taxi_portfolio/.venv/lib/python3.11/site-packages/airflow/example_dags/example_xcom.py
[2025-12-03T13:37:58.466-0500] {processor.py:914} INFO - Processing file /Users/minijohn/Dev/nyc_taxi_portfolio/.venv/lib/python3.11/site-packages/airflow/example_dags/example_xcom.py for tasks to queue
[2025-12-03T13:37:58.467-0500] {logging_mixin.py:190} INFO - [2025-12-03T13:37:58.467-0500] {dagbag.py:588} INFO - Filling up the DagBag from /Users/minijohn/Dev/nyc_taxi_portfolio/.venv/lib/python3.11/site-packages/airflow/example_dags/example_xcom.py
[2025-12-03T13:37:58.482-0500] {processor.py:925} INFO - DAG(s) 'example_xcom' retrieved from /Users/minijohn/Dev/nyc_taxi_portfolio/.venv/lib/python3.11/site-packages/airflow/example_dags/example_xcom.py
[2025-12-03T13:37:58.520-0500] {logging_mixin.py:190} INFO - [2025-12-03T13:37:58.520-0500] {dag.py:3239} INFO - Sync 1 DAGs
[2025-12-03T13:37:58.529-0500] {logging_mixin.py:190} INFO - [2025-12-03T13:37:58.528-0500] {dag.py:4180} INFO - Setting next_dagrun for example_xcom to 2021-01-01 00:00:00+00:00, run_after=2021-01-01 00:00:00+00:00
[2025-12-03T13:37:58.536-0500] {processor.py:208} INFO - Processing /Users/minijohn/Dev/nyc_taxi_portfolio/.venv/lib/python3.11/site-packages/airflow/example_dags/example_xcom.py took 0.108 seconds
[2025-12-03T13:39:31.243-0500] {processor.py:186} INFO - Started process (PID=5427) to work on /Users/minijohn/Dev/nyc_taxi_portfolio/.venv/lib/python3.11/site-packages/airflow/example_dags/example_xcom.py
[2025-12-03T13:39:31.244-0500] {processor.py:914} INFO - Processing file /Users/minijohn/Dev/nyc_taxi_portfolio/.venv/lib/python3.11/site-packages/airflow/example_dags/example_xcom.py for tasks to queue
[2025-12-03T13:39:31.244-0500] {logging_mixin.py:190} INFO - [2025-12-03T13:39:31.244-0500] {dagbag.py:588} INFO - Filling up the DagBag from /Users/minijohn/Dev/nyc_taxi_portfolio/.venv/lib/python3.11/site-packages/airflow/example_dags/example_xcom.py
[2025-12-03T13:39:31.259-0500] {processor.py:925} INFO - DAG(s) 'example_xcom' retrieved from /Users/minijohn/Dev/nyc_taxi_portfolio/.venv/lib/python3.11/site-packages/airflow/example_dags/example_xcom.py
[2025-12-03T13:39:31.298-0500] {logging_mixin.py:190} INFO - [2025-12-03T13:39:31.298-0500] {dag.py:3239} INFO - Sync 1 DAGs
[2025-12-03T13:39:31.306-0500] {logging_mixin.py:190} INFO - [2025-12-03T13:39:31.306-0500] {dag.py:4180} INFO - Setting next_dagrun for example_xcom to 2021-01-01 00:00:00+00:00, run_after=2021-01-01 00:00:00+00:00
[2025-12-03T13:39:31.314-0500] {processor.py:208} INFO - Processing /Users/minijohn/Dev/nyc_taxi_portfolio/.venv/lib/python3.11/site-packages/airflow/example_dags/example_xcom.py took 0.109 seconds
[2025-12-03T13:41:06.702-0500] {processor.py:186} INFO - Started process (PID=5629) to work on /Users/minijohn/Dev/nyc_taxi_portfolio/.venv/lib/python3.11/site-packages/airflow/example_dags/example_xcom.py
[2025-12-03T13:41:06.703-0500] {processor.py:914} INFO - Processing file /Users/minijohn/Dev/nyc_taxi_portfolio/.venv/lib/python3.11/site-packages/airflow/example_dags/example_xcom.py for tasks to queue
[2025-12-03T13:41:06.703-0500] {logging_mixin.py:190} INFO - [2025-12-03T13:41:06.703-0500] {dagbag.py:588} INFO - Filling up the DagBag from /Users/minijohn/Dev/nyc_taxi_portfolio/.venv/lib/python3.11/site-packages/airflow/example_dags/example_xcom.py
[2025-12-03T13:41:06.719-0500] {processor.py:925} INFO - DAG(s) 'example_xcom' retrieved from /Users/minijohn/Dev/nyc_taxi_portfolio/.venv/lib/python3.11/site-packages/airflow/example_dags/example_xcom.py
[2025-12-03T13:41:06.758-0500] {logging_mixin.py:190} INFO - [2025-12-03T13:41:06.758-0500] {dag.py:3239} INFO - Sync 1 DAGs
[2025-12-03T13:41:06.765-0500] {logging_mixin.py:190} INFO - [2025-12-03T13:41:06.765-0500] {dag.py:4180} INFO - Setting next_dagrun for example_xcom to 2021-01-01 00:00:00+00:00, run_after=2021-01-01 00:00:00+00:00
[2025-12-03T13:41:06.772-0500] {processor.py:208} INFO - Processing /Users/minijohn/Dev/nyc_taxi_portfolio/.venv/lib/python3.11/site-packages/airflow/example_dags/example_xcom.py took 0.107 seconds
