[2025-12-03T13:07:23.792-0500] {processor.py:186} INFO - Started process (PID=21041) to work on /Users/minijohn/Dev/nyc_taxi_portfolio/.venv/lib/python3.11/site-packages/airflow/example_dags/example_nested_branch_dag.py
[2025-12-03T13:07:23.792-0500] {processor.py:914} INFO - Processing file /Users/minijohn/Dev/nyc_taxi_portfolio/.venv/lib/python3.11/site-packages/airflow/example_dags/example_nested_branch_dag.py for tasks to queue
[2025-12-03T13:07:23.793-0500] {logging_mixin.py:190} INFO - [2025-12-03T13:07:23.793-0500] {dagbag.py:588} INFO - Filling up the DagBag from /Users/minijohn/Dev/nyc_taxi_portfolio/.venv/lib/python3.11/site-packages/airflow/example_dags/example_nested_branch_dag.py
[2025-12-03T13:07:23.815-0500] {processor.py:925} INFO - DAG(s) 'example_nested_branch_dag' retrieved from /Users/minijohn/Dev/nyc_taxi_portfolio/.venv/lib/python3.11/site-packages/airflow/example_dags/example_nested_branch_dag.py
[2025-12-03T13:07:23.916-0500] {logging_mixin.py:190} INFO - [2025-12-03T13:07:23.915-0500] {override.py:1930} INFO - Created Permission View: can edit on DAG:example_nested_branch_dag
[2025-12-03T13:07:23.921-0500] {logging_mixin.py:190} INFO - [2025-12-03T13:07:23.921-0500] {override.py:1930} INFO - Created Permission View: can read on DAG:example_nested_branch_dag
[2025-12-03T13:07:23.925-0500] {logging_mixin.py:190} INFO - [2025-12-03T13:07:23.925-0500] {override.py:1930} INFO - Created Permission View: can delete on DAG:example_nested_branch_dag
[2025-12-03T13:07:23.929-0500] {logging_mixin.py:190} INFO - [2025-12-03T13:07:23.929-0500] {override.py:1930} INFO - Created Permission View: can create on DAG Run:example_nested_branch_dag
[2025-12-03T13:07:23.933-0500] {logging_mixin.py:190} INFO - [2025-12-03T13:07:23.933-0500] {override.py:1930} INFO - Created Permission View: can read on DAG Run:example_nested_branch_dag
[2025-12-03T13:07:23.938-0500] {logging_mixin.py:190} INFO - [2025-12-03T13:07:23.938-0500] {override.py:1930} INFO - Created Permission View: menu access on DAG Run:example_nested_branch_dag
[2025-12-03T13:07:23.942-0500] {logging_mixin.py:190} INFO - [2025-12-03T13:07:23.942-0500] {override.py:1930} INFO - Created Permission View: can delete on DAG Run:example_nested_branch_dag
[2025-12-03T13:07:23.942-0500] {logging_mixin.py:190} INFO - [2025-12-03T13:07:23.942-0500] {dag.py:3239} INFO - Sync 1 DAGs
[2025-12-03T13:07:23.948-0500] {logging_mixin.py:190} INFO - [2025-12-03T13:07:23.948-0500] {dag.py:3262} INFO - Creating ORM DAG for example_nested_branch_dag
[2025-12-03T13:07:23.953-0500] {logging_mixin.py:190} INFO - [2025-12-03T13:07:23.953-0500] {dag.py:4180} INFO - Setting next_dagrun for example_nested_branch_dag to 2025-12-02 00:00:00+00:00, run_after=2025-12-03 00:00:00+00:00
[2025-12-03T13:07:23.965-0500] {processor.py:208} INFO - Processing /Users/minijohn/Dev/nyc_taxi_portfolio/.venv/lib/python3.11/site-packages/airflow/example_dags/example_nested_branch_dag.py took 0.222 seconds
[2025-12-03T13:32:10.288-0500] {processor.py:186} INFO - Started process (PID=4749) to work on /Users/minijohn/Dev/nyc_taxi_portfolio/.venv/lib/python3.11/site-packages/airflow/example_dags/example_nested_branch_dag.py
[2025-12-03T13:32:10.289-0500] {processor.py:914} INFO - Processing file /Users/minijohn/Dev/nyc_taxi_portfolio/.venv/lib/python3.11/site-packages/airflow/example_dags/example_nested_branch_dag.py for tasks to queue
[2025-12-03T13:32:10.290-0500] {logging_mixin.py:190} INFO - [2025-12-03T13:32:10.290-0500] {dagbag.py:588} INFO - Filling up the DagBag from /Users/minijohn/Dev/nyc_taxi_portfolio/.venv/lib/python3.11/site-packages/airflow/example_dags/example_nested_branch_dag.py
[2025-12-03T13:32:10.306-0500] {processor.py:925} INFO - DAG(s) 'example_nested_branch_dag' retrieved from /Users/minijohn/Dev/nyc_taxi_portfolio/.venv/lib/python3.11/site-packages/airflow/example_dags/example_nested_branch_dag.py
[2025-12-03T13:32:10.345-0500] {logging_mixin.py:190} INFO - [2025-12-03T13:32:10.345-0500] {dag.py:3239} INFO - Sync 1 DAGs
[2025-12-03T13:32:10.354-0500] {logging_mixin.py:190} INFO - [2025-12-03T13:32:10.354-0500] {dag.py:4180} INFO - Setting next_dagrun for example_nested_branch_dag to 2025-12-02 00:00:00+00:00, run_after=2025-12-03 00:00:00+00:00
[2025-12-03T13:32:10.361-0500] {processor.py:208} INFO - Processing /Users/minijohn/Dev/nyc_taxi_portfolio/.venv/lib/python3.11/site-packages/airflow/example_dags/example_nested_branch_dag.py took 0.112 seconds
[2025-12-03T13:35:01.028-0500] {processor.py:186} INFO - Started process (PID=4960) to work on /Users/minijohn/Dev/nyc_taxi_portfolio/.venv/lib/python3.11/site-packages/airflow/example_dags/example_nested_branch_dag.py
[2025-12-03T13:35:01.029-0500] {processor.py:914} INFO - Processing file /Users/minijohn/Dev/nyc_taxi_portfolio/.venv/lib/python3.11/site-packages/airflow/example_dags/example_nested_branch_dag.py for tasks to queue
[2025-12-03T13:35:01.030-0500] {logging_mixin.py:190} INFO - [2025-12-03T13:35:01.030-0500] {dagbag.py:588} INFO - Filling up the DagBag from /Users/minijohn/Dev/nyc_taxi_portfolio/.venv/lib/python3.11/site-packages/airflow/example_dags/example_nested_branch_dag.py
[2025-12-03T13:35:01.046-0500] {processor.py:925} INFO - DAG(s) 'example_nested_branch_dag' retrieved from /Users/minijohn/Dev/nyc_taxi_portfolio/.venv/lib/python3.11/site-packages/airflow/example_dags/example_nested_branch_dag.py
[2025-12-03T13:35:01.084-0500] {logging_mixin.py:190} INFO - [2025-12-03T13:35:01.084-0500] {dag.py:3239} INFO - Sync 1 DAGs
[2025-12-03T13:35:01.092-0500] {logging_mixin.py:190} INFO - [2025-12-03T13:35:01.092-0500] {dag.py:4180} INFO - Setting next_dagrun for example_nested_branch_dag to 2025-12-02 00:00:00+00:00, run_after=2025-12-03 00:00:00+00:00
[2025-12-03T13:35:01.099-0500] {processor.py:208} INFO - Processing /Users/minijohn/Dev/nyc_taxi_portfolio/.venv/lib/python3.11/site-packages/airflow/example_dags/example_nested_branch_dag.py took 0.106 seconds
[2025-12-03T13:37:10.714-0500] {processor.py:186} INFO - Started process (PID=5152) to work on /Users/minijohn/Dev/nyc_taxi_portfolio/.venv/lib/python3.11/site-packages/airflow/example_dags/example_nested_branch_dag.py
[2025-12-03T13:37:10.715-0500] {processor.py:914} INFO - Processing file /Users/minijohn/Dev/nyc_taxi_portfolio/.venv/lib/python3.11/site-packages/airflow/example_dags/example_nested_branch_dag.py for tasks to queue
[2025-12-03T13:37:10.715-0500] {logging_mixin.py:190} INFO - [2025-12-03T13:37:10.715-0500] {dagbag.py:588} INFO - Filling up the DagBag from /Users/minijohn/Dev/nyc_taxi_portfolio/.venv/lib/python3.11/site-packages/airflow/example_dags/example_nested_branch_dag.py
[2025-12-03T13:37:10.732-0500] {processor.py:925} INFO - DAG(s) 'example_nested_branch_dag' retrieved from /Users/minijohn/Dev/nyc_taxi_portfolio/.venv/lib/python3.11/site-packages/airflow/example_dags/example_nested_branch_dag.py
[2025-12-03T13:37:10.771-0500] {logging_mixin.py:190} INFO - [2025-12-03T13:37:10.771-0500] {dag.py:3239} INFO - Sync 1 DAGs
[2025-12-03T13:37:10.780-0500] {logging_mixin.py:190} INFO - [2025-12-03T13:37:10.780-0500] {dag.py:4180} INFO - Setting next_dagrun for example_nested_branch_dag to 2025-12-02 00:00:00+00:00, run_after=2025-12-03 00:00:00+00:00
[2025-12-03T13:37:10.787-0500] {processor.py:208} INFO - Processing /Users/minijohn/Dev/nyc_taxi_portfolio/.venv/lib/python3.11/site-packages/airflow/example_dags/example_nested_branch_dag.py took 0.114 seconds
[2025-12-03T13:40:17.514-0500] {processor.py:186} INFO - Started process (PID=5519) to work on /Users/minijohn/Dev/nyc_taxi_portfolio/.venv/lib/python3.11/site-packages/airflow/example_dags/example_nested_branch_dag.py
[2025-12-03T13:40:17.515-0500] {processor.py:914} INFO - Processing file /Users/minijohn/Dev/nyc_taxi_portfolio/.venv/lib/python3.11/site-packages/airflow/example_dags/example_nested_branch_dag.py for tasks to queue
[2025-12-03T13:40:17.515-0500] {logging_mixin.py:190} INFO - [2025-12-03T13:40:17.515-0500] {dagbag.py:588} INFO - Filling up the DagBag from /Users/minijohn/Dev/nyc_taxi_portfolio/.venv/lib/python3.11/site-packages/airflow/example_dags/example_nested_branch_dag.py
[2025-12-03T13:40:17.532-0500] {processor.py:925} INFO - DAG(s) 'example_nested_branch_dag' retrieved from /Users/minijohn/Dev/nyc_taxi_portfolio/.venv/lib/python3.11/site-packages/airflow/example_dags/example_nested_branch_dag.py
[2025-12-03T13:40:17.573-0500] {logging_mixin.py:190} INFO - [2025-12-03T13:40:17.573-0500] {dag.py:3239} INFO - Sync 1 DAGs
[2025-12-03T13:40:17.581-0500] {logging_mixin.py:190} INFO - [2025-12-03T13:40:17.581-0500] {dag.py:4180} INFO - Setting next_dagrun for example_nested_branch_dag to 2025-12-02 00:00:00+00:00, run_after=2025-12-03 00:00:00+00:00
[2025-12-03T13:40:17.590-0500] {processor.py:208} INFO - Processing /Users/minijohn/Dev/nyc_taxi_portfolio/.venv/lib/python3.11/site-packages/airflow/example_dags/example_nested_branch_dag.py took 0.114 seconds
