[2025-12-03T13:08:57.543-0500] {processor.py:186} INFO - Started process (PID=21178) to work on /Users/minijohn/Dev/nyc_taxi_portfolio/.venv/lib/python3.11/site-packages/airflow/example_dags/example_branch_datetime_operator.py
[2025-12-03T13:08:57.544-0500] {processor.py:914} INFO - Processing file /Users/minijohn/Dev/nyc_taxi_portfolio/.venv/lib/python3.11/site-packages/airflow/example_dags/example_branch_datetime_operator.py for tasks to queue
[2025-12-03T13:08:57.544-0500] {logging_mixin.py:190} INFO - [2025-12-03T13:08:57.544-0500] {dagbag.py:588} INFO - Filling up the DagBag from /Users/minijohn/Dev/nyc_taxi_portfolio/.venv/lib/python3.11/site-packages/airflow/example_dags/example_branch_datetime_operator.py
[2025-12-03T13:08:57.551-0500] {processor.py:925} INFO - DAG(s) 'example_branch_datetime_operator', 'example_branch_datetime_operator_3', 'example_branch_datetime_operator_2' retrieved from /Users/minijohn/Dev/nyc_taxi_portfolio/.venv/lib/python3.11/site-packages/airflow/example_dags/example_branch_datetime_operator.py
[2025-12-03T13:08:57.656-0500] {logging_mixin.py:190} INFO - [2025-12-03T13:08:57.656-0500] {override.py:1930} INFO - Created Permission View: can read on DAG:example_branch_datetime_operator
[2025-12-03T13:08:57.661-0500] {logging_mixin.py:190} INFO - [2025-12-03T13:08:57.661-0500] {override.py:1930} INFO - Created Permission View: can delete on DAG:example_branch_datetime_operator
[2025-12-03T13:08:57.664-0500] {logging_mixin.py:190} INFO - [2025-12-03T13:08:57.664-0500] {override.py:1930} INFO - Created Permission View: can edit on DAG:example_branch_datetime_operator
[2025-12-03T13:08:57.672-0500] {logging_mixin.py:190} INFO - [2025-12-03T13:08:57.671-0500] {override.py:1930} INFO - Created Permission View: can read on DAG Run:example_branch_datetime_operator
[2025-12-03T13:08:57.676-0500] {logging_mixin.py:190} INFO - [2025-12-03T13:08:57.676-0500] {override.py:1930} INFO - Created Permission View: can create on DAG Run:example_branch_datetime_operator
[2025-12-03T13:08:57.679-0500] {logging_mixin.py:190} INFO - [2025-12-03T13:08:57.679-0500] {override.py:1930} INFO - Created Permission View: can delete on DAG Run:example_branch_datetime_operator
[2025-12-03T13:08:57.682-0500] {logging_mixin.py:190} INFO - [2025-12-03T13:08:57.682-0500] {override.py:1930} INFO - Created Permission View: menu access on DAG Run:example_branch_datetime_operator
[2025-12-03T13:08:57.688-0500] {logging_mixin.py:190} INFO - [2025-12-03T13:08:57.688-0500] {override.py:1930} INFO - Created Permission View: can read on DAG:example_branch_datetime_operator_3
[2025-12-03T13:08:57.692-0500] {logging_mixin.py:190} INFO - [2025-12-03T13:08:57.691-0500] {override.py:1930} INFO - Created Permission View: can delete on DAG:example_branch_datetime_operator_3
[2025-12-03T13:08:57.698-0500] {logging_mixin.py:190} INFO - [2025-12-03T13:08:57.697-0500] {override.py:1930} INFO - Created Permission View: can edit on DAG:example_branch_datetime_operator_3
[2025-12-03T13:08:57.702-0500] {logging_mixin.py:190} INFO - [2025-12-03T13:08:57.702-0500] {override.py:1930} INFO - Created Permission View: can read on DAG Run:example_branch_datetime_operator_3
[2025-12-03T13:08:57.705-0500] {logging_mixin.py:190} INFO - [2025-12-03T13:08:57.705-0500] {override.py:1930} INFO - Created Permission View: can create on DAG Run:example_branch_datetime_operator_3
[2025-12-03T13:08:57.708-0500] {logging_mixin.py:190} INFO - [2025-12-03T13:08:57.708-0500] {override.py:1930} INFO - Created Permission View: can delete on DAG Run:example_branch_datetime_operator_3
[2025-12-03T13:08:57.712-0500] {logging_mixin.py:190} INFO - [2025-12-03T13:08:57.712-0500] {override.py:1930} INFO - Created Permission View: menu access on DAG Run:example_branch_datetime_operator_3
[2025-12-03T13:08:57.720-0500] {logging_mixin.py:190} INFO - [2025-12-03T13:08:57.719-0500] {override.py:1930} INFO - Created Permission View: can read on DAG:example_branch_datetime_operator_2
[2025-12-03T13:08:57.723-0500] {logging_mixin.py:190} INFO - [2025-12-03T13:08:57.722-0500] {override.py:1930} INFO - Created Permission View: can delete on DAG:example_branch_datetime_operator_2
[2025-12-03T13:08:57.726-0500] {logging_mixin.py:190} INFO - [2025-12-03T13:08:57.726-0500] {override.py:1930} INFO - Created Permission View: can edit on DAG:example_branch_datetime_operator_2
[2025-12-03T13:08:57.730-0500] {logging_mixin.py:190} INFO - [2025-12-03T13:08:57.730-0500] {override.py:1930} INFO - Created Permission View: can read on DAG Run:example_branch_datetime_operator_2
[2025-12-03T13:08:57.733-0500] {logging_mixin.py:190} INFO - [2025-12-03T13:08:57.733-0500] {override.py:1930} INFO - Created Permission View: can create on DAG Run:example_branch_datetime_operator_2
[2025-12-03T13:08:57.736-0500] {logging_mixin.py:190} INFO - [2025-12-03T13:08:57.736-0500] {override.py:1930} INFO - Created Permission View: can delete on DAG Run:example_branch_datetime_operator_2
[2025-12-03T13:08:57.739-0500] {logging_mixin.py:190} INFO - [2025-12-03T13:08:57.739-0500] {override.py:1930} INFO - Created Permission View: menu access on DAG Run:example_branch_datetime_operator_2
[2025-12-03T13:08:57.739-0500] {logging_mixin.py:190} INFO - [2025-12-03T13:08:57.739-0500] {dag.py:3239} INFO - Sync 3 DAGs
[2025-12-03T13:08:57.751-0500] {logging_mixin.py:190} INFO - [2025-12-03T13:08:57.751-0500] {dag.py:3262} INFO - Creating ORM DAG for example_branch_datetime_operator_3
[2025-12-03T13:08:57.752-0500] {logging_mixin.py:190} INFO - [2025-12-03T13:08:57.752-0500] {dag.py:3262} INFO - Creating ORM DAG for example_branch_datetime_operator
[2025-12-03T13:08:57.752-0500] {logging_mixin.py:190} INFO - [2025-12-03T13:08:57.752-0500] {dag.py:3262} INFO - Creating ORM DAG for example_branch_datetime_operator_2
[2025-12-03T13:08:57.756-0500] {logging_mixin.py:190} INFO - [2025-12-03T13:08:57.756-0500] {dag.py:4180} INFO - Setting next_dagrun for example_branch_datetime_operator to 2025-12-02 00:00:00+00:00, run_after=2025-12-03 00:00:00+00:00
[2025-12-03T13:08:57.757-0500] {logging_mixin.py:190} INFO - [2025-12-03T13:08:57.757-0500] {dag.py:4180} INFO - Setting next_dagrun for example_branch_datetime_operator_2 to 2025-12-02 00:00:00+00:00, run_after=2025-12-03 00:00:00+00:00
[2025-12-03T13:08:57.758-0500] {logging_mixin.py:190} INFO - [2025-12-03T13:08:57.758-0500] {dag.py:4180} INFO - Setting next_dagrun for example_branch_datetime_operator_3 to 2025-12-02 00:00:00+00:00, run_after=2025-12-03 00:00:00+00:00
[2025-12-03T13:08:57.769-0500] {processor.py:208} INFO - Processing /Users/minijohn/Dev/nyc_taxi_portfolio/.venv/lib/python3.11/site-packages/airflow/example_dags/example_branch_datetime_operator.py took 0.280 seconds
[2025-12-03T13:32:52.390-0500] {processor.py:186} INFO - Started process (PID=4803) to work on /Users/minijohn/Dev/nyc_taxi_portfolio/.venv/lib/python3.11/site-packages/airflow/example_dags/example_branch_datetime_operator.py
[2025-12-03T13:32:52.392-0500] {processor.py:914} INFO - Processing file /Users/minijohn/Dev/nyc_taxi_portfolio/.venv/lib/python3.11/site-packages/airflow/example_dags/example_branch_datetime_operator.py for tasks to queue
[2025-12-03T13:32:52.392-0500] {logging_mixin.py:190} INFO - [2025-12-03T13:32:52.392-0500] {dagbag.py:588} INFO - Filling up the DagBag from /Users/minijohn/Dev/nyc_taxi_portfolio/.venv/lib/python3.11/site-packages/airflow/example_dags/example_branch_datetime_operator.py
[2025-12-03T13:32:52.399-0500] {processor.py:925} INFO - DAG(s) 'example_branch_datetime_operator', 'example_branch_datetime_operator_3', 'example_branch_datetime_operator_2' retrieved from /Users/minijohn/Dev/nyc_taxi_portfolio/.venv/lib/python3.11/site-packages/airflow/example_dags/example_branch_datetime_operator.py
[2025-12-03T13:32:52.440-0500] {logging_mixin.py:190} INFO - [2025-12-03T13:32:52.439-0500] {dag.py:3239} INFO - Sync 3 DAGs
[2025-12-03T13:32:52.447-0500] {logging_mixin.py:190} INFO - [2025-12-03T13:32:52.447-0500] {dag.py:4180} INFO - Setting next_dagrun for example_branch_datetime_operator to 2025-12-02 00:00:00+00:00, run_after=2025-12-03 00:00:00+00:00
[2025-12-03T13:32:52.449-0500] {logging_mixin.py:190} INFO - [2025-12-03T13:32:52.449-0500] {dag.py:4180} INFO - Setting next_dagrun for example_branch_datetime_operator_2 to 2025-12-02 00:00:00+00:00, run_after=2025-12-03 00:00:00+00:00
[2025-12-03T13:32:52.450-0500] {logging_mixin.py:190} INFO - [2025-12-03T13:32:52.450-0500] {dag.py:4180} INFO - Setting next_dagrun for example_branch_datetime_operator_3 to 2025-12-02 00:00:00+00:00, run_after=2025-12-03 00:00:00+00:00
[2025-12-03T13:32:52.457-0500] {processor.py:208} INFO - Processing /Users/minijohn/Dev/nyc_taxi_portfolio/.venv/lib/python3.11/site-packages/airflow/example_dags/example_branch_datetime_operator.py took 0.104 seconds
[2025-12-03T13:35:44.124-0500] {processor.py:186} INFO - Started process (PID=5027) to work on /Users/minijohn/Dev/nyc_taxi_portfolio/.venv/lib/python3.11/site-packages/airflow/example_dags/example_branch_datetime_operator.py
[2025-12-03T13:35:44.125-0500] {processor.py:914} INFO - Processing file /Users/minijohn/Dev/nyc_taxi_portfolio/.venv/lib/python3.11/site-packages/airflow/example_dags/example_branch_datetime_operator.py for tasks to queue
[2025-12-03T13:35:44.125-0500] {logging_mixin.py:190} INFO - [2025-12-03T13:35:44.125-0500] {dagbag.py:588} INFO - Filling up the DagBag from /Users/minijohn/Dev/nyc_taxi_portfolio/.venv/lib/python3.11/site-packages/airflow/example_dags/example_branch_datetime_operator.py
[2025-12-03T13:35:44.131-0500] {processor.py:925} INFO - DAG(s) 'example_branch_datetime_operator', 'example_branch_datetime_operator_2', 'example_branch_datetime_operator_3' retrieved from /Users/minijohn/Dev/nyc_taxi_portfolio/.venv/lib/python3.11/site-packages/airflow/example_dags/example_branch_datetime_operator.py
[2025-12-03T13:35:44.173-0500] {logging_mixin.py:190} INFO - [2025-12-03T13:35:44.172-0500] {dag.py:3239} INFO - Sync 3 DAGs
[2025-12-03T13:35:44.180-0500] {logging_mixin.py:190} INFO - [2025-12-03T13:35:44.180-0500] {dag.py:4180} INFO - Setting next_dagrun for example_branch_datetime_operator to 2025-12-02 00:00:00+00:00, run_after=2025-12-03 00:00:00+00:00
[2025-12-03T13:35:44.182-0500] {logging_mixin.py:190} INFO - [2025-12-03T13:35:44.182-0500] {dag.py:4180} INFO - Setting next_dagrun for example_branch_datetime_operator_2 to 2025-12-02 00:00:00+00:00, run_after=2025-12-03 00:00:00+00:00
[2025-12-03T13:35:44.183-0500] {logging_mixin.py:190} INFO - [2025-12-03T13:35:44.183-0500] {dag.py:4180} INFO - Setting next_dagrun for example_branch_datetime_operator_3 to 2025-12-02 00:00:00+00:00, run_after=2025-12-03 00:00:00+00:00
[2025-12-03T13:35:44.190-0500] {processor.py:208} INFO - Processing /Users/minijohn/Dev/nyc_taxi_portfolio/.venv/lib/python3.11/site-packages/airflow/example_dags/example_branch_datetime_operator.py took 0.101 seconds
[2025-12-03T13:38:58.383-0500] {processor.py:186} INFO - Started process (PID=5329) to work on /Users/minijohn/Dev/nyc_taxi_portfolio/.venv/lib/python3.11/site-packages/airflow/example_dags/example_branch_datetime_operator.py
[2025-12-03T13:38:58.384-0500] {processor.py:914} INFO - Processing file /Users/minijohn/Dev/nyc_taxi_portfolio/.venv/lib/python3.11/site-packages/airflow/example_dags/example_branch_datetime_operator.py for tasks to queue
[2025-12-03T13:38:58.385-0500] {logging_mixin.py:190} INFO - [2025-12-03T13:38:58.385-0500] {dagbag.py:588} INFO - Filling up the DagBag from /Users/minijohn/Dev/nyc_taxi_portfolio/.venv/lib/python3.11/site-packages/airflow/example_dags/example_branch_datetime_operator.py
[2025-12-03T13:38:58.392-0500] {processor.py:925} INFO - DAG(s) 'example_branch_datetime_operator', 'example_branch_datetime_operator_2', 'example_branch_datetime_operator_3' retrieved from /Users/minijohn/Dev/nyc_taxi_portfolio/.venv/lib/python3.11/site-packages/airflow/example_dags/example_branch_datetime_operator.py
[2025-12-03T13:38:58.434-0500] {logging_mixin.py:190} INFO - [2025-12-03T13:38:58.434-0500] {dag.py:3239} INFO - Sync 3 DAGs
[2025-12-03T13:38:58.442-0500] {logging_mixin.py:190} INFO - [2025-12-03T13:38:58.442-0500] {dag.py:4180} INFO - Setting next_dagrun for example_branch_datetime_operator to 2025-12-02 00:00:00+00:00, run_after=2025-12-03 00:00:00+00:00
[2025-12-03T13:38:58.444-0500] {logging_mixin.py:190} INFO - [2025-12-03T13:38:58.444-0500] {dag.py:4180} INFO - Setting next_dagrun for example_branch_datetime_operator_2 to 2025-12-02 00:00:00+00:00, run_after=2025-12-03 00:00:00+00:00
[2025-12-03T13:38:58.445-0500] {logging_mixin.py:190} INFO - [2025-12-03T13:38:58.445-0500] {dag.py:4180} INFO - Setting next_dagrun for example_branch_datetime_operator_3 to 2025-12-02 00:00:00+00:00, run_after=2025-12-03 00:00:00+00:00
[2025-12-03T13:38:58.451-0500] {processor.py:208} INFO - Processing /Users/minijohn/Dev/nyc_taxi_portfolio/.venv/lib/python3.11/site-packages/airflow/example_dags/example_branch_datetime_operator.py took 0.108 seconds
[2025-12-03T13:42:11.602-0500] {processor.py:186} INFO - Started process (PID=6277) to work on /Users/minijohn/Dev/nyc_taxi_portfolio/.venv/lib/python3.11/site-packages/airflow/example_dags/example_branch_datetime_operator.py
[2025-12-03T13:42:11.603-0500] {processor.py:914} INFO - Processing file /Users/minijohn/Dev/nyc_taxi_portfolio/.venv/lib/python3.11/site-packages/airflow/example_dags/example_branch_datetime_operator.py for tasks to queue
[2025-12-03T13:42:11.603-0500] {logging_mixin.py:190} INFO - [2025-12-03T13:42:11.603-0500] {dagbag.py:588} INFO - Filling up the DagBag from /Users/minijohn/Dev/nyc_taxi_portfolio/.venv/lib/python3.11/site-packages/airflow/example_dags/example_branch_datetime_operator.py
[2025-12-03T13:42:11.610-0500] {processor.py:925} INFO - DAG(s) 'example_branch_datetime_operator_3', 'example_branch_datetime_operator', 'example_branch_datetime_operator_2' retrieved from /Users/minijohn/Dev/nyc_taxi_portfolio/.venv/lib/python3.11/site-packages/airflow/example_dags/example_branch_datetime_operator.py
[2025-12-03T13:42:11.651-0500] {logging_mixin.py:190} INFO - [2025-12-03T13:42:11.651-0500] {dag.py:3239} INFO - Sync 3 DAGs
[2025-12-03T13:42:11.659-0500] {logging_mixin.py:190} INFO - [2025-12-03T13:42:11.659-0500] {dag.py:4180} INFO - Setting next_dagrun for example_branch_datetime_operator to 2025-12-02 00:00:00+00:00, run_after=2025-12-03 00:00:00+00:00
[2025-12-03T13:42:11.661-0500] {logging_mixin.py:190} INFO - [2025-12-03T13:42:11.661-0500] {dag.py:4180} INFO - Setting next_dagrun for example_branch_datetime_operator_2 to 2025-12-02 00:00:00+00:00, run_after=2025-12-03 00:00:00+00:00
[2025-12-03T13:42:11.661-0500] {logging_mixin.py:190} INFO - [2025-12-03T13:42:11.661-0500] {dag.py:4180} INFO - Setting next_dagrun for example_branch_datetime_operator_3 to 2025-12-02 00:00:00+00:00, run_after=2025-12-03 00:00:00+00:00
[2025-12-03T13:42:11.668-0500] {processor.py:208} INFO - Processing /Users/minijohn/Dev/nyc_taxi_portfolio/.venv/lib/python3.11/site-packages/airflow/example_dags/example_branch_datetime_operator.py took 0.104 seconds
