[2025-12-03T13:08:02.301-0500] {processor.py:186} INFO - Started process (PID=21102) to work on /Users/minijohn/Dev/nyc_taxi_portfolio/.venv/lib/python3.11/site-packages/airflow/example_dags/example_dynamic_task_mapping.py
[2025-12-03T13:08:02.307-0500] {processor.py:914} INFO - Processing file /Users/minijohn/Dev/nyc_taxi_portfolio/.venv/lib/python3.11/site-packages/airflow/example_dags/example_dynamic_task_mapping.py for tasks to queue
[2025-12-03T13:08:02.308-0500] {logging_mixin.py:190} INFO - [2025-12-03T13:08:02.308-0500] {dagbag.py:588} INFO - Filling up the DagBag from /Users/minijohn/Dev/nyc_taxi_portfolio/.venv/lib/python3.11/site-packages/airflow/example_dags/example_dynamic_task_mapping.py
[2025-12-03T13:08:02.336-0500] {processor.py:925} INFO - DAG(s) 'example_dynamic_task_mapping' retrieved from /Users/minijohn/Dev/nyc_taxi_portfolio/.venv/lib/python3.11/site-packages/airflow/example_dags/example_dynamic_task_mapping.py
[2025-12-03T13:08:02.438-0500] {logging_mixin.py:190} INFO - [2025-12-03T13:08:02.437-0500] {override.py:1930} INFO - Created Permission View: can read on DAG:example_dynamic_task_mapping
[2025-12-03T13:08:02.444-0500] {logging_mixin.py:190} INFO - [2025-12-03T13:08:02.443-0500] {override.py:1930} INFO - Created Permission View: can edit on DAG:example_dynamic_task_mapping
[2025-12-03T13:08:02.449-0500] {logging_mixin.py:190} INFO - [2025-12-03T13:08:02.448-0500] {override.py:1930} INFO - Created Permission View: can delete on DAG:example_dynamic_task_mapping
[2025-12-03T13:08:02.454-0500] {logging_mixin.py:190} INFO - [2025-12-03T13:08:02.454-0500] {override.py:1930} INFO - Created Permission View: can read on DAG Run:example_dynamic_task_mapping
[2025-12-03T13:08:02.458-0500] {logging_mixin.py:190} INFO - [2025-12-03T13:08:02.458-0500] {override.py:1930} INFO - Created Permission View: menu access on DAG Run:example_dynamic_task_mapping
[2025-12-03T13:08:02.461-0500] {logging_mixin.py:190} INFO - [2025-12-03T13:08:02.461-0500] {override.py:1930} INFO - Created Permission View: can create on DAG Run:example_dynamic_task_mapping
[2025-12-03T13:08:02.466-0500] {logging_mixin.py:190} INFO - [2025-12-03T13:08:02.465-0500] {override.py:1930} INFO - Created Permission View: can delete on DAG Run:example_dynamic_task_mapping
[2025-12-03T13:08:02.466-0500] {logging_mixin.py:190} INFO - [2025-12-03T13:08:02.466-0500] {dag.py:3239} INFO - Sync 1 DAGs
[2025-12-03T13:08:02.473-0500] {logging_mixin.py:190} INFO - [2025-12-03T13:08:02.473-0500] {dag.py:3262} INFO - Creating ORM DAG for example_dynamic_task_mapping
[2025-12-03T13:08:02.473-0500] {logging_mixin.py:190} INFO - [2025-12-03T13:08:02.473-0500] {dag.py:4180} INFO - Setting next_dagrun for example_dynamic_task_mapping to None, run_after=None
[2025-12-03T13:08:02.489-0500] {processor.py:208} INFO - Processing /Users/minijohn/Dev/nyc_taxi_portfolio/.venv/lib/python3.11/site-packages/airflow/example_dags/example_dynamic_task_mapping.py took 0.241 seconds
[2025-12-03T13:32:28.839-0500] {processor.py:186} INFO - Started process (PID=4776) to work on /Users/minijohn/Dev/nyc_taxi_portfolio/.venv/lib/python3.11/site-packages/airflow/example_dags/example_dynamic_task_mapping.py
[2025-12-03T13:32:28.841-0500] {processor.py:914} INFO - Processing file /Users/minijohn/Dev/nyc_taxi_portfolio/.venv/lib/python3.11/site-packages/airflow/example_dags/example_dynamic_task_mapping.py for tasks to queue
[2025-12-03T13:32:28.841-0500] {logging_mixin.py:190} INFO - [2025-12-03T13:32:28.841-0500] {dagbag.py:588} INFO - Filling up the DagBag from /Users/minijohn/Dev/nyc_taxi_portfolio/.venv/lib/python3.11/site-packages/airflow/example_dags/example_dynamic_task_mapping.py
[2025-12-03T13:32:28.856-0500] {processor.py:925} INFO - DAG(s) 'example_dynamic_task_mapping' retrieved from /Users/minijohn/Dev/nyc_taxi_portfolio/.venv/lib/python3.11/site-packages/airflow/example_dags/example_dynamic_task_mapping.py
[2025-12-03T13:32:28.893-0500] {logging_mixin.py:190} INFO - [2025-12-03T13:32:28.893-0500] {dag.py:3239} INFO - Sync 1 DAGs
[2025-12-03T13:32:28.898-0500] {logging_mixin.py:190} INFO - [2025-12-03T13:32:28.898-0500] {dag.py:4180} INFO - Setting next_dagrun for example_dynamic_task_mapping to None, run_after=None
[2025-12-03T13:32:28.906-0500] {processor.py:208} INFO - Processing /Users/minijohn/Dev/nyc_taxi_portfolio/.venv/lib/python3.11/site-packages/airflow/example_dags/example_dynamic_task_mapping.py took 0.102 seconds
[2025-12-03T13:35:18.030-0500] {processor.py:186} INFO - Started process (PID=4987) to work on /Users/minijohn/Dev/nyc_taxi_portfolio/.venv/lib/python3.11/site-packages/airflow/example_dags/example_dynamic_task_mapping.py
[2025-12-03T13:35:18.031-0500] {processor.py:914} INFO - Processing file /Users/minijohn/Dev/nyc_taxi_portfolio/.venv/lib/python3.11/site-packages/airflow/example_dags/example_dynamic_task_mapping.py for tasks to queue
[2025-12-03T13:35:18.032-0500] {logging_mixin.py:190} INFO - [2025-12-03T13:35:18.031-0500] {dagbag.py:588} INFO - Filling up the DagBag from /Users/minijohn/Dev/nyc_taxi_portfolio/.venv/lib/python3.11/site-packages/airflow/example_dags/example_dynamic_task_mapping.py
[2025-12-03T13:35:18.047-0500] {processor.py:925} INFO - DAG(s) 'example_dynamic_task_mapping' retrieved from /Users/minijohn/Dev/nyc_taxi_portfolio/.venv/lib/python3.11/site-packages/airflow/example_dags/example_dynamic_task_mapping.py
[2025-12-03T13:35:18.085-0500] {logging_mixin.py:190} INFO - [2025-12-03T13:35:18.085-0500] {dag.py:3239} INFO - Sync 1 DAGs
[2025-12-03T13:35:18.090-0500] {logging_mixin.py:190} INFO - [2025-12-03T13:35:18.090-0500] {dag.py:4180} INFO - Setting next_dagrun for example_dynamic_task_mapping to None, run_after=None
[2025-12-03T13:35:18.098-0500] {processor.py:208} INFO - Processing /Users/minijohn/Dev/nyc_taxi_portfolio/.venv/lib/python3.11/site-packages/airflow/example_dags/example_dynamic_task_mapping.py took 0.105 seconds
[2025-12-03T13:37:26.649-0500] {processor.py:186} INFO - Started process (PID=5170) to work on /Users/minijohn/Dev/nyc_taxi_portfolio/.venv/lib/python3.11/site-packages/airflow/example_dags/example_dynamic_task_mapping.py
[2025-12-03T13:37:26.650-0500] {processor.py:914} INFO - Processing file /Users/minijohn/Dev/nyc_taxi_portfolio/.venv/lib/python3.11/site-packages/airflow/example_dags/example_dynamic_task_mapping.py for tasks to queue
[2025-12-03T13:37:26.651-0500] {logging_mixin.py:190} INFO - [2025-12-03T13:37:26.651-0500] {dagbag.py:588} INFO - Filling up the DagBag from /Users/minijohn/Dev/nyc_taxi_portfolio/.venv/lib/python3.11/site-packages/airflow/example_dags/example_dynamic_task_mapping.py
[2025-12-03T13:37:26.665-0500] {processor.py:925} INFO - DAG(s) 'example_dynamic_task_mapping' retrieved from /Users/minijohn/Dev/nyc_taxi_portfolio/.venv/lib/python3.11/site-packages/airflow/example_dags/example_dynamic_task_mapping.py
[2025-12-03T13:37:26.701-0500] {logging_mixin.py:190} INFO - [2025-12-03T13:37:26.701-0500] {dag.py:3239} INFO - Sync 1 DAGs
[2025-12-03T13:37:26.706-0500] {logging_mixin.py:190} INFO - [2025-12-03T13:37:26.706-0500] {dag.py:4180} INFO - Setting next_dagrun for example_dynamic_task_mapping to None, run_after=None
[2025-12-03T13:37:26.713-0500] {processor.py:208} INFO - Processing /Users/minijohn/Dev/nyc_taxi_portfolio/.venv/lib/python3.11/site-packages/airflow/example_dags/example_dynamic_task_mapping.py took 0.100 seconds
[2025-12-03T13:40:35.189-0500] {processor.py:186} INFO - Started process (PID=5558) to work on /Users/minijohn/Dev/nyc_taxi_portfolio/.venv/lib/python3.11/site-packages/airflow/example_dags/example_dynamic_task_mapping.py
[2025-12-03T13:40:35.191-0500] {processor.py:914} INFO - Processing file /Users/minijohn/Dev/nyc_taxi_portfolio/.venv/lib/python3.11/site-packages/airflow/example_dags/example_dynamic_task_mapping.py for tasks to queue
[2025-12-03T13:40:35.191-0500] {logging_mixin.py:190} INFO - [2025-12-03T13:40:35.191-0500] {dagbag.py:588} INFO - Filling up the DagBag from /Users/minijohn/Dev/nyc_taxi_portfolio/.venv/lib/python3.11/site-packages/airflow/example_dags/example_dynamic_task_mapping.py
[2025-12-03T13:40:35.207-0500] {processor.py:925} INFO - DAG(s) 'example_dynamic_task_mapping' retrieved from /Users/minijohn/Dev/nyc_taxi_portfolio/.venv/lib/python3.11/site-packages/airflow/example_dags/example_dynamic_task_mapping.py
[2025-12-03T13:40:35.243-0500] {logging_mixin.py:190} INFO - [2025-12-03T13:40:35.243-0500] {dag.py:3239} INFO - Sync 1 DAGs
[2025-12-03T13:40:35.248-0500] {logging_mixin.py:190} INFO - [2025-12-03T13:40:35.248-0500] {dag.py:4180} INFO - Setting next_dagrun for example_dynamic_task_mapping to None, run_after=None
[2025-12-03T13:40:35.256-0500] {processor.py:208} INFO - Processing /Users/minijohn/Dev/nyc_taxi_portfolio/.venv/lib/python3.11/site-packages/airflow/example_dags/example_dynamic_task_mapping.py took 0.104 seconds
