[2025-12-03T13:07:48.941-0500] {processor.py:186} INFO - Started process (PID=21077) to work on /Users/minijohn/Dev/nyc_taxi_portfolio/.venv/lib/python3.11/site-packages/airflow/example_dags/example_inlet_event_extra.py
[2025-12-03T13:07:48.945-0500] {processor.py:914} INFO - Processing file /Users/minijohn/Dev/nyc_taxi_portfolio/.venv/lib/python3.11/site-packages/airflow/example_dags/example_inlet_event_extra.py for tasks to queue
[2025-12-03T13:07:48.946-0500] {logging_mixin.py:190} INFO - [2025-12-03T13:07:48.946-0500] {dagbag.py:588} INFO - Filling up the DagBag from /Users/minijohn/Dev/nyc_taxi_portfolio/.venv/lib/python3.11/site-packages/airflow/example_dags/example_inlet_event_extra.py
[2025-12-03T13:07:49.003-0500] {processor.py:925} INFO - DAG(s) 'read_dataset_event_from_classic', 'read_dataset_event' retrieved from /Users/minijohn/Dev/nyc_taxi_portfolio/.venv/lib/python3.11/site-packages/airflow/example_dags/example_inlet_event_extra.py
[2025-12-03T13:07:49.131-0500] {logging_mixin.py:190} INFO - [2025-12-03T13:07:49.131-0500] {override.py:1930} INFO - Created Permission View: can edit on DAG:read_dataset_event_from_classic
[2025-12-03T13:07:49.136-0500] {logging_mixin.py:190} INFO - [2025-12-03T13:07:49.136-0500] {override.py:1930} INFO - Created Permission View: can delete on DAG:read_dataset_event_from_classic
[2025-12-03T13:07:49.140-0500] {logging_mixin.py:190} INFO - [2025-12-03T13:07:49.140-0500] {override.py:1930} INFO - Created Permission View: can read on DAG:read_dataset_event_from_classic
[2025-12-03T13:07:49.146-0500] {logging_mixin.py:190} INFO - [2025-12-03T13:07:49.146-0500] {override.py:1930} INFO - Created Permission View: can create on DAG Run:read_dataset_event_from_classic
[2025-12-03T13:07:49.149-0500] {logging_mixin.py:190} INFO - [2025-12-03T13:07:49.149-0500] {override.py:1930} INFO - Created Permission View: can delete on DAG Run:read_dataset_event_from_classic
[2025-12-03T13:07:49.152-0500] {logging_mixin.py:190} INFO - [2025-12-03T13:07:49.152-0500] {override.py:1930} INFO - Created Permission View: menu access on DAG Run:read_dataset_event_from_classic
[2025-12-03T13:07:49.156-0500] {logging_mixin.py:190} INFO - [2025-12-03T13:07:49.156-0500] {override.py:1930} INFO - Created Permission View: can read on DAG Run:read_dataset_event_from_classic
[2025-12-03T13:07:49.164-0500] {logging_mixin.py:190} INFO - [2025-12-03T13:07:49.164-0500] {override.py:1930} INFO - Created Permission View: can edit on DAG:read_dataset_event
[2025-12-03T13:07:49.168-0500] {logging_mixin.py:190} INFO - [2025-12-03T13:07:49.167-0500] {override.py:1930} INFO - Created Permission View: can delete on DAG:read_dataset_event
[2025-12-03T13:07:49.171-0500] {logging_mixin.py:190} INFO - [2025-12-03T13:07:49.171-0500] {override.py:1930} INFO - Created Permission View: can read on DAG:read_dataset_event
[2025-12-03T13:07:49.178-0500] {logging_mixin.py:190} INFO - [2025-12-03T13:07:49.177-0500] {override.py:1930} INFO - Created Permission View: can create on DAG Run:read_dataset_event
[2025-12-03T13:07:49.181-0500] {logging_mixin.py:190} INFO - [2025-12-03T13:07:49.181-0500] {override.py:1930} INFO - Created Permission View: can delete on DAG Run:read_dataset_event
[2025-12-03T13:07:49.184-0500] {logging_mixin.py:190} INFO - [2025-12-03T13:07:49.184-0500] {override.py:1930} INFO - Created Permission View: menu access on DAG Run:read_dataset_event
[2025-12-03T13:07:49.187-0500] {logging_mixin.py:190} INFO - [2025-12-03T13:07:49.187-0500] {override.py:1930} INFO - Created Permission View: can read on DAG Run:read_dataset_event
[2025-12-03T13:07:49.187-0500] {logging_mixin.py:190} INFO - [2025-12-03T13:07:49.187-0500] {dag.py:3239} INFO - Sync 2 DAGs
[2025-12-03T13:07:49.194-0500] {logging_mixin.py:190} INFO - [2025-12-03T13:07:49.193-0500] {dag.py:3262} INFO - Creating ORM DAG for read_dataset_event
[2025-12-03T13:07:49.194-0500] {logging_mixin.py:190} INFO - [2025-12-03T13:07:49.194-0500] {dag.py:3262} INFO - Creating ORM DAG for read_dataset_event_from_classic
[2025-12-03T13:07:49.199-0500] {logging_mixin.py:190} INFO - [2025-12-03T13:07:49.199-0500] {dag.py:4180} INFO - Setting next_dagrun for read_dataset_event to 2025-12-02 00:00:00+00:00, run_after=2025-12-03 00:00:00+00:00
[2025-12-03T13:07:49.200-0500] {logging_mixin.py:190} INFO - [2025-12-03T13:07:49.200-0500] {dag.py:4180} INFO - Setting next_dagrun for read_dataset_event_from_classic to 2025-12-02 00:00:00+00:00, run_after=2025-12-03 00:00:00+00:00
[2025-12-03T13:07:49.212-0500] {processor.py:208} INFO - Processing /Users/minijohn/Dev/nyc_taxi_portfolio/.venv/lib/python3.11/site-packages/airflow/example_dags/example_inlet_event_extra.py took 0.346 seconds
[2025-12-03T13:32:21.891-0500] {processor.py:186} INFO - Started process (PID=4769) to work on /Users/minijohn/Dev/nyc_taxi_portfolio/.venv/lib/python3.11/site-packages/airflow/example_dags/example_inlet_event_extra.py
[2025-12-03T13:32:21.893-0500] {processor.py:914} INFO - Processing file /Users/minijohn/Dev/nyc_taxi_portfolio/.venv/lib/python3.11/site-packages/airflow/example_dags/example_inlet_event_extra.py for tasks to queue
[2025-12-03T13:32:21.893-0500] {logging_mixin.py:190} INFO - [2025-12-03T13:32:21.893-0500] {dagbag.py:588} INFO - Filling up the DagBag from /Users/minijohn/Dev/nyc_taxi_portfolio/.venv/lib/python3.11/site-packages/airflow/example_dags/example_inlet_event_extra.py
[2025-12-03T13:32:21.930-0500] {processor.py:925} INFO - DAG(s) 'read_dataset_event', 'read_dataset_event_from_classic' retrieved from /Users/minijohn/Dev/nyc_taxi_portfolio/.venv/lib/python3.11/site-packages/airflow/example_dags/example_inlet_event_extra.py
[2025-12-03T13:32:21.970-0500] {logging_mixin.py:190} INFO - [2025-12-03T13:32:21.970-0500] {dag.py:3239} INFO - Sync 2 DAGs
[2025-12-03T13:32:21.979-0500] {logging_mixin.py:190} INFO - [2025-12-03T13:32:21.978-0500] {dag.py:4180} INFO - Setting next_dagrun for read_dataset_event to 2025-12-02 00:00:00+00:00, run_after=2025-12-03 00:00:00+00:00
[2025-12-03T13:32:21.981-0500] {logging_mixin.py:190} INFO - [2025-12-03T13:32:21.980-0500] {dag.py:4180} INFO - Setting next_dagrun for read_dataset_event_from_classic to 2025-12-02 00:00:00+00:00, run_after=2025-12-03 00:00:00+00:00
[2025-12-03T13:32:21.988-0500] {processor.py:208} INFO - Processing /Users/minijohn/Dev/nyc_taxi_portfolio/.venv/lib/python3.11/site-packages/airflow/example_dags/example_inlet_event_extra.py took 0.138 seconds
[2025-12-03T13:35:11.588-0500] {processor.py:186} INFO - Started process (PID=4973) to work on /Users/minijohn/Dev/nyc_taxi_portfolio/.venv/lib/python3.11/site-packages/airflow/example_dags/example_inlet_event_extra.py
[2025-12-03T13:35:11.589-0500] {processor.py:914} INFO - Processing file /Users/minijohn/Dev/nyc_taxi_portfolio/.venv/lib/python3.11/site-packages/airflow/example_dags/example_inlet_event_extra.py for tasks to queue
[2025-12-03T13:35:11.590-0500] {logging_mixin.py:190} INFO - [2025-12-03T13:35:11.590-0500] {dagbag.py:588} INFO - Filling up the DagBag from /Users/minijohn/Dev/nyc_taxi_portfolio/.venv/lib/python3.11/site-packages/airflow/example_dags/example_inlet_event_extra.py
[2025-12-03T13:35:11.617-0500] {processor.py:925} INFO - DAG(s) 'read_dataset_event', 'read_dataset_event_from_classic' retrieved from /Users/minijohn/Dev/nyc_taxi_portfolio/.venv/lib/python3.11/site-packages/airflow/example_dags/example_inlet_event_extra.py
[2025-12-03T13:35:11.654-0500] {logging_mixin.py:190} INFO - [2025-12-03T13:35:11.654-0500] {dag.py:3239} INFO - Sync 2 DAGs
[2025-12-03T13:35:11.662-0500] {logging_mixin.py:190} INFO - [2025-12-03T13:35:11.662-0500] {dag.py:4180} INFO - Setting next_dagrun for read_dataset_event to 2025-12-02 00:00:00+00:00, run_after=2025-12-03 00:00:00+00:00
[2025-12-03T13:35:11.664-0500] {logging_mixin.py:190} INFO - [2025-12-03T13:35:11.664-0500] {dag.py:4180} INFO - Setting next_dagrun for read_dataset_event_from_classic to 2025-12-02 00:00:00+00:00, run_after=2025-12-03 00:00:00+00:00
[2025-12-03T13:35:11.671-0500] {processor.py:208} INFO - Processing /Users/minijohn/Dev/nyc_taxi_portfolio/.venv/lib/python3.11/site-packages/airflow/example_dags/example_inlet_event_extra.py took 0.118 seconds
[2025-12-03T13:37:20.701-0500] {processor.py:186} INFO - Started process (PID=5163) to work on /Users/minijohn/Dev/nyc_taxi_portfolio/.venv/lib/python3.11/site-packages/airflow/example_dags/example_inlet_event_extra.py
[2025-12-03T13:37:20.703-0500] {processor.py:914} INFO - Processing file /Users/minijohn/Dev/nyc_taxi_portfolio/.venv/lib/python3.11/site-packages/airflow/example_dags/example_inlet_event_extra.py for tasks to queue
[2025-12-03T13:37:20.703-0500] {logging_mixin.py:190} INFO - [2025-12-03T13:37:20.703-0500] {dagbag.py:588} INFO - Filling up the DagBag from /Users/minijohn/Dev/nyc_taxi_portfolio/.venv/lib/python3.11/site-packages/airflow/example_dags/example_inlet_event_extra.py
[2025-12-03T13:37:20.730-0500] {processor.py:925} INFO - DAG(s) 'read_dataset_event_from_classic', 'read_dataset_event' retrieved from /Users/minijohn/Dev/nyc_taxi_portfolio/.venv/lib/python3.11/site-packages/airflow/example_dags/example_inlet_event_extra.py
[2025-12-03T13:37:20.767-0500] {logging_mixin.py:190} INFO - [2025-12-03T13:37:20.767-0500] {dag.py:3239} INFO - Sync 2 DAGs
[2025-12-03T13:37:20.775-0500] {logging_mixin.py:190} INFO - [2025-12-03T13:37:20.775-0500] {dag.py:4180} INFO - Setting next_dagrun for read_dataset_event to 2025-12-02 00:00:00+00:00, run_after=2025-12-03 00:00:00+00:00
[2025-12-03T13:37:20.777-0500] {logging_mixin.py:190} INFO - [2025-12-03T13:37:20.777-0500] {dag.py:4180} INFO - Setting next_dagrun for read_dataset_event_from_classic to 2025-12-02 00:00:00+00:00, run_after=2025-12-03 00:00:00+00:00
[2025-12-03T13:37:20.785-0500] {processor.py:208} INFO - Processing /Users/minijohn/Dev/nyc_taxi_portfolio/.venv/lib/python3.11/site-packages/airflow/example_dags/example_inlet_event_extra.py took 0.120 seconds
[2025-12-03T13:40:28.459-0500] {processor.py:186} INFO - Started process (PID=5548) to work on /Users/minijohn/Dev/nyc_taxi_portfolio/.venv/lib/python3.11/site-packages/airflow/example_dags/example_inlet_event_extra.py
[2025-12-03T13:40:28.460-0500] {processor.py:914} INFO - Processing file /Users/minijohn/Dev/nyc_taxi_portfolio/.venv/lib/python3.11/site-packages/airflow/example_dags/example_inlet_event_extra.py for tasks to queue
[2025-12-03T13:40:28.460-0500] {logging_mixin.py:190} INFO - [2025-12-03T13:40:28.460-0500] {dagbag.py:588} INFO - Filling up the DagBag from /Users/minijohn/Dev/nyc_taxi_portfolio/.venv/lib/python3.11/site-packages/airflow/example_dags/example_inlet_event_extra.py
[2025-12-03T13:40:28.489-0500] {processor.py:925} INFO - DAG(s) 'read_dataset_event', 'read_dataset_event_from_classic' retrieved from /Users/minijohn/Dev/nyc_taxi_portfolio/.venv/lib/python3.11/site-packages/airflow/example_dags/example_inlet_event_extra.py
[2025-12-03T13:40:28.528-0500] {logging_mixin.py:190} INFO - [2025-12-03T13:40:28.528-0500] {dag.py:3239} INFO - Sync 2 DAGs
[2025-12-03T13:40:28.536-0500] {logging_mixin.py:190} INFO - [2025-12-03T13:40:28.536-0500] {dag.py:4180} INFO - Setting next_dagrun for read_dataset_event to 2025-12-02 00:00:00+00:00, run_after=2025-12-03 00:00:00+00:00
[2025-12-03T13:40:28.539-0500] {logging_mixin.py:190} INFO - [2025-12-03T13:40:28.539-0500] {dag.py:4180} INFO - Setting next_dagrun for read_dataset_event_from_classic to 2025-12-02 00:00:00+00:00, run_after=2025-12-03 00:00:00+00:00
[2025-12-03T13:40:28.546-0500] {processor.py:208} INFO - Processing /Users/minijohn/Dev/nyc_taxi_portfolio/.venv/lib/python3.11/site-packages/airflow/example_dags/example_inlet_event_extra.py took 0.125 seconds
