[2025-12-03T13:06:29.388-0500] {processor.py:186} INFO - Started process (PID=20939) to work on /Users/minijohn/Dev/nyc_taxi_portfolio/.venv/lib/python3.11/site-packages/airflow/example_dags/example_short_circuit_decorator.py
[2025-12-03T13:06:29.389-0500] {processor.py:914} INFO - Processing file /Users/minijohn/Dev/nyc_taxi_portfolio/.venv/lib/python3.11/site-packages/airflow/example_dags/example_short_circuit_decorator.py for tasks to queue
[2025-12-03T13:06:29.389-0500] {logging_mixin.py:190} INFO - [2025-12-03T13:06:29.389-0500] {dagbag.py:588} INFO - Filling up the DagBag from /Users/minijohn/Dev/nyc_taxi_portfolio/.venv/lib/python3.11/site-packages/airflow/example_dags/example_short_circuit_decorator.py
[2025-12-03T13:06:29.420-0500] {processor.py:925} INFO - DAG(s) 'example_short_circuit_decorator' retrieved from /Users/minijohn/Dev/nyc_taxi_portfolio/.venv/lib/python3.11/site-packages/airflow/example_dags/example_short_circuit_decorator.py
[2025-12-03T13:06:29.525-0500] {logging_mixin.py:190} INFO - [2025-12-03T13:06:29.524-0500] {override.py:1930} INFO - Created Permission View: can delete on DAG:example_short_circuit_decorator
[2025-12-03T13:06:29.531-0500] {logging_mixin.py:190} INFO - [2025-12-03T13:06:29.531-0500] {override.py:1930} INFO - Created Permission View: can read on DAG:example_short_circuit_decorator
[2025-12-03T13:06:29.536-0500] {logging_mixin.py:190} INFO - [2025-12-03T13:06:29.536-0500] {override.py:1930} INFO - Created Permission View: can edit on DAG:example_short_circuit_decorator
[2025-12-03T13:06:29.541-0500] {logging_mixin.py:190} INFO - [2025-12-03T13:06:29.541-0500] {override.py:1930} INFO - Created Permission View: can create on DAG Run:example_short_circuit_decorator
[2025-12-03T13:06:29.548-0500] {logging_mixin.py:190} INFO - [2025-12-03T13:06:29.548-0500] {override.py:1930} INFO - Created Permission View: can delete on DAG Run:example_short_circuit_decorator
[2025-12-03T13:06:29.570-0500] {logging_mixin.py:190} INFO - [2025-12-03T13:06:29.570-0500] {override.py:1930} INFO - Created Permission View: can read on DAG Run:example_short_circuit_decorator
[2025-12-03T13:06:29.598-0500] {logging_mixin.py:190} INFO - [2025-12-03T13:06:29.598-0500] {override.py:1930} INFO - Created Permission View: menu access on DAG Run:example_short_circuit_decorator
[2025-12-03T13:06:29.600-0500] {logging_mixin.py:190} INFO - [2025-12-03T13:06:29.598-0500] {dag.py:3239} INFO - Sync 1 DAGs
[2025-12-03T13:06:29.622-0500] {logging_mixin.py:190} INFO - [2025-12-03T13:06:29.622-0500] {dag.py:3262} INFO - Creating ORM DAG for example_short_circuit_decorator
[2025-12-03T13:06:29.623-0500] {logging_mixin.py:190} INFO - [2025-12-03T13:06:29.623-0500] {dag.py:4180} INFO - Setting next_dagrun for example_short_circuit_decorator to None, run_after=None
[2025-12-03T13:06:29.644-0500] {processor.py:208} INFO - Processing /Users/minijohn/Dev/nyc_taxi_portfolio/.venv/lib/python3.11/site-packages/airflow/example_dags/example_short_circuit_decorator.py took 0.313 seconds
[2025-12-03T13:31:45.913-0500] {processor.py:186} INFO - Started process (PID=4718) to work on /Users/minijohn/Dev/nyc_taxi_portfolio/.venv/lib/python3.11/site-packages/airflow/example_dags/example_short_circuit_decorator.py
[2025-12-03T13:31:45.915-0500] {processor.py:914} INFO - Processing file /Users/minijohn/Dev/nyc_taxi_portfolio/.venv/lib/python3.11/site-packages/airflow/example_dags/example_short_circuit_decorator.py for tasks to queue
[2025-12-03T13:31:45.915-0500] {logging_mixin.py:190} INFO - [2025-12-03T13:31:45.915-0500] {dagbag.py:588} INFO - Filling up the DagBag from /Users/minijohn/Dev/nyc_taxi_portfolio/.venv/lib/python3.11/site-packages/airflow/example_dags/example_short_circuit_decorator.py
[2025-12-03T13:31:45.932-0500] {processor.py:925} INFO - DAG(s) 'example_short_circuit_decorator' retrieved from /Users/minijohn/Dev/nyc_taxi_portfolio/.venv/lib/python3.11/site-packages/airflow/example_dags/example_short_circuit_decorator.py
[2025-12-03T13:31:45.971-0500] {logging_mixin.py:190} INFO - [2025-12-03T13:31:45.971-0500] {dag.py:3239} INFO - Sync 1 DAGs
[2025-12-03T13:31:45.976-0500] {logging_mixin.py:190} INFO - [2025-12-03T13:31:45.976-0500] {dag.py:4180} INFO - Setting next_dagrun for example_short_circuit_decorator to None, run_after=None
[2025-12-03T13:31:45.984-0500] {processor.py:208} INFO - Processing /Users/minijohn/Dev/nyc_taxi_portfolio/.venv/lib/python3.11/site-packages/airflow/example_dags/example_short_circuit_decorator.py took 0.108 seconds
[2025-12-03T13:34:39.916-0500] {processor.py:186} INFO - Started process (PID=4932) to work on /Users/minijohn/Dev/nyc_taxi_portfolio/.venv/lib/python3.11/site-packages/airflow/example_dags/example_short_circuit_decorator.py
[2025-12-03T13:34:39.917-0500] {processor.py:914} INFO - Processing file /Users/minijohn/Dev/nyc_taxi_portfolio/.venv/lib/python3.11/site-packages/airflow/example_dags/example_short_circuit_decorator.py for tasks to queue
[2025-12-03T13:34:39.918-0500] {logging_mixin.py:190} INFO - [2025-12-03T13:34:39.918-0500] {dagbag.py:588} INFO - Filling up the DagBag from /Users/minijohn/Dev/nyc_taxi_portfolio/.venv/lib/python3.11/site-packages/airflow/example_dags/example_short_circuit_decorator.py
[2025-12-03T13:34:39.934-0500] {processor.py:925} INFO - DAG(s) 'example_short_circuit_decorator' retrieved from /Users/minijohn/Dev/nyc_taxi_portfolio/.venv/lib/python3.11/site-packages/airflow/example_dags/example_short_circuit_decorator.py
[2025-12-03T13:34:39.973-0500] {logging_mixin.py:190} INFO - [2025-12-03T13:34:39.972-0500] {dag.py:3239} INFO - Sync 1 DAGs
[2025-12-03T13:34:39.977-0500] {logging_mixin.py:190} INFO - [2025-12-03T13:34:39.977-0500] {dag.py:4180} INFO - Setting next_dagrun for example_short_circuit_decorator to None, run_after=None
[2025-12-03T13:34:39.986-0500] {processor.py:208} INFO - Processing /Users/minijohn/Dev/nyc_taxi_portfolio/.venv/lib/python3.11/site-packages/airflow/example_dags/example_short_circuit_decorator.py took 0.106 seconds
[2025-12-03T13:36:46.043-0500] {processor.py:186} INFO - Started process (PID=5125) to work on /Users/minijohn/Dev/nyc_taxi_portfolio/.venv/lib/python3.11/site-packages/airflow/example_dags/example_short_circuit_decorator.py
[2025-12-03T13:36:46.044-0500] {processor.py:914} INFO - Processing file /Users/minijohn/Dev/nyc_taxi_portfolio/.venv/lib/python3.11/site-packages/airflow/example_dags/example_short_circuit_decorator.py for tasks to queue
[2025-12-03T13:36:46.045-0500] {logging_mixin.py:190} INFO - [2025-12-03T13:36:46.044-0500] {dagbag.py:588} INFO - Filling up the DagBag from /Users/minijohn/Dev/nyc_taxi_portfolio/.venv/lib/python3.11/site-packages/airflow/example_dags/example_short_circuit_decorator.py
[2025-12-03T13:36:46.062-0500] {processor.py:925} INFO - DAG(s) 'example_short_circuit_decorator' retrieved from /Users/minijohn/Dev/nyc_taxi_portfolio/.venv/lib/python3.11/site-packages/airflow/example_dags/example_short_circuit_decorator.py
[2025-12-03T13:36:46.108-0500] {logging_mixin.py:190} INFO - [2025-12-03T13:36:46.108-0500] {dag.py:3239} INFO - Sync 1 DAGs
[2025-12-03T13:36:46.113-0500] {logging_mixin.py:190} INFO - [2025-12-03T13:36:46.113-0500] {dag.py:4180} INFO - Setting next_dagrun for example_short_circuit_decorator to None, run_after=None
[2025-12-03T13:36:46.122-0500] {processor.py:208} INFO - Processing /Users/minijohn/Dev/nyc_taxi_portfolio/.venv/lib/python3.11/site-packages/airflow/example_dags/example_short_circuit_decorator.py took 0.120 seconds
[2025-12-03T13:38:23.346-0500] {processor.py:186} INFO - Started process (PID=5235) to work on /Users/minijohn/Dev/nyc_taxi_portfolio/.venv/lib/python3.11/site-packages/airflow/example_dags/example_short_circuit_decorator.py
[2025-12-03T13:38:23.346-0500] {processor.py:914} INFO - Processing file /Users/minijohn/Dev/nyc_taxi_portfolio/.venv/lib/python3.11/site-packages/airflow/example_dags/example_short_circuit_decorator.py for tasks to queue
[2025-12-03T13:38:23.346-0500] {logging_mixin.py:190} INFO - [2025-12-03T13:38:23.346-0500] {dagbag.py:588} INFO - Filling up the DagBag from /Users/minijohn/Dev/nyc_taxi_portfolio/.venv/lib/python3.11/site-packages/airflow/example_dags/example_short_circuit_decorator.py
[2025-12-03T13:38:23.362-0500] {processor.py:925} INFO - DAG(s) 'example_short_circuit_decorator' retrieved from /Users/minijohn/Dev/nyc_taxi_portfolio/.venv/lib/python3.11/site-packages/airflow/example_dags/example_short_circuit_decorator.py
[2025-12-03T13:38:23.401-0500] {logging_mixin.py:190} INFO - [2025-12-03T13:38:23.401-0500] {dag.py:3239} INFO - Sync 1 DAGs
[2025-12-03T13:38:23.407-0500] {logging_mixin.py:190} INFO - [2025-12-03T13:38:23.406-0500] {dag.py:4180} INFO - Setting next_dagrun for example_short_circuit_decorator to None, run_after=None
[2025-12-03T13:38:23.414-0500] {processor.py:208} INFO - Processing /Users/minijohn/Dev/nyc_taxi_portfolio/.venv/lib/python3.11/site-packages/airflow/example_dags/example_short_circuit_decorator.py took 0.106 seconds
[2025-12-03T13:39:55.482-0500] {processor.py:186} INFO - Started process (PID=5471) to work on /Users/minijohn/Dev/nyc_taxi_portfolio/.venv/lib/python3.11/site-packages/airflow/example_dags/example_short_circuit_decorator.py
[2025-12-03T13:39:55.483-0500] {processor.py:914} INFO - Processing file /Users/minijohn/Dev/nyc_taxi_portfolio/.venv/lib/python3.11/site-packages/airflow/example_dags/example_short_circuit_decorator.py for tasks to queue
[2025-12-03T13:39:55.484-0500] {logging_mixin.py:190} INFO - [2025-12-03T13:39:55.484-0500] {dagbag.py:588} INFO - Filling up the DagBag from /Users/minijohn/Dev/nyc_taxi_portfolio/.venv/lib/python3.11/site-packages/airflow/example_dags/example_short_circuit_decorator.py
[2025-12-03T13:39:55.501-0500] {processor.py:925} INFO - DAG(s) 'example_short_circuit_decorator' retrieved from /Users/minijohn/Dev/nyc_taxi_portfolio/.venv/lib/python3.11/site-packages/airflow/example_dags/example_short_circuit_decorator.py
[2025-12-03T13:39:55.544-0500] {logging_mixin.py:190} INFO - [2025-12-03T13:39:55.544-0500] {dag.py:3239} INFO - Sync 1 DAGs
[2025-12-03T13:39:55.550-0500] {logging_mixin.py:190} INFO - [2025-12-03T13:39:55.550-0500] {dag.py:4180} INFO - Setting next_dagrun for example_short_circuit_decorator to None, run_after=None
[2025-12-03T13:39:55.558-0500] {processor.py:208} INFO - Processing /Users/minijohn/Dev/nyc_taxi_portfolio/.venv/lib/python3.11/site-packages/airflow/example_dags/example_short_circuit_decorator.py took 0.114 seconds
[2025-12-03T13:41:32.821-0500] {processor.py:186} INFO - Started process (PID=5702) to work on /Users/minijohn/Dev/nyc_taxi_portfolio/.venv/lib/python3.11/site-packages/airflow/example_dags/example_short_circuit_decorator.py
[2025-12-03T13:41:32.822-0500] {processor.py:914} INFO - Processing file /Users/minijohn/Dev/nyc_taxi_portfolio/.venv/lib/python3.11/site-packages/airflow/example_dags/example_short_circuit_decorator.py for tasks to queue
[2025-12-03T13:41:32.822-0500] {logging_mixin.py:190} INFO - [2025-12-03T13:41:32.822-0500] {dagbag.py:588} INFO - Filling up the DagBag from /Users/minijohn/Dev/nyc_taxi_portfolio/.venv/lib/python3.11/site-packages/airflow/example_dags/example_short_circuit_decorator.py
[2025-12-03T13:41:32.839-0500] {processor.py:925} INFO - DAG(s) 'example_short_circuit_decorator' retrieved from /Users/minijohn/Dev/nyc_taxi_portfolio/.venv/lib/python3.11/site-packages/airflow/example_dags/example_short_circuit_decorator.py
[2025-12-03T13:41:32.881-0500] {logging_mixin.py:190} INFO - [2025-12-03T13:41:32.880-0500] {dag.py:3239} INFO - Sync 1 DAGs
[2025-12-03T13:41:32.886-0500] {logging_mixin.py:190} INFO - [2025-12-03T13:41:32.886-0500] {dag.py:4180} INFO - Setting next_dagrun for example_short_circuit_decorator to None, run_after=None
[2025-12-03T13:41:32.894-0500] {processor.py:208} INFO - Processing /Users/minijohn/Dev/nyc_taxi_portfolio/.venv/lib/python3.11/site-packages/airflow/example_dags/example_short_circuit_decorator.py took 0.113 seconds
