[2025-12-03T13:06:55.053-0500] {processor.py:186} INFO - Started process (PID=20986) to work on /Users/minijohn/Dev/nyc_taxi_portfolio/.venv/lib/python3.11/site-packages/airflow/example_dags/example_python_decorator.py
[2025-12-03T13:06:55.054-0500] {processor.py:914} INFO - Processing file /Users/minijohn/Dev/nyc_taxi_portfolio/.venv/lib/python3.11/site-packages/airflow/example_dags/example_python_decorator.py for tasks to queue
[2025-12-03T13:06:55.054-0500] {logging_mixin.py:190} INFO - [2025-12-03T13:06:55.054-0500] {dagbag.py:588} INFO - Filling up the DagBag from /Users/minijohn/Dev/nyc_taxi_portfolio/.venv/lib/python3.11/site-packages/airflow/example_dags/example_python_decorator.py
[2025-12-03T13:06:55.085-0500] {logging_mixin.py:190} INFO - [2025-12-03T13:06:55.085-0500] {example_python_decorator.py:80} WARNING - The virtalenv_python example task requires virtualenv, please install it.
[2025-12-03T13:06:55.086-0500] {processor.py:925} INFO - DAG(s) 'example_python_decorator' retrieved from /Users/minijohn/Dev/nyc_taxi_portfolio/.venv/lib/python3.11/site-packages/airflow/example_dags/example_python_decorator.py
[2025-12-03T13:06:55.186-0500] {logging_mixin.py:190} INFO - [2025-12-03T13:06:55.186-0500] {override.py:1930} INFO - Created Permission View: can edit on DAG:example_python_decorator
[2025-12-03T13:06:55.195-0500] {logging_mixin.py:190} INFO - [2025-12-03T13:06:55.194-0500] {override.py:1930} INFO - Created Permission View: can delete on DAG:example_python_decorator
[2025-12-03T13:06:55.198-0500] {logging_mixin.py:190} INFO - [2025-12-03T13:06:55.198-0500] {override.py:1930} INFO - Created Permission View: can read on DAG:example_python_decorator
[2025-12-03T13:06:55.206-0500] {logging_mixin.py:190} INFO - [2025-12-03T13:06:55.206-0500] {override.py:1930} INFO - Created Permission View: menu access on DAG Run:example_python_decorator
[2025-12-03T13:06:55.210-0500] {logging_mixin.py:190} INFO - [2025-12-03T13:06:55.210-0500] {override.py:1930} INFO - Created Permission View: can create on DAG Run:example_python_decorator
[2025-12-03T13:06:55.215-0500] {logging_mixin.py:190} INFO - [2025-12-03T13:06:55.215-0500] {override.py:1930} INFO - Created Permission View: can delete on DAG Run:example_python_decorator
[2025-12-03T13:06:55.221-0500] {logging_mixin.py:190} INFO - [2025-12-03T13:06:55.220-0500] {override.py:1930} INFO - Created Permission View: can read on DAG Run:example_python_decorator
[2025-12-03T13:06:55.221-0500] {logging_mixin.py:190} INFO - [2025-12-03T13:06:55.221-0500] {dag.py:3239} INFO - Sync 1 DAGs
[2025-12-03T13:06:55.228-0500] {logging_mixin.py:190} INFO - [2025-12-03T13:06:55.228-0500] {dag.py:3262} INFO - Creating ORM DAG for example_python_decorator
[2025-12-03T13:06:55.228-0500] {logging_mixin.py:190} INFO - [2025-12-03T13:06:55.228-0500] {dag.py:4180} INFO - Setting next_dagrun for example_python_decorator to None, run_after=None
[2025-12-03T13:06:55.246-0500] {processor.py:208} INFO - Processing /Users/minijohn/Dev/nyc_taxi_portfolio/.venv/lib/python3.11/site-packages/airflow/example_dags/example_python_decorator.py took 0.252 seconds
[2025-12-03T13:31:58.857-0500] {processor.py:186} INFO - Started process (PID=4735) to work on /Users/minijohn/Dev/nyc_taxi_portfolio/.venv/lib/python3.11/site-packages/airflow/example_dags/example_python_decorator.py
[2025-12-03T13:31:58.858-0500] {processor.py:914} INFO - Processing file /Users/minijohn/Dev/nyc_taxi_portfolio/.venv/lib/python3.11/site-packages/airflow/example_dags/example_python_decorator.py for tasks to queue
[2025-12-03T13:31:58.858-0500] {logging_mixin.py:190} INFO - [2025-12-03T13:31:58.858-0500] {dagbag.py:588} INFO - Filling up the DagBag from /Users/minijohn/Dev/nyc_taxi_portfolio/.venv/lib/python3.11/site-packages/airflow/example_dags/example_python_decorator.py
[2025-12-03T13:31:58.873-0500] {logging_mixin.py:190} INFO - [2025-12-03T13:31:58.873-0500] {example_python_decorator.py:80} WARNING - The virtalenv_python example task requires virtualenv, please install it.
[2025-12-03T13:31:58.874-0500] {processor.py:925} INFO - DAG(s) 'example_python_decorator' retrieved from /Users/minijohn/Dev/nyc_taxi_portfolio/.venv/lib/python3.11/site-packages/airflow/example_dags/example_python_decorator.py
[2025-12-03T13:31:58.913-0500] {logging_mixin.py:190} INFO - [2025-12-03T13:31:58.912-0500] {dag.py:3239} INFO - Sync 1 DAGs
[2025-12-03T13:31:58.917-0500] {logging_mixin.py:190} INFO - [2025-12-03T13:31:58.917-0500] {dag.py:4180} INFO - Setting next_dagrun for example_python_decorator to None, run_after=None
[2025-12-03T13:31:58.926-0500] {processor.py:208} INFO - Processing /Users/minijohn/Dev/nyc_taxi_portfolio/.venv/lib/python3.11/site-packages/airflow/example_dags/example_python_decorator.py took 0.105 seconds
[2025-12-03T13:34:51.442-0500] {processor.py:186} INFO - Started process (PID=4949) to work on /Users/minijohn/Dev/nyc_taxi_portfolio/.venv/lib/python3.11/site-packages/airflow/example_dags/example_python_decorator.py
[2025-12-03T13:34:51.443-0500] {processor.py:914} INFO - Processing file /Users/minijohn/Dev/nyc_taxi_portfolio/.venv/lib/python3.11/site-packages/airflow/example_dags/example_python_decorator.py for tasks to queue
[2025-12-03T13:34:51.444-0500] {logging_mixin.py:190} INFO - [2025-12-03T13:34:51.444-0500] {dagbag.py:588} INFO - Filling up the DagBag from /Users/minijohn/Dev/nyc_taxi_portfolio/.venv/lib/python3.11/site-packages/airflow/example_dags/example_python_decorator.py
[2025-12-03T13:34:51.458-0500] {logging_mixin.py:190} INFO - [2025-12-03T13:34:51.458-0500] {example_python_decorator.py:80} WARNING - The virtalenv_python example task requires virtualenv, please install it.
[2025-12-03T13:34:51.459-0500] {processor.py:925} INFO - DAG(s) 'example_python_decorator' retrieved from /Users/minijohn/Dev/nyc_taxi_portfolio/.venv/lib/python3.11/site-packages/airflow/example_dags/example_python_decorator.py
[2025-12-03T13:34:51.495-0500] {logging_mixin.py:190} INFO - [2025-12-03T13:34:51.494-0500] {dag.py:3239} INFO - Sync 1 DAGs
[2025-12-03T13:34:51.499-0500] {logging_mixin.py:190} INFO - [2025-12-03T13:34:51.499-0500] {dag.py:4180} INFO - Setting next_dagrun for example_python_decorator to None, run_after=None
[2025-12-03T13:34:51.506-0500] {processor.py:208} INFO - Processing /Users/minijohn/Dev/nyc_taxi_portfolio/.venv/lib/python3.11/site-packages/airflow/example_dags/example_python_decorator.py took 0.098 seconds
[2025-12-03T13:37:00.084-0500] {processor.py:186} INFO - Started process (PID=5138) to work on /Users/minijohn/Dev/nyc_taxi_portfolio/.venv/lib/python3.11/site-packages/airflow/example_dags/example_python_decorator.py
[2025-12-03T13:37:00.085-0500] {processor.py:914} INFO - Processing file /Users/minijohn/Dev/nyc_taxi_portfolio/.venv/lib/python3.11/site-packages/airflow/example_dags/example_python_decorator.py for tasks to queue
[2025-12-03T13:37:00.085-0500] {logging_mixin.py:190} INFO - [2025-12-03T13:37:00.085-0500] {dagbag.py:588} INFO - Filling up the DagBag from /Users/minijohn/Dev/nyc_taxi_portfolio/.venv/lib/python3.11/site-packages/airflow/example_dags/example_python_decorator.py
[2025-12-03T13:37:00.100-0500] {logging_mixin.py:190} INFO - [2025-12-03T13:37:00.100-0500] {example_python_decorator.py:80} WARNING - The virtalenv_python example task requires virtualenv, please install it.
[2025-12-03T13:37:00.101-0500] {processor.py:925} INFO - DAG(s) 'example_python_decorator' retrieved from /Users/minijohn/Dev/nyc_taxi_portfolio/.venv/lib/python3.11/site-packages/airflow/example_dags/example_python_decorator.py
[2025-12-03T13:37:00.139-0500] {logging_mixin.py:190} INFO - [2025-12-03T13:37:00.139-0500] {dag.py:3239} INFO - Sync 1 DAGs
[2025-12-03T13:37:00.144-0500] {logging_mixin.py:190} INFO - [2025-12-03T13:37:00.144-0500] {dag.py:4180} INFO - Setting next_dagrun for example_python_decorator to None, run_after=None
[2025-12-03T13:37:00.152-0500] {processor.py:208} INFO - Processing /Users/minijohn/Dev/nyc_taxi_portfolio/.venv/lib/python3.11/site-packages/airflow/example_dags/example_python_decorator.py took 0.103 seconds
[2025-12-03T13:40:07.054-0500] {processor.py:186} INFO - Started process (PID=5487) to work on /Users/minijohn/Dev/nyc_taxi_portfolio/.venv/lib/python3.11/site-packages/airflow/example_dags/example_python_decorator.py
[2025-12-03T13:40:07.055-0500] {processor.py:914} INFO - Processing file /Users/minijohn/Dev/nyc_taxi_portfolio/.venv/lib/python3.11/site-packages/airflow/example_dags/example_python_decorator.py for tasks to queue
[2025-12-03T13:40:07.055-0500] {logging_mixin.py:190} INFO - [2025-12-03T13:40:07.055-0500] {dagbag.py:588} INFO - Filling up the DagBag from /Users/minijohn/Dev/nyc_taxi_portfolio/.venv/lib/python3.11/site-packages/airflow/example_dags/example_python_decorator.py
[2025-12-03T13:40:07.072-0500] {logging_mixin.py:190} INFO - [2025-12-03T13:40:07.072-0500] {example_python_decorator.py:80} WARNING - The virtalenv_python example task requires virtualenv, please install it.
[2025-12-03T13:40:07.073-0500] {processor.py:925} INFO - DAG(s) 'example_python_decorator' retrieved from /Users/minijohn/Dev/nyc_taxi_portfolio/.venv/lib/python3.11/site-packages/airflow/example_dags/example_python_decorator.py
[2025-12-03T13:40:07.112-0500] {logging_mixin.py:190} INFO - [2025-12-03T13:40:07.112-0500] {dag.py:3239} INFO - Sync 1 DAGs
[2025-12-03T13:40:07.116-0500] {logging_mixin.py:190} INFO - [2025-12-03T13:40:07.116-0500] {dag.py:4180} INFO - Setting next_dagrun for example_python_decorator to None, run_after=None
[2025-12-03T13:40:07.125-0500] {processor.py:208} INFO - Processing /Users/minijohn/Dev/nyc_taxi_portfolio/.venv/lib/python3.11/site-packages/airflow/example_dags/example_python_decorator.py took 0.112 seconds
[2025-12-03T13:41:46.242-0500] {processor.py:186} INFO - Started process (PID=5737) to work on /Users/minijohn/Dev/nyc_taxi_portfolio/.venv/lib/python3.11/site-packages/airflow/example_dags/example_python_decorator.py
[2025-12-03T13:41:46.243-0500] {processor.py:914} INFO - Processing file /Users/minijohn/Dev/nyc_taxi_portfolio/.venv/lib/python3.11/site-packages/airflow/example_dags/example_python_decorator.py for tasks to queue
[2025-12-03T13:41:46.243-0500] {logging_mixin.py:190} INFO - [2025-12-03T13:41:46.243-0500] {dagbag.py:588} INFO - Filling up the DagBag from /Users/minijohn/Dev/nyc_taxi_portfolio/.venv/lib/python3.11/site-packages/airflow/example_dags/example_python_decorator.py
[2025-12-03T13:41:46.258-0500] {logging_mixin.py:190} INFO - [2025-12-03T13:41:46.258-0500] {example_python_decorator.py:80} WARNING - The virtalenv_python example task requires virtualenv, please install it.
[2025-12-03T13:41:46.259-0500] {processor.py:925} INFO - DAG(s) 'example_python_decorator' retrieved from /Users/minijohn/Dev/nyc_taxi_portfolio/.venv/lib/python3.11/site-packages/airflow/example_dags/example_python_decorator.py
[2025-12-03T13:41:46.297-0500] {logging_mixin.py:190} INFO - [2025-12-03T13:41:46.296-0500] {dag.py:3239} INFO - Sync 1 DAGs
[2025-12-03T13:41:46.301-0500] {logging_mixin.py:190} INFO - [2025-12-03T13:41:46.301-0500] {dag.py:4180} INFO - Setting next_dagrun for example_python_decorator to None, run_after=None
[2025-12-03T13:41:46.310-0500] {processor.py:208} INFO - Processing /Users/minijohn/Dev/nyc_taxi_portfolio/.venv/lib/python3.11/site-packages/airflow/example_dags/example_python_decorator.py took 0.104 seconds
