[2025-12-03T13:07:06.222-0500] {processor.py:186} INFO - Started process (PID=21006) to work on /Users/minijohn/Dev/nyc_taxi_portfolio/.venv/lib/python3.11/site-packages/airflow/example_dags/example_params_ui_tutorial.py
[2025-12-03T13:07:06.223-0500] {processor.py:914} INFO - Processing file /Users/minijohn/Dev/nyc_taxi_portfolio/.venv/lib/python3.11/site-packages/airflow/example_dags/example_params_ui_tutorial.py for tasks to queue
[2025-12-03T13:07:06.224-0500] {logging_mixin.py:190} INFO - [2025-12-03T13:07:06.223-0500] {dagbag.py:588} INFO - Filling up the DagBag from /Users/minijohn/Dev/nyc_taxi_portfolio/.venv/lib/python3.11/site-packages/airflow/example_dags/example_params_ui_tutorial.py
[2025-12-03T13:07:06.248-0500] {processor.py:925} INFO - DAG(s) 'example_params_ui_tutorial' retrieved from /Users/minijohn/Dev/nyc_taxi_portfolio/.venv/lib/python3.11/site-packages/airflow/example_dags/example_params_ui_tutorial.py
[2025-12-03T13:07:06.362-0500] {logging_mixin.py:190} INFO - [2025-12-03T13:07:06.361-0500] {override.py:1930} INFO - Created Permission View: can read on DAG:example_params_ui_tutorial
[2025-12-03T13:07:06.368-0500] {logging_mixin.py:190} INFO - [2025-12-03T13:07:06.367-0500] {override.py:1930} INFO - Created Permission View: can delete on DAG:example_params_ui_tutorial
[2025-12-03T13:07:06.372-0500] {logging_mixin.py:190} INFO - [2025-12-03T13:07:06.371-0500] {override.py:1930} INFO - Created Permission View: can edit on DAG:example_params_ui_tutorial
[2025-12-03T13:07:06.376-0500] {logging_mixin.py:190} INFO - [2025-12-03T13:07:06.376-0500] {override.py:1930} INFO - Created Permission View: menu access on DAG Run:example_params_ui_tutorial
[2025-12-03T13:07:06.381-0500] {logging_mixin.py:190} INFO - [2025-12-03T13:07:06.381-0500] {override.py:1930} INFO - Created Permission View: can read on DAG Run:example_params_ui_tutorial
[2025-12-03T13:07:06.384-0500] {logging_mixin.py:190} INFO - [2025-12-03T13:07:06.384-0500] {override.py:1930} INFO - Created Permission View: can create on DAG Run:example_params_ui_tutorial
[2025-12-03T13:07:06.387-0500] {logging_mixin.py:190} INFO - [2025-12-03T13:07:06.387-0500] {override.py:1930} INFO - Created Permission View: can delete on DAG Run:example_params_ui_tutorial
[2025-12-03T13:07:06.387-0500] {logging_mixin.py:190} INFO - [2025-12-03T13:07:06.387-0500] {dag.py:3239} INFO - Sync 1 DAGs
[2025-12-03T13:07:06.393-0500] {logging_mixin.py:190} INFO - [2025-12-03T13:07:06.393-0500] {dag.py:3262} INFO - Creating ORM DAG for example_params_ui_tutorial
[2025-12-03T13:07:06.393-0500] {logging_mixin.py:190} INFO - [2025-12-03T13:07:06.393-0500] {dag.py:4180} INFO - Setting next_dagrun for example_params_ui_tutorial to None, run_after=None
[2025-12-03T13:07:06.404-0500] {processor.py:208} INFO - Processing /Users/minijohn/Dev/nyc_taxi_portfolio/.venv/lib/python3.11/site-packages/airflow/example_dags/example_params_ui_tutorial.py took 0.235 seconds
[2025-12-03T13:32:03.198-0500] {processor.py:186} INFO - Started process (PID=4739) to work on /Users/minijohn/Dev/nyc_taxi_portfolio/.venv/lib/python3.11/site-packages/airflow/example_dags/example_params_ui_tutorial.py
[2025-12-03T13:32:03.199-0500] {processor.py:914} INFO - Processing file /Users/minijohn/Dev/nyc_taxi_portfolio/.venv/lib/python3.11/site-packages/airflow/example_dags/example_params_ui_tutorial.py for tasks to queue
[2025-12-03T13:32:03.199-0500] {logging_mixin.py:190} INFO - [2025-12-03T13:32:03.199-0500] {dagbag.py:588} INFO - Filling up the DagBag from /Users/minijohn/Dev/nyc_taxi_portfolio/.venv/lib/python3.11/site-packages/airflow/example_dags/example_params_ui_tutorial.py
[2025-12-03T13:32:03.216-0500] {processor.py:925} INFO - DAG(s) 'example_params_ui_tutorial' retrieved from /Users/minijohn/Dev/nyc_taxi_portfolio/.venv/lib/python3.11/site-packages/airflow/example_dags/example_params_ui_tutorial.py
[2025-12-03T13:32:03.265-0500] {logging_mixin.py:190} INFO - [2025-12-03T13:32:03.265-0500] {dag.py:3239} INFO - Sync 1 DAGs
[2025-12-03T13:32:03.270-0500] {logging_mixin.py:190} INFO - [2025-12-03T13:32:03.270-0500] {dag.py:4180} INFO - Setting next_dagrun for example_params_ui_tutorial to None, run_after=None
[2025-12-03T13:32:03.278-0500] {processor.py:208} INFO - Processing /Users/minijohn/Dev/nyc_taxi_portfolio/.venv/lib/python3.11/site-packages/airflow/example_dags/example_params_ui_tutorial.py took 0.118 seconds
[2025-12-03T13:34:55.676-0500] {processor.py:186} INFO - Started process (PID=4954) to work on /Users/minijohn/Dev/nyc_taxi_portfolio/.venv/lib/python3.11/site-packages/airflow/example_dags/example_params_ui_tutorial.py
[2025-12-03T13:34:55.677-0500] {processor.py:914} INFO - Processing file /Users/minijohn/Dev/nyc_taxi_portfolio/.venv/lib/python3.11/site-packages/airflow/example_dags/example_params_ui_tutorial.py for tasks to queue
[2025-12-03T13:34:55.677-0500] {logging_mixin.py:190} INFO - [2025-12-03T13:34:55.677-0500] {dagbag.py:588} INFO - Filling up the DagBag from /Users/minijohn/Dev/nyc_taxi_portfolio/.venv/lib/python3.11/site-packages/airflow/example_dags/example_params_ui_tutorial.py
[2025-12-03T13:34:55.693-0500] {processor.py:925} INFO - DAG(s) 'example_params_ui_tutorial' retrieved from /Users/minijohn/Dev/nyc_taxi_portfolio/.venv/lib/python3.11/site-packages/airflow/example_dags/example_params_ui_tutorial.py
[2025-12-03T13:34:55.738-0500] {logging_mixin.py:190} INFO - [2025-12-03T13:34:55.738-0500] {dag.py:3239} INFO - Sync 1 DAGs
[2025-12-03T13:34:55.743-0500] {logging_mixin.py:190} INFO - [2025-12-03T13:34:55.743-0500] {dag.py:4180} INFO - Setting next_dagrun for example_params_ui_tutorial to None, run_after=None
[2025-12-03T13:34:55.750-0500] {processor.py:208} INFO - Processing /Users/minijohn/Dev/nyc_taxi_portfolio/.venv/lib/python3.11/site-packages/airflow/example_dags/example_params_ui_tutorial.py took 0.109 seconds
[2025-12-03T13:37:04.591-0500] {processor.py:186} INFO - Started process (PID=5143) to work on /Users/minijohn/Dev/nyc_taxi_portfolio/.venv/lib/python3.11/site-packages/airflow/example_dags/example_params_ui_tutorial.py
[2025-12-03T13:37:04.592-0500] {processor.py:914} INFO - Processing file /Users/minijohn/Dev/nyc_taxi_portfolio/.venv/lib/python3.11/site-packages/airflow/example_dags/example_params_ui_tutorial.py for tasks to queue
[2025-12-03T13:37:04.593-0500] {logging_mixin.py:190} INFO - [2025-12-03T13:37:04.593-0500] {dagbag.py:588} INFO - Filling up the DagBag from /Users/minijohn/Dev/nyc_taxi_portfolio/.venv/lib/python3.11/site-packages/airflow/example_dags/example_params_ui_tutorial.py
[2025-12-03T13:37:04.609-0500] {processor.py:925} INFO - DAG(s) 'example_params_ui_tutorial' retrieved from /Users/minijohn/Dev/nyc_taxi_portfolio/.venv/lib/python3.11/site-packages/airflow/example_dags/example_params_ui_tutorial.py
[2025-12-03T13:37:04.655-0500] {logging_mixin.py:190} INFO - [2025-12-03T13:37:04.655-0500] {dag.py:3239} INFO - Sync 1 DAGs
[2025-12-03T13:37:04.660-0500] {logging_mixin.py:190} INFO - [2025-12-03T13:37:04.660-0500] {dag.py:4180} INFO - Setting next_dagrun for example_params_ui_tutorial to None, run_after=None
[2025-12-03T13:37:04.668-0500] {processor.py:208} INFO - Processing /Users/minijohn/Dev/nyc_taxi_portfolio/.venv/lib/python3.11/site-packages/airflow/example_dags/example_params_ui_tutorial.py took 0.113 seconds
[2025-12-03T13:40:10.999-0500] {processor.py:186} INFO - Started process (PID=5501) to work on /Users/minijohn/Dev/nyc_taxi_portfolio/.venv/lib/python3.11/site-packages/airflow/example_dags/example_params_ui_tutorial.py
[2025-12-03T13:40:11.000-0500] {processor.py:914} INFO - Processing file /Users/minijohn/Dev/nyc_taxi_portfolio/.venv/lib/python3.11/site-packages/airflow/example_dags/example_params_ui_tutorial.py for tasks to queue
[2025-12-03T13:40:11.001-0500] {logging_mixin.py:190} INFO - [2025-12-03T13:40:11.001-0500] {dagbag.py:588} INFO - Filling up the DagBag from /Users/minijohn/Dev/nyc_taxi_portfolio/.venv/lib/python3.11/site-packages/airflow/example_dags/example_params_ui_tutorial.py
[2025-12-03T13:40:11.016-0500] {processor.py:925} INFO - DAG(s) 'example_params_ui_tutorial' retrieved from /Users/minijohn/Dev/nyc_taxi_portfolio/.venv/lib/python3.11/site-packages/airflow/example_dags/example_params_ui_tutorial.py
[2025-12-03T13:40:11.061-0500] {logging_mixin.py:190} INFO - [2025-12-03T13:40:11.061-0500] {dag.py:3239} INFO - Sync 1 DAGs
[2025-12-03T13:40:11.067-0500] {logging_mixin.py:190} INFO - [2025-12-03T13:40:11.067-0500] {dag.py:4180} INFO - Setting next_dagrun for example_params_ui_tutorial to None, run_after=None
[2025-12-03T13:40:11.076-0500] {processor.py:208} INFO - Processing /Users/minijohn/Dev/nyc_taxi_portfolio/.venv/lib/python3.11/site-packages/airflow/example_dags/example_params_ui_tutorial.py took 0.112 seconds
