[2025-12-03T13:08:10.392-0500] {processor.py:186} INFO - Started process (PID=21111) to work on /Users/minijohn/Dev/nyc_taxi_portfolio/.venv/lib/python3.11/site-packages/airflow/example_dags/example_datasets.py
[2025-12-03T13:08:10.392-0500] {processor.py:914} INFO - Processing file /Users/minijohn/Dev/nyc_taxi_portfolio/.venv/lib/python3.11/site-packages/airflow/example_dags/example_datasets.py for tasks to queue
[2025-12-03T13:08:10.393-0500] {logging_mixin.py:190} INFO - [2025-12-03T13:08:10.393-0500] {dagbag.py:588} INFO - Filling up the DagBag from /Users/minijohn/Dev/nyc_taxi_portfolio/.venv/lib/python3.11/site-packages/airflow/example_dags/example_datasets.py
[2025-12-03T13:08:10.426-0500] {processor.py:925} INFO - DAG(s) 'dataset_produces_2', 'dataset_consumes_1_and_2', 'consume_1_or_2_with_dataset_expressions', 'conditional_dataset_and_time_based_timetable', 'dataset_consumes_1', 'dataset_consumes_unknown_never_scheduled', 'dataset_produces_1', 'consume_1_or_both_2_and_3_with_dataset_expressions', 'dataset_consumes_1_never_scheduled', 'consume_1_and_2_with_dataset_expressions' retrieved from /Users/minijohn/Dev/nyc_taxi_portfolio/.venv/lib/python3.11/site-packages/airflow/example_dags/example_datasets.py
[2025-12-03T13:08:10.526-0500] {logging_mixin.py:190} INFO - [2025-12-03T13:08:10.525-0500] {override.py:1930} INFO - Created Permission View: can read on DAG:dataset_produces_2
[2025-12-03T13:08:10.531-0500] {logging_mixin.py:190} INFO - [2025-12-03T13:08:10.531-0500] {override.py:1930} INFO - Created Permission View: can edit on DAG:dataset_produces_2
[2025-12-03T13:08:10.535-0500] {logging_mixin.py:190} INFO - [2025-12-03T13:08:10.535-0500] {override.py:1930} INFO - Created Permission View: can delete on DAG:dataset_produces_2
[2025-12-03T13:08:10.541-0500] {logging_mixin.py:190} INFO - [2025-12-03T13:08:10.540-0500] {override.py:1930} INFO - Created Permission View: menu access on DAG Run:dataset_produces_2
[2025-12-03T13:08:10.544-0500] {logging_mixin.py:190} INFO - [2025-12-03T13:08:10.544-0500] {override.py:1930} INFO - Created Permission View: can read on DAG Run:dataset_produces_2
[2025-12-03T13:08:10.547-0500] {logging_mixin.py:190} INFO - [2025-12-03T13:08:10.547-0500] {override.py:1930} INFO - Created Permission View: can delete on DAG Run:dataset_produces_2
[2025-12-03T13:08:10.551-0500] {logging_mixin.py:190} INFO - [2025-12-03T13:08:10.550-0500] {override.py:1930} INFO - Created Permission View: can create on DAG Run:dataset_produces_2
[2025-12-03T13:08:10.558-0500] {logging_mixin.py:190} INFO - [2025-12-03T13:08:10.558-0500] {override.py:1930} INFO - Created Permission View: can read on DAG:dataset_consumes_1_and_2
[2025-12-03T13:08:10.561-0500] {logging_mixin.py:190} INFO - [2025-12-03T13:08:10.561-0500] {override.py:1930} INFO - Created Permission View: can edit on DAG:dataset_consumes_1_and_2
[2025-12-03T13:08:10.564-0500] {logging_mixin.py:190} INFO - [2025-12-03T13:08:10.564-0500] {override.py:1930} INFO - Created Permission View: can delete on DAG:dataset_consumes_1_and_2
[2025-12-03T13:08:10.569-0500] {logging_mixin.py:190} INFO - [2025-12-03T13:08:10.569-0500] {override.py:1930} INFO - Created Permission View: menu access on DAG Run:dataset_consumes_1_and_2
[2025-12-03T13:08:10.573-0500] {logging_mixin.py:190} INFO - [2025-12-03T13:08:10.573-0500] {override.py:1930} INFO - Created Permission View: can read on DAG Run:dataset_consumes_1_and_2
[2025-12-03T13:08:10.577-0500] {logging_mixin.py:190} INFO - [2025-12-03T13:08:10.577-0500] {override.py:1930} INFO - Created Permission View: can delete on DAG Run:dataset_consumes_1_and_2
[2025-12-03T13:08:10.580-0500] {logging_mixin.py:190} INFO - [2025-12-03T13:08:10.580-0500] {override.py:1930} INFO - Created Permission View: can create on DAG Run:dataset_consumes_1_and_2
[2025-12-03T13:08:10.588-0500] {logging_mixin.py:190} INFO - [2025-12-03T13:08:10.587-0500] {override.py:1930} INFO - Created Permission View: can read on DAG:consume_1_or_2_with_dataset_expressions
[2025-12-03T13:08:10.592-0500] {logging_mixin.py:190} INFO - [2025-12-03T13:08:10.592-0500] {override.py:1930} INFO - Created Permission View: can edit on DAG:consume_1_or_2_with_dataset_expressions
[2025-12-03T13:08:10.596-0500] {logging_mixin.py:190} INFO - [2025-12-03T13:08:10.596-0500] {override.py:1930} INFO - Created Permission View: can delete on DAG:consume_1_or_2_with_dataset_expressions
[2025-12-03T13:08:10.601-0500] {logging_mixin.py:190} INFO - [2025-12-03T13:08:10.601-0500] {override.py:1930} INFO - Created Permission View: menu access on DAG Run:consume_1_or_2_with_dataset_expressions
[2025-12-03T13:08:10.606-0500] {logging_mixin.py:190} INFO - [2025-12-03T13:08:10.606-0500] {override.py:1930} INFO - Created Permission View: can read on DAG Run:consume_1_or_2_with_dataset_expressions
[2025-12-03T13:08:10.609-0500] {logging_mixin.py:190} INFO - [2025-12-03T13:08:10.609-0500] {override.py:1930} INFO - Created Permission View: can delete on DAG Run:consume_1_or_2_with_dataset_expressions
[2025-12-03T13:08:10.612-0500] {logging_mixin.py:190} INFO - [2025-12-03T13:08:10.612-0500] {override.py:1930} INFO - Created Permission View: can create on DAG Run:consume_1_or_2_with_dataset_expressions
[2025-12-03T13:08:10.619-0500] {logging_mixin.py:190} INFO - [2025-12-03T13:08:10.619-0500] {override.py:1930} INFO - Created Permission View: can read on DAG:conditional_dataset_and_time_based_timetable
[2025-12-03T13:08:10.624-0500] {logging_mixin.py:190} INFO - [2025-12-03T13:08:10.623-0500] {override.py:1930} INFO - Created Permission View: can edit on DAG:conditional_dataset_and_time_based_timetable
[2025-12-03T13:08:10.628-0500] {logging_mixin.py:190} INFO - [2025-12-03T13:08:10.628-0500] {override.py:1930} INFO - Created Permission View: can delete on DAG:conditional_dataset_and_time_based_timetable
[2025-12-03T13:08:10.632-0500] {logging_mixin.py:190} INFO - [2025-12-03T13:08:10.632-0500] {override.py:1930} INFO - Created Permission View: menu access on DAG Run:conditional_dataset_and_time_based_timetable
[2025-12-03T13:08:10.635-0500] {logging_mixin.py:190} INFO - [2025-12-03T13:08:10.635-0500] {override.py:1930} INFO - Created Permission View: can read on DAG Run:conditional_dataset_and_time_based_timetable
[2025-12-03T13:08:10.640-0500] {logging_mixin.py:190} INFO - [2025-12-03T13:08:10.640-0500] {override.py:1930} INFO - Created Permission View: can delete on DAG Run:conditional_dataset_and_time_based_timetable
[2025-12-03T13:08:10.643-0500] {logging_mixin.py:190} INFO - [2025-12-03T13:08:10.643-0500] {override.py:1930} INFO - Created Permission View: can create on DAG Run:conditional_dataset_and_time_based_timetable
[2025-12-03T13:08:10.649-0500] {logging_mixin.py:190} INFO - [2025-12-03T13:08:10.649-0500] {override.py:1930} INFO - Created Permission View: can read on DAG:dataset_consumes_1
[2025-12-03T13:08:10.652-0500] {logging_mixin.py:190} INFO - [2025-12-03T13:08:10.652-0500] {override.py:1930} INFO - Created Permission View: can edit on DAG:dataset_consumes_1
[2025-12-03T13:08:10.657-0500] {logging_mixin.py:190} INFO - [2025-12-03T13:08:10.657-0500] {override.py:1930} INFO - Created Permission View: can delete on DAG:dataset_consumes_1
[2025-12-03T13:08:10.660-0500] {logging_mixin.py:190} INFO - [2025-12-03T13:08:10.660-0500] {override.py:1930} INFO - Created Permission View: menu access on DAG Run:dataset_consumes_1
[2025-12-03T13:08:10.664-0500] {logging_mixin.py:190} INFO - [2025-12-03T13:08:10.664-0500] {override.py:1930} INFO - Created Permission View: can read on DAG Run:dataset_consumes_1
[2025-12-03T13:08:10.667-0500] {logging_mixin.py:190} INFO - [2025-12-03T13:08:10.667-0500] {override.py:1930} INFO - Created Permission View: can delete on DAG Run:dataset_consumes_1
[2025-12-03T13:08:10.670-0500] {logging_mixin.py:190} INFO - [2025-12-03T13:08:10.670-0500] {override.py:1930} INFO - Created Permission View: can create on DAG Run:dataset_consumes_1
[2025-12-03T13:08:10.677-0500] {logging_mixin.py:190} INFO - [2025-12-03T13:08:10.677-0500] {override.py:1930} INFO - Created Permission View: can read on DAG:dataset_consumes_unknown_never_scheduled
[2025-12-03T13:08:10.681-0500] {logging_mixin.py:190} INFO - [2025-12-03T13:08:10.680-0500] {override.py:1930} INFO - Created Permission View: can edit on DAG:dataset_consumes_unknown_never_scheduled
[2025-12-03T13:08:10.685-0500] {logging_mixin.py:190} INFO - [2025-12-03T13:08:10.684-0500] {override.py:1930} INFO - Created Permission View: can delete on DAG:dataset_consumes_unknown_never_scheduled
[2025-12-03T13:08:10.691-0500] {logging_mixin.py:190} INFO - [2025-12-03T13:08:10.691-0500] {override.py:1930} INFO - Created Permission View: menu access on DAG Run:dataset_consumes_unknown_never_scheduled
[2025-12-03T13:08:10.694-0500] {logging_mixin.py:190} INFO - [2025-12-03T13:08:10.694-0500] {override.py:1930} INFO - Created Permission View: can read on DAG Run:dataset_consumes_unknown_never_scheduled
[2025-12-03T13:08:10.698-0500] {logging_mixin.py:190} INFO - [2025-12-03T13:08:10.697-0500] {override.py:1930} INFO - Created Permission View: can delete on DAG Run:dataset_consumes_unknown_never_scheduled
[2025-12-03T13:08:10.701-0500] {logging_mixin.py:190} INFO - [2025-12-03T13:08:10.701-0500] {override.py:1930} INFO - Created Permission View: can create on DAG Run:dataset_consumes_unknown_never_scheduled
[2025-12-03T13:08:10.710-0500] {logging_mixin.py:190} INFO - [2025-12-03T13:08:10.710-0500] {override.py:1930} INFO - Created Permission View: can read on DAG:dataset_produces_1
[2025-12-03T13:08:10.713-0500] {logging_mixin.py:190} INFO - [2025-12-03T13:08:10.713-0500] {override.py:1930} INFO - Created Permission View: can edit on DAG:dataset_produces_1
[2025-12-03T13:08:10.716-0500] {logging_mixin.py:190} INFO - [2025-12-03T13:08:10.716-0500] {override.py:1930} INFO - Created Permission View: can delete on DAG:dataset_produces_1
[2025-12-03T13:08:10.721-0500] {logging_mixin.py:190} INFO - [2025-12-03T13:08:10.721-0500] {override.py:1930} INFO - Created Permission View: menu access on DAG Run:dataset_produces_1
[2025-12-03T13:08:10.725-0500] {logging_mixin.py:190} INFO - [2025-12-03T13:08:10.725-0500] {override.py:1930} INFO - Created Permission View: can read on DAG Run:dataset_produces_1
[2025-12-03T13:08:10.728-0500] {logging_mixin.py:190} INFO - [2025-12-03T13:08:10.728-0500] {override.py:1930} INFO - Created Permission View: can delete on DAG Run:dataset_produces_1
[2025-12-03T13:08:10.732-0500] {logging_mixin.py:190} INFO - [2025-12-03T13:08:10.732-0500] {override.py:1930} INFO - Created Permission View: can create on DAG Run:dataset_produces_1
[2025-12-03T13:08:10.740-0500] {logging_mixin.py:190} INFO - [2025-12-03T13:08:10.740-0500] {override.py:1930} INFO - Created Permission View: can read on DAG:consume_1_or_both_2_and_3_with_dataset_expressions
[2025-12-03T13:08:10.744-0500] {logging_mixin.py:190} INFO - [2025-12-03T13:08:10.743-0500] {override.py:1930} INFO - Created Permission View: can edit on DAG:consume_1_or_both_2_and_3_with_dataset_expressions
[2025-12-03T13:08:10.747-0500] {logging_mixin.py:190} INFO - [2025-12-03T13:08:10.747-0500] {override.py:1930} INFO - Created Permission View: can delete on DAG:consume_1_or_both_2_and_3_with_dataset_expressions
[2025-12-03T13:08:10.753-0500] {logging_mixin.py:190} INFO - [2025-12-03T13:08:10.752-0500] {override.py:1930} INFO - Created Permission View: menu access on DAG Run:consume_1_or_both_2_and_3_with_dataset_expressions
[2025-12-03T13:08:10.756-0500] {logging_mixin.py:190} INFO - [2025-12-03T13:08:10.756-0500] {override.py:1930} INFO - Created Permission View: can read on DAG Run:consume_1_or_both_2_and_3_with_dataset_expressions
[2025-12-03T13:08:10.759-0500] {logging_mixin.py:190} INFO - [2025-12-03T13:08:10.758-0500] {override.py:1930} INFO - Created Permission View: can delete on DAG Run:consume_1_or_both_2_and_3_with_dataset_expressions
[2025-12-03T13:08:10.763-0500] {logging_mixin.py:190} INFO - [2025-12-03T13:08:10.763-0500] {override.py:1930} INFO - Created Permission View: can create on DAG Run:consume_1_or_both_2_and_3_with_dataset_expressions
[2025-12-03T13:08:10.768-0500] {logging_mixin.py:190} INFO - [2025-12-03T13:08:10.768-0500] {override.py:1930} INFO - Created Permission View: can read on DAG:dataset_consumes_1_never_scheduled
[2025-12-03T13:08:10.773-0500] {logging_mixin.py:190} INFO - [2025-12-03T13:08:10.772-0500] {override.py:1930} INFO - Created Permission View: can edit on DAG:dataset_consumes_1_never_scheduled
[2025-12-03T13:08:10.776-0500] {logging_mixin.py:190} INFO - [2025-12-03T13:08:10.776-0500] {override.py:1930} INFO - Created Permission View: can delete on DAG:dataset_consumes_1_never_scheduled
[2025-12-03T13:08:10.781-0500] {logging_mixin.py:190} INFO - [2025-12-03T13:08:10.781-0500] {override.py:1930} INFO - Created Permission View: menu access on DAG Run:dataset_consumes_1_never_scheduled
[2025-12-03T13:08:10.784-0500] {logging_mixin.py:190} INFO - [2025-12-03T13:08:10.784-0500] {override.py:1930} INFO - Created Permission View: can read on DAG Run:dataset_consumes_1_never_scheduled
[2025-12-03T13:08:10.789-0500] {logging_mixin.py:190} INFO - [2025-12-03T13:08:10.788-0500] {override.py:1930} INFO - Created Permission View: can delete on DAG Run:dataset_consumes_1_never_scheduled
[2025-12-03T13:08:10.792-0500] {logging_mixin.py:190} INFO - [2025-12-03T13:08:10.792-0500] {override.py:1930} INFO - Created Permission View: can create on DAG Run:dataset_consumes_1_never_scheduled
[2025-12-03T13:08:10.799-0500] {logging_mixin.py:190} INFO - [2025-12-03T13:08:10.798-0500] {override.py:1930} INFO - Created Permission View: can read on DAG:consume_1_and_2_with_dataset_expressions
[2025-12-03T13:08:10.802-0500] {logging_mixin.py:190} INFO - [2025-12-03T13:08:10.802-0500] {override.py:1930} INFO - Created Permission View: can edit on DAG:consume_1_and_2_with_dataset_expressions
[2025-12-03T13:08:10.806-0500] {logging_mixin.py:190} INFO - [2025-12-03T13:08:10.805-0500] {override.py:1930} INFO - Created Permission View: can delete on DAG:consume_1_and_2_with_dataset_expressions
[2025-12-03T13:08:10.810-0500] {logging_mixin.py:190} INFO - [2025-12-03T13:08:10.810-0500] {override.py:1930} INFO - Created Permission View: menu access on DAG Run:consume_1_and_2_with_dataset_expressions
[2025-12-03T13:08:10.813-0500] {logging_mixin.py:190} INFO - [2025-12-03T13:08:10.813-0500] {override.py:1930} INFO - Created Permission View: can read on DAG Run:consume_1_and_2_with_dataset_expressions
[2025-12-03T13:08:10.817-0500] {logging_mixin.py:190} INFO - [2025-12-03T13:08:10.817-0500] {override.py:1930} INFO - Created Permission View: can delete on DAG Run:consume_1_and_2_with_dataset_expressions
[2025-12-03T13:08:10.820-0500] {logging_mixin.py:190} INFO - [2025-12-03T13:08:10.820-0500] {override.py:1930} INFO - Created Permission View: can create on DAG Run:consume_1_and_2_with_dataset_expressions
[2025-12-03T13:08:10.820-0500] {logging_mixin.py:190} INFO - [2025-12-03T13:08:10.820-0500] {dag.py:3239} INFO - Sync 10 DAGs
[2025-12-03T13:08:10.826-0500] {logging_mixin.py:190} INFO - [2025-12-03T13:08:10.826-0500] {dag.py:3262} INFO - Creating ORM DAG for consume_1_or_both_2_and_3_with_dataset_expressions
[2025-12-03T13:08:10.826-0500] {logging_mixin.py:190} INFO - [2025-12-03T13:08:10.826-0500] {dag.py:3262} INFO - Creating ORM DAG for dataset_produces_1
[2025-12-03T13:08:10.826-0500] {logging_mixin.py:190} INFO - [2025-12-03T13:08:10.826-0500] {dag.py:3262} INFO - Creating ORM DAG for consume_1_and_2_with_dataset_expressions
[2025-12-03T13:08:10.827-0500] {logging_mixin.py:190} INFO - [2025-12-03T13:08:10.827-0500] {dag.py:3262} INFO - Creating ORM DAG for dataset_consumes_1_and_2
[2025-12-03T13:08:10.827-0500] {logging_mixin.py:190} INFO - [2025-12-03T13:08:10.827-0500] {dag.py:3262} INFO - Creating ORM DAG for dataset_consumes_1_never_scheduled
[2025-12-03T13:08:10.828-0500] {logging_mixin.py:190} INFO - [2025-12-03T13:08:10.828-0500] {dag.py:3262} INFO - Creating ORM DAG for conditional_dataset_and_time_based_timetable
[2025-12-03T13:08:10.828-0500] {logging_mixin.py:190} INFO - [2025-12-03T13:08:10.828-0500] {dag.py:3262} INFO - Creating ORM DAG for dataset_consumes_1
[2025-12-03T13:08:10.828-0500] {logging_mixin.py:190} INFO - [2025-12-03T13:08:10.828-0500] {dag.py:3262} INFO - Creating ORM DAG for consume_1_or_2_with_dataset_expressions
[2025-12-03T13:08:10.829-0500] {logging_mixin.py:190} INFO - [2025-12-03T13:08:10.828-0500] {dag.py:3262} INFO - Creating ORM DAG for dataset_produces_2
[2025-12-03T13:08:10.829-0500] {logging_mixin.py:190} INFO - [2025-12-03T13:08:10.829-0500] {dag.py:3262} INFO - Creating ORM DAG for dataset_consumes_unknown_never_scheduled
[2025-12-03T13:08:10.833-0500] {logging_mixin.py:190} INFO - [2025-12-03T13:08:10.833-0500] {dag.py:4180} INFO - Setting next_dagrun for conditional_dataset_and_time_based_timetable to 2025-12-03 01:00:00+00:00, run_after=2025-12-03 01:00:00+00:00
[2025-12-03T13:08:10.833-0500] {logging_mixin.py:190} INFO - [2025-12-03T13:08:10.833-0500] {dag.py:4180} INFO - Setting next_dagrun for consume_1_and_2_with_dataset_expressions to None, run_after=None
[2025-12-03T13:08:10.834-0500] {logging_mixin.py:190} INFO - [2025-12-03T13:08:10.834-0500] {dag.py:4180} INFO - Setting next_dagrun for consume_1_or_2_with_dataset_expressions to None, run_after=None
[2025-12-03T13:08:10.834-0500] {logging_mixin.py:190} INFO - [2025-12-03T13:08:10.834-0500] {dag.py:4180} INFO - Setting next_dagrun for consume_1_or_both_2_and_3_with_dataset_expressions to None, run_after=None
[2025-12-03T13:08:10.834-0500] {logging_mixin.py:190} INFO - [2025-12-03T13:08:10.834-0500] {dag.py:4180} INFO - Setting next_dagrun for dataset_consumes_1 to None, run_after=None
[2025-12-03T13:08:10.834-0500] {logging_mixin.py:190} INFO - [2025-12-03T13:08:10.834-0500] {dag.py:4180} INFO - Setting next_dagrun for dataset_consumes_1_and_2 to None, run_after=None
[2025-12-03T13:08:10.834-0500] {logging_mixin.py:190} INFO - [2025-12-03T13:08:10.834-0500] {dag.py:4180} INFO - Setting next_dagrun for dataset_consumes_1_never_scheduled to None, run_after=None
[2025-12-03T13:08:10.834-0500] {logging_mixin.py:190} INFO - [2025-12-03T13:08:10.834-0500] {dag.py:4180} INFO - Setting next_dagrun for dataset_consumes_unknown_never_scheduled to None, run_after=None
[2025-12-03T13:08:10.835-0500] {logging_mixin.py:190} INFO - [2025-12-03T13:08:10.835-0500] {dag.py:4180} INFO - Setting next_dagrun for dataset_produces_1 to 2025-12-02 00:00:00+00:00, run_after=2025-12-03 00:00:00+00:00
[2025-12-03T13:08:10.836-0500] {logging_mixin.py:190} INFO - [2025-12-03T13:08:10.836-0500] {dag.py:4180} INFO - Setting next_dagrun for dataset_produces_2 to None, run_after=None
[2025-12-03T13:08:11.346-0500] {processor.py:208} INFO - Processing /Users/minijohn/Dev/nyc_taxi_portfolio/.venv/lib/python3.11/site-packages/airflow/example_dags/example_datasets.py took 1.009 seconds
[2025-12-03T13:32:32.495-0500] {processor.py:186} INFO - Started process (PID=4780) to work on /Users/minijohn/Dev/nyc_taxi_portfolio/.venv/lib/python3.11/site-packages/airflow/example_dags/example_datasets.py
[2025-12-03T13:32:32.496-0500] {processor.py:914} INFO - Processing file /Users/minijohn/Dev/nyc_taxi_portfolio/.venv/lib/python3.11/site-packages/airflow/example_dags/example_datasets.py for tasks to queue
[2025-12-03T13:32:32.497-0500] {logging_mixin.py:190} INFO - [2025-12-03T13:32:32.497-0500] {dagbag.py:588} INFO - Filling up the DagBag from /Users/minijohn/Dev/nyc_taxi_portfolio/.venv/lib/python3.11/site-packages/airflow/example_dags/example_datasets.py
[2025-12-03T13:32:32.518-0500] {processor.py:925} INFO - DAG(s) 'consume_1_or_both_2_and_3_with_dataset_expressions', 'dataset_consumes_1_and_2', 'dataset_consumes_1', 'dataset_consumes_1_never_scheduled', 'dataset_consumes_unknown_never_scheduled', 'dataset_produces_2', 'conditional_dataset_and_time_based_timetable', 'consume_1_and_2_with_dataset_expressions', 'dataset_produces_1', 'consume_1_or_2_with_dataset_expressions' retrieved from /Users/minijohn/Dev/nyc_taxi_portfolio/.venv/lib/python3.11/site-packages/airflow/example_dags/example_datasets.py
[2025-12-03T13:32:32.570-0500] {logging_mixin.py:190} INFO - [2025-12-03T13:32:32.569-0500] {dag.py:3239} INFO - Sync 10 DAGs
[2025-12-03T13:32:32.579-0500] {logging_mixin.py:190} INFO - [2025-12-03T13:32:32.579-0500] {dag.py:4180} INFO - Setting next_dagrun for conditional_dataset_and_time_based_timetable to 2025-12-03 01:00:00+00:00, run_after=2025-12-03 01:00:00+00:00
[2025-12-03T13:32:32.582-0500] {logging_mixin.py:190} INFO - [2025-12-03T13:32:32.582-0500] {dag.py:4180} INFO - Setting next_dagrun for consume_1_and_2_with_dataset_expressions to None, run_after=None
[2025-12-03T13:32:32.582-0500] {logging_mixin.py:190} INFO - [2025-12-03T13:32:32.582-0500] {dag.py:4180} INFO - Setting next_dagrun for consume_1_or_2_with_dataset_expressions to None, run_after=None
[2025-12-03T13:32:32.583-0500] {logging_mixin.py:190} INFO - [2025-12-03T13:32:32.583-0500] {dag.py:4180} INFO - Setting next_dagrun for consume_1_or_both_2_and_3_with_dataset_expressions to None, run_after=None
[2025-12-03T13:32:32.583-0500] {logging_mixin.py:190} INFO - [2025-12-03T13:32:32.583-0500] {dag.py:4180} INFO - Setting next_dagrun for dataset_consumes_1 to None, run_after=None
[2025-12-03T13:32:32.583-0500] {logging_mixin.py:190} INFO - [2025-12-03T13:32:32.583-0500] {dag.py:4180} INFO - Setting next_dagrun for dataset_consumes_1_and_2 to None, run_after=None
[2025-12-03T13:32:32.585-0500] {logging_mixin.py:190} INFO - [2025-12-03T13:32:32.584-0500] {dag.py:4180} INFO - Setting next_dagrun for dataset_consumes_1_never_scheduled to None, run_after=None
[2025-12-03T13:32:32.585-0500] {logging_mixin.py:190} INFO - [2025-12-03T13:32:32.585-0500] {dag.py:4180} INFO - Setting next_dagrun for dataset_consumes_unknown_never_scheduled to None, run_after=None
[2025-12-03T13:32:32.586-0500] {logging_mixin.py:190} INFO - [2025-12-03T13:32:32.586-0500] {dag.py:4180} INFO - Setting next_dagrun for dataset_produces_1 to 2025-12-02 00:00:00+00:00, run_after=2025-12-03 00:00:00+00:00
[2025-12-03T13:32:32.586-0500] {logging_mixin.py:190} INFO - [2025-12-03T13:32:32.586-0500] {dag.py:4180} INFO - Setting next_dagrun for dataset_produces_2 to None, run_after=None
[2025-12-03T13:32:32.599-0500] {processor.py:208} INFO - Processing /Users/minijohn/Dev/nyc_taxi_portfolio/.venv/lib/python3.11/site-packages/airflow/example_dags/example_datasets.py took 0.148 seconds
[2025-12-03T13:35:22.320-0500] {processor.py:186} INFO - Started process (PID=4992) to work on /Users/minijohn/Dev/nyc_taxi_portfolio/.venv/lib/python3.11/site-packages/airflow/example_dags/example_datasets.py
[2025-12-03T13:35:22.321-0500] {processor.py:914} INFO - Processing file /Users/minijohn/Dev/nyc_taxi_portfolio/.venv/lib/python3.11/site-packages/airflow/example_dags/example_datasets.py for tasks to queue
[2025-12-03T13:35:22.321-0500] {logging_mixin.py:190} INFO - [2025-12-03T13:35:22.321-0500] {dagbag.py:588} INFO - Filling up the DagBag from /Users/minijohn/Dev/nyc_taxi_portfolio/.venv/lib/python3.11/site-packages/airflow/example_dags/example_datasets.py
[2025-12-03T13:35:22.339-0500] {processor.py:925} INFO - DAG(s) 'consume_1_or_2_with_dataset_expressions', 'dataset_produces_1', 'dataset_consumes_1', 'dataset_consumes_1_and_2', 'consume_1_or_both_2_and_3_with_dataset_expressions', 'dataset_produces_2', 'dataset_consumes_1_never_scheduled', 'consume_1_and_2_with_dataset_expressions', 'dataset_consumes_unknown_never_scheduled', 'conditional_dataset_and_time_based_timetable' retrieved from /Users/minijohn/Dev/nyc_taxi_portfolio/.venv/lib/python3.11/site-packages/airflow/example_dags/example_datasets.py
[2025-12-03T13:35:22.384-0500] {logging_mixin.py:190} INFO - [2025-12-03T13:35:22.384-0500] {dag.py:3239} INFO - Sync 10 DAGs
[2025-12-03T13:35:22.392-0500] {logging_mixin.py:190} INFO - [2025-12-03T13:35:22.392-0500] {dag.py:4180} INFO - Setting next_dagrun for conditional_dataset_and_time_based_timetable to 2025-12-03 01:00:00+00:00, run_after=2025-12-03 01:00:00+00:00
[2025-12-03T13:35:22.394-0500] {logging_mixin.py:190} INFO - [2025-12-03T13:35:22.393-0500] {dag.py:4180} INFO - Setting next_dagrun for consume_1_and_2_with_dataset_expressions to None, run_after=None
[2025-12-03T13:35:22.394-0500] {logging_mixin.py:190} INFO - [2025-12-03T13:35:22.394-0500] {dag.py:4180} INFO - Setting next_dagrun for consume_1_or_2_with_dataset_expressions to None, run_after=None
[2025-12-03T13:35:22.394-0500] {logging_mixin.py:190} INFO - [2025-12-03T13:35:22.394-0500] {dag.py:4180} INFO - Setting next_dagrun for consume_1_or_both_2_and_3_with_dataset_expressions to None, run_after=None
[2025-12-03T13:35:22.395-0500] {logging_mixin.py:190} INFO - [2025-12-03T13:35:22.394-0500] {dag.py:4180} INFO - Setting next_dagrun for dataset_consumes_1 to None, run_after=None
[2025-12-03T13:35:22.395-0500] {logging_mixin.py:190} INFO - [2025-12-03T13:35:22.395-0500] {dag.py:4180} INFO - Setting next_dagrun for dataset_consumes_1_and_2 to None, run_after=None
[2025-12-03T13:35:22.396-0500] {logging_mixin.py:190} INFO - [2025-12-03T13:35:22.396-0500] {dag.py:4180} INFO - Setting next_dagrun for dataset_consumes_1_never_scheduled to None, run_after=None
[2025-12-03T13:35:22.396-0500] {logging_mixin.py:190} INFO - [2025-12-03T13:35:22.396-0500] {dag.py:4180} INFO - Setting next_dagrun for dataset_consumes_unknown_never_scheduled to None, run_after=None
[2025-12-03T13:35:22.397-0500] {logging_mixin.py:190} INFO - [2025-12-03T13:35:22.397-0500] {dag.py:4180} INFO - Setting next_dagrun for dataset_produces_1 to 2025-12-02 00:00:00+00:00, run_after=2025-12-03 00:00:00+00:00
[2025-12-03T13:35:22.397-0500] {logging_mixin.py:190} INFO - [2025-12-03T13:35:22.397-0500] {dag.py:4180} INFO - Setting next_dagrun for dataset_produces_2 to None, run_after=None
[2025-12-03T13:35:22.408-0500] {processor.py:208} INFO - Processing /Users/minijohn/Dev/nyc_taxi_portfolio/.venv/lib/python3.11/site-packages/airflow/example_dags/example_datasets.py took 0.124 seconds
[2025-12-03T13:38:36.785-0500] {processor.py:186} INFO - Started process (PID=5254) to work on /Users/minijohn/Dev/nyc_taxi_portfolio/.venv/lib/python3.11/site-packages/airflow/example_dags/example_datasets.py
[2025-12-03T13:38:36.786-0500] {processor.py:914} INFO - Processing file /Users/minijohn/Dev/nyc_taxi_portfolio/.venv/lib/python3.11/site-packages/airflow/example_dags/example_datasets.py for tasks to queue
[2025-12-03T13:38:36.786-0500] {logging_mixin.py:190} INFO - [2025-12-03T13:38:36.786-0500] {dagbag.py:588} INFO - Filling up the DagBag from /Users/minijohn/Dev/nyc_taxi_portfolio/.venv/lib/python3.11/site-packages/airflow/example_dags/example_datasets.py
[2025-12-03T13:38:36.808-0500] {processor.py:925} INFO - DAG(s) 'dataset_produces_1', 'conditional_dataset_and_time_based_timetable', 'dataset_consumes_unknown_never_scheduled', 'consume_1_or_both_2_and_3_with_dataset_expressions', 'dataset_consumes_1_and_2', 'dataset_consumes_1_never_scheduled', 'consume_1_or_2_with_dataset_expressions', 'dataset_produces_2', 'consume_1_and_2_with_dataset_expressions', 'dataset_consumes_1' retrieved from /Users/minijohn/Dev/nyc_taxi_portfolio/.venv/lib/python3.11/site-packages/airflow/example_dags/example_datasets.py
[2025-12-03T13:38:36.856-0500] {logging_mixin.py:190} INFO - [2025-12-03T13:38:36.855-0500] {dag.py:3239} INFO - Sync 10 DAGs
[2025-12-03T13:38:36.864-0500] {logging_mixin.py:190} INFO - [2025-12-03T13:38:36.864-0500] {dag.py:4180} INFO - Setting next_dagrun for conditional_dataset_and_time_based_timetable to 2025-12-03 01:00:00+00:00, run_after=2025-12-03 01:00:00+00:00
[2025-12-03T13:38:36.865-0500] {logging_mixin.py:190} INFO - [2025-12-03T13:38:36.865-0500] {dag.py:4180} INFO - Setting next_dagrun for consume_1_and_2_with_dataset_expressions to None, run_after=None
[2025-12-03T13:38:36.865-0500] {logging_mixin.py:190} INFO - [2025-12-03T13:38:36.865-0500] {dag.py:4180} INFO - Setting next_dagrun for consume_1_or_2_with_dataset_expressions to None, run_after=None
[2025-12-03T13:38:36.865-0500] {logging_mixin.py:190} INFO - [2025-12-03T13:38:36.865-0500] {dag.py:4180} INFO - Setting next_dagrun for consume_1_or_both_2_and_3_with_dataset_expressions to None, run_after=None
[2025-12-03T13:38:36.866-0500] {logging_mixin.py:190} INFO - [2025-12-03T13:38:36.866-0500] {dag.py:4180} INFO - Setting next_dagrun for dataset_consumes_1 to None, run_after=None
[2025-12-03T13:38:36.866-0500] {logging_mixin.py:190} INFO - [2025-12-03T13:38:36.866-0500] {dag.py:4180} INFO - Setting next_dagrun for dataset_consumes_1_and_2 to None, run_after=None
[2025-12-03T13:38:36.867-0500] {logging_mixin.py:190} INFO - [2025-12-03T13:38:36.867-0500] {dag.py:4180} INFO - Setting next_dagrun for dataset_consumes_1_never_scheduled to None, run_after=None
[2025-12-03T13:38:36.868-0500] {logging_mixin.py:190} INFO - [2025-12-03T13:38:36.868-0500] {dag.py:4180} INFO - Setting next_dagrun for dataset_consumes_unknown_never_scheduled to None, run_after=None
[2025-12-03T13:38:36.869-0500] {logging_mixin.py:190} INFO - [2025-12-03T13:38:36.868-0500] {dag.py:4180} INFO - Setting next_dagrun for dataset_produces_1 to 2025-12-02 00:00:00+00:00, run_after=2025-12-03 00:00:00+00:00
[2025-12-03T13:38:36.869-0500] {logging_mixin.py:190} INFO - [2025-12-03T13:38:36.869-0500] {dag.py:4180} INFO - Setting next_dagrun for dataset_produces_2 to None, run_after=None
[2025-12-03T13:38:36.880-0500] {processor.py:208} INFO - Processing /Users/minijohn/Dev/nyc_taxi_portfolio/.venv/lib/python3.11/site-packages/airflow/example_dags/example_datasets.py took 0.135 seconds
[2025-12-03T13:41:48.396-0500] {processor.py:186} INFO - Started process (PID=5742) to work on /Users/minijohn/Dev/nyc_taxi_portfolio/.venv/lib/python3.11/site-packages/airflow/example_dags/example_datasets.py
[2025-12-03T13:41:48.397-0500] {processor.py:914} INFO - Processing file /Users/minijohn/Dev/nyc_taxi_portfolio/.venv/lib/python3.11/site-packages/airflow/example_dags/example_datasets.py for tasks to queue
[2025-12-03T13:41:48.398-0500] {logging_mixin.py:190} INFO - [2025-12-03T13:41:48.397-0500] {dagbag.py:588} INFO - Filling up the DagBag from /Users/minijohn/Dev/nyc_taxi_portfolio/.venv/lib/python3.11/site-packages/airflow/example_dags/example_datasets.py
[2025-12-03T13:41:48.419-0500] {processor.py:925} INFO - DAG(s) 'conditional_dataset_and_time_based_timetable', 'dataset_consumes_1', 'dataset_consumes_unknown_never_scheduled', 'consume_1_or_2_with_dataset_expressions', 'dataset_produces_2', 'consume_1_and_2_with_dataset_expressions', 'dataset_consumes_1_and_2', 'dataset_consumes_1_never_scheduled', 'dataset_produces_1', 'consume_1_or_both_2_and_3_with_dataset_expressions' retrieved from /Users/minijohn/Dev/nyc_taxi_portfolio/.venv/lib/python3.11/site-packages/airflow/example_dags/example_datasets.py
[2025-12-03T13:41:48.468-0500] {logging_mixin.py:190} INFO - [2025-12-03T13:41:48.468-0500] {dag.py:3239} INFO - Sync 10 DAGs
[2025-12-03T13:41:48.476-0500] {logging_mixin.py:190} INFO - [2025-12-03T13:41:48.476-0500] {dag.py:4180} INFO - Setting next_dagrun for conditional_dataset_and_time_based_timetable to 2025-12-03 01:00:00+00:00, run_after=2025-12-03 01:00:00+00:00
[2025-12-03T13:41:48.478-0500] {logging_mixin.py:190} INFO - [2025-12-03T13:41:48.478-0500] {dag.py:4180} INFO - Setting next_dagrun for consume_1_and_2_with_dataset_expressions to None, run_after=None
[2025-12-03T13:41:48.478-0500] {logging_mixin.py:190} INFO - [2025-12-03T13:41:48.478-0500] {dag.py:4180} INFO - Setting next_dagrun for consume_1_or_2_with_dataset_expressions to None, run_after=None
[2025-12-03T13:41:48.478-0500] {logging_mixin.py:190} INFO - [2025-12-03T13:41:48.478-0500] {dag.py:4180} INFO - Setting next_dagrun for consume_1_or_both_2_and_3_with_dataset_expressions to None, run_after=None
[2025-12-03T13:41:48.479-0500] {logging_mixin.py:190} INFO - [2025-12-03T13:41:48.479-0500] {dag.py:4180} INFO - Setting next_dagrun for dataset_consumes_1 to None, run_after=None
[2025-12-03T13:41:48.479-0500] {logging_mixin.py:190} INFO - [2025-12-03T13:41:48.479-0500] {dag.py:4180} INFO - Setting next_dagrun for dataset_consumes_1_and_2 to None, run_after=None
[2025-12-03T13:41:48.480-0500] {logging_mixin.py:190} INFO - [2025-12-03T13:41:48.480-0500] {dag.py:4180} INFO - Setting next_dagrun for dataset_consumes_1_never_scheduled to None, run_after=None
[2025-12-03T13:41:48.481-0500] {logging_mixin.py:190} INFO - [2025-12-03T13:41:48.481-0500] {dag.py:4180} INFO - Setting next_dagrun for dataset_consumes_unknown_never_scheduled to None, run_after=None
[2025-12-03T13:41:48.481-0500] {logging_mixin.py:190} INFO - [2025-12-03T13:41:48.481-0500] {dag.py:4180} INFO - Setting next_dagrun for dataset_produces_1 to 2025-12-02 00:00:00+00:00, run_after=2025-12-03 00:00:00+00:00
[2025-12-03T13:41:48.482-0500] {logging_mixin.py:190} INFO - [2025-12-03T13:41:48.482-0500] {dag.py:4180} INFO - Setting next_dagrun for dataset_produces_2 to None, run_after=None
[2025-12-03T13:41:48.494-0500] {processor.py:208} INFO - Processing /Users/minijohn/Dev/nyc_taxi_portfolio/.venv/lib/python3.11/site-packages/airflow/example_dags/example_datasets.py took 0.137 seconds
