[2025-12-03T13:08:16.312-0500] {processor.py:186} INFO - Started process (PID=21120) to work on /Users/minijohn/Dev/nyc_taxi_portfolio/.venv/lib/python3.11/site-packages/airflow/example_dags/example_dataset_alias_with_no_taskflow.py
[2025-12-03T13:08:16.313-0500] {processor.py:914} INFO - Processing file /Users/minijohn/Dev/nyc_taxi_portfolio/.venv/lib/python3.11/site-packages/airflow/example_dags/example_dataset_alias_with_no_taskflow.py for tasks to queue
[2025-12-03T13:08:16.313-0500] {logging_mixin.py:190} INFO - [2025-12-03T13:08:16.313-0500] {dagbag.py:588} INFO - Filling up the DagBag from /Users/minijohn/Dev/nyc_taxi_portfolio/.venv/lib/python3.11/site-packages/airflow/example_dags/example_dataset_alias_with_no_taskflow.py
[2025-12-03T13:08:16.425-0500] {processor.py:925} INFO - DAG(s) 'dataset_s3_bucket_producer_with_no_taskflow', 'dataset_alias_example_alias_producer_with_no_taskflow', 'dataset_s3_bucket_consumer_with_no_taskflow', 'dataset_alias_example_alias_consumer_with_no_taskflow' retrieved from /Users/minijohn/Dev/nyc_taxi_portfolio/.venv/lib/python3.11/site-packages/airflow/example_dags/example_dataset_alias_with_no_taskflow.py
[2025-12-03T13:08:16.481-0500] {logging_mixin.py:190} INFO - [2025-12-03T13:08:16.480-0500] {override.py:1930} INFO - Created Permission View: can edit on DAG:dataset_s3_bucket_producer_with_no_taskflow
[2025-12-03T13:08:16.486-0500] {logging_mixin.py:190} INFO - [2025-12-03T13:08:16.485-0500] {override.py:1930} INFO - Created Permission View: can delete on DAG:dataset_s3_bucket_producer_with_no_taskflow
[2025-12-03T13:08:16.489-0500] {logging_mixin.py:190} INFO - [2025-12-03T13:08:16.489-0500] {override.py:1930} INFO - Created Permission View: can read on DAG:dataset_s3_bucket_producer_with_no_taskflow
[2025-12-03T13:08:16.494-0500] {logging_mixin.py:190} INFO - [2025-12-03T13:08:16.493-0500] {override.py:1930} INFO - Created Permission View: can create on DAG Run:dataset_s3_bucket_producer_with_no_taskflow
[2025-12-03T13:08:16.497-0500] {logging_mixin.py:190} INFO - [2025-12-03T13:08:16.497-0500] {override.py:1930} INFO - Created Permission View: menu access on DAG Run:dataset_s3_bucket_producer_with_no_taskflow
[2025-12-03T13:08:16.500-0500] {logging_mixin.py:190} INFO - [2025-12-03T13:08:16.500-0500] {override.py:1930} INFO - Created Permission View: can delete on DAG Run:dataset_s3_bucket_producer_with_no_taskflow
[2025-12-03T13:08:16.503-0500] {logging_mixin.py:190} INFO - [2025-12-03T13:08:16.503-0500] {override.py:1930} INFO - Created Permission View: can read on DAG Run:dataset_s3_bucket_producer_with_no_taskflow
[2025-12-03T13:08:16.512-0500] {logging_mixin.py:190} INFO - [2025-12-03T13:08:16.511-0500] {override.py:1930} INFO - Created Permission View: can edit on DAG:dataset_alias_example_alias_producer_with_no_taskflow
[2025-12-03T13:08:16.515-0500] {logging_mixin.py:190} INFO - [2025-12-03T13:08:16.515-0500] {override.py:1930} INFO - Created Permission View: can delete on DAG:dataset_alias_example_alias_producer_with_no_taskflow
[2025-12-03T13:08:16.517-0500] {logging_mixin.py:190} INFO - [2025-12-03T13:08:16.517-0500] {override.py:1930} INFO - Created Permission View: can read on DAG:dataset_alias_example_alias_producer_with_no_taskflow
[2025-12-03T13:08:16.523-0500] {logging_mixin.py:190} INFO - [2025-12-03T13:08:16.522-0500] {override.py:1930} INFO - Created Permission View: can create on DAG Run:dataset_alias_example_alias_producer_with_no_taskflow
[2025-12-03T13:08:16.526-0500] {logging_mixin.py:190} INFO - [2025-12-03T13:08:16.526-0500] {override.py:1930} INFO - Created Permission View: menu access on DAG Run:dataset_alias_example_alias_producer_with_no_taskflow
[2025-12-03T13:08:16.529-0500] {logging_mixin.py:190} INFO - [2025-12-03T13:08:16.529-0500] {override.py:1930} INFO - Created Permission View: can delete on DAG Run:dataset_alias_example_alias_producer_with_no_taskflow
[2025-12-03T13:08:16.532-0500] {logging_mixin.py:190} INFO - [2025-12-03T13:08:16.532-0500] {override.py:1930} INFO - Created Permission View: can read on DAG Run:dataset_alias_example_alias_producer_with_no_taskflow
[2025-12-03T13:08:16.540-0500] {logging_mixin.py:190} INFO - [2025-12-03T13:08:16.540-0500] {override.py:1930} INFO - Created Permission View: can edit on DAG:dataset_s3_bucket_consumer_with_no_taskflow
[2025-12-03T13:08:16.544-0500] {logging_mixin.py:190} INFO - [2025-12-03T13:08:16.544-0500] {override.py:1930} INFO - Created Permission View: can delete on DAG:dataset_s3_bucket_consumer_with_no_taskflow
[2025-12-03T13:08:16.548-0500] {logging_mixin.py:190} INFO - [2025-12-03T13:08:16.548-0500] {override.py:1930} INFO - Created Permission View: can read on DAG:dataset_s3_bucket_consumer_with_no_taskflow
[2025-12-03T13:08:16.553-0500] {logging_mixin.py:190} INFO - [2025-12-03T13:08:16.552-0500] {override.py:1930} INFO - Created Permission View: can create on DAG Run:dataset_s3_bucket_consumer_with_no_taskflow
[2025-12-03T13:08:16.558-0500] {logging_mixin.py:190} INFO - [2025-12-03T13:08:16.558-0500] {override.py:1930} INFO - Created Permission View: menu access on DAG Run:dataset_s3_bucket_consumer_with_no_taskflow
[2025-12-03T13:08:16.562-0500] {logging_mixin.py:190} INFO - [2025-12-03T13:08:16.562-0500] {override.py:1930} INFO - Created Permission View: can delete on DAG Run:dataset_s3_bucket_consumer_with_no_taskflow
[2025-12-03T13:08:16.565-0500] {logging_mixin.py:190} INFO - [2025-12-03T13:08:16.565-0500] {override.py:1930} INFO - Created Permission View: can read on DAG Run:dataset_s3_bucket_consumer_with_no_taskflow
[2025-12-03T13:08:16.574-0500] {logging_mixin.py:190} INFO - [2025-12-03T13:08:16.574-0500] {override.py:1930} INFO - Created Permission View: can edit on DAG:dataset_alias_example_alias_consumer_with_no_taskflow
[2025-12-03T13:08:16.577-0500] {logging_mixin.py:190} INFO - [2025-12-03T13:08:16.577-0500] {override.py:1930} INFO - Created Permission View: can delete on DAG:dataset_alias_example_alias_consumer_with_no_taskflow
[2025-12-03T13:08:16.580-0500] {logging_mixin.py:190} INFO - [2025-12-03T13:08:16.580-0500] {override.py:1930} INFO - Created Permission View: can read on DAG:dataset_alias_example_alias_consumer_with_no_taskflow
[2025-12-03T13:08:16.585-0500] {logging_mixin.py:190} INFO - [2025-12-03T13:08:16.584-0500] {override.py:1930} INFO - Created Permission View: can create on DAG Run:dataset_alias_example_alias_consumer_with_no_taskflow
[2025-12-03T13:08:16.590-0500] {logging_mixin.py:190} INFO - [2025-12-03T13:08:16.590-0500] {override.py:1930} INFO - Created Permission View: menu access on DAG Run:dataset_alias_example_alias_consumer_with_no_taskflow
[2025-12-03T13:08:16.593-0500] {logging_mixin.py:190} INFO - [2025-12-03T13:08:16.593-0500] {override.py:1930} INFO - Created Permission View: can delete on DAG Run:dataset_alias_example_alias_consumer_with_no_taskflow
[2025-12-03T13:08:16.597-0500] {logging_mixin.py:190} INFO - [2025-12-03T13:08:16.597-0500] {override.py:1930} INFO - Created Permission View: can read on DAG Run:dataset_alias_example_alias_consumer_with_no_taskflow
[2025-12-03T13:08:16.598-0500] {logging_mixin.py:190} INFO - [2025-12-03T13:08:16.598-0500] {dag.py:3239} INFO - Sync 4 DAGs
[2025-12-03T13:08:16.604-0500] {logging_mixin.py:190} INFO - [2025-12-03T13:08:16.603-0500] {dag.py:3262} INFO - Creating ORM DAG for dataset_s3_bucket_producer_with_no_taskflow
[2025-12-03T13:08:16.605-0500] {logging_mixin.py:190} INFO - [2025-12-03T13:08:16.605-0500] {dag.py:3262} INFO - Creating ORM DAG for dataset_alias_example_alias_consumer_with_no_taskflow
[2025-12-03T13:08:16.606-0500] {logging_mixin.py:190} INFO - [2025-12-03T13:08:16.606-0500] {dag.py:3262} INFO - Creating ORM DAG for dataset_s3_bucket_consumer_with_no_taskflow
[2025-12-03T13:08:16.606-0500] {logging_mixin.py:190} INFO - [2025-12-03T13:08:16.606-0500] {dag.py:3262} INFO - Creating ORM DAG for dataset_alias_example_alias_producer_with_no_taskflow
[2025-12-03T13:08:16.610-0500] {logging_mixin.py:190} INFO - [2025-12-03T13:08:16.610-0500] {dag.py:4180} INFO - Setting next_dagrun for dataset_alias_example_alias_consumer_with_no_taskflow to None, run_after=None
[2025-12-03T13:08:16.611-0500] {logging_mixin.py:190} INFO - [2025-12-03T13:08:16.611-0500] {dag.py:4180} INFO - Setting next_dagrun for dataset_alias_example_alias_producer_with_no_taskflow to None, run_after=None
[2025-12-03T13:08:16.611-0500] {logging_mixin.py:190} INFO - [2025-12-03T13:08:16.611-0500] {dag.py:4180} INFO - Setting next_dagrun for dataset_s3_bucket_consumer_with_no_taskflow to None, run_after=None
[2025-12-03T13:08:16.612-0500] {logging_mixin.py:190} INFO - [2025-12-03T13:08:16.612-0500] {dag.py:4180} INFO - Setting next_dagrun for dataset_s3_bucket_producer_with_no_taskflow to None, run_after=None
[2025-12-03T13:08:17.127-0500] {processor.py:208} INFO - Processing /Users/minijohn/Dev/nyc_taxi_portfolio/.venv/lib/python3.11/site-packages/airflow/example_dags/example_dataset_alias_with_no_taskflow.py took 0.876 seconds
[2025-12-03T13:32:34.784-0500] {processor.py:186} INFO - Started process (PID=4783) to work on /Users/minijohn/Dev/nyc_taxi_portfolio/.venv/lib/python3.11/site-packages/airflow/example_dags/example_dataset_alias_with_no_taskflow.py
[2025-12-03T13:32:34.786-0500] {processor.py:914} INFO - Processing file /Users/minijohn/Dev/nyc_taxi_portfolio/.venv/lib/python3.11/site-packages/airflow/example_dags/example_dataset_alias_with_no_taskflow.py for tasks to queue
[2025-12-03T13:32:34.786-0500] {logging_mixin.py:190} INFO - [2025-12-03T13:32:34.786-0500] {dagbag.py:588} INFO - Filling up the DagBag from /Users/minijohn/Dev/nyc_taxi_portfolio/.venv/lib/python3.11/site-packages/airflow/example_dags/example_dataset_alias_with_no_taskflow.py
[2025-12-03T13:32:34.845-0500] {processor.py:925} INFO - DAG(s) 'dataset_s3_bucket_producer_with_no_taskflow', 'dataset_s3_bucket_consumer_with_no_taskflow', 'dataset_alias_example_alias_consumer_with_no_taskflow', 'dataset_alias_example_alias_producer_with_no_taskflow' retrieved from /Users/minijohn/Dev/nyc_taxi_portfolio/.venv/lib/python3.11/site-packages/airflow/example_dags/example_dataset_alias_with_no_taskflow.py
[2025-12-03T13:32:34.855-0500] {logging_mixin.py:190} INFO - [2025-12-03T13:32:34.855-0500] {dag.py:3239} INFO - Sync 4 DAGs
[2025-12-03T13:32:34.864-0500] {logging_mixin.py:190} INFO - [2025-12-03T13:32:34.864-0500] {dag.py:4180} INFO - Setting next_dagrun for dataset_alias_example_alias_consumer_with_no_taskflow to None, run_after=None
[2025-12-03T13:32:34.865-0500] {logging_mixin.py:190} INFO - [2025-12-03T13:32:34.865-0500] {dag.py:4180} INFO - Setting next_dagrun for dataset_alias_example_alias_producer_with_no_taskflow to None, run_after=None
[2025-12-03T13:32:34.865-0500] {logging_mixin.py:190} INFO - [2025-12-03T13:32:34.865-0500] {dag.py:4180} INFO - Setting next_dagrun for dataset_s3_bucket_consumer_with_no_taskflow to None, run_after=None
[2025-12-03T13:32:34.866-0500] {logging_mixin.py:190} INFO - [2025-12-03T13:32:34.866-0500] {dag.py:4180} INFO - Setting next_dagrun for dataset_s3_bucket_producer_with_no_taskflow to None, run_after=None
[2025-12-03T13:32:34.875-0500] {processor.py:208} INFO - Processing /Users/minijohn/Dev/nyc_taxi_portfolio/.venv/lib/python3.11/site-packages/airflow/example_dags/example_dataset_alias_with_no_taskflow.py took 0.126 seconds
[2025-12-03T13:35:24.866-0500] {processor.py:186} INFO - Started process (PID=4994) to work on /Users/minijohn/Dev/nyc_taxi_portfolio/.venv/lib/python3.11/site-packages/airflow/example_dags/example_dataset_alias_with_no_taskflow.py
[2025-12-03T13:35:24.867-0500] {processor.py:914} INFO - Processing file /Users/minijohn/Dev/nyc_taxi_portfolio/.venv/lib/python3.11/site-packages/airflow/example_dags/example_dataset_alias_with_no_taskflow.py for tasks to queue
[2025-12-03T13:35:24.867-0500] {logging_mixin.py:190} INFO - [2025-12-03T13:35:24.867-0500] {dagbag.py:588} INFO - Filling up the DagBag from /Users/minijohn/Dev/nyc_taxi_portfolio/.venv/lib/python3.11/site-packages/airflow/example_dags/example_dataset_alias_with_no_taskflow.py
[2025-12-03T13:35:24.924-0500] {processor.py:925} INFO - DAG(s) 'dataset_s3_bucket_producer_with_no_taskflow', 'dataset_alias_example_alias_consumer_with_no_taskflow', 'dataset_s3_bucket_consumer_with_no_taskflow', 'dataset_alias_example_alias_producer_with_no_taskflow' retrieved from /Users/minijohn/Dev/nyc_taxi_portfolio/.venv/lib/python3.11/site-packages/airflow/example_dags/example_dataset_alias_with_no_taskflow.py
[2025-12-03T13:35:24.933-0500] {logging_mixin.py:190} INFO - [2025-12-03T13:35:24.933-0500] {dag.py:3239} INFO - Sync 4 DAGs
[2025-12-03T13:35:24.941-0500] {logging_mixin.py:190} INFO - [2025-12-03T13:35:24.941-0500] {dag.py:4180} INFO - Setting next_dagrun for dataset_alias_example_alias_consumer_with_no_taskflow to None, run_after=None
[2025-12-03T13:35:24.942-0500] {logging_mixin.py:190} INFO - [2025-12-03T13:35:24.942-0500] {dag.py:4180} INFO - Setting next_dagrun for dataset_alias_example_alias_producer_with_no_taskflow to None, run_after=None
[2025-12-03T13:35:24.943-0500] {logging_mixin.py:190} INFO - [2025-12-03T13:35:24.943-0500] {dag.py:4180} INFO - Setting next_dagrun for dataset_s3_bucket_consumer_with_no_taskflow to None, run_after=None
[2025-12-03T13:35:24.943-0500] {logging_mixin.py:190} INFO - [2025-12-03T13:35:24.943-0500] {dag.py:4180} INFO - Setting next_dagrun for dataset_s3_bucket_producer_with_no_taskflow to None, run_after=None
[2025-12-03T13:35:24.951-0500] {processor.py:208} INFO - Processing /Users/minijohn/Dev/nyc_taxi_portfolio/.venv/lib/python3.11/site-packages/airflow/example_dags/example_dataset_alias_with_no_taskflow.py took 0.121 seconds
[2025-12-03T13:38:39.108-0500] {processor.py:186} INFO - Started process (PID=5256) to work on /Users/minijohn/Dev/nyc_taxi_portfolio/.venv/lib/python3.11/site-packages/airflow/example_dags/example_dataset_alias_with_no_taskflow.py
[2025-12-03T13:38:39.110-0500] {processor.py:914} INFO - Processing file /Users/minijohn/Dev/nyc_taxi_portfolio/.venv/lib/python3.11/site-packages/airflow/example_dags/example_dataset_alias_with_no_taskflow.py for tasks to queue
[2025-12-03T13:38:39.110-0500] {logging_mixin.py:190} INFO - [2025-12-03T13:38:39.110-0500] {dagbag.py:588} INFO - Filling up the DagBag from /Users/minijohn/Dev/nyc_taxi_portfolio/.venv/lib/python3.11/site-packages/airflow/example_dags/example_dataset_alias_with_no_taskflow.py
[2025-12-03T13:38:39.169-0500] {processor.py:925} INFO - DAG(s) 'dataset_alias_example_alias_producer_with_no_taskflow', 'dataset_s3_bucket_consumer_with_no_taskflow', 'dataset_s3_bucket_producer_with_no_taskflow', 'dataset_alias_example_alias_consumer_with_no_taskflow' retrieved from /Users/minijohn/Dev/nyc_taxi_portfolio/.venv/lib/python3.11/site-packages/airflow/example_dags/example_dataset_alias_with_no_taskflow.py
[2025-12-03T13:38:39.179-0500] {logging_mixin.py:190} INFO - [2025-12-03T13:38:39.179-0500] {dag.py:3239} INFO - Sync 4 DAGs
[2025-12-03T13:38:39.188-0500] {logging_mixin.py:190} INFO - [2025-12-03T13:38:39.187-0500] {dag.py:4180} INFO - Setting next_dagrun for dataset_alias_example_alias_consumer_with_no_taskflow to None, run_after=None
[2025-12-03T13:38:39.189-0500] {logging_mixin.py:190} INFO - [2025-12-03T13:38:39.189-0500] {dag.py:4180} INFO - Setting next_dagrun for dataset_alias_example_alias_producer_with_no_taskflow to None, run_after=None
[2025-12-03T13:38:39.189-0500] {logging_mixin.py:190} INFO - [2025-12-03T13:38:39.189-0500] {dag.py:4180} INFO - Setting next_dagrun for dataset_s3_bucket_consumer_with_no_taskflow to None, run_after=None
[2025-12-03T13:38:39.190-0500] {logging_mixin.py:190} INFO - [2025-12-03T13:38:39.190-0500] {dag.py:4180} INFO - Setting next_dagrun for dataset_s3_bucket_producer_with_no_taskflow to None, run_after=None
[2025-12-03T13:38:39.198-0500] {processor.py:208} INFO - Processing /Users/minijohn/Dev/nyc_taxi_portfolio/.venv/lib/python3.11/site-packages/airflow/example_dags/example_dataset_alias_with_no_taskflow.py took 0.129 seconds
[2025-12-03T13:41:50.724-0500] {processor.py:186} INFO - Started process (PID=5748) to work on /Users/minijohn/Dev/nyc_taxi_portfolio/.venv/lib/python3.11/site-packages/airflow/example_dags/example_dataset_alias_with_no_taskflow.py
[2025-12-03T13:41:50.725-0500] {processor.py:914} INFO - Processing file /Users/minijohn/Dev/nyc_taxi_portfolio/.venv/lib/python3.11/site-packages/airflow/example_dags/example_dataset_alias_with_no_taskflow.py for tasks to queue
[2025-12-03T13:41:50.726-0500] {logging_mixin.py:190} INFO - [2025-12-03T13:41:50.725-0500] {dagbag.py:588} INFO - Filling up the DagBag from /Users/minijohn/Dev/nyc_taxi_portfolio/.venv/lib/python3.11/site-packages/airflow/example_dags/example_dataset_alias_with_no_taskflow.py
[2025-12-03T13:41:50.781-0500] {processor.py:925} INFO - DAG(s) 'dataset_alias_example_alias_producer_with_no_taskflow', 'dataset_alias_example_alias_consumer_with_no_taskflow', 'dataset_s3_bucket_producer_with_no_taskflow', 'dataset_s3_bucket_consumer_with_no_taskflow' retrieved from /Users/minijohn/Dev/nyc_taxi_portfolio/.venv/lib/python3.11/site-packages/airflow/example_dags/example_dataset_alias_with_no_taskflow.py
[2025-12-03T13:41:50.790-0500] {logging_mixin.py:190} INFO - [2025-12-03T13:41:50.790-0500] {dag.py:3239} INFO - Sync 4 DAGs
[2025-12-03T13:41:50.797-0500] {logging_mixin.py:190} INFO - [2025-12-03T13:41:50.797-0500] {dag.py:4180} INFO - Setting next_dagrun for dataset_alias_example_alias_consumer_with_no_taskflow to None, run_after=None
[2025-12-03T13:41:50.798-0500] {logging_mixin.py:190} INFO - [2025-12-03T13:41:50.798-0500] {dag.py:4180} INFO - Setting next_dagrun for dataset_alias_example_alias_producer_with_no_taskflow to None, run_after=None
[2025-12-03T13:41:50.798-0500] {logging_mixin.py:190} INFO - [2025-12-03T13:41:50.798-0500] {dag.py:4180} INFO - Setting next_dagrun for dataset_s3_bucket_consumer_with_no_taskflow to None, run_after=None
[2025-12-03T13:41:50.798-0500] {logging_mixin.py:190} INFO - [2025-12-03T13:41:50.798-0500] {dag.py:4180} INFO - Setting next_dagrun for dataset_s3_bucket_producer_with_no_taskflow to None, run_after=None
[2025-12-03T13:41:50.807-0500] {processor.py:208} INFO - Processing /Users/minijohn/Dev/nyc_taxi_portfolio/.venv/lib/python3.11/site-packages/airflow/example_dags/example_dataset_alias_with_no_taskflow.py took 0.119 seconds
