[2025-12-03T13:06:16.494-0500] {processor.py:186} INFO - Started process (PID=20908) to work on /Users/minijohn/Dev/nyc_taxi_portfolio/.venv/lib/python3.11/site-packages/airflow/example_dags/example_sla_dag.py
[2025-12-03T13:06:16.494-0500] {processor.py:914} INFO - Processing file /Users/minijohn/Dev/nyc_taxi_portfolio/.venv/lib/python3.11/site-packages/airflow/example_dags/example_sla_dag.py for tasks to queue
[2025-12-03T13:06:16.495-0500] {logging_mixin.py:190} INFO - [2025-12-03T13:06:16.495-0500] {dagbag.py:588} INFO - Filling up the DagBag from /Users/minijohn/Dev/nyc_taxi_portfolio/.venv/lib/python3.11/site-packages/airflow/example_dags/example_sla_dag.py
[2025-12-03T13:06:16.532-0500] {processor.py:925} INFO - DAG(s) 'example_sla_dag' retrieved from /Users/minijohn/Dev/nyc_taxi_portfolio/.venv/lib/python3.11/site-packages/airflow/example_dags/example_sla_dag.py
[2025-12-03T13:06:16.652-0500] {logging_mixin.py:190} INFO - [2025-12-03T13:06:16.652-0500] {override.py:1930} INFO - Created Permission View: can delete on DAG:example_sla_dag
[2025-12-03T13:06:16.658-0500] {logging_mixin.py:190} INFO - [2025-12-03T13:06:16.658-0500] {override.py:1930} INFO - Created Permission View: can edit on DAG:example_sla_dag
[2025-12-03T13:06:16.662-0500] {logging_mixin.py:190} INFO - [2025-12-03T13:06:16.661-0500] {override.py:1930} INFO - Created Permission View: can read on DAG:example_sla_dag
[2025-12-03T13:06:16.667-0500] {logging_mixin.py:190} INFO - [2025-12-03T13:06:16.666-0500] {override.py:1930} INFO - Created Permission View: can delete on DAG Run:example_sla_dag
[2025-12-03T13:06:16.670-0500] {logging_mixin.py:190} INFO - [2025-12-03T13:06:16.670-0500] {override.py:1930} INFO - Created Permission View: menu access on DAG Run:example_sla_dag
[2025-12-03T13:06:16.673-0500] {logging_mixin.py:190} INFO - [2025-12-03T13:06:16.673-0500] {override.py:1930} INFO - Created Permission View: can create on DAG Run:example_sla_dag
[2025-12-03T13:06:16.676-0500] {logging_mixin.py:190} INFO - [2025-12-03T13:06:16.676-0500] {override.py:1930} INFO - Created Permission View: can read on DAG Run:example_sla_dag
[2025-12-03T13:06:16.677-0500] {logging_mixin.py:190} INFO - [2025-12-03T13:06:16.676-0500] {dag.py:3239} INFO - Sync 1 DAGs
[2025-12-03T13:06:16.682-0500] {logging_mixin.py:190} INFO - [2025-12-03T13:06:16.682-0500] {dag.py:3262} INFO - Creating ORM DAG for example_sla_dag
[2025-12-03T13:06:16.689-0500] {logging_mixin.py:190} INFO - [2025-12-03T13:06:16.689-0500] {dag.py:4180} INFO - Setting next_dagrun for example_sla_dag to 2025-12-03 18:04:00+00:00, run_after=2025-12-03 18:06:00+00:00
[2025-12-03T13:06:16.703-0500] {processor.py:208} INFO - Processing /Users/minijohn/Dev/nyc_taxi_portfolio/.venv/lib/python3.11/site-packages/airflow/example_dags/example_sla_dag.py took 0.262 seconds
[2025-12-03T13:10:24.788-0500] {processor.py:186} INFO - Started process (PID=21313) to work on /Users/minijohn/Dev/nyc_taxi_portfolio/.venv/lib/python3.11/site-packages/airflow/example_dags/example_sla_dag.py
[2025-12-03T13:10:24.789-0500] {processor.py:914} INFO - Processing file /Users/minijohn/Dev/nyc_taxi_portfolio/.venv/lib/python3.11/site-packages/airflow/example_dags/example_sla_dag.py for tasks to queue
[2025-12-03T13:10:24.789-0500] {logging_mixin.py:190} INFO - [2025-12-03T13:10:24.789-0500] {dagbag.py:588} INFO - Filling up the DagBag from /Users/minijohn/Dev/nyc_taxi_portfolio/.venv/lib/python3.11/site-packages/airflow/example_dags/example_sla_dag.py
[2025-12-03T13:10:24.820-0500] {processor.py:925} INFO - DAG(s) 'example_sla_dag' retrieved from /Users/minijohn/Dev/nyc_taxi_portfolio/.venv/lib/python3.11/site-packages/airflow/example_dags/example_sla_dag.py
[2025-12-03T13:10:24.875-0500] {logging_mixin.py:190} INFO - [2025-12-03T13:10:24.874-0500] {dag.py:3239} INFO - Sync 1 DAGs
[2025-12-03T13:10:24.889-0500] {logging_mixin.py:190} INFO - [2025-12-03T13:10:24.889-0500] {dag.py:4180} INFO - Setting next_dagrun for example_sla_dag to 2025-12-03 18:08:00+00:00, run_after=2025-12-03 18:10:00+00:00
[2025-12-03T13:10:24.900-0500] {processor.py:208} INFO - Processing /Users/minijohn/Dev/nyc_taxi_portfolio/.venv/lib/python3.11/site-packages/airflow/example_dags/example_sla_dag.py took 0.172 seconds
[2025-12-03T13:31:40.036-0500] {processor.py:186} INFO - Started process (PID=4708) to work on /Users/minijohn/Dev/nyc_taxi_portfolio/.venv/lib/python3.11/site-packages/airflow/example_dags/example_sla_dag.py
[2025-12-03T13:31:40.036-0500] {processor.py:914} INFO - Processing file /Users/minijohn/Dev/nyc_taxi_portfolio/.venv/lib/python3.11/site-packages/airflow/example_dags/example_sla_dag.py for tasks to queue
[2025-12-03T13:31:40.037-0500] {logging_mixin.py:190} INFO - [2025-12-03T13:31:40.037-0500] {dagbag.py:588} INFO - Filling up the DagBag from /Users/minijohn/Dev/nyc_taxi_portfolio/.venv/lib/python3.11/site-packages/airflow/example_dags/example_sla_dag.py
[2025-12-03T13:31:40.051-0500] {processor.py:925} INFO - DAG(s) 'example_sla_dag' retrieved from /Users/minijohn/Dev/nyc_taxi_portfolio/.venv/lib/python3.11/site-packages/airflow/example_dags/example_sla_dag.py
[2025-12-03T13:31:40.086-0500] {logging_mixin.py:190} INFO - [2025-12-03T13:31:40.085-0500] {dag.py:3239} INFO - Sync 1 DAGs
[2025-12-03T13:31:40.094-0500] {logging_mixin.py:190} INFO - [2025-12-03T13:31:40.094-0500] {dag.py:4180} INFO - Setting next_dagrun for example_sla_dag to 2025-12-03 18:28:00+00:00, run_after=2025-12-03 18:30:00+00:00
[2025-12-03T13:31:40.100-0500] {processor.py:208} INFO - Processing /Users/minijohn/Dev/nyc_taxi_portfolio/.venv/lib/python3.11/site-packages/airflow/example_dags/example_sla_dag.py took 0.097 seconds
[2025-12-03T13:34:27.289-0500] {processor.py:186} INFO - Started process (PID=4910) to work on /Users/minijohn/Dev/nyc_taxi_portfolio/.venv/lib/python3.11/site-packages/airflow/example_dags/example_sla_dag.py
[2025-12-03T13:34:27.290-0500] {processor.py:914} INFO - Processing file /Users/minijohn/Dev/nyc_taxi_portfolio/.venv/lib/python3.11/site-packages/airflow/example_dags/example_sla_dag.py for tasks to queue
[2025-12-03T13:34:27.290-0500] {logging_mixin.py:190} INFO - [2025-12-03T13:34:27.290-0500] {dagbag.py:588} INFO - Filling up the DagBag from /Users/minijohn/Dev/nyc_taxi_portfolio/.venv/lib/python3.11/site-packages/airflow/example_dags/example_sla_dag.py
[2025-12-03T13:34:27.308-0500] {processor.py:925} INFO - DAG(s) 'example_sla_dag' retrieved from /Users/minijohn/Dev/nyc_taxi_portfolio/.venv/lib/python3.11/site-packages/airflow/example_dags/example_sla_dag.py
[2025-12-03T13:34:27.348-0500] {logging_mixin.py:190} INFO - [2025-12-03T13:34:27.348-0500] {dag.py:3239} INFO - Sync 1 DAGs
[2025-12-03T13:34:27.358-0500] {logging_mixin.py:190} INFO - [2025-12-03T13:34:27.358-0500] {dag.py:4180} INFO - Setting next_dagrun for example_sla_dag to 2025-12-03 18:32:00+00:00, run_after=2025-12-03 18:34:00+00:00
[2025-12-03T13:34:27.366-0500] {processor.py:208} INFO - Processing /Users/minijohn/Dev/nyc_taxi_portfolio/.venv/lib/python3.11/site-packages/airflow/example_dags/example_sla_dag.py took 0.116 seconds
[2025-12-03T13:36:37.909-0500] {processor.py:186} INFO - Started process (PID=5116) to work on /Users/minijohn/Dev/nyc_taxi_portfolio/.venv/lib/python3.11/site-packages/airflow/example_dags/example_sla_dag.py
[2025-12-03T13:36:37.909-0500] {processor.py:914} INFO - Processing file /Users/minijohn/Dev/nyc_taxi_portfolio/.venv/lib/python3.11/site-packages/airflow/example_dags/example_sla_dag.py for tasks to queue
[2025-12-03T13:36:37.910-0500] {logging_mixin.py:190} INFO - [2025-12-03T13:36:37.910-0500] {dagbag.py:588} INFO - Filling up the DagBag from /Users/minijohn/Dev/nyc_taxi_portfolio/.venv/lib/python3.11/site-packages/airflow/example_dags/example_sla_dag.py
[2025-12-03T13:36:37.928-0500] {processor.py:925} INFO - DAG(s) 'example_sla_dag' retrieved from /Users/minijohn/Dev/nyc_taxi_portfolio/.venv/lib/python3.11/site-packages/airflow/example_dags/example_sla_dag.py
[2025-12-03T13:36:37.972-0500] {logging_mixin.py:190} INFO - [2025-12-03T13:36:37.972-0500] {dag.py:3239} INFO - Sync 1 DAGs
[2025-12-03T13:36:37.982-0500] {logging_mixin.py:190} INFO - [2025-12-03T13:36:37.982-0500] {dag.py:4180} INFO - Setting next_dagrun for example_sla_dag to 2025-12-03 18:34:00+00:00, run_after=2025-12-03 18:36:00+00:00
[2025-12-03T13:36:37.991-0500] {processor.py:208} INFO - Processing /Users/minijohn/Dev/nyc_taxi_portfolio/.venv/lib/python3.11/site-packages/airflow/example_dags/example_sla_dag.py took 0.124 seconds
[2025-12-03T13:38:16.962-0500] {processor.py:186} INFO - Started process (PID=5229) to work on /Users/minijohn/Dev/nyc_taxi_portfolio/.venv/lib/python3.11/site-packages/airflow/example_dags/example_sla_dag.py
[2025-12-03T13:38:16.962-0500] {processor.py:914} INFO - Processing file /Users/minijohn/Dev/nyc_taxi_portfolio/.venv/lib/python3.11/site-packages/airflow/example_dags/example_sla_dag.py for tasks to queue
[2025-12-03T13:38:16.963-0500] {logging_mixin.py:190} INFO - [2025-12-03T13:38:16.963-0500] {dagbag.py:588} INFO - Filling up the DagBag from /Users/minijohn/Dev/nyc_taxi_portfolio/.venv/lib/python3.11/site-packages/airflow/example_dags/example_sla_dag.py
[2025-12-03T13:38:16.979-0500] {processor.py:925} INFO - DAG(s) 'example_sla_dag' retrieved from /Users/minijohn/Dev/nyc_taxi_portfolio/.venv/lib/python3.11/site-packages/airflow/example_dags/example_sla_dag.py
[2025-12-03T13:38:17.017-0500] {logging_mixin.py:190} INFO - [2025-12-03T13:38:17.017-0500] {dag.py:3239} INFO - Sync 1 DAGs
[2025-12-03T13:38:17.026-0500] {logging_mixin.py:190} INFO - [2025-12-03T13:38:17.026-0500] {dag.py:4180} INFO - Setting next_dagrun for example_sla_dag to 2025-12-03 18:36:00+00:00, run_after=2025-12-03 18:38:00+00:00
[2025-12-03T13:38:17.034-0500] {processor.py:208} INFO - Processing /Users/minijohn/Dev/nyc_taxi_portfolio/.venv/lib/python3.11/site-packages/airflow/example_dags/example_sla_dag.py took 0.109 seconds
[2025-12-03T13:39:49.440-0500] {processor.py:186} INFO - Started process (PID=5454) to work on /Users/minijohn/Dev/nyc_taxi_portfolio/.venv/lib/python3.11/site-packages/airflow/example_dags/example_sla_dag.py
[2025-12-03T13:39:49.441-0500] {processor.py:914} INFO - Processing file /Users/minijohn/Dev/nyc_taxi_portfolio/.venv/lib/python3.11/site-packages/airflow/example_dags/example_sla_dag.py for tasks to queue
[2025-12-03T13:39:49.441-0500] {logging_mixin.py:190} INFO - [2025-12-03T13:39:49.441-0500] {dagbag.py:588} INFO - Filling up the DagBag from /Users/minijohn/Dev/nyc_taxi_portfolio/.venv/lib/python3.11/site-packages/airflow/example_dags/example_sla_dag.py
[2025-12-03T13:39:49.457-0500] {processor.py:925} INFO - DAG(s) 'example_sla_dag' retrieved from /Users/minijohn/Dev/nyc_taxi_portfolio/.venv/lib/python3.11/site-packages/airflow/example_dags/example_sla_dag.py
[2025-12-03T13:39:49.494-0500] {logging_mixin.py:190} INFO - [2025-12-03T13:39:49.494-0500] {dag.py:3239} INFO - Sync 1 DAGs
[2025-12-03T13:39:49.502-0500] {logging_mixin.py:190} INFO - [2025-12-03T13:39:49.502-0500] {dag.py:4180} INFO - Setting next_dagrun for example_sla_dag to 2025-12-03 18:36:00+00:00, run_after=2025-12-03 18:38:00+00:00
[2025-12-03T13:39:49.510-0500] {processor.py:208} INFO - Processing /Users/minijohn/Dev/nyc_taxi_portfolio/.venv/lib/python3.11/site-packages/airflow/example_dags/example_sla_dag.py took 0.107 seconds
[2025-12-03T13:41:26.082-0500] {processor.py:186} INFO - Started process (PID=5686) to work on /Users/minijohn/Dev/nyc_taxi_portfolio/.venv/lib/python3.11/site-packages/airflow/example_dags/example_sla_dag.py
[2025-12-03T13:41:26.083-0500] {processor.py:914} INFO - Processing file /Users/minijohn/Dev/nyc_taxi_portfolio/.venv/lib/python3.11/site-packages/airflow/example_dags/example_sla_dag.py for tasks to queue
[2025-12-03T13:41:26.083-0500] {logging_mixin.py:190} INFO - [2025-12-03T13:41:26.083-0500] {dagbag.py:588} INFO - Filling up the DagBag from /Users/minijohn/Dev/nyc_taxi_portfolio/.venv/lib/python3.11/site-packages/airflow/example_dags/example_sla_dag.py
[2025-12-03T13:41:26.100-0500] {processor.py:925} INFO - DAG(s) 'example_sla_dag' retrieved from /Users/minijohn/Dev/nyc_taxi_portfolio/.venv/lib/python3.11/site-packages/airflow/example_dags/example_sla_dag.py
[2025-12-03T13:41:26.140-0500] {logging_mixin.py:190} INFO - [2025-12-03T13:41:26.139-0500] {dag.py:3239} INFO - Sync 1 DAGs
[2025-12-03T13:41:26.150-0500] {logging_mixin.py:190} INFO - [2025-12-03T13:41:26.149-0500] {dag.py:4180} INFO - Setting next_dagrun for example_sla_dag to 2025-12-03 18:38:00+00:00, run_after=2025-12-03 18:40:00+00:00
[2025-12-03T13:41:26.158-0500] {processor.py:208} INFO - Processing /Users/minijohn/Dev/nyc_taxi_portfolio/.venv/lib/python3.11/site-packages/airflow/example_dags/example_sla_dag.py took 0.117 seconds
