[2025-12-03T13:08:20.435-0500] {processor.py:186} INFO - Started process (PID=21128) to work on /Users/minijohn/Dev/nyc_taxi_portfolio/.venv/lib/python3.11/site-packages/airflow/example_dags/example_dataset_alias.py
[2025-12-03T13:08:20.435-0500] {processor.py:914} INFO - Processing file /Users/minijohn/Dev/nyc_taxi_portfolio/.venv/lib/python3.11/site-packages/airflow/example_dags/example_dataset_alias.py for tasks to queue
[2025-12-03T13:08:20.436-0500] {logging_mixin.py:190} INFO - [2025-12-03T13:08:20.436-0500] {dagbag.py:588} INFO - Filling up the DagBag from /Users/minijohn/Dev/nyc_taxi_portfolio/.venv/lib/python3.11/site-packages/airflow/example_dags/example_dataset_alias.py
[2025-12-03T13:08:20.513-0500] {processor.py:925} INFO - DAG(s) 'dataset_s3_bucket_consumer', 'dataset_s3_bucket_producer', 'dataset_alias_example_alias_consumer', 'dataset_alias_example_alias_producer' retrieved from /Users/minijohn/Dev/nyc_taxi_portfolio/.venv/lib/python3.11/site-packages/airflow/example_dags/example_dataset_alias.py
[2025-12-03T13:08:20.569-0500] {logging_mixin.py:190} INFO - [2025-12-03T13:08:20.569-0500] {override.py:1930} INFO - Created Permission View: can read on DAG:dataset_s3_bucket_consumer
[2025-12-03T13:08:20.574-0500] {logging_mixin.py:190} INFO - [2025-12-03T13:08:20.573-0500] {override.py:1930} INFO - Created Permission View: can delete on DAG:dataset_s3_bucket_consumer
[2025-12-03T13:08:20.577-0500] {logging_mixin.py:190} INFO - [2025-12-03T13:08:20.577-0500] {override.py:1930} INFO - Created Permission View: can edit on DAG:dataset_s3_bucket_consumer
[2025-12-03T13:08:20.582-0500] {logging_mixin.py:190} INFO - [2025-12-03T13:08:20.581-0500] {override.py:1930} INFO - Created Permission View: can read on DAG Run:dataset_s3_bucket_consumer
[2025-12-03T13:08:20.585-0500] {logging_mixin.py:190} INFO - [2025-12-03T13:08:20.584-0500] {override.py:1930} INFO - Created Permission View: can create on DAG Run:dataset_s3_bucket_consumer
[2025-12-03T13:08:20.588-0500] {logging_mixin.py:190} INFO - [2025-12-03T13:08:20.588-0500] {override.py:1930} INFO - Created Permission View: can delete on DAG Run:dataset_s3_bucket_consumer
[2025-12-03T13:08:20.591-0500] {logging_mixin.py:190} INFO - [2025-12-03T13:08:20.591-0500] {override.py:1930} INFO - Created Permission View: menu access on DAG Run:dataset_s3_bucket_consumer
[2025-12-03T13:08:20.598-0500] {logging_mixin.py:190} INFO - [2025-12-03T13:08:20.598-0500] {override.py:1930} INFO - Created Permission View: can read on DAG:dataset_s3_bucket_producer
[2025-12-03T13:08:20.601-0500] {logging_mixin.py:190} INFO - [2025-12-03T13:08:20.601-0500] {override.py:1930} INFO - Created Permission View: can delete on DAG:dataset_s3_bucket_producer
[2025-12-03T13:08:20.605-0500] {logging_mixin.py:190} INFO - [2025-12-03T13:08:20.605-0500] {override.py:1930} INFO - Created Permission View: can edit on DAG:dataset_s3_bucket_producer
[2025-12-03T13:08:20.609-0500] {logging_mixin.py:190} INFO - [2025-12-03T13:08:20.609-0500] {override.py:1930} INFO - Created Permission View: can read on DAG Run:dataset_s3_bucket_producer
[2025-12-03T13:08:20.612-0500] {logging_mixin.py:190} INFO - [2025-12-03T13:08:20.612-0500] {override.py:1930} INFO - Created Permission View: can create on DAG Run:dataset_s3_bucket_producer
[2025-12-03T13:08:20.616-0500] {logging_mixin.py:190} INFO - [2025-12-03T13:08:20.615-0500] {override.py:1930} INFO - Created Permission View: can delete on DAG Run:dataset_s3_bucket_producer
[2025-12-03T13:08:20.619-0500] {logging_mixin.py:190} INFO - [2025-12-03T13:08:20.618-0500] {override.py:1930} INFO - Created Permission View: menu access on DAG Run:dataset_s3_bucket_producer
[2025-12-03T13:08:20.626-0500] {logging_mixin.py:190} INFO - [2025-12-03T13:08:20.625-0500] {override.py:1930} INFO - Created Permission View: can read on DAG:dataset_alias_example_alias_consumer
[2025-12-03T13:08:20.629-0500] {logging_mixin.py:190} INFO - [2025-12-03T13:08:20.629-0500] {override.py:1930} INFO - Created Permission View: can delete on DAG:dataset_alias_example_alias_consumer
[2025-12-03T13:08:20.632-0500] {logging_mixin.py:190} INFO - [2025-12-03T13:08:20.632-0500] {override.py:1930} INFO - Created Permission View: can edit on DAG:dataset_alias_example_alias_consumer
[2025-12-03T13:08:20.637-0500] {logging_mixin.py:190} INFO - [2025-12-03T13:08:20.637-0500] {override.py:1930} INFO - Created Permission View: can read on DAG Run:dataset_alias_example_alias_consumer
[2025-12-03T13:08:20.641-0500] {logging_mixin.py:190} INFO - [2025-12-03T13:08:20.641-0500] {override.py:1930} INFO - Created Permission View: can create on DAG Run:dataset_alias_example_alias_consumer
[2025-12-03T13:08:20.644-0500] {logging_mixin.py:190} INFO - [2025-12-03T13:08:20.644-0500] {override.py:1930} INFO - Created Permission View: can delete on DAG Run:dataset_alias_example_alias_consumer
[2025-12-03T13:08:20.647-0500] {logging_mixin.py:190} INFO - [2025-12-03T13:08:20.647-0500] {override.py:1930} INFO - Created Permission View: menu access on DAG Run:dataset_alias_example_alias_consumer
[2025-12-03T13:08:20.657-0500] {logging_mixin.py:190} INFO - [2025-12-03T13:08:20.657-0500] {override.py:1930} INFO - Created Permission View: can read on DAG:dataset_alias_example_alias_producer
[2025-12-03T13:08:20.661-0500] {logging_mixin.py:190} INFO - [2025-12-03T13:08:20.661-0500] {override.py:1930} INFO - Created Permission View: can delete on DAG:dataset_alias_example_alias_producer
[2025-12-03T13:08:20.665-0500] {logging_mixin.py:190} INFO - [2025-12-03T13:08:20.664-0500] {override.py:1930} INFO - Created Permission View: can edit on DAG:dataset_alias_example_alias_producer
[2025-12-03T13:08:20.669-0500] {logging_mixin.py:190} INFO - [2025-12-03T13:08:20.669-0500] {override.py:1930} INFO - Created Permission View: can read on DAG Run:dataset_alias_example_alias_producer
[2025-12-03T13:08:20.673-0500] {logging_mixin.py:190} INFO - [2025-12-03T13:08:20.673-0500] {override.py:1930} INFO - Created Permission View: can create on DAG Run:dataset_alias_example_alias_producer
[2025-12-03T13:08:20.676-0500] {logging_mixin.py:190} INFO - [2025-12-03T13:08:20.676-0500] {override.py:1930} INFO - Created Permission View: can delete on DAG Run:dataset_alias_example_alias_producer
[2025-12-03T13:08:20.679-0500] {logging_mixin.py:190} INFO - [2025-12-03T13:08:20.679-0500] {override.py:1930} INFO - Created Permission View: menu access on DAG Run:dataset_alias_example_alias_producer
[2025-12-03T13:08:20.679-0500] {logging_mixin.py:190} INFO - [2025-12-03T13:08:20.679-0500] {dag.py:3239} INFO - Sync 4 DAGs
[2025-12-03T13:08:20.686-0500] {logging_mixin.py:190} INFO - [2025-12-03T13:08:20.686-0500] {dag.py:3262} INFO - Creating ORM DAG for dataset_s3_bucket_consumer
[2025-12-03T13:08:20.686-0500] {logging_mixin.py:190} INFO - [2025-12-03T13:08:20.686-0500] {dag.py:3262} INFO - Creating ORM DAG for dataset_alias_example_alias_consumer
[2025-12-03T13:08:20.686-0500] {logging_mixin.py:190} INFO - [2025-12-03T13:08:20.686-0500] {dag.py:3262} INFO - Creating ORM DAG for dataset_s3_bucket_producer
[2025-12-03T13:08:20.686-0500] {logging_mixin.py:190} INFO - [2025-12-03T13:08:20.686-0500] {dag.py:3262} INFO - Creating ORM DAG for dataset_alias_example_alias_producer
[2025-12-03T13:08:20.690-0500] {logging_mixin.py:190} INFO - [2025-12-03T13:08:20.690-0500] {dag.py:4180} INFO - Setting next_dagrun for dataset_alias_example_alias_consumer to None, run_after=None
[2025-12-03T13:08:20.690-0500] {logging_mixin.py:190} INFO - [2025-12-03T13:08:20.690-0500] {dag.py:4180} INFO - Setting next_dagrun for dataset_alias_example_alias_producer to None, run_after=None
[2025-12-03T13:08:20.691-0500] {logging_mixin.py:190} INFO - [2025-12-03T13:08:20.691-0500] {dag.py:4180} INFO - Setting next_dagrun for dataset_s3_bucket_consumer to None, run_after=None
[2025-12-03T13:08:20.691-0500] {logging_mixin.py:190} INFO - [2025-12-03T13:08:20.691-0500] {dag.py:4180} INFO - Setting next_dagrun for dataset_s3_bucket_producer to None, run_after=None
[2025-12-03T13:08:21.104-0500] {processor.py:208} INFO - Processing /Users/minijohn/Dev/nyc_taxi_portfolio/.venv/lib/python3.11/site-packages/airflow/example_dags/example_dataset_alias.py took 0.715 seconds
[2025-12-03T13:32:36.253-0500] {processor.py:186} INFO - Started process (PID=4785) to work on /Users/minijohn/Dev/nyc_taxi_portfolio/.venv/lib/python3.11/site-packages/airflow/example_dags/example_dataset_alias.py
[2025-12-03T13:32:36.254-0500] {processor.py:914} INFO - Processing file /Users/minijohn/Dev/nyc_taxi_portfolio/.venv/lib/python3.11/site-packages/airflow/example_dags/example_dataset_alias.py for tasks to queue
[2025-12-03T13:32:36.254-0500] {logging_mixin.py:190} INFO - [2025-12-03T13:32:36.254-0500] {dagbag.py:588} INFO - Filling up the DagBag from /Users/minijohn/Dev/nyc_taxi_portfolio/.venv/lib/python3.11/site-packages/airflow/example_dags/example_dataset_alias.py
[2025-12-03T13:32:36.317-0500] {processor.py:925} INFO - DAG(s) 'dataset_alias_example_alias_producer', 'dataset_s3_bucket_consumer', 'dataset_s3_bucket_producer', 'dataset_alias_example_alias_consumer' retrieved from /Users/minijohn/Dev/nyc_taxi_portfolio/.venv/lib/python3.11/site-packages/airflow/example_dags/example_dataset_alias.py
[2025-12-03T13:32:36.328-0500] {logging_mixin.py:190} INFO - [2025-12-03T13:32:36.328-0500] {dag.py:3239} INFO - Sync 4 DAGs
[2025-12-03T13:32:36.336-0500] {logging_mixin.py:190} INFO - [2025-12-03T13:32:36.335-0500] {dag.py:4180} INFO - Setting next_dagrun for dataset_alias_example_alias_consumer to None, run_after=None
[2025-12-03T13:32:36.337-0500] {logging_mixin.py:190} INFO - [2025-12-03T13:32:36.337-0500] {dag.py:4180} INFO - Setting next_dagrun for dataset_alias_example_alias_producer to None, run_after=None
[2025-12-03T13:32:36.337-0500] {logging_mixin.py:190} INFO - [2025-12-03T13:32:36.337-0500] {dag.py:4180} INFO - Setting next_dagrun for dataset_s3_bucket_consumer to None, run_after=None
[2025-12-03T13:32:36.338-0500] {logging_mixin.py:190} INFO - [2025-12-03T13:32:36.338-0500] {dag.py:4180} INFO - Setting next_dagrun for dataset_s3_bucket_producer to None, run_after=None
[2025-12-03T13:32:36.347-0500] {processor.py:208} INFO - Processing /Users/minijohn/Dev/nyc_taxi_portfolio/.venv/lib/python3.11/site-packages/airflow/example_dags/example_dataset_alias.py took 0.131 seconds
[2025-12-03T13:35:26.314-0500] {processor.py:186} INFO - Started process (PID=4997) to work on /Users/minijohn/Dev/nyc_taxi_portfolio/.venv/lib/python3.11/site-packages/airflow/example_dags/example_dataset_alias.py
[2025-12-03T13:35:26.315-0500] {processor.py:914} INFO - Processing file /Users/minijohn/Dev/nyc_taxi_portfolio/.venv/lib/python3.11/site-packages/airflow/example_dags/example_dataset_alias.py for tasks to queue
[2025-12-03T13:35:26.316-0500] {logging_mixin.py:190} INFO - [2025-12-03T13:35:26.316-0500] {dagbag.py:588} INFO - Filling up the DagBag from /Users/minijohn/Dev/nyc_taxi_portfolio/.venv/lib/python3.11/site-packages/airflow/example_dags/example_dataset_alias.py
[2025-12-03T13:35:26.379-0500] {processor.py:925} INFO - DAG(s) 'dataset_s3_bucket_producer', 'dataset_s3_bucket_consumer', 'dataset_alias_example_alias_producer', 'dataset_alias_example_alias_consumer' retrieved from /Users/minijohn/Dev/nyc_taxi_portfolio/.venv/lib/python3.11/site-packages/airflow/example_dags/example_dataset_alias.py
[2025-12-03T13:35:26.391-0500] {logging_mixin.py:190} INFO - [2025-12-03T13:35:26.391-0500] {dag.py:3239} INFO - Sync 4 DAGs
[2025-12-03T13:35:26.398-0500] {logging_mixin.py:190} INFO - [2025-12-03T13:35:26.398-0500] {dag.py:4180} INFO - Setting next_dagrun for dataset_alias_example_alias_consumer to None, run_after=None
[2025-12-03T13:35:26.399-0500] {logging_mixin.py:190} INFO - [2025-12-03T13:35:26.399-0500] {dag.py:4180} INFO - Setting next_dagrun for dataset_alias_example_alias_producer to None, run_after=None
[2025-12-03T13:35:26.400-0500] {logging_mixin.py:190} INFO - [2025-12-03T13:35:26.399-0500] {dag.py:4180} INFO - Setting next_dagrun for dataset_s3_bucket_consumer to None, run_after=None
[2025-12-03T13:35:26.400-0500] {logging_mixin.py:190} INFO - [2025-12-03T13:35:26.400-0500] {dag.py:4180} INFO - Setting next_dagrun for dataset_s3_bucket_producer to None, run_after=None
[2025-12-03T13:35:26.408-0500] {processor.py:208} INFO - Processing /Users/minijohn/Dev/nyc_taxi_portfolio/.venv/lib/python3.11/site-packages/airflow/example_dags/example_dataset_alias.py took 0.133 seconds
[2025-12-03T13:38:41.826-0500] {processor.py:186} INFO - Started process (PID=5259) to work on /Users/minijohn/Dev/nyc_taxi_portfolio/.venv/lib/python3.11/site-packages/airflow/example_dags/example_dataset_alias.py
[2025-12-03T13:38:41.826-0500] {processor.py:914} INFO - Processing file /Users/minijohn/Dev/nyc_taxi_portfolio/.venv/lib/python3.11/site-packages/airflow/example_dags/example_dataset_alias.py for tasks to queue
[2025-12-03T13:38:41.827-0500] {logging_mixin.py:190} INFO - [2025-12-03T13:38:41.827-0500] {dagbag.py:588} INFO - Filling up the DagBag from /Users/minijohn/Dev/nyc_taxi_portfolio/.venv/lib/python3.11/site-packages/airflow/example_dags/example_dataset_alias.py
[2025-12-03T13:38:41.912-0500] {processor.py:925} INFO - DAG(s) 'dataset_s3_bucket_producer', 'dataset_s3_bucket_consumer', 'dataset_alias_example_alias_producer', 'dataset_alias_example_alias_consumer' retrieved from /Users/minijohn/Dev/nyc_taxi_portfolio/.venv/lib/python3.11/site-packages/airflow/example_dags/example_dataset_alias.py
[2025-12-03T13:38:41.926-0500] {logging_mixin.py:190} INFO - [2025-12-03T13:38:41.926-0500] {dag.py:3239} INFO - Sync 4 DAGs
[2025-12-03T13:38:41.935-0500] {logging_mixin.py:190} INFO - [2025-12-03T13:38:41.934-0500] {dag.py:4180} INFO - Setting next_dagrun for dataset_alias_example_alias_consumer to None, run_after=None
[2025-12-03T13:38:41.936-0500] {logging_mixin.py:190} INFO - [2025-12-03T13:38:41.936-0500] {dag.py:4180} INFO - Setting next_dagrun for dataset_alias_example_alias_producer to None, run_after=None
[2025-12-03T13:38:41.936-0500] {logging_mixin.py:190} INFO - [2025-12-03T13:38:41.936-0500] {dag.py:4180} INFO - Setting next_dagrun for dataset_s3_bucket_consumer to None, run_after=None
[2025-12-03T13:38:41.938-0500] {logging_mixin.py:190} INFO - [2025-12-03T13:38:41.937-0500] {dag.py:4180} INFO - Setting next_dagrun for dataset_s3_bucket_producer to None, run_after=None
[2025-12-03T13:38:41.950-0500] {processor.py:208} INFO - Processing /Users/minijohn/Dev/nyc_taxi_portfolio/.venv/lib/python3.11/site-packages/airflow/example_dags/example_dataset_alias.py took 0.172 seconds
[2025-12-03T13:41:53.059-0500] {processor.py:186} INFO - Started process (PID=5751) to work on /Users/minijohn/Dev/nyc_taxi_portfolio/.venv/lib/python3.11/site-packages/airflow/example_dags/example_dataset_alias.py
[2025-12-03T13:41:53.060-0500] {processor.py:914} INFO - Processing file /Users/minijohn/Dev/nyc_taxi_portfolio/.venv/lib/python3.11/site-packages/airflow/example_dags/example_dataset_alias.py for tasks to queue
[2025-12-03T13:41:53.061-0500] {logging_mixin.py:190} INFO - [2025-12-03T13:41:53.060-0500] {dagbag.py:588} INFO - Filling up the DagBag from /Users/minijohn/Dev/nyc_taxi_portfolio/.venv/lib/python3.11/site-packages/airflow/example_dags/example_dataset_alias.py
[2025-12-03T13:41:53.122-0500] {processor.py:925} INFO - DAG(s) 'dataset_s3_bucket_producer', 'dataset_s3_bucket_consumer', 'dataset_alias_example_alias_consumer', 'dataset_alias_example_alias_producer' retrieved from /Users/minijohn/Dev/nyc_taxi_portfolio/.venv/lib/python3.11/site-packages/airflow/example_dags/example_dataset_alias.py
[2025-12-03T13:41:53.133-0500] {logging_mixin.py:190} INFO - [2025-12-03T13:41:53.132-0500] {dag.py:3239} INFO - Sync 4 DAGs
[2025-12-03T13:41:53.140-0500] {logging_mixin.py:190} INFO - [2025-12-03T13:41:53.140-0500] {dag.py:4180} INFO - Setting next_dagrun for dataset_alias_example_alias_consumer to None, run_after=None
[2025-12-03T13:41:53.141-0500] {logging_mixin.py:190} INFO - [2025-12-03T13:41:53.141-0500] {dag.py:4180} INFO - Setting next_dagrun for dataset_alias_example_alias_producer to None, run_after=None
[2025-12-03T13:41:53.141-0500] {logging_mixin.py:190} INFO - [2025-12-03T13:41:53.141-0500] {dag.py:4180} INFO - Setting next_dagrun for dataset_s3_bucket_consumer to None, run_after=None
[2025-12-03T13:41:53.141-0500] {logging_mixin.py:190} INFO - [2025-12-03T13:41:53.141-0500] {dag.py:4180} INFO - Setting next_dagrun for dataset_s3_bucket_producer to None, run_after=None
[2025-12-03T13:41:53.150-0500] {processor.py:208} INFO - Processing /Users/minijohn/Dev/nyc_taxi_portfolio/.venv/lib/python3.11/site-packages/airflow/example_dags/example_dataset_alias.py took 0.134 seconds
