[2025-12-03T13:05:19.540-0500] {processor.py:186} INFO - Started process (PID=20819) to work on /Users/minijohn/Dev/nyc_taxi_portfolio/.venv/lib/python3.11/site-packages/airflow/example_dags/tutorial_taskflow_templates.py
[2025-12-03T13:05:19.541-0500] {processor.py:914} INFO - Processing file /Users/minijohn/Dev/nyc_taxi_portfolio/.venv/lib/python3.11/site-packages/airflow/example_dags/tutorial_taskflow_templates.py for tasks to queue
[2025-12-03T13:05:19.541-0500] {logging_mixin.py:190} INFO - [2025-12-03T13:05:19.541-0500] {dagbag.py:588} INFO - Filling up the DagBag from /Users/minijohn/Dev/nyc_taxi_portfolio/.venv/lib/python3.11/site-packages/airflow/example_dags/tutorial_taskflow_templates.py
[2025-12-03T13:05:19.565-0500] {processor.py:925} INFO - DAG(s) 'tutorial_taskflow_templates' retrieved from /Users/minijohn/Dev/nyc_taxi_portfolio/.venv/lib/python3.11/site-packages/airflow/example_dags/tutorial_taskflow_templates.py
[2025-12-03T13:05:19.674-0500] {logging_mixin.py:190} INFO - [2025-12-03T13:05:19.674-0500] {override.py:1930} INFO - Created Permission View: can edit on DAG:tutorial_taskflow_templates
[2025-12-03T13:05:19.679-0500] {logging_mixin.py:190} INFO - [2025-12-03T13:05:19.679-0500] {override.py:1930} INFO - Created Permission View: can read on DAG:tutorial_taskflow_templates
[2025-12-03T13:05:19.683-0500] {logging_mixin.py:190} INFO - [2025-12-03T13:05:19.683-0500] {override.py:1930} INFO - Created Permission View: can delete on DAG:tutorial_taskflow_templates
[2025-12-03T13:05:19.687-0500] {logging_mixin.py:190} INFO - [2025-12-03T13:05:19.687-0500] {override.py:1930} INFO - Created Permission View: can create on DAG Run:tutorial_taskflow_templates
[2025-12-03T13:05:19.690-0500] {logging_mixin.py:190} INFO - [2025-12-03T13:05:19.690-0500] {override.py:1930} INFO - Created Permission View: can read on DAG Run:tutorial_taskflow_templates
[2025-12-03T13:05:19.694-0500] {logging_mixin.py:190} INFO - [2025-12-03T13:05:19.694-0500] {override.py:1930} INFO - Created Permission View: menu access on DAG Run:tutorial_taskflow_templates
[2025-12-03T13:05:19.697-0500] {logging_mixin.py:190} INFO - [2025-12-03T13:05:19.697-0500] {override.py:1930} INFO - Created Permission View: can delete on DAG Run:tutorial_taskflow_templates
[2025-12-03T13:05:19.697-0500] {logging_mixin.py:190} INFO - [2025-12-03T13:05:19.697-0500] {dag.py:3239} INFO - Sync 1 DAGs
[2025-12-03T13:05:19.703-0500] {logging_mixin.py:190} INFO - [2025-12-03T13:05:19.703-0500] {dag.py:3262} INFO - Creating ORM DAG for tutorial_taskflow_templates
[2025-12-03T13:05:19.708-0500] {logging_mixin.py:190} INFO - [2025-12-03T13:05:19.707-0500] {dag.py:4180} INFO - Setting next_dagrun for tutorial_taskflow_templates to 2025-12-02 00:00:00+00:00, run_after=2025-12-03 00:00:00+00:00
[2025-12-03T13:05:19.717-0500] {processor.py:208} INFO - Processing /Users/minijohn/Dev/nyc_taxi_portfolio/.venv/lib/python3.11/site-packages/airflow/example_dags/tutorial_taskflow_templates.py took 0.227 seconds
[2025-12-03T13:09:27.399-0500] {processor.py:186} INFO - Started process (PID=21223) to work on /Users/minijohn/Dev/nyc_taxi_portfolio/.venv/lib/python3.11/site-packages/airflow/example_dags/tutorial_taskflow_templates.py
[2025-12-03T13:09:27.401-0500] {processor.py:914} INFO - Processing file /Users/minijohn/Dev/nyc_taxi_portfolio/.venv/lib/python3.11/site-packages/airflow/example_dags/tutorial_taskflow_templates.py for tasks to queue
[2025-12-03T13:09:27.401-0500] {logging_mixin.py:190} INFO - [2025-12-03T13:09:27.401-0500] {dagbag.py:588} INFO - Filling up the DagBag from /Users/minijohn/Dev/nyc_taxi_portfolio/.venv/lib/python3.11/site-packages/airflow/example_dags/tutorial_taskflow_templates.py
[2025-12-03T13:09:27.431-0500] {processor.py:925} INFO - DAG(s) 'tutorial_taskflow_templates' retrieved from /Users/minijohn/Dev/nyc_taxi_portfolio/.venv/lib/python3.11/site-packages/airflow/example_dags/tutorial_taskflow_templates.py
[2025-12-03T13:09:27.484-0500] {logging_mixin.py:190} INFO - [2025-12-03T13:09:27.484-0500] {dag.py:3239} INFO - Sync 1 DAGs
[2025-12-03T13:09:27.496-0500] {logging_mixin.py:190} INFO - [2025-12-03T13:09:27.496-0500] {dag.py:4180} INFO - Setting next_dagrun for tutorial_taskflow_templates to 2025-12-02 00:00:00+00:00, run_after=2025-12-03 00:00:00+00:00
[2025-12-03T13:09:27.508-0500] {processor.py:208} INFO - Processing /Users/minijohn/Dev/nyc_taxi_portfolio/.venv/lib/python3.11/site-packages/airflow/example_dags/tutorial_taskflow_templates.py took 0.157 seconds
[2025-12-03T13:31:04.857-0500] {processor.py:186} INFO - Started process (PID=4649) to work on /Users/minijohn/Dev/nyc_taxi_portfolio/.venv/lib/python3.11/site-packages/airflow/example_dags/tutorial_taskflow_templates.py
[2025-12-03T13:31:04.858-0500] {processor.py:914} INFO - Processing file /Users/minijohn/Dev/nyc_taxi_portfolio/.venv/lib/python3.11/site-packages/airflow/example_dags/tutorial_taskflow_templates.py for tasks to queue
[2025-12-03T13:31:04.858-0500] {logging_mixin.py:190} INFO - [2025-12-03T13:31:04.858-0500] {dagbag.py:588} INFO - Filling up the DagBag from /Users/minijohn/Dev/nyc_taxi_portfolio/.venv/lib/python3.11/site-packages/airflow/example_dags/tutorial_taskflow_templates.py
[2025-12-03T13:31:04.878-0500] {processor.py:925} INFO - DAG(s) 'tutorial_taskflow_templates' retrieved from /Users/minijohn/Dev/nyc_taxi_portfolio/.venv/lib/python3.11/site-packages/airflow/example_dags/tutorial_taskflow_templates.py
[2025-12-03T13:31:04.918-0500] {logging_mixin.py:190} INFO - [2025-12-03T13:31:04.918-0500] {dag.py:3239} INFO - Sync 1 DAGs
[2025-12-03T13:31:04.928-0500] {logging_mixin.py:190} INFO - [2025-12-03T13:31:04.928-0500] {dag.py:4180} INFO - Setting next_dagrun for tutorial_taskflow_templates to 2025-12-02 00:00:00+00:00, run_after=2025-12-03 00:00:00+00:00
[2025-12-03T13:31:04.935-0500] {processor.py:208} INFO - Processing /Users/minijohn/Dev/nyc_taxi_portfolio/.venv/lib/python3.11/site-packages/airflow/example_dags/tutorial_taskflow_templates.py took 0.114 seconds
[2025-12-03T13:33:55.102-0500] {processor.py:186} INFO - Started process (PID=4876) to work on /Users/minijohn/Dev/nyc_taxi_portfolio/.venv/lib/python3.11/site-packages/airflow/example_dags/tutorial_taskflow_templates.py
[2025-12-03T13:33:55.103-0500] {processor.py:914} INFO - Processing file /Users/minijohn/Dev/nyc_taxi_portfolio/.venv/lib/python3.11/site-packages/airflow/example_dags/tutorial_taskflow_templates.py for tasks to queue
[2025-12-03T13:33:55.104-0500] {logging_mixin.py:190} INFO - [2025-12-03T13:33:55.103-0500] {dagbag.py:588} INFO - Filling up the DagBag from /Users/minijohn/Dev/nyc_taxi_portfolio/.venv/lib/python3.11/site-packages/airflow/example_dags/tutorial_taskflow_templates.py
[2025-12-03T13:33:55.121-0500] {processor.py:925} INFO - DAG(s) 'tutorial_taskflow_templates' retrieved from /Users/minijohn/Dev/nyc_taxi_portfolio/.venv/lib/python3.11/site-packages/airflow/example_dags/tutorial_taskflow_templates.py
[2025-12-03T13:33:55.159-0500] {logging_mixin.py:190} INFO - [2025-12-03T13:33:55.159-0500] {dag.py:3239} INFO - Sync 1 DAGs
[2025-12-03T13:33:55.168-0500] {logging_mixin.py:190} INFO - [2025-12-03T13:33:55.168-0500] {dag.py:4180} INFO - Setting next_dagrun for tutorial_taskflow_templates to 2025-12-02 00:00:00+00:00, run_after=2025-12-03 00:00:00+00:00
[2025-12-03T13:33:55.177-0500] {processor.py:208} INFO - Processing /Users/minijohn/Dev/nyc_taxi_portfolio/.venv/lib/python3.11/site-packages/airflow/example_dags/tutorial_taskflow_templates.py took 0.113 seconds
[2025-12-03T13:36:05.477-0500] {processor.py:186} INFO - Started process (PID=5057) to work on /Users/minijohn/Dev/nyc_taxi_portfolio/.venv/lib/python3.11/site-packages/airflow/example_dags/tutorial_taskflow_templates.py
[2025-12-03T13:36:05.477-0500] {processor.py:914} INFO - Processing file /Users/minijohn/Dev/nyc_taxi_portfolio/.venv/lib/python3.11/site-packages/airflow/example_dags/tutorial_taskflow_templates.py for tasks to queue
[2025-12-03T13:36:05.478-0500] {logging_mixin.py:190} INFO - [2025-12-03T13:36:05.477-0500] {dagbag.py:588} INFO - Filling up the DagBag from /Users/minijohn/Dev/nyc_taxi_portfolio/.venv/lib/python3.11/site-packages/airflow/example_dags/tutorial_taskflow_templates.py
[2025-12-03T13:36:05.501-0500] {processor.py:925} INFO - DAG(s) 'tutorial_taskflow_templates' retrieved from /Users/minijohn/Dev/nyc_taxi_portfolio/.venv/lib/python3.11/site-packages/airflow/example_dags/tutorial_taskflow_templates.py
[2025-12-03T13:36:05.541-0500] {logging_mixin.py:190} INFO - [2025-12-03T13:36:05.541-0500] {dag.py:3239} INFO - Sync 1 DAGs
[2025-12-03T13:36:05.550-0500] {logging_mixin.py:190} INFO - [2025-12-03T13:36:05.550-0500] {dag.py:4180} INFO - Setting next_dagrun for tutorial_taskflow_templates to 2025-12-02 00:00:00+00:00, run_after=2025-12-03 00:00:00+00:00
[2025-12-03T13:36:05.558-0500] {processor.py:208} INFO - Processing /Users/minijohn/Dev/nyc_taxi_portfolio/.venv/lib/python3.11/site-packages/airflow/example_dags/tutorial_taskflow_templates.py took 0.122 seconds
[2025-12-03T13:37:43.969-0500] {processor.py:186} INFO - Started process (PID=5190) to work on /Users/minijohn/Dev/nyc_taxi_portfolio/.venv/lib/python3.11/site-packages/airflow/example_dags/tutorial_taskflow_templates.py
[2025-12-03T13:37:43.970-0500] {processor.py:914} INFO - Processing file /Users/minijohn/Dev/nyc_taxi_portfolio/.venv/lib/python3.11/site-packages/airflow/example_dags/tutorial_taskflow_templates.py for tasks to queue
[2025-12-03T13:37:43.970-0500] {logging_mixin.py:190} INFO - [2025-12-03T13:37:43.970-0500] {dagbag.py:588} INFO - Filling up the DagBag from /Users/minijohn/Dev/nyc_taxi_portfolio/.venv/lib/python3.11/site-packages/airflow/example_dags/tutorial_taskflow_templates.py
[2025-12-03T13:37:43.987-0500] {processor.py:925} INFO - DAG(s) 'tutorial_taskflow_templates' retrieved from /Users/minijohn/Dev/nyc_taxi_portfolio/.venv/lib/python3.11/site-packages/airflow/example_dags/tutorial_taskflow_templates.py
[2025-12-03T13:37:44.025-0500] {logging_mixin.py:190} INFO - [2025-12-03T13:37:44.025-0500] {dag.py:3239} INFO - Sync 1 DAGs
[2025-12-03T13:37:44.034-0500] {logging_mixin.py:190} INFO - [2025-12-03T13:37:44.034-0500] {dag.py:4180} INFO - Setting next_dagrun for tutorial_taskflow_templates to 2025-12-02 00:00:00+00:00, run_after=2025-12-03 00:00:00+00:00
[2025-12-03T13:37:44.042-0500] {processor.py:208} INFO - Processing /Users/minijohn/Dev/nyc_taxi_portfolio/.venv/lib/python3.11/site-packages/airflow/example_dags/tutorial_taskflow_templates.py took 0.110 seconds
[2025-12-03T13:39:17.789-0500] {processor.py:186} INFO - Started process (PID=5408) to work on /Users/minijohn/Dev/nyc_taxi_portfolio/.venv/lib/python3.11/site-packages/airflow/example_dags/tutorial_taskflow_templates.py
[2025-12-03T13:39:17.790-0500] {processor.py:914} INFO - Processing file /Users/minijohn/Dev/nyc_taxi_portfolio/.venv/lib/python3.11/site-packages/airflow/example_dags/tutorial_taskflow_templates.py for tasks to queue
[2025-12-03T13:39:17.790-0500] {logging_mixin.py:190} INFO - [2025-12-03T13:39:17.790-0500] {dagbag.py:588} INFO - Filling up the DagBag from /Users/minijohn/Dev/nyc_taxi_portfolio/.venv/lib/python3.11/site-packages/airflow/example_dags/tutorial_taskflow_templates.py
[2025-12-03T13:39:17.807-0500] {processor.py:925} INFO - DAG(s) 'tutorial_taskflow_templates' retrieved from /Users/minijohn/Dev/nyc_taxi_portfolio/.venv/lib/python3.11/site-packages/airflow/example_dags/tutorial_taskflow_templates.py
[2025-12-03T13:39:17.846-0500] {logging_mixin.py:190} INFO - [2025-12-03T13:39:17.846-0500] {dag.py:3239} INFO - Sync 1 DAGs
[2025-12-03T13:39:17.854-0500] {logging_mixin.py:190} INFO - [2025-12-03T13:39:17.854-0500] {dag.py:4180} INFO - Setting next_dagrun for tutorial_taskflow_templates to 2025-12-02 00:00:00+00:00, run_after=2025-12-03 00:00:00+00:00
[2025-12-03T13:39:17.862-0500] {processor.py:208} INFO - Processing /Users/minijohn/Dev/nyc_taxi_portfolio/.venv/lib/python3.11/site-packages/airflow/example_dags/tutorial_taskflow_templates.py took 0.110 seconds
[2025-12-03T13:40:52.049-0500] {processor.py:186} INFO - Started process (PID=5588) to work on /Users/minijohn/Dev/nyc_taxi_portfolio/.venv/lib/python3.11/site-packages/airflow/example_dags/tutorial_taskflow_templates.py
[2025-12-03T13:40:52.050-0500] {processor.py:914} INFO - Processing file /Users/minijohn/Dev/nyc_taxi_portfolio/.venv/lib/python3.11/site-packages/airflow/example_dags/tutorial_taskflow_templates.py for tasks to queue
[2025-12-03T13:40:52.050-0500] {logging_mixin.py:190} INFO - [2025-12-03T13:40:52.050-0500] {dagbag.py:588} INFO - Filling up the DagBag from /Users/minijohn/Dev/nyc_taxi_portfolio/.venv/lib/python3.11/site-packages/airflow/example_dags/tutorial_taskflow_templates.py
[2025-12-03T13:40:52.068-0500] {processor.py:925} INFO - DAG(s) 'tutorial_taskflow_templates' retrieved from /Users/minijohn/Dev/nyc_taxi_portfolio/.venv/lib/python3.11/site-packages/airflow/example_dags/tutorial_taskflow_templates.py
[2025-12-03T13:40:52.107-0500] {logging_mixin.py:190} INFO - [2025-12-03T13:40:52.107-0500] {dag.py:3239} INFO - Sync 1 DAGs
[2025-12-03T13:40:52.115-0500] {logging_mixin.py:190} INFO - [2025-12-03T13:40:52.115-0500] {dag.py:4180} INFO - Setting next_dagrun for tutorial_taskflow_templates to 2025-12-02 00:00:00+00:00, run_after=2025-12-03 00:00:00+00:00
[2025-12-03T13:40:52.123-0500] {processor.py:208} INFO - Processing /Users/minijohn/Dev/nyc_taxi_portfolio/.venv/lib/python3.11/site-packages/airflow/example_dags/tutorial_taskflow_templates.py took 0.110 seconds
[2025-12-03T13:42:32.017-0500] {processor.py:186} INFO - Started process (PID=6523) to work on /Users/minijohn/Dev/nyc_taxi_portfolio/.venv/lib/python3.11/site-packages/airflow/example_dags/tutorial_taskflow_templates.py
[2025-12-03T13:42:32.017-0500] {processor.py:914} INFO - Processing file /Users/minijohn/Dev/nyc_taxi_portfolio/.venv/lib/python3.11/site-packages/airflow/example_dags/tutorial_taskflow_templates.py for tasks to queue
[2025-12-03T13:42:32.018-0500] {logging_mixin.py:190} INFO - [2025-12-03T13:42:32.018-0500] {dagbag.py:588} INFO - Filling up the DagBag from /Users/minijohn/Dev/nyc_taxi_portfolio/.venv/lib/python3.11/site-packages/airflow/example_dags/tutorial_taskflow_templates.py
[2025-12-03T13:42:32.038-0500] {processor.py:925} INFO - DAG(s) 'tutorial_taskflow_templates' retrieved from /Users/minijohn/Dev/nyc_taxi_portfolio/.venv/lib/python3.11/site-packages/airflow/example_dags/tutorial_taskflow_templates.py
[2025-12-03T13:42:32.079-0500] {logging_mixin.py:190} INFO - [2025-12-03T13:42:32.079-0500] {dag.py:3239} INFO - Sync 1 DAGs
[2025-12-03T13:42:32.088-0500] {logging_mixin.py:190} INFO - [2025-12-03T13:42:32.088-0500] {dag.py:4180} INFO - Setting next_dagrun for tutorial_taskflow_templates to 2025-12-02 00:00:00+00:00, run_after=2025-12-03 00:00:00+00:00
[2025-12-03T13:42:32.096-0500] {processor.py:208} INFO - Processing /Users/minijohn/Dev/nyc_taxi_portfolio/.venv/lib/python3.11/site-packages/airflow/example_dags/tutorial_taskflow_templates.py took 0.120 seconds
