[2025-12-03T13:05:34.240-0500] {processor.py:186} INFO - Started process (PID=20841) to work on /Users/minijohn/Dev/nyc_taxi_portfolio/.venv/lib/python3.11/site-packages/airflow/example_dags/tutorial_dag.py
[2025-12-03T13:05:34.241-0500] {processor.py:914} INFO - Processing file /Users/minijohn/Dev/nyc_taxi_portfolio/.venv/lib/python3.11/site-packages/airflow/example_dags/tutorial_dag.py for tasks to queue
[2025-12-03T13:05:34.241-0500] {logging_mixin.py:190} INFO - [2025-12-03T13:05:34.241-0500] {dagbag.py:588} INFO - Filling up the DagBag from /Users/minijohn/Dev/nyc_taxi_portfolio/.venv/lib/python3.11/site-packages/airflow/example_dags/tutorial_dag.py
[2025-12-03T13:05:34.254-0500] {processor.py:925} INFO - DAG(s) 'tutorial_dag' retrieved from /Users/minijohn/Dev/nyc_taxi_portfolio/.venv/lib/python3.11/site-packages/airflow/example_dags/tutorial_dag.py
[2025-12-03T13:05:34.337-0500] {logging_mixin.py:190} INFO - [2025-12-03T13:05:34.337-0500] {override.py:1930} INFO - Created Permission View: can edit on DAG:tutorial_dag
[2025-12-03T13:05:34.343-0500] {logging_mixin.py:190} INFO - [2025-12-03T13:05:34.343-0500] {override.py:1930} INFO - Created Permission View: can delete on DAG:tutorial_dag
[2025-12-03T13:05:34.346-0500] {logging_mixin.py:190} INFO - [2025-12-03T13:05:34.346-0500] {override.py:1930} INFO - Created Permission View: can read on DAG:tutorial_dag
[2025-12-03T13:05:34.350-0500] {logging_mixin.py:190} INFO - [2025-12-03T13:05:34.350-0500] {override.py:1930} INFO - Created Permission View: can create on DAG Run:tutorial_dag
[2025-12-03T13:05:34.353-0500] {logging_mixin.py:190} INFO - [2025-12-03T13:05:34.353-0500] {override.py:1930} INFO - Created Permission View: can delete on DAG Run:tutorial_dag
[2025-12-03T13:05:34.356-0500] {logging_mixin.py:190} INFO - [2025-12-03T13:05:34.356-0500] {override.py:1930} INFO - Created Permission View: can read on DAG Run:tutorial_dag
[2025-12-03T13:05:34.359-0500] {logging_mixin.py:190} INFO - [2025-12-03T13:05:34.359-0500] {override.py:1930} INFO - Created Permission View: menu access on DAG Run:tutorial_dag
[2025-12-03T13:05:34.359-0500] {logging_mixin.py:190} INFO - [2025-12-03T13:05:34.359-0500] {dag.py:3239} INFO - Sync 1 DAGs
[2025-12-03T13:05:34.365-0500] {logging_mixin.py:190} INFO - [2025-12-03T13:05:34.364-0500] {dag.py:3262} INFO - Creating ORM DAG for tutorial_dag
[2025-12-03T13:05:34.365-0500] {logging_mixin.py:190} INFO - [2025-12-03T13:05:34.365-0500] {dag.py:4180} INFO - Setting next_dagrun for tutorial_dag to None, run_after=None
[2025-12-03T13:05:34.374-0500] {processor.py:208} INFO - Processing /Users/minijohn/Dev/nyc_taxi_portfolio/.venv/lib/python3.11/site-packages/airflow/example_dags/tutorial_dag.py took 0.176 seconds
[2025-12-03T13:09:40.792-0500] {processor.py:186} INFO - Started process (PID=21251) to work on /Users/minijohn/Dev/nyc_taxi_portfolio/.venv/lib/python3.11/site-packages/airflow/example_dags/tutorial_dag.py
[2025-12-03T13:09:40.793-0500] {processor.py:914} INFO - Processing file /Users/minijohn/Dev/nyc_taxi_portfolio/.venv/lib/python3.11/site-packages/airflow/example_dags/tutorial_dag.py for tasks to queue
[2025-12-03T13:09:40.794-0500] {logging_mixin.py:190} INFO - [2025-12-03T13:09:40.794-0500] {dagbag.py:588} INFO - Filling up the DagBag from /Users/minijohn/Dev/nyc_taxi_portfolio/.venv/lib/python3.11/site-packages/airflow/example_dags/tutorial_dag.py
[2025-12-03T13:09:40.808-0500] {processor.py:925} INFO - DAG(s) 'tutorial_dag' retrieved from /Users/minijohn/Dev/nyc_taxi_portfolio/.venv/lib/python3.11/site-packages/airflow/example_dags/tutorial_dag.py
[2025-12-03T13:09:40.858-0500] {logging_mixin.py:190} INFO - [2025-12-03T13:09:40.858-0500] {dag.py:3239} INFO - Sync 1 DAGs
[2025-12-03T13:09:40.863-0500] {logging_mixin.py:190} INFO - [2025-12-03T13:09:40.863-0500] {dag.py:4180} INFO - Setting next_dagrun for tutorial_dag to None, run_after=None
[2025-12-03T13:09:40.876-0500] {processor.py:208} INFO - Processing /Users/minijohn/Dev/nyc_taxi_portfolio/.venv/lib/python3.11/site-packages/airflow/example_dags/tutorial_dag.py took 0.131 seconds
[2025-12-03T13:31:13.096-0500] {processor.py:186} INFO - Started process (PID=4661) to work on /Users/minijohn/Dev/nyc_taxi_portfolio/.venv/lib/python3.11/site-packages/airflow/example_dags/tutorial_dag.py
[2025-12-03T13:31:13.097-0500] {processor.py:914} INFO - Processing file /Users/minijohn/Dev/nyc_taxi_portfolio/.venv/lib/python3.11/site-packages/airflow/example_dags/tutorial_dag.py for tasks to queue
[2025-12-03T13:31:13.097-0500] {logging_mixin.py:190} INFO - [2025-12-03T13:31:13.097-0500] {dagbag.py:588} INFO - Filling up the DagBag from /Users/minijohn/Dev/nyc_taxi_portfolio/.venv/lib/python3.11/site-packages/airflow/example_dags/tutorial_dag.py
[2025-12-03T13:31:13.108-0500] {processor.py:925} INFO - DAG(s) 'tutorial_dag' retrieved from /Users/minijohn/Dev/nyc_taxi_portfolio/.venv/lib/python3.11/site-packages/airflow/example_dags/tutorial_dag.py
[2025-12-03T13:31:13.145-0500] {logging_mixin.py:190} INFO - [2025-12-03T13:31:13.145-0500] {dag.py:3239} INFO - Sync 1 DAGs
[2025-12-03T13:31:13.149-0500] {logging_mixin.py:190} INFO - [2025-12-03T13:31:13.149-0500] {dag.py:4180} INFO - Setting next_dagrun for tutorial_dag to None, run_after=None
[2025-12-03T13:31:13.157-0500] {processor.py:208} INFO - Processing /Users/minijohn/Dev/nyc_taxi_portfolio/.venv/lib/python3.11/site-packages/airflow/example_dags/tutorial_dag.py took 0.096 seconds
[2025-12-03T13:34:03.671-0500] {processor.py:186} INFO - Started process (PID=4884) to work on /Users/minijohn/Dev/nyc_taxi_portfolio/.venv/lib/python3.11/site-packages/airflow/example_dags/tutorial_dag.py
[2025-12-03T13:34:03.672-0500] {processor.py:914} INFO - Processing file /Users/minijohn/Dev/nyc_taxi_portfolio/.venv/lib/python3.11/site-packages/airflow/example_dags/tutorial_dag.py for tasks to queue
[2025-12-03T13:34:03.672-0500] {logging_mixin.py:190} INFO - [2025-12-03T13:34:03.672-0500] {dagbag.py:588} INFO - Filling up the DagBag from /Users/minijohn/Dev/nyc_taxi_portfolio/.venv/lib/python3.11/site-packages/airflow/example_dags/tutorial_dag.py
[2025-12-03T13:34:03.682-0500] {processor.py:925} INFO - DAG(s) 'tutorial_dag' retrieved from /Users/minijohn/Dev/nyc_taxi_portfolio/.venv/lib/python3.11/site-packages/airflow/example_dags/tutorial_dag.py
[2025-12-03T13:34:03.720-0500] {logging_mixin.py:190} INFO - [2025-12-03T13:34:03.719-0500] {dag.py:3239} INFO - Sync 1 DAGs
[2025-12-03T13:34:03.724-0500] {logging_mixin.py:190} INFO - [2025-12-03T13:34:03.724-0500] {dag.py:4180} INFO - Setting next_dagrun for tutorial_dag to None, run_after=None
[2025-12-03T13:34:03.732-0500] {processor.py:208} INFO - Processing /Users/minijohn/Dev/nyc_taxi_portfolio/.venv/lib/python3.11/site-packages/airflow/example_dags/tutorial_dag.py took 0.095 seconds
[2025-12-03T13:36:13.881-0500] {processor.py:186} INFO - Started process (PID=5090) to work on /Users/minijohn/Dev/nyc_taxi_portfolio/.venv/lib/python3.11/site-packages/airflow/example_dags/tutorial_dag.py
[2025-12-03T13:36:13.882-0500] {processor.py:914} INFO - Processing file /Users/minijohn/Dev/nyc_taxi_portfolio/.venv/lib/python3.11/site-packages/airflow/example_dags/tutorial_dag.py for tasks to queue
[2025-12-03T13:36:13.883-0500] {logging_mixin.py:190} INFO - [2025-12-03T13:36:13.883-0500] {dagbag.py:588} INFO - Filling up the DagBag from /Users/minijohn/Dev/nyc_taxi_portfolio/.venv/lib/python3.11/site-packages/airflow/example_dags/tutorial_dag.py
[2025-12-03T13:36:13.894-0500] {processor.py:925} INFO - DAG(s) 'tutorial_dag' retrieved from /Users/minijohn/Dev/nyc_taxi_portfolio/.venv/lib/python3.11/site-packages/airflow/example_dags/tutorial_dag.py
[2025-12-03T13:36:13.931-0500] {logging_mixin.py:190} INFO - [2025-12-03T13:36:13.931-0500] {dag.py:3239} INFO - Sync 1 DAGs
[2025-12-03T13:36:13.936-0500] {logging_mixin.py:190} INFO - [2025-12-03T13:36:13.936-0500] {dag.py:4180} INFO - Setting next_dagrun for tutorial_dag to None, run_after=None
[2025-12-03T13:36:13.944-0500] {processor.py:208} INFO - Processing /Users/minijohn/Dev/nyc_taxi_portfolio/.venv/lib/python3.11/site-packages/airflow/example_dags/tutorial_dag.py took 0.101 seconds
[2025-12-03T13:37:52.191-0500] {processor.py:186} INFO - Started process (PID=5203) to work on /Users/minijohn/Dev/nyc_taxi_portfolio/.venv/lib/python3.11/site-packages/airflow/example_dags/tutorial_dag.py
[2025-12-03T13:37:52.192-0500] {processor.py:914} INFO - Processing file /Users/minijohn/Dev/nyc_taxi_portfolio/.venv/lib/python3.11/site-packages/airflow/example_dags/tutorial_dag.py for tasks to queue
[2025-12-03T13:37:52.193-0500] {logging_mixin.py:190} INFO - [2025-12-03T13:37:52.193-0500] {dagbag.py:588} INFO - Filling up the DagBag from /Users/minijohn/Dev/nyc_taxi_portfolio/.venv/lib/python3.11/site-packages/airflow/example_dags/tutorial_dag.py
[2025-12-03T13:37:52.204-0500] {processor.py:925} INFO - DAG(s) 'tutorial_dag' retrieved from /Users/minijohn/Dev/nyc_taxi_portfolio/.venv/lib/python3.11/site-packages/airflow/example_dags/tutorial_dag.py
[2025-12-03T13:37:52.242-0500] {logging_mixin.py:190} INFO - [2025-12-03T13:37:52.241-0500] {dag.py:3239} INFO - Sync 1 DAGs
[2025-12-03T13:37:52.246-0500] {logging_mixin.py:190} INFO - [2025-12-03T13:37:52.246-0500] {dag.py:4180} INFO - Setting next_dagrun for tutorial_dag to None, run_after=None
[2025-12-03T13:37:52.255-0500] {processor.py:208} INFO - Processing /Users/minijohn/Dev/nyc_taxi_portfolio/.venv/lib/python3.11/site-packages/airflow/example_dags/tutorial_dag.py took 0.101 seconds
[2025-12-03T13:39:26.513-0500] {processor.py:186} INFO - Started process (PID=5420) to work on /Users/minijohn/Dev/nyc_taxi_portfolio/.venv/lib/python3.11/site-packages/airflow/example_dags/tutorial_dag.py
[2025-12-03T13:39:26.514-0500] {processor.py:914} INFO - Processing file /Users/minijohn/Dev/nyc_taxi_portfolio/.venv/lib/python3.11/site-packages/airflow/example_dags/tutorial_dag.py for tasks to queue
[2025-12-03T13:39:26.515-0500] {logging_mixin.py:190} INFO - [2025-12-03T13:39:26.515-0500] {dagbag.py:588} INFO - Filling up the DagBag from /Users/minijohn/Dev/nyc_taxi_portfolio/.venv/lib/python3.11/site-packages/airflow/example_dags/tutorial_dag.py
[2025-12-03T13:39:26.526-0500] {processor.py:925} INFO - DAG(s) 'tutorial_dag' retrieved from /Users/minijohn/Dev/nyc_taxi_portfolio/.venv/lib/python3.11/site-packages/airflow/example_dags/tutorial_dag.py
[2025-12-03T13:39:26.565-0500] {logging_mixin.py:190} INFO - [2025-12-03T13:39:26.564-0500] {dag.py:3239} INFO - Sync 1 DAGs
[2025-12-03T13:39:26.569-0500] {logging_mixin.py:190} INFO - [2025-12-03T13:39:26.569-0500] {dag.py:4180} INFO - Setting next_dagrun for tutorial_dag to None, run_after=None
[2025-12-03T13:39:26.580-0500] {processor.py:208} INFO - Processing /Users/minijohn/Dev/nyc_taxi_portfolio/.venv/lib/python3.11/site-packages/airflow/example_dags/tutorial_dag.py took 0.105 seconds
[2025-12-03T13:41:00.714-0500] {processor.py:186} INFO - Started process (PID=5613) to work on /Users/minijohn/Dev/nyc_taxi_portfolio/.venv/lib/python3.11/site-packages/airflow/example_dags/tutorial_dag.py
[2025-12-03T13:41:00.716-0500] {processor.py:914} INFO - Processing file /Users/minijohn/Dev/nyc_taxi_portfolio/.venv/lib/python3.11/site-packages/airflow/example_dags/tutorial_dag.py for tasks to queue
[2025-12-03T13:41:00.716-0500] {logging_mixin.py:190} INFO - [2025-12-03T13:41:00.716-0500] {dagbag.py:588} INFO - Filling up the DagBag from /Users/minijohn/Dev/nyc_taxi_portfolio/.venv/lib/python3.11/site-packages/airflow/example_dags/tutorial_dag.py
[2025-12-03T13:41:00.727-0500] {processor.py:925} INFO - DAG(s) 'tutorial_dag' retrieved from /Users/minijohn/Dev/nyc_taxi_portfolio/.venv/lib/python3.11/site-packages/airflow/example_dags/tutorial_dag.py
[2025-12-03T13:41:00.765-0500] {logging_mixin.py:190} INFO - [2025-12-03T13:41:00.765-0500] {dag.py:3239} INFO - Sync 1 DAGs
[2025-12-03T13:41:00.769-0500] {logging_mixin.py:190} INFO - [2025-12-03T13:41:00.769-0500] {dag.py:4180} INFO - Setting next_dagrun for tutorial_dag to None, run_after=None
[2025-12-03T13:41:00.778-0500] {processor.py:208} INFO - Processing /Users/minijohn/Dev/nyc_taxi_portfolio/.venv/lib/python3.11/site-packages/airflow/example_dags/tutorial_dag.py took 0.102 seconds
[2025-12-03T13:42:42.861-0500] {processor.py:186} INFO - Started process (PID=6555) to work on /Users/minijohn/Dev/nyc_taxi_portfolio/.venv/lib/python3.11/site-packages/airflow/example_dags/tutorial_dag.py
[2025-12-03T13:42:42.862-0500] {processor.py:914} INFO - Processing file /Users/minijohn/Dev/nyc_taxi_portfolio/.venv/lib/python3.11/site-packages/airflow/example_dags/tutorial_dag.py for tasks to queue
[2025-12-03T13:42:42.863-0500] {logging_mixin.py:190} INFO - [2025-12-03T13:42:42.863-0500] {dagbag.py:588} INFO - Filling up the DagBag from /Users/minijohn/Dev/nyc_taxi_portfolio/.venv/lib/python3.11/site-packages/airflow/example_dags/tutorial_dag.py
[2025-12-03T13:42:42.874-0500] {processor.py:925} INFO - DAG(s) 'tutorial_dag' retrieved from /Users/minijohn/Dev/nyc_taxi_portfolio/.venv/lib/python3.11/site-packages/airflow/example_dags/tutorial_dag.py
[2025-12-03T13:42:42.914-0500] {logging_mixin.py:190} INFO - [2025-12-03T13:42:42.914-0500] {dag.py:3239} INFO - Sync 1 DAGs
[2025-12-03T13:42:42.918-0500] {logging_mixin.py:190} INFO - [2025-12-03T13:42:42.918-0500] {dag.py:4180} INFO - Setting next_dagrun for tutorial_dag to None, run_after=None
[2025-12-03T13:42:42.927-0500] {processor.py:208} INFO - Processing /Users/minijohn/Dev/nyc_taxi_portfolio/.venv/lib/python3.11/site-packages/airflow/example_dags/tutorial_dag.py took 0.108 seconds
