[2025-12-03T13:05:30.748-0500] {processor.py:186} INFO - Started process (PID=20836) to work on /Users/minijohn/Dev/nyc_taxi_portfolio/.venv/lib/python3.11/site-packages/airflow/example_dags/tutorial_objectstorage.py
[2025-12-03T13:05:30.749-0500] {processor.py:914} INFO - Processing file /Users/minijohn/Dev/nyc_taxi_portfolio/.venv/lib/python3.11/site-packages/airflow/example_dags/tutorial_objectstorage.py for tasks to queue
[2025-12-03T13:05:30.749-0500] {logging_mixin.py:190} INFO - [2025-12-03T13:05:30.749-0500] {dagbag.py:588} INFO - Filling up the DagBag from /Users/minijohn/Dev/nyc_taxi_portfolio/.venv/lib/python3.11/site-packages/airflow/example_dags/tutorial_objectstorage.py
[2025-12-03T13:05:30.767-0500] {processor.py:925} INFO - DAG(s) 'tutorial_objectstorage' retrieved from /Users/minijohn/Dev/nyc_taxi_portfolio/.venv/lib/python3.11/site-packages/airflow/example_dags/tutorial_objectstorage.py
[2025-12-03T13:05:30.855-0500] {logging_mixin.py:190} INFO - [2025-12-03T13:05:30.854-0500] {override.py:1930} INFO - Created Permission View: can read on DAG:tutorial_objectstorage
[2025-12-03T13:05:30.860-0500] {logging_mixin.py:190} INFO - [2025-12-03T13:05:30.859-0500] {override.py:1930} INFO - Created Permission View: can edit on DAG:tutorial_objectstorage
[2025-12-03T13:05:30.863-0500] {logging_mixin.py:190} INFO - [2025-12-03T13:05:30.863-0500] {override.py:1930} INFO - Created Permission View: can delete on DAG:tutorial_objectstorage
[2025-12-03T13:05:30.867-0500] {logging_mixin.py:190} INFO - [2025-12-03T13:05:30.867-0500] {override.py:1930} INFO - Created Permission View: can delete on DAG Run:tutorial_objectstorage
[2025-12-03T13:05:30.870-0500] {logging_mixin.py:190} INFO - [2025-12-03T13:05:30.870-0500] {override.py:1930} INFO - Created Permission View: can read on DAG Run:tutorial_objectstorage
[2025-12-03T13:05:30.873-0500] {logging_mixin.py:190} INFO - [2025-12-03T13:05:30.873-0500] {override.py:1930} INFO - Created Permission View: can create on DAG Run:tutorial_objectstorage
[2025-12-03T13:05:30.876-0500] {logging_mixin.py:190} INFO - [2025-12-03T13:05:30.876-0500] {override.py:1930} INFO - Created Permission View: menu access on DAG Run:tutorial_objectstorage
[2025-12-03T13:05:30.876-0500] {logging_mixin.py:190} INFO - [2025-12-03T13:05:30.876-0500] {dag.py:3239} INFO - Sync 1 DAGs
[2025-12-03T13:05:30.882-0500] {logging_mixin.py:190} INFO - [2025-12-03T13:05:30.881-0500] {dag.py:3262} INFO - Creating ORM DAG for tutorial_objectstorage
[2025-12-03T13:05:30.882-0500] {logging_mixin.py:190} INFO - [2025-12-03T13:05:30.882-0500] {dag.py:4180} INFO - Setting next_dagrun for tutorial_objectstorage to None, run_after=None
[2025-12-03T13:05:30.890-0500] {processor.py:208} INFO - Processing /Users/minijohn/Dev/nyc_taxi_portfolio/.venv/lib/python3.11/site-packages/airflow/example_dags/tutorial_objectstorage.py took 0.188 seconds
[2025-12-03T13:09:37.486-0500] {processor.py:186} INFO - Started process (PID=21242) to work on /Users/minijohn/Dev/nyc_taxi_portfolio/.venv/lib/python3.11/site-packages/airflow/example_dags/tutorial_objectstorage.py
[2025-12-03T13:09:37.488-0500] {processor.py:914} INFO - Processing file /Users/minijohn/Dev/nyc_taxi_portfolio/.venv/lib/python3.11/site-packages/airflow/example_dags/tutorial_objectstorage.py for tasks to queue
[2025-12-03T13:09:37.488-0500] {logging_mixin.py:190} INFO - [2025-12-03T13:09:37.488-0500] {dagbag.py:588} INFO - Filling up the DagBag from /Users/minijohn/Dev/nyc_taxi_portfolio/.venv/lib/python3.11/site-packages/airflow/example_dags/tutorial_objectstorage.py
[2025-12-03T13:09:37.510-0500] {processor.py:925} INFO - DAG(s) 'tutorial_objectstorage' retrieved from /Users/minijohn/Dev/nyc_taxi_portfolio/.venv/lib/python3.11/site-packages/airflow/example_dags/tutorial_objectstorage.py
[2025-12-03T13:09:37.562-0500] {logging_mixin.py:190} INFO - [2025-12-03T13:09:37.562-0500] {dag.py:3239} INFO - Sync 1 DAGs
[2025-12-03T13:09:37.569-0500] {logging_mixin.py:190} INFO - [2025-12-03T13:09:37.568-0500] {dag.py:4180} INFO - Setting next_dagrun for tutorial_objectstorage to None, run_after=None
[2025-12-03T13:09:37.581-0500] {processor.py:208} INFO - Processing /Users/minijohn/Dev/nyc_taxi_portfolio/.venv/lib/python3.11/site-packages/airflow/example_dags/tutorial_objectstorage.py took 0.143 seconds
[2025-12-03T13:31:10.815-0500] {processor.py:186} INFO - Started process (PID=4658) to work on /Users/minijohn/Dev/nyc_taxi_portfolio/.venv/lib/python3.11/site-packages/airflow/example_dags/tutorial_objectstorage.py
[2025-12-03T13:31:10.816-0500] {processor.py:914} INFO - Processing file /Users/minijohn/Dev/nyc_taxi_portfolio/.venv/lib/python3.11/site-packages/airflow/example_dags/tutorial_objectstorage.py for tasks to queue
[2025-12-03T13:31:10.816-0500] {logging_mixin.py:190} INFO - [2025-12-03T13:31:10.816-0500] {dagbag.py:588} INFO - Filling up the DagBag from /Users/minijohn/Dev/nyc_taxi_portfolio/.venv/lib/python3.11/site-packages/airflow/example_dags/tutorial_objectstorage.py
[2025-12-03T13:31:10.831-0500] {processor.py:925} INFO - DAG(s) 'tutorial_objectstorage' retrieved from /Users/minijohn/Dev/nyc_taxi_portfolio/.venv/lib/python3.11/site-packages/airflow/example_dags/tutorial_objectstorage.py
[2025-12-03T13:31:10.868-0500] {logging_mixin.py:190} INFO - [2025-12-03T13:31:10.868-0500] {dag.py:3239} INFO - Sync 1 DAGs
[2025-12-03T13:31:10.874-0500] {logging_mixin.py:190} INFO - [2025-12-03T13:31:10.874-0500] {dag.py:4180} INFO - Setting next_dagrun for tutorial_objectstorage to None, run_after=None
[2025-12-03T13:31:10.882-0500] {processor.py:208} INFO - Processing /Users/minijohn/Dev/nyc_taxi_portfolio/.venv/lib/python3.11/site-packages/airflow/example_dags/tutorial_objectstorage.py took 0.102 seconds
[2025-12-03T13:34:02.066-0500] {processor.py:186} INFO - Started process (PID=4882) to work on /Users/minijohn/Dev/nyc_taxi_portfolio/.venv/lib/python3.11/site-packages/airflow/example_dags/tutorial_objectstorage.py
[2025-12-03T13:34:02.067-0500] {processor.py:914} INFO - Processing file /Users/minijohn/Dev/nyc_taxi_portfolio/.venv/lib/python3.11/site-packages/airflow/example_dags/tutorial_objectstorage.py for tasks to queue
[2025-12-03T13:34:02.068-0500] {logging_mixin.py:190} INFO - [2025-12-03T13:34:02.068-0500] {dagbag.py:588} INFO - Filling up the DagBag from /Users/minijohn/Dev/nyc_taxi_portfolio/.venv/lib/python3.11/site-packages/airflow/example_dags/tutorial_objectstorage.py
[2025-12-03T13:34:02.083-0500] {processor.py:925} INFO - DAG(s) 'tutorial_objectstorage' retrieved from /Users/minijohn/Dev/nyc_taxi_portfolio/.venv/lib/python3.11/site-packages/airflow/example_dags/tutorial_objectstorage.py
[2025-12-03T13:34:02.119-0500] {logging_mixin.py:190} INFO - [2025-12-03T13:34:02.118-0500] {dag.py:3239} INFO - Sync 1 DAGs
[2025-12-03T13:34:02.123-0500] {logging_mixin.py:190} INFO - [2025-12-03T13:34:02.123-0500] {dag.py:4180} INFO - Setting next_dagrun for tutorial_objectstorage to None, run_after=None
[2025-12-03T13:34:02.132-0500] {processor.py:208} INFO - Processing /Users/minijohn/Dev/nyc_taxi_portfolio/.venv/lib/python3.11/site-packages/airflow/example_dags/tutorial_objectstorage.py took 0.101 seconds
[2025-12-03T13:36:11.441-0500] {processor.py:186} INFO - Started process (PID=5086) to work on /Users/minijohn/Dev/nyc_taxi_portfolio/.venv/lib/python3.11/site-packages/airflow/example_dags/tutorial_objectstorage.py
[2025-12-03T13:36:11.442-0500] {processor.py:914} INFO - Processing file /Users/minijohn/Dev/nyc_taxi_portfolio/.venv/lib/python3.11/site-packages/airflow/example_dags/tutorial_objectstorage.py for tasks to queue
[2025-12-03T13:36:11.442-0500] {logging_mixin.py:190} INFO - [2025-12-03T13:36:11.442-0500] {dagbag.py:588} INFO - Filling up the DagBag from /Users/minijohn/Dev/nyc_taxi_portfolio/.venv/lib/python3.11/site-packages/airflow/example_dags/tutorial_objectstorage.py
[2025-12-03T13:36:11.457-0500] {processor.py:925} INFO - DAG(s) 'tutorial_objectstorage' retrieved from /Users/minijohn/Dev/nyc_taxi_portfolio/.venv/lib/python3.11/site-packages/airflow/example_dags/tutorial_objectstorage.py
[2025-12-03T13:36:11.494-0500] {logging_mixin.py:190} INFO - [2025-12-03T13:36:11.493-0500] {dag.py:3239} INFO - Sync 1 DAGs
[2025-12-03T13:36:11.499-0500] {logging_mixin.py:190} INFO - [2025-12-03T13:36:11.499-0500] {dag.py:4180} INFO - Setting next_dagrun for tutorial_objectstorage to None, run_after=None
[2025-12-03T13:36:11.507-0500] {processor.py:208} INFO - Processing /Users/minijohn/Dev/nyc_taxi_portfolio/.venv/lib/python3.11/site-packages/airflow/example_dags/tutorial_objectstorage.py took 0.102 seconds
[2025-12-03T13:37:50.376-0500] {processor.py:186} INFO - Started process (PID=5201) to work on /Users/minijohn/Dev/nyc_taxi_portfolio/.venv/lib/python3.11/site-packages/airflow/example_dags/tutorial_objectstorage.py
[2025-12-03T13:37:50.377-0500] {processor.py:914} INFO - Processing file /Users/minijohn/Dev/nyc_taxi_portfolio/.venv/lib/python3.11/site-packages/airflow/example_dags/tutorial_objectstorage.py for tasks to queue
[2025-12-03T13:37:50.378-0500] {logging_mixin.py:190} INFO - [2025-12-03T13:37:50.377-0500] {dagbag.py:588} INFO - Filling up the DagBag from /Users/minijohn/Dev/nyc_taxi_portfolio/.venv/lib/python3.11/site-packages/airflow/example_dags/tutorial_objectstorage.py
[2025-12-03T13:37:50.393-0500] {processor.py:925} INFO - DAG(s) 'tutorial_objectstorage' retrieved from /Users/minijohn/Dev/nyc_taxi_portfolio/.venv/lib/python3.11/site-packages/airflow/example_dags/tutorial_objectstorage.py
[2025-12-03T13:37:50.430-0500] {logging_mixin.py:190} INFO - [2025-12-03T13:37:50.430-0500] {dag.py:3239} INFO - Sync 1 DAGs
[2025-12-03T13:37:50.435-0500] {logging_mixin.py:190} INFO - [2025-12-03T13:37:50.435-0500] {dag.py:4180} INFO - Setting next_dagrun for tutorial_objectstorage to None, run_after=None
[2025-12-03T13:37:50.444-0500] {processor.py:208} INFO - Processing /Users/minijohn/Dev/nyc_taxi_portfolio/.venv/lib/python3.11/site-packages/airflow/example_dags/tutorial_objectstorage.py took 0.107 seconds
[2025-12-03T13:39:24.115-0500] {processor.py:186} INFO - Started process (PID=5417) to work on /Users/minijohn/Dev/nyc_taxi_portfolio/.venv/lib/python3.11/site-packages/airflow/example_dags/tutorial_objectstorage.py
[2025-12-03T13:39:24.116-0500] {processor.py:914} INFO - Processing file /Users/minijohn/Dev/nyc_taxi_portfolio/.venv/lib/python3.11/site-packages/airflow/example_dags/tutorial_objectstorage.py for tasks to queue
[2025-12-03T13:39:24.117-0500] {logging_mixin.py:190} INFO - [2025-12-03T13:39:24.117-0500] {dagbag.py:588} INFO - Filling up the DagBag from /Users/minijohn/Dev/nyc_taxi_portfolio/.venv/lib/python3.11/site-packages/airflow/example_dags/tutorial_objectstorage.py
[2025-12-03T13:39:24.131-0500] {processor.py:925} INFO - DAG(s) 'tutorial_objectstorage' retrieved from /Users/minijohn/Dev/nyc_taxi_portfolio/.venv/lib/python3.11/site-packages/airflow/example_dags/tutorial_objectstorage.py
[2025-12-03T13:39:24.169-0500] {logging_mixin.py:190} INFO - [2025-12-03T13:39:24.169-0500] {dag.py:3239} INFO - Sync 1 DAGs
[2025-12-03T13:39:24.174-0500] {logging_mixin.py:190} INFO - [2025-12-03T13:39:24.174-0500] {dag.py:4180} INFO - Setting next_dagrun for tutorial_objectstorage to None, run_after=None
[2025-12-03T13:39:24.183-0500] {processor.py:208} INFO - Processing /Users/minijohn/Dev/nyc_taxi_portfolio/.venv/lib/python3.11/site-packages/airflow/example_dags/tutorial_objectstorage.py took 0.105 seconds
[2025-12-03T13:40:58.343-0500] {processor.py:186} INFO - Started process (PID=5605) to work on /Users/minijohn/Dev/nyc_taxi_portfolio/.venv/lib/python3.11/site-packages/airflow/example_dags/tutorial_objectstorage.py
[2025-12-03T13:40:58.344-0500] {processor.py:914} INFO - Processing file /Users/minijohn/Dev/nyc_taxi_portfolio/.venv/lib/python3.11/site-packages/airflow/example_dags/tutorial_objectstorage.py for tasks to queue
[2025-12-03T13:40:58.344-0500] {logging_mixin.py:190} INFO - [2025-12-03T13:40:58.344-0500] {dagbag.py:588} INFO - Filling up the DagBag from /Users/minijohn/Dev/nyc_taxi_portfolio/.venv/lib/python3.11/site-packages/airflow/example_dags/tutorial_objectstorage.py
[2025-12-03T13:40:58.360-0500] {processor.py:925} INFO - DAG(s) 'tutorial_objectstorage' retrieved from /Users/minijohn/Dev/nyc_taxi_portfolio/.venv/lib/python3.11/site-packages/airflow/example_dags/tutorial_objectstorage.py
[2025-12-03T13:40:58.397-0500] {logging_mixin.py:190} INFO - [2025-12-03T13:40:58.397-0500] {dag.py:3239} INFO - Sync 1 DAGs
[2025-12-03T13:40:58.401-0500] {logging_mixin.py:190} INFO - [2025-12-03T13:40:58.401-0500] {dag.py:4180} INFO - Setting next_dagrun for tutorial_objectstorage to None, run_after=None
[2025-12-03T13:40:58.410-0500] {processor.py:208} INFO - Processing /Users/minijohn/Dev/nyc_taxi_portfolio/.venv/lib/python3.11/site-packages/airflow/example_dags/tutorial_objectstorage.py took 0.105 seconds
[2025-12-03T13:42:40.333-0500] {processor.py:186} INFO - Started process (PID=6548) to work on /Users/minijohn/Dev/nyc_taxi_portfolio/.venv/lib/python3.11/site-packages/airflow/example_dags/tutorial_objectstorage.py
[2025-12-03T13:42:40.333-0500] {processor.py:914} INFO - Processing file /Users/minijohn/Dev/nyc_taxi_portfolio/.venv/lib/python3.11/site-packages/airflow/example_dags/tutorial_objectstorage.py for tasks to queue
[2025-12-03T13:42:40.334-0500] {logging_mixin.py:190} INFO - [2025-12-03T13:42:40.334-0500] {dagbag.py:588} INFO - Filling up the DagBag from /Users/minijohn/Dev/nyc_taxi_portfolio/.venv/lib/python3.11/site-packages/airflow/example_dags/tutorial_objectstorage.py
[2025-12-03T13:42:40.351-0500] {processor.py:925} INFO - DAG(s) 'tutorial_objectstorage' retrieved from /Users/minijohn/Dev/nyc_taxi_portfolio/.venv/lib/python3.11/site-packages/airflow/example_dags/tutorial_objectstorage.py
[2025-12-03T13:42:40.394-0500] {logging_mixin.py:190} INFO - [2025-12-03T13:42:40.394-0500] {dag.py:3239} INFO - Sync 1 DAGs
[2025-12-03T13:42:40.399-0500] {logging_mixin.py:190} INFO - [2025-12-03T13:42:40.399-0500] {dag.py:4180} INFO - Setting next_dagrun for tutorial_objectstorage to None, run_after=None
[2025-12-03T13:42:40.408-0500] {processor.py:208} INFO - Processing /Users/minijohn/Dev/nyc_taxi_portfolio/.venv/lib/python3.11/site-packages/airflow/example_dags/tutorial_objectstorage.py took 0.118 seconds
