[2025-12-03T13:05:37.885-0500] {processor.py:186} INFO - Started process (PID=20843) to work on /Users/minijohn/Dev/nyc_taxi_portfolio/.venv/lib/python3.11/site-packages/airflow/example_dags/tutorial.py
[2025-12-03T13:05:37.886-0500] {processor.py:914} INFO - Processing file /Users/minijohn/Dev/nyc_taxi_portfolio/.venv/lib/python3.11/site-packages/airflow/example_dags/tutorial.py for tasks to queue
[2025-12-03T13:05:37.886-0500] {logging_mixin.py:190} INFO - [2025-12-03T13:05:37.886-0500] {dagbag.py:588} INFO - Filling up the DagBag from /Users/minijohn/Dev/nyc_taxi_portfolio/.venv/lib/python3.11/site-packages/airflow/example_dags/tutorial.py
[2025-12-03T13:05:37.890-0500] {processor.py:925} INFO - DAG(s) 'tutorial' retrieved from /Users/minijohn/Dev/nyc_taxi_portfolio/.venv/lib/python3.11/site-packages/airflow/example_dags/tutorial.py
[2025-12-03T13:05:37.973-0500] {logging_mixin.py:190} INFO - [2025-12-03T13:05:37.973-0500] {override.py:1930} INFO - Created Permission View: can edit on DAG:tutorial
[2025-12-03T13:05:37.978-0500] {logging_mixin.py:190} INFO - [2025-12-03T13:05:37.977-0500] {override.py:1930} INFO - Created Permission View: can read on DAG:tutorial
[2025-12-03T13:05:37.981-0500] {logging_mixin.py:190} INFO - [2025-12-03T13:05:37.980-0500] {override.py:1930} INFO - Created Permission View: can delete on DAG:tutorial
[2025-12-03T13:05:37.985-0500] {logging_mixin.py:190} INFO - [2025-12-03T13:05:37.985-0500] {override.py:1930} INFO - Created Permission View: menu access on DAG Run:tutorial
[2025-12-03T13:05:37.988-0500] {logging_mixin.py:190} INFO - [2025-12-03T13:05:37.988-0500] {override.py:1930} INFO - Created Permission View: can read on DAG Run:tutorial
[2025-12-03T13:05:37.991-0500] {logging_mixin.py:190} INFO - [2025-12-03T13:05:37.991-0500] {override.py:1930} INFO - Created Permission View: can create on DAG Run:tutorial
[2025-12-03T13:05:37.994-0500] {logging_mixin.py:190} INFO - [2025-12-03T13:05:37.994-0500] {override.py:1930} INFO - Created Permission View: can delete on DAG Run:tutorial
[2025-12-03T13:05:37.994-0500] {logging_mixin.py:190} INFO - [2025-12-03T13:05:37.994-0500] {dag.py:3239} INFO - Sync 1 DAGs
[2025-12-03T13:05:38.000-0500] {logging_mixin.py:190} INFO - [2025-12-03T13:05:38.000-0500] {dag.py:3262} INFO - Creating ORM DAG for tutorial
[2025-12-03T13:05:38.004-0500] {logging_mixin.py:190} INFO - [2025-12-03T13:05:38.004-0500] {dag.py:4180} INFO - Setting next_dagrun for tutorial to 2025-12-02 00:00:00+00:00, run_after=2025-12-03 00:00:00+00:00
[2025-12-03T13:05:38.015-0500] {processor.py:208} INFO - Processing /Users/minijohn/Dev/nyc_taxi_portfolio/.venv/lib/python3.11/site-packages/airflow/example_dags/tutorial.py took 0.180 seconds
[2025-12-03T13:09:44.102-0500] {processor.py:186} INFO - Started process (PID=21258) to work on /Users/minijohn/Dev/nyc_taxi_portfolio/.venv/lib/python3.11/site-packages/airflow/example_dags/tutorial.py
[2025-12-03T13:09:44.102-0500] {processor.py:914} INFO - Processing file /Users/minijohn/Dev/nyc_taxi_portfolio/.venv/lib/python3.11/site-packages/airflow/example_dags/tutorial.py for tasks to queue
[2025-12-03T13:09:44.103-0500] {logging_mixin.py:190} INFO - [2025-12-03T13:09:44.103-0500] {dagbag.py:588} INFO - Filling up the DagBag from /Users/minijohn/Dev/nyc_taxi_portfolio/.venv/lib/python3.11/site-packages/airflow/example_dags/tutorial.py
[2025-12-03T13:09:44.107-0500] {processor.py:925} INFO - DAG(s) 'tutorial' retrieved from /Users/minijohn/Dev/nyc_taxi_portfolio/.venv/lib/python3.11/site-packages/airflow/example_dags/tutorial.py
[2025-12-03T13:09:44.159-0500] {logging_mixin.py:190} INFO - [2025-12-03T13:09:44.159-0500] {dag.py:3239} INFO - Sync 1 DAGs
[2025-12-03T13:09:44.170-0500] {logging_mixin.py:190} INFO - [2025-12-03T13:09:44.170-0500] {dag.py:4180} INFO - Setting next_dagrun for tutorial to 2025-12-02 00:00:00+00:00, run_after=2025-12-03 00:00:00+00:00
[2025-12-03T13:09:44.181-0500] {processor.py:208} INFO - Processing /Users/minijohn/Dev/nyc_taxi_portfolio/.venv/lib/python3.11/site-packages/airflow/example_dags/tutorial.py took 0.131 seconds
[2025-12-03T13:31:14.752-0500] {processor.py:186} INFO - Started process (PID=4664) to work on /Users/minijohn/Dev/nyc_taxi_portfolio/.venv/lib/python3.11/site-packages/airflow/example_dags/tutorial.py
[2025-12-03T13:31:14.753-0500] {processor.py:914} INFO - Processing file /Users/minijohn/Dev/nyc_taxi_portfolio/.venv/lib/python3.11/site-packages/airflow/example_dags/tutorial.py for tasks to queue
[2025-12-03T13:31:14.754-0500] {logging_mixin.py:190} INFO - [2025-12-03T13:31:14.753-0500] {dagbag.py:588} INFO - Filling up the DagBag from /Users/minijohn/Dev/nyc_taxi_portfolio/.venv/lib/python3.11/site-packages/airflow/example_dags/tutorial.py
[2025-12-03T13:31:14.757-0500] {processor.py:925} INFO - DAG(s) 'tutorial' retrieved from /Users/minijohn/Dev/nyc_taxi_portfolio/.venv/lib/python3.11/site-packages/airflow/example_dags/tutorial.py
[2025-12-03T13:31:14.795-0500] {logging_mixin.py:190} INFO - [2025-12-03T13:31:14.794-0500] {dag.py:3239} INFO - Sync 1 DAGs
[2025-12-03T13:31:14.802-0500] {logging_mixin.py:190} INFO - [2025-12-03T13:31:14.802-0500] {dag.py:4180} INFO - Setting next_dagrun for tutorial to 2025-12-02 00:00:00+00:00, run_after=2025-12-03 00:00:00+00:00
[2025-12-03T13:31:14.809-0500] {processor.py:208} INFO - Processing /Users/minijohn/Dev/nyc_taxi_portfolio/.venv/lib/python3.11/site-packages/airflow/example_dags/tutorial.py took 0.091 seconds
[2025-12-03T13:34:05.875-0500] {processor.py:186} INFO - Started process (PID=4887) to work on /Users/minijohn/Dev/nyc_taxi_portfolio/.venv/lib/python3.11/site-packages/airflow/example_dags/tutorial.py
[2025-12-03T13:34:05.876-0500] {processor.py:914} INFO - Processing file /Users/minijohn/Dev/nyc_taxi_portfolio/.venv/lib/python3.11/site-packages/airflow/example_dags/tutorial.py for tasks to queue
[2025-12-03T13:34:05.877-0500] {logging_mixin.py:190} INFO - [2025-12-03T13:34:05.877-0500] {dagbag.py:588} INFO - Filling up the DagBag from /Users/minijohn/Dev/nyc_taxi_portfolio/.venv/lib/python3.11/site-packages/airflow/example_dags/tutorial.py
[2025-12-03T13:34:05.880-0500] {processor.py:925} INFO - DAG(s) 'tutorial' retrieved from /Users/minijohn/Dev/nyc_taxi_portfolio/.venv/lib/python3.11/site-packages/airflow/example_dags/tutorial.py
[2025-12-03T13:34:05.919-0500] {logging_mixin.py:190} INFO - [2025-12-03T13:34:05.919-0500] {dag.py:3239} INFO - Sync 1 DAGs
[2025-12-03T13:34:05.926-0500] {logging_mixin.py:190} INFO - [2025-12-03T13:34:05.926-0500] {dag.py:4180} INFO - Setting next_dagrun for tutorial to 2025-12-02 00:00:00+00:00, run_after=2025-12-03 00:00:00+00:00
[2025-12-03T13:34:05.934-0500] {processor.py:208} INFO - Processing /Users/minijohn/Dev/nyc_taxi_portfolio/.venv/lib/python3.11/site-packages/airflow/example_dags/tutorial.py took 0.094 seconds
[2025-12-03T13:36:15.661-0500] {processor.py:186} INFO - Started process (PID=5093) to work on /Users/minijohn/Dev/nyc_taxi_portfolio/.venv/lib/python3.11/site-packages/airflow/example_dags/tutorial.py
[2025-12-03T13:36:15.662-0500] {processor.py:914} INFO - Processing file /Users/minijohn/Dev/nyc_taxi_portfolio/.venv/lib/python3.11/site-packages/airflow/example_dags/tutorial.py for tasks to queue
[2025-12-03T13:36:15.663-0500] {logging_mixin.py:190} INFO - [2025-12-03T13:36:15.663-0500] {dagbag.py:588} INFO - Filling up the DagBag from /Users/minijohn/Dev/nyc_taxi_portfolio/.venv/lib/python3.11/site-packages/airflow/example_dags/tutorial.py
[2025-12-03T13:36:15.667-0500] {processor.py:925} INFO - DAG(s) 'tutorial' retrieved from /Users/minijohn/Dev/nyc_taxi_portfolio/.venv/lib/python3.11/site-packages/airflow/example_dags/tutorial.py
[2025-12-03T13:36:15.707-0500] {logging_mixin.py:190} INFO - [2025-12-03T13:36:15.707-0500] {dag.py:3239} INFO - Sync 1 DAGs
[2025-12-03T13:36:15.715-0500] {logging_mixin.py:190} INFO - [2025-12-03T13:36:15.715-0500] {dag.py:4180} INFO - Setting next_dagrun for tutorial to 2025-12-02 00:00:00+00:00, run_after=2025-12-03 00:00:00+00:00
[2025-12-03T13:36:15.722-0500] {processor.py:208} INFO - Processing /Users/minijohn/Dev/nyc_taxi_portfolio/.venv/lib/python3.11/site-packages/airflow/example_dags/tutorial.py took 0.095 seconds
[2025-12-03T13:37:54.201-0500] {processor.py:186} INFO - Started process (PID=5205) to work on /Users/minijohn/Dev/nyc_taxi_portfolio/.venv/lib/python3.11/site-packages/airflow/example_dags/tutorial.py
[2025-12-03T13:37:54.202-0500] {processor.py:914} INFO - Processing file /Users/minijohn/Dev/nyc_taxi_portfolio/.venv/lib/python3.11/site-packages/airflow/example_dags/tutorial.py for tasks to queue
[2025-12-03T13:37:54.203-0500] {logging_mixin.py:190} INFO - [2025-12-03T13:37:54.203-0500] {dagbag.py:588} INFO - Filling up the DagBag from /Users/minijohn/Dev/nyc_taxi_portfolio/.venv/lib/python3.11/site-packages/airflow/example_dags/tutorial.py
[2025-12-03T13:37:54.206-0500] {processor.py:925} INFO - DAG(s) 'tutorial' retrieved from /Users/minijohn/Dev/nyc_taxi_portfolio/.venv/lib/python3.11/site-packages/airflow/example_dags/tutorial.py
[2025-12-03T13:37:54.244-0500] {logging_mixin.py:190} INFO - [2025-12-03T13:37:54.244-0500] {dag.py:3239} INFO - Sync 1 DAGs
[2025-12-03T13:37:54.251-0500] {logging_mixin.py:190} INFO - [2025-12-03T13:37:54.251-0500] {dag.py:4180} INFO - Setting next_dagrun for tutorial to 2025-12-02 00:00:00+00:00, run_after=2025-12-03 00:00:00+00:00
[2025-12-03T13:37:54.258-0500] {processor.py:208} INFO - Processing /Users/minijohn/Dev/nyc_taxi_portfolio/.venv/lib/python3.11/site-packages/airflow/example_dags/tutorial.py took 0.092 seconds
[2025-12-03T13:39:28.625-0500] {processor.py:186} INFO - Started process (PID=5422) to work on /Users/minijohn/Dev/nyc_taxi_portfolio/.venv/lib/python3.11/site-packages/airflow/example_dags/tutorial.py
[2025-12-03T13:39:28.626-0500] {processor.py:914} INFO - Processing file /Users/minijohn/Dev/nyc_taxi_portfolio/.venv/lib/python3.11/site-packages/airflow/example_dags/tutorial.py for tasks to queue
[2025-12-03T13:39:28.627-0500] {logging_mixin.py:190} INFO - [2025-12-03T13:39:28.627-0500] {dagbag.py:588} INFO - Filling up the DagBag from /Users/minijohn/Dev/nyc_taxi_portfolio/.venv/lib/python3.11/site-packages/airflow/example_dags/tutorial.py
[2025-12-03T13:39:28.630-0500] {processor.py:925} INFO - DAG(s) 'tutorial' retrieved from /Users/minijohn/Dev/nyc_taxi_portfolio/.venv/lib/python3.11/site-packages/airflow/example_dags/tutorial.py
[2025-12-03T13:39:28.668-0500] {logging_mixin.py:190} INFO - [2025-12-03T13:39:28.668-0500] {dag.py:3239} INFO - Sync 1 DAGs
[2025-12-03T13:39:28.675-0500] {logging_mixin.py:190} INFO - [2025-12-03T13:39:28.675-0500] {dag.py:4180} INFO - Setting next_dagrun for tutorial to 2025-12-02 00:00:00+00:00, run_after=2025-12-03 00:00:00+00:00
[2025-12-03T13:39:28.682-0500] {processor.py:208} INFO - Processing /Users/minijohn/Dev/nyc_taxi_portfolio/.venv/lib/python3.11/site-packages/airflow/example_dags/tutorial.py took 0.093 seconds
[2025-12-03T13:41:02.302-0500] {processor.py:186} INFO - Started process (PID=5617) to work on /Users/minijohn/Dev/nyc_taxi_portfolio/.venv/lib/python3.11/site-packages/airflow/example_dags/tutorial.py
[2025-12-03T13:41:02.303-0500] {processor.py:914} INFO - Processing file /Users/minijohn/Dev/nyc_taxi_portfolio/.venv/lib/python3.11/site-packages/airflow/example_dags/tutorial.py for tasks to queue
[2025-12-03T13:41:02.304-0500] {logging_mixin.py:190} INFO - [2025-12-03T13:41:02.304-0500] {dagbag.py:588} INFO - Filling up the DagBag from /Users/minijohn/Dev/nyc_taxi_portfolio/.venv/lib/python3.11/site-packages/airflow/example_dags/tutorial.py
[2025-12-03T13:41:02.308-0500] {processor.py:925} INFO - DAG(s) 'tutorial' retrieved from /Users/minijohn/Dev/nyc_taxi_portfolio/.venv/lib/python3.11/site-packages/airflow/example_dags/tutorial.py
[2025-12-03T13:41:02.351-0500] {logging_mixin.py:190} INFO - [2025-12-03T13:41:02.351-0500] {dag.py:3239} INFO - Sync 1 DAGs
[2025-12-03T13:41:02.360-0500] {logging_mixin.py:190} INFO - [2025-12-03T13:41:02.360-0500] {dag.py:4180} INFO - Setting next_dagrun for tutorial to 2025-12-02 00:00:00+00:00, run_after=2025-12-03 00:00:00+00:00
[2025-12-03T13:41:02.368-0500] {processor.py:208} INFO - Processing /Users/minijohn/Dev/nyc_taxi_portfolio/.venv/lib/python3.11/site-packages/airflow/example_dags/tutorial.py took 0.107 seconds
[2025-12-03T13:42:45.660-0500] {processor.py:186} INFO - Started process (PID=6562) to work on /Users/minijohn/Dev/nyc_taxi_portfolio/.venv/lib/python3.11/site-packages/airflow/example_dags/tutorial.py
[2025-12-03T13:42:45.661-0500] {processor.py:914} INFO - Processing file /Users/minijohn/Dev/nyc_taxi_portfolio/.venv/lib/python3.11/site-packages/airflow/example_dags/tutorial.py for tasks to queue
[2025-12-03T13:42:45.661-0500] {logging_mixin.py:190} INFO - [2025-12-03T13:42:45.661-0500] {dagbag.py:588} INFO - Filling up the DagBag from /Users/minijohn/Dev/nyc_taxi_portfolio/.venv/lib/python3.11/site-packages/airflow/example_dags/tutorial.py
[2025-12-03T13:42:45.665-0500] {processor.py:925} INFO - DAG(s) 'tutorial' retrieved from /Users/minijohn/Dev/nyc_taxi_portfolio/.venv/lib/python3.11/site-packages/airflow/example_dags/tutorial.py
[2025-12-03T13:42:45.707-0500] {logging_mixin.py:190} INFO - [2025-12-03T13:42:45.707-0500] {dag.py:3239} INFO - Sync 1 DAGs
[2025-12-03T13:42:45.716-0500] {logging_mixin.py:190} INFO - [2025-12-03T13:42:45.716-0500] {dag.py:4180} INFO - Setting next_dagrun for tutorial to 2025-12-02 00:00:00+00:00, run_after=2025-12-03 00:00:00+00:00
[2025-12-03T13:42:45.725-0500] {processor.py:208} INFO - Processing /Users/minijohn/Dev/nyc_taxi_portfolio/.venv/lib/python3.11/site-packages/airflow/example_dags/tutorial.py took 0.106 seconds
