[2025-12-03T13:05:16.080-0500] {processor.py:186} INFO - Started process (PID=20813) to work on /Users/minijohn/Dev/nyc_taxi_portfolio/.venv/lib/python3.11/site-packages/airflow/example_dags/plugins/decreasing_priority_weight_strategy.py
[2025-12-03T13:05:16.081-0500] {processor.py:914} INFO - Processing file /Users/minijohn/Dev/nyc_taxi_portfolio/.venv/lib/python3.11/site-packages/airflow/example_dags/plugins/decreasing_priority_weight_strategy.py for tasks to queue
[2025-12-03T13:05:16.081-0500] {logging_mixin.py:190} INFO - [2025-12-03T13:05:16.081-0500] {dagbag.py:588} INFO - Filling up the DagBag from /Users/minijohn/Dev/nyc_taxi_portfolio/.venv/lib/python3.11/site-packages/airflow/example_dags/plugins/decreasing_priority_weight_strategy.py
[2025-12-03T13:05:16.082-0500] {processor.py:927} WARNING - No viable dags retrieved from /Users/minijohn/Dev/nyc_taxi_portfolio/.venv/lib/python3.11/site-packages/airflow/example_dags/plugins/decreasing_priority_weight_strategy.py
[2025-12-03T13:05:16.117-0500] {processor.py:208} INFO - Processing /Users/minijohn/Dev/nyc_taxi_portfolio/.venv/lib/python3.11/site-packages/airflow/example_dags/plugins/decreasing_priority_weight_strategy.py took 0.076 seconds
[2025-12-03T13:09:23.997-0500] {processor.py:186} INFO - Started process (PID=21218) to work on /Users/minijohn/Dev/nyc_taxi_portfolio/.venv/lib/python3.11/site-packages/airflow/example_dags/plugins/decreasing_priority_weight_strategy.py
[2025-12-03T13:09:23.997-0500] {processor.py:914} INFO - Processing file /Users/minijohn/Dev/nyc_taxi_portfolio/.venv/lib/python3.11/site-packages/airflow/example_dags/plugins/decreasing_priority_weight_strategy.py for tasks to queue
[2025-12-03T13:09:23.998-0500] {logging_mixin.py:190} INFO - [2025-12-03T13:09:23.998-0500] {dagbag.py:588} INFO - Filling up the DagBag from /Users/minijohn/Dev/nyc_taxi_portfolio/.venv/lib/python3.11/site-packages/airflow/example_dags/plugins/decreasing_priority_weight_strategy.py
[2025-12-03T13:09:23.999-0500] {processor.py:927} WARNING - No viable dags retrieved from /Users/minijohn/Dev/nyc_taxi_portfolio/.venv/lib/python3.11/site-packages/airflow/example_dags/plugins/decreasing_priority_weight_strategy.py
[2025-12-03T13:09:24.038-0500] {processor.py:208} INFO - Processing /Users/minijohn/Dev/nyc_taxi_portfolio/.venv/lib/python3.11/site-packages/airflow/example_dags/plugins/decreasing_priority_weight_strategy.py took 0.092 seconds
[2025-12-03T13:31:02.438-0500] {processor.py:186} INFO - Started process (PID=4643) to work on /Users/minijohn/Dev/nyc_taxi_portfolio/.venv/lib/python3.11/site-packages/airflow/example_dags/plugins/decreasing_priority_weight_strategy.py
[2025-12-03T13:31:02.440-0500] {processor.py:914} INFO - Processing file /Users/minijohn/Dev/nyc_taxi_portfolio/.venv/lib/python3.11/site-packages/airflow/example_dags/plugins/decreasing_priority_weight_strategy.py for tasks to queue
[2025-12-03T13:31:02.440-0500] {logging_mixin.py:190} INFO - [2025-12-03T13:31:02.440-0500] {dagbag.py:588} INFO - Filling up the DagBag from /Users/minijohn/Dev/nyc_taxi_portfolio/.venv/lib/python3.11/site-packages/airflow/example_dags/plugins/decreasing_priority_weight_strategy.py
[2025-12-03T13:31:02.441-0500] {processor.py:927} WARNING - No viable dags retrieved from /Users/minijohn/Dev/nyc_taxi_portfolio/.venv/lib/python3.11/site-packages/airflow/example_dags/plugins/decreasing_priority_weight_strategy.py
[2025-12-03T13:31:02.476-0500] {processor.py:208} INFO - Processing /Users/minijohn/Dev/nyc_taxi_portfolio/.venv/lib/python3.11/site-packages/airflow/example_dags/plugins/decreasing_priority_weight_strategy.py took 0.075 seconds
[2025-12-03T13:33:52.537-0500] {processor.py:186} INFO - Started process (PID=4873) to work on /Users/minijohn/Dev/nyc_taxi_portfolio/.venv/lib/python3.11/site-packages/airflow/example_dags/plugins/decreasing_priority_weight_strategy.py
[2025-12-03T13:33:52.539-0500] {processor.py:914} INFO - Processing file /Users/minijohn/Dev/nyc_taxi_portfolio/.venv/lib/python3.11/site-packages/airflow/example_dags/plugins/decreasing_priority_weight_strategy.py for tasks to queue
[2025-12-03T13:33:52.539-0500] {logging_mixin.py:190} INFO - [2025-12-03T13:33:52.539-0500] {dagbag.py:588} INFO - Filling up the DagBag from /Users/minijohn/Dev/nyc_taxi_portfolio/.venv/lib/python3.11/site-packages/airflow/example_dags/plugins/decreasing_priority_weight_strategy.py
[2025-12-03T13:33:52.540-0500] {processor.py:927} WARNING - No viable dags retrieved from /Users/minijohn/Dev/nyc_taxi_portfolio/.venv/lib/python3.11/site-packages/airflow/example_dags/plugins/decreasing_priority_weight_strategy.py
[2025-12-03T13:33:52.573-0500] {processor.py:208} INFO - Processing /Users/minijohn/Dev/nyc_taxi_portfolio/.venv/lib/python3.11/site-packages/airflow/example_dags/plugins/decreasing_priority_weight_strategy.py took 0.071 seconds
[2025-12-03T13:36:02.850-0500] {processor.py:186} INFO - Started process (PID=5052) to work on /Users/minijohn/Dev/nyc_taxi_portfolio/.venv/lib/python3.11/site-packages/airflow/example_dags/plugins/decreasing_priority_weight_strategy.py
[2025-12-03T13:36:02.851-0500] {processor.py:914} INFO - Processing file /Users/minijohn/Dev/nyc_taxi_portfolio/.venv/lib/python3.11/site-packages/airflow/example_dags/plugins/decreasing_priority_weight_strategy.py for tasks to queue
[2025-12-03T13:36:02.851-0500] {logging_mixin.py:190} INFO - [2025-12-03T13:36:02.851-0500] {dagbag.py:588} INFO - Filling up the DagBag from /Users/minijohn/Dev/nyc_taxi_portfolio/.venv/lib/python3.11/site-packages/airflow/example_dags/plugins/decreasing_priority_weight_strategy.py
[2025-12-03T13:36:02.852-0500] {processor.py:927} WARNING - No viable dags retrieved from /Users/minijohn/Dev/nyc_taxi_portfolio/.venv/lib/python3.11/site-packages/airflow/example_dags/plugins/decreasing_priority_weight_strategy.py
[2025-12-03T13:36:02.886-0500] {processor.py:208} INFO - Processing /Users/minijohn/Dev/nyc_taxi_portfolio/.venv/lib/python3.11/site-packages/airflow/example_dags/plugins/decreasing_priority_weight_strategy.py took 0.074 seconds
[2025-12-03T13:37:41.726-0500] {processor.py:186} INFO - Started process (PID=5188) to work on /Users/minijohn/Dev/nyc_taxi_portfolio/.venv/lib/python3.11/site-packages/airflow/example_dags/plugins/decreasing_priority_weight_strategy.py
[2025-12-03T13:37:41.727-0500] {processor.py:914} INFO - Processing file /Users/minijohn/Dev/nyc_taxi_portfolio/.venv/lib/python3.11/site-packages/airflow/example_dags/plugins/decreasing_priority_weight_strategy.py for tasks to queue
[2025-12-03T13:37:41.727-0500] {logging_mixin.py:190} INFO - [2025-12-03T13:37:41.727-0500] {dagbag.py:588} INFO - Filling up the DagBag from /Users/minijohn/Dev/nyc_taxi_portfolio/.venv/lib/python3.11/site-packages/airflow/example_dags/plugins/decreasing_priority_weight_strategy.py
[2025-12-03T13:37:41.728-0500] {processor.py:927} WARNING - No viable dags retrieved from /Users/minijohn/Dev/nyc_taxi_portfolio/.venv/lib/python3.11/site-packages/airflow/example_dags/plugins/decreasing_priority_weight_strategy.py
[2025-12-03T13:37:41.761-0500] {processor.py:208} INFO - Processing /Users/minijohn/Dev/nyc_taxi_portfolio/.venv/lib/python3.11/site-packages/airflow/example_dags/plugins/decreasing_priority_weight_strategy.py took 0.070 seconds
[2025-12-03T13:39:15.587-0500] {processor.py:186} INFO - Started process (PID=5402) to work on /Users/minijohn/Dev/nyc_taxi_portfolio/.venv/lib/python3.11/site-packages/airflow/example_dags/plugins/decreasing_priority_weight_strategy.py
[2025-12-03T13:39:15.589-0500] {processor.py:914} INFO - Processing file /Users/minijohn/Dev/nyc_taxi_portfolio/.venv/lib/python3.11/site-packages/airflow/example_dags/plugins/decreasing_priority_weight_strategy.py for tasks to queue
[2025-12-03T13:39:15.589-0500] {logging_mixin.py:190} INFO - [2025-12-03T13:39:15.589-0500] {dagbag.py:588} INFO - Filling up the DagBag from /Users/minijohn/Dev/nyc_taxi_portfolio/.venv/lib/python3.11/site-packages/airflow/example_dags/plugins/decreasing_priority_weight_strategy.py
[2025-12-03T13:39:15.590-0500] {processor.py:927} WARNING - No viable dags retrieved from /Users/minijohn/Dev/nyc_taxi_portfolio/.venv/lib/python3.11/site-packages/airflow/example_dags/plugins/decreasing_priority_weight_strategy.py
[2025-12-03T13:39:15.623-0500] {processor.py:208} INFO - Processing /Users/minijohn/Dev/nyc_taxi_portfolio/.venv/lib/python3.11/site-packages/airflow/example_dags/plugins/decreasing_priority_weight_strategy.py took 0.072 seconds
[2025-12-03T13:40:49.910-0500] {processor.py:186} INFO - Started process (PID=5584) to work on /Users/minijohn/Dev/nyc_taxi_portfolio/.venv/lib/python3.11/site-packages/airflow/example_dags/plugins/decreasing_priority_weight_strategy.py
[2025-12-03T13:40:49.911-0500] {processor.py:914} INFO - Processing file /Users/minijohn/Dev/nyc_taxi_portfolio/.venv/lib/python3.11/site-packages/airflow/example_dags/plugins/decreasing_priority_weight_strategy.py for tasks to queue
[2025-12-03T13:40:49.912-0500] {logging_mixin.py:190} INFO - [2025-12-03T13:40:49.912-0500] {dagbag.py:588} INFO - Filling up the DagBag from /Users/minijohn/Dev/nyc_taxi_portfolio/.venv/lib/python3.11/site-packages/airflow/example_dags/plugins/decreasing_priority_weight_strategy.py
[2025-12-03T13:40:49.912-0500] {processor.py:927} WARNING - No viable dags retrieved from /Users/minijohn/Dev/nyc_taxi_portfolio/.venv/lib/python3.11/site-packages/airflow/example_dags/plugins/decreasing_priority_weight_strategy.py
[2025-12-03T13:40:49.947-0500] {processor.py:208} INFO - Processing /Users/minijohn/Dev/nyc_taxi_portfolio/.venv/lib/python3.11/site-packages/airflow/example_dags/plugins/decreasing_priority_weight_strategy.py took 0.074 seconds
[2025-12-03T13:42:29.598-0500] {processor.py:186} INFO - Started process (PID=6517) to work on /Users/minijohn/Dev/nyc_taxi_portfolio/.venv/lib/python3.11/site-packages/airflow/example_dags/plugins/decreasing_priority_weight_strategy.py
[2025-12-03T13:42:29.599-0500] {processor.py:914} INFO - Processing file /Users/minijohn/Dev/nyc_taxi_portfolio/.venv/lib/python3.11/site-packages/airflow/example_dags/plugins/decreasing_priority_weight_strategy.py for tasks to queue
[2025-12-03T13:42:29.599-0500] {logging_mixin.py:190} INFO - [2025-12-03T13:42:29.599-0500] {dagbag.py:588} INFO - Filling up the DagBag from /Users/minijohn/Dev/nyc_taxi_portfolio/.venv/lib/python3.11/site-packages/airflow/example_dags/plugins/decreasing_priority_weight_strategy.py
[2025-12-03T13:42:29.600-0500] {processor.py:927} WARNING - No viable dags retrieved from /Users/minijohn/Dev/nyc_taxi_portfolio/.venv/lib/python3.11/site-packages/airflow/example_dags/plugins/decreasing_priority_weight_strategy.py
[2025-12-03T13:42:29.636-0500] {processor.py:208} INFO - Processing /Users/minijohn/Dev/nyc_taxi_portfolio/.venv/lib/python3.11/site-packages/airflow/example_dags/plugins/decreasing_priority_weight_strategy.py took 0.078 seconds
