[2025-12-03T13:05:09.155-0500] {processor.py:186} INFO - Started process (PID=20803) to work on /Users/minijohn/Dev/nyc_taxi_portfolio/.venv/lib/python3.11/site-packages/airflow/example_dags/plugins/listener_plugin.py
[2025-12-03T13:05:09.156-0500] {processor.py:914} INFO - Processing file /Users/minijohn/Dev/nyc_taxi_portfolio/.venv/lib/python3.11/site-packages/airflow/example_dags/plugins/listener_plugin.py for tasks to queue
[2025-12-03T13:05:09.156-0500] {logging_mixin.py:190} INFO - [2025-12-03T13:05:09.156-0500] {dagbag.py:588} INFO - Filling up the DagBag from /Users/minijohn/Dev/nyc_taxi_portfolio/.venv/lib/python3.11/site-packages/airflow/example_dags/plugins/listener_plugin.py
[2025-12-03T13:05:09.157-0500] {processor.py:927} WARNING - No viable dags retrieved from /Users/minijohn/Dev/nyc_taxi_portfolio/.venv/lib/python3.11/site-packages/airflow/example_dags/plugins/listener_plugin.py
[2025-12-03T13:05:09.200-0500] {processor.py:208} INFO - Processing /Users/minijohn/Dev/nyc_taxi_portfolio/.venv/lib/python3.11/site-packages/airflow/example_dags/plugins/listener_plugin.py took 0.091 seconds
[2025-12-03T13:09:15.767-0500] {processor.py:186} INFO - Started process (PID=21209) to work on /Users/minijohn/Dev/nyc_taxi_portfolio/.venv/lib/python3.11/site-packages/airflow/example_dags/plugins/listener_plugin.py
[2025-12-03T13:09:15.768-0500] {processor.py:914} INFO - Processing file /Users/minijohn/Dev/nyc_taxi_portfolio/.venv/lib/python3.11/site-packages/airflow/example_dags/plugins/listener_plugin.py for tasks to queue
[2025-12-03T13:09:15.769-0500] {logging_mixin.py:190} INFO - [2025-12-03T13:09:15.769-0500] {dagbag.py:588} INFO - Filling up the DagBag from /Users/minijohn/Dev/nyc_taxi_portfolio/.venv/lib/python3.11/site-packages/airflow/example_dags/plugins/listener_plugin.py
[2025-12-03T13:09:15.771-0500] {processor.py:927} WARNING - No viable dags retrieved from /Users/minijohn/Dev/nyc_taxi_portfolio/.venv/lib/python3.11/site-packages/airflow/example_dags/plugins/listener_plugin.py
[2025-12-03T13:09:15.843-0500] {processor.py:208} INFO - Processing /Users/minijohn/Dev/nyc_taxi_portfolio/.venv/lib/python3.11/site-packages/airflow/example_dags/plugins/listener_plugin.py took 0.151 seconds
[2025-12-03T13:30:58.468-0500] {processor.py:186} INFO - Started process (PID=4639) to work on /Users/minijohn/Dev/nyc_taxi_portfolio/.venv/lib/python3.11/site-packages/airflow/example_dags/plugins/listener_plugin.py
[2025-12-03T13:30:58.469-0500] {processor.py:914} INFO - Processing file /Users/minijohn/Dev/nyc_taxi_portfolio/.venv/lib/python3.11/site-packages/airflow/example_dags/plugins/listener_plugin.py for tasks to queue
[2025-12-03T13:30:58.469-0500] {logging_mixin.py:190} INFO - [2025-12-03T13:30:58.469-0500] {dagbag.py:588} INFO - Filling up the DagBag from /Users/minijohn/Dev/nyc_taxi_portfolio/.venv/lib/python3.11/site-packages/airflow/example_dags/plugins/listener_plugin.py
[2025-12-03T13:30:58.470-0500] {processor.py:927} WARNING - No viable dags retrieved from /Users/minijohn/Dev/nyc_taxi_portfolio/.venv/lib/python3.11/site-packages/airflow/example_dags/plugins/listener_plugin.py
[2025-12-03T13:30:58.505-0500] {processor.py:208} INFO - Processing /Users/minijohn/Dev/nyc_taxi_portfolio/.venv/lib/python3.11/site-packages/airflow/example_dags/plugins/listener_plugin.py took 0.075 seconds
[2025-12-03T13:33:48.951-0500] {processor.py:186} INFO - Started process (PID=4867) to work on /Users/minijohn/Dev/nyc_taxi_portfolio/.venv/lib/python3.11/site-packages/airflow/example_dags/plugins/listener_plugin.py
[2025-12-03T13:33:48.952-0500] {processor.py:914} INFO - Processing file /Users/minijohn/Dev/nyc_taxi_portfolio/.venv/lib/python3.11/site-packages/airflow/example_dags/plugins/listener_plugin.py for tasks to queue
[2025-12-03T13:33:48.952-0500] {logging_mixin.py:190} INFO - [2025-12-03T13:33:48.952-0500] {dagbag.py:588} INFO - Filling up the DagBag from /Users/minijohn/Dev/nyc_taxi_portfolio/.venv/lib/python3.11/site-packages/airflow/example_dags/plugins/listener_plugin.py
[2025-12-03T13:33:48.953-0500] {processor.py:927} WARNING - No viable dags retrieved from /Users/minijohn/Dev/nyc_taxi_portfolio/.venv/lib/python3.11/site-packages/airflow/example_dags/plugins/listener_plugin.py
[2025-12-03T13:33:48.988-0500] {processor.py:208} INFO - Processing /Users/minijohn/Dev/nyc_taxi_portfolio/.venv/lib/python3.11/site-packages/airflow/example_dags/plugins/listener_plugin.py took 0.073 seconds
[2025-12-03T13:35:58.544-0500] {processor.py:186} INFO - Started process (PID=5048) to work on /Users/minijohn/Dev/nyc_taxi_portfolio/.venv/lib/python3.11/site-packages/airflow/example_dags/plugins/listener_plugin.py
[2025-12-03T13:35:58.545-0500] {processor.py:914} INFO - Processing file /Users/minijohn/Dev/nyc_taxi_portfolio/.venv/lib/python3.11/site-packages/airflow/example_dags/plugins/listener_plugin.py for tasks to queue
[2025-12-03T13:35:58.546-0500] {logging_mixin.py:190} INFO - [2025-12-03T13:35:58.545-0500] {dagbag.py:588} INFO - Filling up the DagBag from /Users/minijohn/Dev/nyc_taxi_portfolio/.venv/lib/python3.11/site-packages/airflow/example_dags/plugins/listener_plugin.py
[2025-12-03T13:35:58.547-0500] {processor.py:927} WARNING - No viable dags retrieved from /Users/minijohn/Dev/nyc_taxi_portfolio/.venv/lib/python3.11/site-packages/airflow/example_dags/plugins/listener_plugin.py
[2025-12-03T13:35:58.582-0500] {processor.py:208} INFO - Processing /Users/minijohn/Dev/nyc_taxi_portfolio/.venv/lib/python3.11/site-packages/airflow/example_dags/plugins/listener_plugin.py took 0.075 seconds
[2025-12-03T13:37:37.848-0500] {processor.py:186} INFO - Started process (PID=5183) to work on /Users/minijohn/Dev/nyc_taxi_portfolio/.venv/lib/python3.11/site-packages/airflow/example_dags/plugins/listener_plugin.py
[2025-12-03T13:37:37.849-0500] {processor.py:914} INFO - Processing file /Users/minijohn/Dev/nyc_taxi_portfolio/.venv/lib/python3.11/site-packages/airflow/example_dags/plugins/listener_plugin.py for tasks to queue
[2025-12-03T13:37:37.849-0500] {logging_mixin.py:190} INFO - [2025-12-03T13:37:37.849-0500] {dagbag.py:588} INFO - Filling up the DagBag from /Users/minijohn/Dev/nyc_taxi_portfolio/.venv/lib/python3.11/site-packages/airflow/example_dags/plugins/listener_plugin.py
[2025-12-03T13:37:37.850-0500] {processor.py:927} WARNING - No viable dags retrieved from /Users/minijohn/Dev/nyc_taxi_portfolio/.venv/lib/python3.11/site-packages/airflow/example_dags/plugins/listener_plugin.py
[2025-12-03T13:37:37.885-0500] {processor.py:208} INFO - Processing /Users/minijohn/Dev/nyc_taxi_portfolio/.venv/lib/python3.11/site-packages/airflow/example_dags/plugins/listener_plugin.py took 0.074 seconds
[2025-12-03T13:39:11.674-0500] {processor.py:186} INFO - Started process (PID=5394) to work on /Users/minijohn/Dev/nyc_taxi_portfolio/.venv/lib/python3.11/site-packages/airflow/example_dags/plugins/listener_plugin.py
[2025-12-03T13:39:11.675-0500] {processor.py:914} INFO - Processing file /Users/minijohn/Dev/nyc_taxi_portfolio/.venv/lib/python3.11/site-packages/airflow/example_dags/plugins/listener_plugin.py for tasks to queue
[2025-12-03T13:39:11.675-0500] {logging_mixin.py:190} INFO - [2025-12-03T13:39:11.675-0500] {dagbag.py:588} INFO - Filling up the DagBag from /Users/minijohn/Dev/nyc_taxi_portfolio/.venv/lib/python3.11/site-packages/airflow/example_dags/plugins/listener_plugin.py
[2025-12-03T13:39:11.677-0500] {processor.py:927} WARNING - No viable dags retrieved from /Users/minijohn/Dev/nyc_taxi_portfolio/.venv/lib/python3.11/site-packages/airflow/example_dags/plugins/listener_plugin.py
[2025-12-03T13:39:11.711-0500] {processor.py:208} INFO - Processing /Users/minijohn/Dev/nyc_taxi_portfolio/.venv/lib/python3.11/site-packages/airflow/example_dags/plugins/listener_plugin.py took 0.075 seconds
[2025-12-03T13:40:46.217-0500] {processor.py:186} INFO - Started process (PID=5579) to work on /Users/minijohn/Dev/nyc_taxi_portfolio/.venv/lib/python3.11/site-packages/airflow/example_dags/plugins/listener_plugin.py
[2025-12-03T13:40:46.218-0500] {processor.py:914} INFO - Processing file /Users/minijohn/Dev/nyc_taxi_portfolio/.venv/lib/python3.11/site-packages/airflow/example_dags/plugins/listener_plugin.py for tasks to queue
[2025-12-03T13:40:46.219-0500] {logging_mixin.py:190} INFO - [2025-12-03T13:40:46.219-0500] {dagbag.py:588} INFO - Filling up the DagBag from /Users/minijohn/Dev/nyc_taxi_portfolio/.venv/lib/python3.11/site-packages/airflow/example_dags/plugins/listener_plugin.py
[2025-12-03T13:40:46.220-0500] {processor.py:927} WARNING - No viable dags retrieved from /Users/minijohn/Dev/nyc_taxi_portfolio/.venv/lib/python3.11/site-packages/airflow/example_dags/plugins/listener_plugin.py
[2025-12-03T13:40:46.257-0500] {processor.py:208} INFO - Processing /Users/minijohn/Dev/nyc_taxi_portfolio/.venv/lib/python3.11/site-packages/airflow/example_dags/plugins/listener_plugin.py took 0.076 seconds
[2025-12-03T13:42:24.446-0500] {processor.py:186} INFO - Started process (PID=6494) to work on /Users/minijohn/Dev/nyc_taxi_portfolio/.venv/lib/python3.11/site-packages/airflow/example_dags/plugins/listener_plugin.py
[2025-12-03T13:42:24.447-0500] {processor.py:914} INFO - Processing file /Users/minijohn/Dev/nyc_taxi_portfolio/.venv/lib/python3.11/site-packages/airflow/example_dags/plugins/listener_plugin.py for tasks to queue
[2025-12-03T13:42:24.447-0500] {logging_mixin.py:190} INFO - [2025-12-03T13:42:24.447-0500] {dagbag.py:588} INFO - Filling up the DagBag from /Users/minijohn/Dev/nyc_taxi_portfolio/.venv/lib/python3.11/site-packages/airflow/example_dags/plugins/listener_plugin.py
[2025-12-03T13:42:24.448-0500] {processor.py:927} WARNING - No viable dags retrieved from /Users/minijohn/Dev/nyc_taxi_portfolio/.venv/lib/python3.11/site-packages/airflow/example_dags/plugins/listener_plugin.py
[2025-12-03T13:42:24.485-0500] {processor.py:208} INFO - Processing /Users/minijohn/Dev/nyc_taxi_portfolio/.venv/lib/python3.11/site-packages/airflow/example_dags/plugins/listener_plugin.py took 0.078 seconds
