[2025-12-03T13:05:06.209-0500] {processor.py:186} INFO - Started process (PID=20796) to work on /Users/minijohn/Dev/nyc_taxi_portfolio/.venv/lib/python3.11/site-packages/airflow/example_dags/plugins/workday.py
[2025-12-03T13:05:06.209-0500] {processor.py:914} INFO - Processing file /Users/minijohn/Dev/nyc_taxi_portfolio/.venv/lib/python3.11/site-packages/airflow/example_dags/plugins/workday.py for tasks to queue
[2025-12-03T13:05:06.210-0500] {logging_mixin.py:190} INFO - [2025-12-03T13:05:06.210-0500] {dagbag.py:588} INFO - Filling up the DagBag from /Users/minijohn/Dev/nyc_taxi_portfolio/.venv/lib/python3.11/site-packages/airflow/example_dags/plugins/workday.py
[2025-12-03T13:05:06.584-0500] {processor.py:927} WARNING - No viable dags retrieved from /Users/minijohn/Dev/nyc_taxi_portfolio/.venv/lib/python3.11/site-packages/airflow/example_dags/plugins/workday.py
[2025-12-03T13:05:06.668-0500] {processor.py:208} INFO - Processing /Users/minijohn/Dev/nyc_taxi_portfolio/.venv/lib/python3.11/site-packages/airflow/example_dags/plugins/workday.py took 0.502 seconds
[2025-12-03T13:09:12.032-0500] {processor.py:186} INFO - Started process (PID=21202) to work on /Users/minijohn/Dev/nyc_taxi_portfolio/.venv/lib/python3.11/site-packages/airflow/example_dags/plugins/workday.py
[2025-12-03T13:09:12.033-0500] {processor.py:914} INFO - Processing file /Users/minijohn/Dev/nyc_taxi_portfolio/.venv/lib/python3.11/site-packages/airflow/example_dags/plugins/workday.py for tasks to queue
[2025-12-03T13:09:12.034-0500] {logging_mixin.py:190} INFO - [2025-12-03T13:09:12.034-0500] {dagbag.py:588} INFO - Filling up the DagBag from /Users/minijohn/Dev/nyc_taxi_portfolio/.venv/lib/python3.11/site-packages/airflow/example_dags/plugins/workday.py
[2025-12-03T13:09:12.558-0500] {processor.py:927} WARNING - No viable dags retrieved from /Users/minijohn/Dev/nyc_taxi_portfolio/.venv/lib/python3.11/site-packages/airflow/example_dags/plugins/workday.py
[2025-12-03T13:09:12.685-0500] {processor.py:208} INFO - Processing /Users/minijohn/Dev/nyc_taxi_portfolio/.venv/lib/python3.11/site-packages/airflow/example_dags/plugins/workday.py took 0.707 seconds
[2025-12-03T13:30:55.927-0500] {processor.py:186} INFO - Started process (PID=4637) to work on /Users/minijohn/Dev/nyc_taxi_portfolio/.venv/lib/python3.11/site-packages/airflow/example_dags/plugins/workday.py
[2025-12-03T13:30:55.929-0500] {processor.py:914} INFO - Processing file /Users/minijohn/Dev/nyc_taxi_portfolio/.venv/lib/python3.11/site-packages/airflow/example_dags/plugins/workday.py for tasks to queue
[2025-12-03T13:30:55.929-0500] {logging_mixin.py:190} INFO - [2025-12-03T13:30:55.929-0500] {dagbag.py:588} INFO - Filling up the DagBag from /Users/minijohn/Dev/nyc_taxi_portfolio/.venv/lib/python3.11/site-packages/airflow/example_dags/plugins/workday.py
[2025-12-03T13:30:56.187-0500] {processor.py:927} WARNING - No viable dags retrieved from /Users/minijohn/Dev/nyc_taxi_portfolio/.venv/lib/python3.11/site-packages/airflow/example_dags/plugins/workday.py
[2025-12-03T13:30:56.265-0500] {processor.py:208} INFO - Processing /Users/minijohn/Dev/nyc_taxi_portfolio/.venv/lib/python3.11/site-packages/airflow/example_dags/plugins/workday.py took 0.373 seconds
[2025-12-03T13:33:45.946-0500] {processor.py:186} INFO - Started process (PID=4860) to work on /Users/minijohn/Dev/nyc_taxi_portfolio/.venv/lib/python3.11/site-packages/airflow/example_dags/plugins/workday.py
[2025-12-03T13:33:45.947-0500] {processor.py:914} INFO - Processing file /Users/minijohn/Dev/nyc_taxi_portfolio/.venv/lib/python3.11/site-packages/airflow/example_dags/plugins/workday.py for tasks to queue
[2025-12-03T13:33:45.948-0500] {logging_mixin.py:190} INFO - [2025-12-03T13:33:45.948-0500] {dagbag.py:588} INFO - Filling up the DagBag from /Users/minijohn/Dev/nyc_taxi_portfolio/.venv/lib/python3.11/site-packages/airflow/example_dags/plugins/workday.py
[2025-12-03T13:33:46.210-0500] {processor.py:927} WARNING - No viable dags retrieved from /Users/minijohn/Dev/nyc_taxi_portfolio/.venv/lib/python3.11/site-packages/airflow/example_dags/plugins/workday.py
[2025-12-03T13:33:46.287-0500] {processor.py:208} INFO - Processing /Users/minijohn/Dev/nyc_taxi_portfolio/.venv/lib/python3.11/site-packages/airflow/example_dags/plugins/workday.py took 0.377 seconds
[2025-12-03T13:35:56.026-0500] {processor.py:186} INFO - Started process (PID=5046) to work on /Users/minijohn/Dev/nyc_taxi_portfolio/.venv/lib/python3.11/site-packages/airflow/example_dags/plugins/workday.py
[2025-12-03T13:35:56.027-0500] {processor.py:914} INFO - Processing file /Users/minijohn/Dev/nyc_taxi_portfolio/.venv/lib/python3.11/site-packages/airflow/example_dags/plugins/workday.py for tasks to queue
[2025-12-03T13:35:56.027-0500] {logging_mixin.py:190} INFO - [2025-12-03T13:35:56.027-0500] {dagbag.py:588} INFO - Filling up the DagBag from /Users/minijohn/Dev/nyc_taxi_portfolio/.venv/lib/python3.11/site-packages/airflow/example_dags/plugins/workday.py
[2025-12-03T13:35:56.357-0500] {processor.py:927} WARNING - No viable dags retrieved from /Users/minijohn/Dev/nyc_taxi_portfolio/.venv/lib/python3.11/site-packages/airflow/example_dags/plugins/workday.py
[2025-12-03T13:35:56.434-0500] {processor.py:208} INFO - Processing /Users/minijohn/Dev/nyc_taxi_portfolio/.venv/lib/python3.11/site-packages/airflow/example_dags/plugins/workday.py took 0.443 seconds
[2025-12-03T13:37:35.288-0500] {processor.py:186} INFO - Started process (PID=5180) to work on /Users/minijohn/Dev/nyc_taxi_portfolio/.venv/lib/python3.11/site-packages/airflow/example_dags/plugins/workday.py
[2025-12-03T13:37:35.290-0500] {processor.py:914} INFO - Processing file /Users/minijohn/Dev/nyc_taxi_portfolio/.venv/lib/python3.11/site-packages/airflow/example_dags/plugins/workday.py for tasks to queue
[2025-12-03T13:37:35.290-0500] {logging_mixin.py:190} INFO - [2025-12-03T13:37:35.290-0500] {dagbag.py:588} INFO - Filling up the DagBag from /Users/minijohn/Dev/nyc_taxi_portfolio/.venv/lib/python3.11/site-packages/airflow/example_dags/plugins/workday.py
[2025-12-03T13:37:35.560-0500] {processor.py:927} WARNING - No viable dags retrieved from /Users/minijohn/Dev/nyc_taxi_portfolio/.venv/lib/python3.11/site-packages/airflow/example_dags/plugins/workday.py
[2025-12-03T13:37:35.639-0500] {processor.py:208} INFO - Processing /Users/minijohn/Dev/nyc_taxi_portfolio/.venv/lib/python3.11/site-packages/airflow/example_dags/plugins/workday.py took 0.386 seconds
[2025-12-03T13:39:09.048-0500] {processor.py:186} INFO - Started process (PID=5391) to work on /Users/minijohn/Dev/nyc_taxi_portfolio/.venv/lib/python3.11/site-packages/airflow/example_dags/plugins/workday.py
[2025-12-03T13:39:09.049-0500] {processor.py:914} INFO - Processing file /Users/minijohn/Dev/nyc_taxi_portfolio/.venv/lib/python3.11/site-packages/airflow/example_dags/plugins/workday.py for tasks to queue
[2025-12-03T13:39:09.049-0500] {logging_mixin.py:190} INFO - [2025-12-03T13:39:09.049-0500] {dagbag.py:588} INFO - Filling up the DagBag from /Users/minijohn/Dev/nyc_taxi_portfolio/.venv/lib/python3.11/site-packages/airflow/example_dags/plugins/workday.py
[2025-12-03T13:39:09.378-0500] {processor.py:927} WARNING - No viable dags retrieved from /Users/minijohn/Dev/nyc_taxi_portfolio/.venv/lib/python3.11/site-packages/airflow/example_dags/plugins/workday.py
[2025-12-03T13:39:09.457-0500] {processor.py:208} INFO - Processing /Users/minijohn/Dev/nyc_taxi_portfolio/.venv/lib/python3.11/site-packages/airflow/example_dags/plugins/workday.py took 0.446 seconds
[2025-12-03T13:40:43.286-0500] {processor.py:186} INFO - Started process (PID=5575) to work on /Users/minijohn/Dev/nyc_taxi_portfolio/.venv/lib/python3.11/site-packages/airflow/example_dags/plugins/workday.py
[2025-12-03T13:40:43.287-0500] {processor.py:914} INFO - Processing file /Users/minijohn/Dev/nyc_taxi_portfolio/.venv/lib/python3.11/site-packages/airflow/example_dags/plugins/workday.py for tasks to queue
[2025-12-03T13:40:43.287-0500] {logging_mixin.py:190} INFO - [2025-12-03T13:40:43.287-0500] {dagbag.py:588} INFO - Filling up the DagBag from /Users/minijohn/Dev/nyc_taxi_portfolio/.venv/lib/python3.11/site-packages/airflow/example_dags/plugins/workday.py
[2025-12-03T13:40:43.590-0500] {processor.py:927} WARNING - No viable dags retrieved from /Users/minijohn/Dev/nyc_taxi_portfolio/.venv/lib/python3.11/site-packages/airflow/example_dags/plugins/workday.py
[2025-12-03T13:40:43.672-0500] {processor.py:208} INFO - Processing /Users/minijohn/Dev/nyc_taxi_portfolio/.venv/lib/python3.11/site-packages/airflow/example_dags/plugins/workday.py took 0.423 seconds
[2025-12-03T13:42:22.692-0500] {processor.py:186} INFO - Started process (PID=6489) to work on /Users/minijohn/Dev/nyc_taxi_portfolio/.venv/lib/python3.11/site-packages/airflow/example_dags/plugins/workday.py
[2025-12-03T13:42:22.693-0500] {processor.py:914} INFO - Processing file /Users/minijohn/Dev/nyc_taxi_portfolio/.venv/lib/python3.11/site-packages/airflow/example_dags/plugins/workday.py for tasks to queue
[2025-12-03T13:42:22.693-0500] {logging_mixin.py:190} INFO - [2025-12-03T13:42:22.693-0500] {dagbag.py:588} INFO - Filling up the DagBag from /Users/minijohn/Dev/nyc_taxi_portfolio/.venv/lib/python3.11/site-packages/airflow/example_dags/plugins/workday.py
[2025-12-03T13:42:22.966-0500] {processor.py:927} WARNING - No viable dags retrieved from /Users/minijohn/Dev/nyc_taxi_portfolio/.venv/lib/python3.11/site-packages/airflow/example_dags/plugins/workday.py
[2025-12-03T13:42:23.049-0500] {processor.py:208} INFO - Processing /Users/minijohn/Dev/nyc_taxi_portfolio/.venv/lib/python3.11/site-packages/airflow/example_dags/plugins/workday.py took 0.392 seconds
