[2025-12-03T13:05:01.875-0500] {processor.py:186} INFO - Started process (PID=20791) to work on /Users/minijohn/Dev/nyc_taxi_portfolio/.venv/lib/python3.11/site-packages/airflow/example_dags/subdags/subdag.py
[2025-12-03T13:05:01.876-0500] {processor.py:914} INFO - Processing file /Users/minijohn/Dev/nyc_taxi_portfolio/.venv/lib/python3.11/site-packages/airflow/example_dags/subdags/subdag.py for tasks to queue
[2025-12-03T13:05:01.876-0500] {logging_mixin.py:190} INFO - [2025-12-03T13:05:01.876-0500] {dagbag.py:588} INFO - Filling up the DagBag from /Users/minijohn/Dev/nyc_taxi_portfolio/.venv/lib/python3.11/site-packages/airflow/example_dags/subdags/subdag.py
[2025-12-03T13:05:01.877-0500] {processor.py:927} WARNING - No viable dags retrieved from /Users/minijohn/Dev/nyc_taxi_portfolio/.venv/lib/python3.11/site-packages/airflow/example_dags/subdags/subdag.py
[2025-12-03T13:05:01.919-0500] {processor.py:208} INFO - Processing /Users/minijohn/Dev/nyc_taxi_portfolio/.venv/lib/python3.11/site-packages/airflow/example_dags/subdags/subdag.py took 0.089 seconds
[2025-12-03T13:09:06.974-0500] {processor.py:186} INFO - Started process (PID=21195) to work on /Users/minijohn/Dev/nyc_taxi_portfolio/.venv/lib/python3.11/site-packages/airflow/example_dags/subdags/subdag.py
[2025-12-03T13:09:06.975-0500] {processor.py:914} INFO - Processing file /Users/minijohn/Dev/nyc_taxi_portfolio/.venv/lib/python3.11/site-packages/airflow/example_dags/subdags/subdag.py for tasks to queue
[2025-12-03T13:09:06.976-0500] {logging_mixin.py:190} INFO - [2025-12-03T13:09:06.975-0500] {dagbag.py:588} INFO - Filling up the DagBag from /Users/minijohn/Dev/nyc_taxi_portfolio/.venv/lib/python3.11/site-packages/airflow/example_dags/subdags/subdag.py
[2025-12-03T13:09:06.977-0500] {processor.py:927} WARNING - No viable dags retrieved from /Users/minijohn/Dev/nyc_taxi_portfolio/.venv/lib/python3.11/site-packages/airflow/example_dags/subdags/subdag.py
[2025-12-03T13:09:07.023-0500] {processor.py:208} INFO - Processing /Users/minijohn/Dev/nyc_taxi_portfolio/.venv/lib/python3.11/site-packages/airflow/example_dags/subdags/subdag.py took 0.099 seconds
[2025-12-03T13:30:53.751-0500] {processor.py:186} INFO - Started process (PID=4633) to work on /Users/minijohn/Dev/nyc_taxi_portfolio/.venv/lib/python3.11/site-packages/airflow/example_dags/subdags/subdag.py
[2025-12-03T13:30:53.753-0500] {processor.py:914} INFO - Processing file /Users/minijohn/Dev/nyc_taxi_portfolio/.venv/lib/python3.11/site-packages/airflow/example_dags/subdags/subdag.py for tasks to queue
[2025-12-03T13:30:53.753-0500] {logging_mixin.py:190} INFO - [2025-12-03T13:30:53.753-0500] {dagbag.py:588} INFO - Filling up the DagBag from /Users/minijohn/Dev/nyc_taxi_portfolio/.venv/lib/python3.11/site-packages/airflow/example_dags/subdags/subdag.py
[2025-12-03T13:30:53.754-0500] {processor.py:927} WARNING - No viable dags retrieved from /Users/minijohn/Dev/nyc_taxi_portfolio/.venv/lib/python3.11/site-packages/airflow/example_dags/subdags/subdag.py
[2025-12-03T13:30:53.789-0500] {processor.py:208} INFO - Processing /Users/minijohn/Dev/nyc_taxi_portfolio/.venv/lib/python3.11/site-packages/airflow/example_dags/subdags/subdag.py took 0.077 seconds
[2025-12-03T13:32:58.365-0500] {processor.py:186} INFO - Started process (PID=4812) to work on /Users/minijohn/Dev/nyc_taxi_portfolio/.venv/lib/python3.11/site-packages/airflow/example_dags/subdags/subdag.py
[2025-12-03T13:32:58.366-0500] {processor.py:914} INFO - Processing file /Users/minijohn/Dev/nyc_taxi_portfolio/.venv/lib/python3.11/site-packages/airflow/example_dags/subdags/subdag.py for tasks to queue
[2025-12-03T13:32:58.366-0500] {logging_mixin.py:190} INFO - [2025-12-03T13:32:58.366-0500] {dagbag.py:588} INFO - Filling up the DagBag from /Users/minijohn/Dev/nyc_taxi_portfolio/.venv/lib/python3.11/site-packages/airflow/example_dags/subdags/subdag.py
[2025-12-03T13:32:58.367-0500] {processor.py:927} WARNING - No viable dags retrieved from /Users/minijohn/Dev/nyc_taxi_portfolio/.venv/lib/python3.11/site-packages/airflow/example_dags/subdags/subdag.py
[2025-12-03T13:32:58.401-0500] {processor.py:208} INFO - Processing /Users/minijohn/Dev/nyc_taxi_portfolio/.venv/lib/python3.11/site-packages/airflow/example_dags/subdags/subdag.py took 0.074 seconds
[2025-12-03T13:33:44.512-0500] {processor.py:186} INFO - Started process (PID=4857) to work on /Users/minijohn/Dev/nyc_taxi_portfolio/.venv/lib/python3.11/site-packages/airflow/example_dags/subdags/subdag.py
[2025-12-03T13:33:44.512-0500] {processor.py:914} INFO - Processing file /Users/minijohn/Dev/nyc_taxi_portfolio/.venv/lib/python3.11/site-packages/airflow/example_dags/subdags/subdag.py for tasks to queue
[2025-12-03T13:33:44.513-0500] {logging_mixin.py:190} INFO - [2025-12-03T13:33:44.513-0500] {dagbag.py:588} INFO - Filling up the DagBag from /Users/minijohn/Dev/nyc_taxi_portfolio/.venv/lib/python3.11/site-packages/airflow/example_dags/subdags/subdag.py
[2025-12-03T13:33:44.514-0500] {processor.py:927} WARNING - No viable dags retrieved from /Users/minijohn/Dev/nyc_taxi_portfolio/.venv/lib/python3.11/site-packages/airflow/example_dags/subdags/subdag.py
[2025-12-03T13:33:44.550-0500] {processor.py:208} INFO - Processing /Users/minijohn/Dev/nyc_taxi_portfolio/.venv/lib/python3.11/site-packages/airflow/example_dags/subdags/subdag.py took 0.075 seconds
[2025-12-03T13:35:54.099-0500] {processor.py:186} INFO - Started process (PID=5043) to work on /Users/minijohn/Dev/nyc_taxi_portfolio/.venv/lib/python3.11/site-packages/airflow/example_dags/subdags/subdag.py
[2025-12-03T13:35:54.100-0500] {processor.py:914} INFO - Processing file /Users/minijohn/Dev/nyc_taxi_portfolio/.venv/lib/python3.11/site-packages/airflow/example_dags/subdags/subdag.py for tasks to queue
[2025-12-03T13:35:54.101-0500] {logging_mixin.py:190} INFO - [2025-12-03T13:35:54.100-0500] {dagbag.py:588} INFO - Filling up the DagBag from /Users/minijohn/Dev/nyc_taxi_portfolio/.venv/lib/python3.11/site-packages/airflow/example_dags/subdags/subdag.py
[2025-12-03T13:35:54.102-0500] {processor.py:927} WARNING - No viable dags retrieved from /Users/minijohn/Dev/nyc_taxi_portfolio/.venv/lib/python3.11/site-packages/airflow/example_dags/subdags/subdag.py
[2025-12-03T13:35:54.135-0500] {processor.py:208} INFO - Processing /Users/minijohn/Dev/nyc_taxi_portfolio/.venv/lib/python3.11/site-packages/airflow/example_dags/subdags/subdag.py took 0.072 seconds
[2025-12-03T13:37:33.198-0500] {processor.py:186} INFO - Started process (PID=5177) to work on /Users/minijohn/Dev/nyc_taxi_portfolio/.venv/lib/python3.11/site-packages/airflow/example_dags/subdags/subdag.py
[2025-12-03T13:37:33.199-0500] {processor.py:914} INFO - Processing file /Users/minijohn/Dev/nyc_taxi_portfolio/.venv/lib/python3.11/site-packages/airflow/example_dags/subdags/subdag.py for tasks to queue
[2025-12-03T13:37:33.200-0500] {logging_mixin.py:190} INFO - [2025-12-03T13:37:33.200-0500] {dagbag.py:588} INFO - Filling up the DagBag from /Users/minijohn/Dev/nyc_taxi_portfolio/.venv/lib/python3.11/site-packages/airflow/example_dags/subdags/subdag.py
[2025-12-03T13:37:33.201-0500] {processor.py:927} WARNING - No viable dags retrieved from /Users/minijohn/Dev/nyc_taxi_portfolio/.venv/lib/python3.11/site-packages/airflow/example_dags/subdags/subdag.py
[2025-12-03T13:37:33.235-0500] {processor.py:208} INFO - Processing /Users/minijohn/Dev/nyc_taxi_portfolio/.venv/lib/python3.11/site-packages/airflow/example_dags/subdags/subdag.py took 0.072 seconds
[2025-12-03T13:39:07.614-0500] {processor.py:186} INFO - Started process (PID=5382) to work on /Users/minijohn/Dev/nyc_taxi_portfolio/.venv/lib/python3.11/site-packages/airflow/example_dags/subdags/subdag.py
[2025-12-03T13:39:07.616-0500] {processor.py:914} INFO - Processing file /Users/minijohn/Dev/nyc_taxi_portfolio/.venv/lib/python3.11/site-packages/airflow/example_dags/subdags/subdag.py for tasks to queue
[2025-12-03T13:39:07.616-0500] {logging_mixin.py:190} INFO - [2025-12-03T13:39:07.616-0500] {dagbag.py:588} INFO - Filling up the DagBag from /Users/minijohn/Dev/nyc_taxi_portfolio/.venv/lib/python3.11/site-packages/airflow/example_dags/subdags/subdag.py
[2025-12-03T13:39:07.617-0500] {processor.py:927} WARNING - No viable dags retrieved from /Users/minijohn/Dev/nyc_taxi_portfolio/.venv/lib/python3.11/site-packages/airflow/example_dags/subdags/subdag.py
[2025-12-03T13:39:07.653-0500] {processor.py:208} INFO - Processing /Users/minijohn/Dev/nyc_taxi_portfolio/.venv/lib/python3.11/site-packages/airflow/example_dags/subdags/subdag.py took 0.077 seconds
[2025-12-03T13:40:41.745-0500] {processor.py:186} INFO - Started process (PID=5571) to work on /Users/minijohn/Dev/nyc_taxi_portfolio/.venv/lib/python3.11/site-packages/airflow/example_dags/subdags/subdag.py
[2025-12-03T13:40:41.746-0500] {processor.py:914} INFO - Processing file /Users/minijohn/Dev/nyc_taxi_portfolio/.venv/lib/python3.11/site-packages/airflow/example_dags/subdags/subdag.py for tasks to queue
[2025-12-03T13:40:41.746-0500] {logging_mixin.py:190} INFO - [2025-12-03T13:40:41.746-0500] {dagbag.py:588} INFO - Filling up the DagBag from /Users/minijohn/Dev/nyc_taxi_portfolio/.venv/lib/python3.11/site-packages/airflow/example_dags/subdags/subdag.py
[2025-12-03T13:40:41.747-0500] {processor.py:927} WARNING - No viable dags retrieved from /Users/minijohn/Dev/nyc_taxi_portfolio/.venv/lib/python3.11/site-packages/airflow/example_dags/subdags/subdag.py
[2025-12-03T13:40:41.782-0500] {processor.py:208} INFO - Processing /Users/minijohn/Dev/nyc_taxi_portfolio/.venv/lib/python3.11/site-packages/airflow/example_dags/subdags/subdag.py took 0.074 seconds
[2025-12-03T13:42:20.526-0500] {processor.py:186} INFO - Started process (PID=6425) to work on /Users/minijohn/Dev/nyc_taxi_portfolio/.venv/lib/python3.11/site-packages/airflow/example_dags/subdags/subdag.py
[2025-12-03T13:42:20.527-0500] {processor.py:914} INFO - Processing file /Users/minijohn/Dev/nyc_taxi_portfolio/.venv/lib/python3.11/site-packages/airflow/example_dags/subdags/subdag.py for tasks to queue
[2025-12-03T13:42:20.528-0500] {logging_mixin.py:190} INFO - [2025-12-03T13:42:20.527-0500] {dagbag.py:588} INFO - Filling up the DagBag from /Users/minijohn/Dev/nyc_taxi_portfolio/.venv/lib/python3.11/site-packages/airflow/example_dags/subdags/subdag.py
[2025-12-03T13:42:20.529-0500] {processor.py:927} WARNING - No viable dags retrieved from /Users/minijohn/Dev/nyc_taxi_portfolio/.venv/lib/python3.11/site-packages/airflow/example_dags/subdags/subdag.py
[2025-12-03T13:42:20.562-0500] {processor.py:208} INFO - Processing /Users/minijohn/Dev/nyc_taxi_portfolio/.venv/lib/python3.11/site-packages/airflow/example_dags/subdags/subdag.py took 0.073 seconds
