[2025-12-03T13:34:31.774-0500] {local_task_job_runner.py:123} INFO - ::group::Pre task execution logs
[2025-12-03T13:34:31.779-0500] {taskinstance.py:2613} INFO - Dependencies all met for dep_context=non-requeueable deps ti=<TaskInstance: nyc_taxi_elt_pipeline.ingest_data manual__2025-12-03T18:34:28.746087+00:00 [queued]>
[2025-12-03T13:34:31.781-0500] {taskinstance.py:2613} INFO - Dependencies all met for dep_context=requeueable deps ti=<TaskInstance: nyc_taxi_elt_pipeline.ingest_data manual__2025-12-03T18:34:28.746087+00:00 [queued]>
[2025-12-03T13:34:31.781-0500] {taskinstance.py:2866} INFO - Starting attempt 1 of 1
[2025-12-03T13:34:31.785-0500] {taskinstance.py:2889} INFO - Executing <Task(BashOperator): ingest_data> on 2025-12-03 18:34:28.746087+00:00
[2025-12-03T13:34:31.789-0500] {standard_task_runner.py:72} INFO - Started process 4916 to run task
[2025-12-03T13:34:31.793-0500] {standard_task_runner.py:104} INFO - Running: ['airflow', 'tasks', 'run', 'nyc_taxi_elt_pipeline', 'ingest_data', 'manual__2025-12-03T18:34:28.746087+00:00', '--job-id', '7', '--raw', '--subdir', 'DAGS_FOLDER/pipeline.py', '--cfg-path', '/var/folders/7z/6xxgh68x7lbf212d3scnh9wc0000gn/T/tmpdqp0w7ht']
[2025-12-03T13:34:31.794-0500] {standard_task_runner.py:105} INFO - Job 7: Subtask ingest_data
[2025-12-03T13:34:31.819-0500] {task_command.py:467} INFO - Running <TaskInstance: nyc_taxi_elt_pipeline.ingest_data manual__2025-12-03T18:34:28.746087+00:00 [running]> on host minijohns-mac-mini.local
[2025-12-03T13:34:31.854-0500] {taskinstance.py:3132} INFO - Exporting env vars: AIRFLOW_CTX_DAG_OWNER='minijohn' AIRFLOW_CTX_DAG_ID='nyc_taxi_elt_pipeline' AIRFLOW_CTX_TASK_ID='ingest_data' AIRFLOW_CTX_EXECUTION_DATE='2025-12-03T18:34:28.746087+00:00' AIRFLOW_CTX_TRY_NUMBER='1' AIRFLOW_CTX_DAG_RUN_ID='manual__2025-12-03T18:34:28.746087+00:00'
[2025-12-03T13:34:31.856-0500] {logging_mixin.py:190} INFO - Task instance is in running state
[2025-12-03T13:34:31.856-0500] {logging_mixin.py:190} INFO -  Previous state of the Task instance: queued
[2025-12-03T13:34:31.857-0500] {logging_mixin.py:190} INFO - Current task name:ingest_data state:running start_date:2025-12-03 18:34:31.779257+00:00
[2025-12-03T13:34:31.857-0500] {logging_mixin.py:190} INFO - Dag name:nyc_taxi_elt_pipeline and current dag run status:running
[2025-12-03T13:34:31.857-0500] {taskinstance.py:731} INFO - ::endgroup::
[2025-12-03T13:34:31.858-0500] {subprocess.py:78} INFO - Tmp dir root location: /var/folders/7z/6xxgh68x7lbf212d3scnh9wc0000gn/T
[2025-12-03T13:34:31.859-0500] {subprocess.py:88} INFO - Running command: ['/opt/homebrew/bin/bash', '-c', 'python3 /Users/minijohn/Dev/nyc_taxi_portfolio/scripts/ingest.py']
[2025-12-03T13:34:31.864-0500] {subprocess.py:99} INFO - Output:
[2025-12-03T13:34:32.010-0500] {subprocess.py:106} INFO - --- Starting Ingestion: yellow Taxi Data 2024-01 ---
[2025-12-03T13:34:32.011-0500] {subprocess.py:106} INFO - Skipping: File exists at /Users/minijohn/Dev/nyc_taxi_portfolio/data_lake/raw/yellow_tripdata_2024-01.parquet
[2025-12-03T13:34:32.034-0500] {subprocess.py:110} INFO - Command exited with return code 0
[2025-12-03T13:34:32.055-0500] {taskinstance.py:340} INFO - ::group::Post task execution logs
[2025-12-03T13:34:32.055-0500] {taskinstance.py:352} INFO - Marking task as SUCCESS. dag_id=nyc_taxi_elt_pipeline, task_id=ingest_data, run_id=manual__2025-12-03T18:34:28.746087+00:00, execution_date=20251203T183428, start_date=20251203T183431, end_date=20251203T183432
[2025-12-03T13:34:32.065-0500] {logging_mixin.py:190} INFO - Task instance in success state
[2025-12-03T13:34:32.066-0500] {logging_mixin.py:190} INFO -  Previous state of the Task instance: running
[2025-12-03T13:34:32.066-0500] {logging_mixin.py:190} INFO - Dag name:nyc_taxi_elt_pipeline queued_at:2025-12-03 18:34:28.763317+00:00
[2025-12-03T13:34:32.067-0500] {logging_mixin.py:190} INFO - Task hostname:minijohns-mac-mini.local operator:BashOperator
[2025-12-03T13:34:32.091-0500] {local_task_job_runner.py:266} INFO - Task exited with return code 0
[2025-12-03T13:34:32.100-0500] {taskinstance.py:3895} INFO - 1 downstream tasks scheduled from follow-on schedule check
[2025-12-03T13:34:32.101-0500] {local_task_job_runner.py:245} INFO - ::endgroup::
