[2025-12-03T13:34:35.974-0500] {local_task_job_runner.py:123} INFO - ::group::Pre task execution logs
[2025-12-03T13:34:35.979-0500] {taskinstance.py:2613} INFO - Dependencies all met for dep_context=non-requeueable deps ti=<TaskInstance: nyc_taxi_elt_pipeline.dbt_build manual__2025-12-03T18:34:28.746087+00:00 [queued]>
[2025-12-03T13:34:35.982-0500] {taskinstance.py:2613} INFO - Dependencies all met for dep_context=requeueable deps ti=<TaskInstance: nyc_taxi_elt_pipeline.dbt_build manual__2025-12-03T18:34:28.746087+00:00 [queued]>
[2025-12-03T13:34:35.982-0500] {taskinstance.py:2866} INFO - Starting attempt 1 of 1
[2025-12-03T13:34:35.986-0500] {taskinstance.py:2889} INFO - Executing <Task(BashOperator): dbt_build> on 2025-12-03 18:34:28.746087+00:00
[2025-12-03T13:34:35.990-0500] {standard_task_runner.py:72} INFO - Started process 4924 to run task
[2025-12-03T13:34:35.996-0500] {standard_task_runner.py:104} INFO - Running: ['airflow', 'tasks', 'run', 'nyc_taxi_elt_pipeline', 'dbt_build', 'manual__2025-12-03T18:34:28.746087+00:00', '--job-id', '8', '--raw', '--subdir', 'DAGS_FOLDER/pipeline.py', '--cfg-path', '/var/folders/7z/6xxgh68x7lbf212d3scnh9wc0000gn/T/tmp1w412jtv']
[2025-12-03T13:34:35.997-0500] {standard_task_runner.py:105} INFO - Job 8: Subtask dbt_build
[2025-12-03T13:34:36.022-0500] {task_command.py:467} INFO - Running <TaskInstance: nyc_taxi_elt_pipeline.dbt_build manual__2025-12-03T18:34:28.746087+00:00 [running]> on host minijohns-mac-mini.local
[2025-12-03T13:34:36.071-0500] {taskinstance.py:3132} INFO - Exporting env vars: AIRFLOW_CTX_DAG_OWNER='minijohn' AIRFLOW_CTX_DAG_ID='nyc_taxi_elt_pipeline' AIRFLOW_CTX_TASK_ID='dbt_build' AIRFLOW_CTX_EXECUTION_DATE='2025-12-03T18:34:28.746087+00:00' AIRFLOW_CTX_TRY_NUMBER='1' AIRFLOW_CTX_DAG_RUN_ID='manual__2025-12-03T18:34:28.746087+00:00'
[2025-12-03T13:34:36.072-0500] {logging_mixin.py:190} INFO - Task instance is in running state
[2025-12-03T13:34:36.072-0500] {logging_mixin.py:190} INFO -  Previous state of the Task instance: queued
[2025-12-03T13:34:36.072-0500] {logging_mixin.py:190} INFO - Current task name:dbt_build state:running start_date:2025-12-03 18:34:35.980097+00:00
[2025-12-03T13:34:36.072-0500] {logging_mixin.py:190} INFO - Dag name:nyc_taxi_elt_pipeline and current dag run status:running
[2025-12-03T13:34:36.073-0500] {taskinstance.py:731} INFO - ::endgroup::
[2025-12-03T13:34:36.073-0500] {subprocess.py:78} INFO - Tmp dir root location: /var/folders/7z/6xxgh68x7lbf212d3scnh9wc0000gn/T
[2025-12-03T13:34:36.074-0500] {subprocess.py:88} INFO - Running command: ['/opt/homebrew/bin/bash', '-c', 'cd /Users/minijohn/Dev/nyc_taxi_portfolio/dbt/taxi_transform && dbt build']
[2025-12-03T13:34:36.079-0500] {subprocess.py:99} INFO - Output:
[2025-12-03T13:34:37.412-0500] {subprocess.py:106} INFO - [0m18:34:37  Running with dbt=1.10.15
[2025-12-03T13:34:37.625-0500] {subprocess.py:106} INFO - [0m18:34:37  Registered adapter: duckdb=1.8.3
[2025-12-03T13:34:37.831-0500] {subprocess.py:106} INFO - [0m18:34:37  Found 2 models, 1 source, 451 macros
[2025-12-03T13:34:37.832-0500] {subprocess.py:106} INFO - [0m18:34:37
[2025-12-03T13:34:37.832-0500] {subprocess.py:106} INFO - [0m18:34:37  Concurrency: 4 threads (target='dev')
[2025-12-03T13:34:37.833-0500] {subprocess.py:106} INFO - [0m18:34:37
[2025-12-03T13:34:37.981-0500] {subprocess.py:106} INFO - [0m18:34:37  1 of 2 START sql view model main.stg_trips ..................................... [RUN]
[2025-12-03T13:34:38.036-0500] {subprocess.py:106} INFO - [0m18:34:38  1 of 2 OK created sql view model main.stg_trips ................................ [[32mOK[0m in 0.05s]
[2025-12-03T13:34:38.037-0500] {subprocess.py:106} INFO - [0m18:34:38  2 of 2 START sql view model main.mart_revenue .................................. [RUN]
[2025-12-03T13:34:38.068-0500] {subprocess.py:106} INFO - [0m18:34:38  2 of 2 OK created sql view model main.mart_revenue ............................. [[32mOK[0m in 0.03s]
[2025-12-03T13:34:38.076-0500] {subprocess.py:106} INFO - [0m18:34:38
[2025-12-03T13:34:38.077-0500] {subprocess.py:106} INFO - [0m18:34:38  Finished running 2 view models in 0 hours 0 minutes and 0.24 seconds (0.24s).
[2025-12-03T13:34:38.101-0500] {subprocess.py:106} INFO - [0m18:34:38
[2025-12-03T13:34:38.102-0500] {subprocess.py:106} INFO - [0m18:34:38  [32mCompleted successfully[0m
[2025-12-03T13:34:38.102-0500] {subprocess.py:106} INFO - [0m18:34:38
[2025-12-03T13:34:38.103-0500] {subprocess.py:106} INFO - [0m18:34:38  Done. PASS=2 WARN=0 ERROR=0 SKIP=0 NO-OP=0 TOTAL=2
[2025-12-03T13:34:38.603-0500] {subprocess.py:110} INFO - Command exited with return code 0
[2025-12-03T13:34:38.615-0500] {taskinstance.py:340} INFO - ::group::Post task execution logs
[2025-12-03T13:34:38.615-0500] {taskinstance.py:352} INFO - Marking task as SUCCESS. dag_id=nyc_taxi_elt_pipeline, task_id=dbt_build, run_id=manual__2025-12-03T18:34:28.746087+00:00, execution_date=20251203T183428, start_date=20251203T183435, end_date=20251203T183438
[2025-12-03T13:34:38.620-0500] {logging_mixin.py:190} INFO - Task instance in success state
[2025-12-03T13:34:38.620-0500] {logging_mixin.py:190} INFO -  Previous state of the Task instance: running
[2025-12-03T13:34:38.620-0500] {logging_mixin.py:190} INFO - Dag name:nyc_taxi_elt_pipeline queued_at:2025-12-03 18:34:28.763317+00:00
[2025-12-03T13:34:38.621-0500] {logging_mixin.py:190} INFO - Task hostname:minijohns-mac-mini.local operator:BashOperator
[2025-12-03T13:34:38.630-0500] {local_task_job_runner.py:266} INFO - Task exited with return code 0
[2025-12-03T13:34:38.636-0500] {taskinstance.py:3895} INFO - 0 downstream tasks scheduled from follow-on schedule check
[2025-12-03T13:34:38.636-0500] {local_task_job_runner.py:245} INFO - ::endgroup::
